2022-05-19 12:32:21 INFO  main com.hero.sms.GetewayApplication Starting GetewayApplication on LAPTOP-L07PL5KH with PID 130460 (C:\work\workspaceSmsBfSvn\sms\sms-gateway\target\classes started by payBoo in C:\work\workspaceSmsBfSvn\sms\sms-gateway)
2022-05-19 12:32:21 INFO  main com.hero.sms.GetewayApplication The following profiles are active: test
2022-05-19 12:32:25 INFO  main org.springframework.data.repository.config.RepositoryConfigurationDelegate Multiple Spring Data modules found, entering strict repository configuration mode!
2022-05-19 12:32:25 INFO  main org.springframework.data.repository.config.RepositoryConfigurationDelegate Bootstrapping Spring Data repositories in DEFAULT mode.
2022-05-19 12:32:26 INFO  main org.springframework.data.repository.config.RepositoryConfigurationDelegate Finished Spring Data repository scanning in 796ms. Found 0 repository interfaces.
2022-05-19 12:32:27 INFO  main org.springframework.context.support.PostProcessorRegistrationDelegate$BeanPostProcessorChecker Bean 'spring.datasource.dynamic-com.baomidou.dynamic.datasource.spring.boot.autoconfigure.DynamicDataSourceProperties' of type [com.baomidou.dynamic.datasource.spring.boot.autoconfigure.DynamicDataSourceProperties] is not eligible for getting processed by all BeanPostProcessors (for example: not eligible for auto-proxying)
2022-05-19 12:32:27 INFO  main org.springframework.context.support.PostProcessorRegistrationDelegate$BeanPostProcessorChecker Bean 'com.baomidou.dynamic.datasource.spring.boot.autoconfigure.DynamicDataSourceAutoConfiguration' of type [com.baomidou.dynamic.datasource.spring.boot.autoconfigure.DynamicDataSourceAutoConfiguration$$EnhancerBySpringCGLIB$$5f63f2] is not eligible for getting processed by all BeanPostProcessors (for example: not eligible for auto-proxying)
2022-05-19 12:32:27 INFO  main org.springframework.context.support.PostProcessorRegistrationDelegate$BeanPostProcessorChecker Bean 'dsProcessor' of type [com.baomidou.dynamic.datasource.processor.DsHeaderProcessor] is not eligible for getting processed by all BeanPostProcessors (for example: not eligible for auto-proxying)
2022-05-19 12:32:27 INFO  main org.springframework.context.support.PostProcessorRegistrationDelegate$BeanPostProcessorChecker Bean 'dynamicDatasourceAnnotationAdvisor' of type [com.baomidou.dynamic.datasource.aop.DynamicDataSourceAnnotationAdvisor] is not eligible for getting processed by all BeanPostProcessors (for example: not eligible for auto-proxying)
2022-05-19 12:32:27 INFO  main org.springframework.context.support.PostProcessorRegistrationDelegate$BeanPostProcessorChecker Bean 'org.springframework.transaction.annotation.ProxyTransactionManagementConfiguration' of type [org.springframework.transaction.annotation.ProxyTransactionManagementConfiguration] is not eligible for getting processed by all BeanPostProcessors (for example: not eligible for auto-proxying)
2022-05-19 12:32:28 INFO  main org.springframework.boot.web.embedded.tomcat.TomcatWebServer Tomcat initialized with port(s): 8080 (http)
2022-05-19 12:32:28 INFO  main org.apache.coyote.http11.Http11NioProtocol Initializing ProtocolHandler ["http-nio-8080"]
2022-05-19 12:32:28 INFO  main org.apache.catalina.core.StandardService Starting service [Tomcat]
2022-05-19 12:32:28 INFO  main org.apache.catalina.core.StandardEngine Starting Servlet engine: [Apache Tomcat/9.0.27]
2022-05-19 12:32:28 INFO  main org.apache.catalina.core.ContainerBase.[Tomcat].[localhost].[/] Initializing Spring embedded WebApplicationContext
2022-05-19 12:32:28 INFO  main org.springframework.web.context.ContextLoader Root WebApplicationContext: initialization completed in 6744 ms
2022-05-19 12:32:28 INFO  main com.baomidou.dynamic.datasource.DynamicRoutingDataSource dynamic-datasource detect P6SPY plugin and enabled it
2022-05-19 12:32:28 INFO  main com.zaxxer.hikari.HikariDataSource base - Starting...
2022-05-19 12:32:29 INFO  main com.zaxxer.hikari.HikariDataSource base - Start completed.
2022-05-19 12:32:29 INFO  main com.zaxxer.hikari.HikariDataSource quartz - Starting...
2022-05-19 12:32:29 INFO  main com.zaxxer.hikari.HikariDataSource quartz - Start completed.
2022-05-19 12:32:29 INFO  main com.baomidou.dynamic.datasource.DynamicRoutingDataSource dynamic-datasource - load a datasource named [quartz] success
2022-05-19 12:32:29 INFO  main com.baomidou.dynamic.datasource.DynamicRoutingDataSource dynamic-datasource - load a datasource named [base] success
2022-05-19 12:32:29 INFO  main com.baomidou.dynamic.datasource.DynamicRoutingDataSource dynamic-datasource initial loaded [2] datasource,primary datasource named [base]
2022-05-19 12:32:29 INFO  main com.hero.sms.common.xss.XssFilter ------------ xss filter init ------------
2022-05-19 12:32:34 INFO  main org.springframework.boot.actuate.endpoint.web.EndpointLinksResolver Exposing 2 endpoint(s) beneath base path '/actuator'
2022-05-19 12:32:34 INFO  main springfox.documentation.spring.web.PropertySourcedRequestMappingHandlerMapping Mapped URL path [/v2/api-docs] onto method [springfox.documentation.swagger2.web.Swagger2Controller#getDocumentation(String, HttpServletRequest)]
2022-05-19 12:32:34 INFO  main org.springframework.scheduling.concurrent.ThreadPoolTaskExecutor Initializing ExecutorService
2022-05-19 12:32:34 INFO  main org.springframework.scheduling.concurrent.ThreadPoolTaskExecutor Initializing ExecutorService 'getewayThreadPool'
2022-05-19 12:32:34 INFO  main org.springframework.boot.autoconfigure.web.servlet.WelcomePageHandlerMapping Adding welcome page template: index
2022-05-19 12:32:35 INFO  main org.quartz.impl.StdSchedulerFactory Using default implementation for ThreadExecutor
2022-05-19 12:32:35 INFO  main org.quartz.core.SchedulerSignalerImpl Initialized Scheduler Signaller of type: class org.quartz.core.SchedulerSignalerImpl
2022-05-19 12:32:35 INFO  main org.quartz.core.QuartzScheduler Quartz Scheduler v.2.3.2 created.
2022-05-19 12:32:35 INFO  main org.quartz.simpl.RAMJobStore RAMJobStore initialized.
2022-05-19 12:32:35 INFO  main org.quartz.core.QuartzScheduler Scheduler meta-data: Quartz Scheduler (v2.3.2) 'quartzScheduler' with instanceId 'NON_CLUSTERED'
  Scheduler class: 'org.quartz.core.QuartzScheduler' - running locally.
  NOT STARTED.
  Currently in standby mode.
  Number of jobs executed: 0
  Using thread pool 'org.quartz.simpl.SimpleThreadPool' - with 10 threads.
  Using job-store 'org.quartz.simpl.RAMJobStore' - which does not support persistence. and is not clustered.

2022-05-19 12:32:35 INFO  main org.quartz.impl.StdSchedulerFactory Quartz scheduler 'quartzScheduler' initialized from an externally provided properties instance.
2022-05-19 12:32:35 INFO  main org.quartz.impl.StdSchedulerFactory Quartz scheduler version: 2.3.2
2022-05-19 12:32:35 INFO  main org.quartz.core.QuartzScheduler JobFactory set to: org.springframework.scheduling.quartz.SpringBeanJobFactory@5b3a8bea
2022-05-19 12:32:35 INFO  main springfox.documentation.spring.web.plugins.DocumentationPluginsBootstrapper Context refreshed
2022-05-19 12:32:35 INFO  main springfox.documentation.spring.web.plugins.DocumentationPluginsBootstrapper Found 1 custom documentation plugin(s)
2022-05-19 12:32:35 INFO  main springfox.documentation.spring.web.scanners.ApiListingReferenceScanner Scanning for api listing references
2022-05-19 12:32:35 INFO  main springfox.documentation.spring.web.readers.operation.CachingOperationNameGenerator Generating unique operation named: receiptUsingGET_1
2022-05-19 12:32:35 INFO  main springfox.documentation.spring.web.readers.operation.CachingOperationNameGenerator Generating unique operation named: receiptUsingHEAD_1
2022-05-19 12:32:35 INFO  main springfox.documentation.spring.web.readers.operation.CachingOperationNameGenerator Generating unique operation named: receiptUsingPOST_1
2022-05-19 12:32:35 INFO  main springfox.documentation.spring.web.readers.operation.CachingOperationNameGenerator Generating unique operation named: receiptUsingPUT_1
2022-05-19 12:32:35 INFO  main springfox.documentation.spring.web.readers.operation.CachingOperationNameGenerator Generating unique operation named: receiptUsingPATCH_1
2022-05-19 12:32:35 INFO  main springfox.documentation.spring.web.readers.operation.CachingOperationNameGenerator Generating unique operation named: receiptUsingDELETE_1
2022-05-19 12:32:35 INFO  main springfox.documentation.spring.web.readers.operation.CachingOperationNameGenerator Generating unique operation named: receiptUsingOPTIONS_1
2022-05-19 12:32:35 INFO  main springfox.documentation.spring.web.readers.operation.CachingOperationNameGenerator Generating unique operation named: receiptUsingTRACE_1
2022-05-19 12:32:35 INFO  main springfox.documentation.spring.web.readers.operation.CachingOperationNameGenerator Generating unique operation named: receiptUsingGET_2
2022-05-19 12:32:35 INFO  main springfox.documentation.spring.web.readers.operation.CachingOperationNameGenerator Generating unique operation named: receiptUsingHEAD_2
2022-05-19 12:32:35 INFO  main springfox.documentation.spring.web.readers.operation.CachingOperationNameGenerator Generating unique operation named: receiptUsingPOST_2
2022-05-19 12:32:35 INFO  main springfox.documentation.spring.web.readers.operation.CachingOperationNameGenerator Generating unique operation named: receiptUsingPUT_2
2022-05-19 12:32:35 INFO  main springfox.documentation.spring.web.readers.operation.CachingOperationNameGenerator Generating unique operation named: receiptUsingPATCH_2
2022-05-19 12:32:35 INFO  main springfox.documentation.spring.web.readers.operation.CachingOperationNameGenerator Generating unique operation named: receiptUsingDELETE_2
2022-05-19 12:32:35 INFO  main springfox.documentation.spring.web.readers.operation.CachingOperationNameGenerator Generating unique operation named: receiptUsingOPTIONS_2
2022-05-19 12:32:35 INFO  main springfox.documentation.spring.web.readers.operation.CachingOperationNameGenerator Generating unique operation named: receiptUsingTRACE_2
2022-05-19 12:32:35 INFO  main springfox.documentation.spring.web.readers.operation.CachingOperationNameGenerator Generating unique operation named: receiptUsingGET_3
2022-05-19 12:32:35 INFO  main springfox.documentation.spring.web.readers.operation.CachingOperationNameGenerator Generating unique operation named: receiptUsingHEAD_3
2022-05-19 12:32:35 INFO  main springfox.documentation.spring.web.readers.operation.CachingOperationNameGenerator Generating unique operation named: receiptUsingPOST_3
2022-05-19 12:32:35 INFO  main springfox.documentation.spring.web.readers.operation.CachingOperationNameGenerator Generating unique operation named: receiptUsingPUT_3
2022-05-19 12:32:35 INFO  main springfox.documentation.spring.web.readers.operation.CachingOperationNameGenerator Generating unique operation named: receiptUsingPATCH_3
2022-05-19 12:32:35 INFO  main springfox.documentation.spring.web.readers.operation.CachingOperationNameGenerator Generating unique operation named: receiptUsingDELETE_3
2022-05-19 12:32:35 INFO  main springfox.documentation.spring.web.readers.operation.CachingOperationNameGenerator Generating unique operation named: receiptUsingOPTIONS_3
2022-05-19 12:32:35 INFO  main springfox.documentation.spring.web.readers.operation.CachingOperationNameGenerator Generating unique operation named: receiptUsingTRACE_3
2022-05-19 12:32:35 INFO  main org.springframework.scheduling.quartz.SchedulerFactoryBean Starting Quartz Scheduler now
2022-05-19 12:32:35 INFO  main org.quartz.core.QuartzScheduler Scheduler quartzScheduler_$_NON_CLUSTERED started.
2022-05-19 12:32:35 INFO  main org.apache.coyote.http11.Http11NioProtocol Starting ProtocolHandler ["http-nio-8080"]
2022-05-19 12:32:35 INFO  main org.springframework.boot.web.embedded.tomcat.TomcatWebServer Tomcat started on port(s): 8080 (http) with context path ''
2022-05-19 12:32:35 INFO  main com.hero.sms.GetewayApplication Started GetewayApplication in 16.113 seconds (JVM running for 20.906)
2022-05-19 12:32:35 INFO  main com.hero.sms.common.DatabaseCache 开始缓存字典
2022-05-19 12:32:36 INFO  main p6spy 2022-05-19 12:32:36 | 耗时 3 ms | SQL 语句：
SELECT ID, CODE, CREATE_TIME, ORDER_LEVEL, PARENT_CODE, IS_DELETE, NAME, DESCRIPTION, REMARK, SORT_CODE FROM code WHERE (IS_DELETE = '0');
2022-05-19 12:32:36 INFO  main com.hero.sms.common.DatabaseCache 缓存代理信息
2022-05-19 12:32:36 INFO  main p6spy 2022-05-19 12:32:36 | 耗时 1 ms | SQL 语句：
SELECT Id, Google_Key, Cash_Amount, Description, Remark, Agent_Password, Last_Login_IP, Level_Code, Available_Amount, Login_IP, EMail, Need_Bind_Google_Key, Create_Date, QQ, Up_Agent_Id, Agent_Account, Amount, Quota_Amount, Agent_Name, Login_Faild_Count, Data_MD5, Last_Login_Time, Phone_Number, Day_Limit, Send_Sms_Total, Create_User, State_Code, Pay_Password FROM t_agent;
2022-05-19 12:32:36 INFO  main com.hero.sms.common.DatabaseCache 缓存商户信息
2022-05-19 12:32:36 INFO  main p6spy 2022-05-19 12:32:36 | 耗时 1 ms | SQL 语句：
SELECT Id, Agent_Id, Sms_Approve_type, Cash_Amount, Description, Remark, interface_type, Available_Amount, Contact, Md5_Key, Sms_Sign, EMail, Create_Date, Settlement_type, Contact_Mobile, Amount, Address, Organization_Name, charges_type, Business_User_Id, Data_MD5, Bind_IP, Approve_State_Code, Organization_Code, Web_Url, Send_Sms_Total, notify_url, Create_User, Status FROM t_organization;
2022-05-19 12:32:36 INFO  main com.hero.sms.common.DatabaseCache 缓存短信通道信息
2022-05-19 12:32:36 INFO  main p6spy 2022-05-19 12:32:36 | 耗时 1 ms | SQL 语句：
SELECT id, support_area, code, weight, description, create_user_name, remark, protocol_type, submit_way, impl_full_class, day_limit, create_time, area_regex, name, state, is_del, area_operator_regex, operator_regex FROM t_sms_channel;
2022-05-19 12:32:36 INFO  main com.hero.sms.common.DatabaseCache 缓存支付通道信息
2022-05-19 12:32:36 INFO  main p6spy 2022-05-19 12:32:36 | 耗时 1 ms | SQL 语句：
SELECT id, key1, key2, min_amount, cost, key5, key3, key4, weight, remark, encrypt_key, impl_full_class, netway_code, create_time, merch_no, request_url, state_code, sign_key, callBack_url, channel_name, pay_code, max_amount FROM t_pay_channel;
2022-05-19 12:32:36 INFO  main com.hero.sms.common.DatabaseCache 缓存IP黑名单信息
2022-05-19 12:32:36 INFO  main p6spy 2022-05-19 12:32:36 | 耗时 0 ms | SQL 语句：
SELECT Id, Black_Ip, IsAvailability, LImit_Project, Description, Create_User, Remark, Create_Date FROM t_black_ip_config WHERE (IsAvailability = '1');
2022-05-19 12:32:36 INFO  main com.hero.sms.common.DatabaseCache 缓存手机号码黑名单信息
2022-05-19 12:32:36 INFO  main p6spy 2022-05-19 12:32:36 | 耗时 0 ms | SQL 语句：
SELECT area, number FROM t_mobile_black;
2022-05-19 12:32:36 INFO  main com.hero.sms.common.DatabaseCache 缓存网关类型信息
2022-05-19 12:32:36 INFO  main com.hero.sms.common.DatabaseCache Begin-缓存地区列表
2022-05-19 12:32:36 INFO  main p6spy 2022-05-19 12:32:36 | 耗时 0 ms | SQL 语句：
SELECT id, extend, create_time, area_name, area_coding, out_area, in_area, order_num FROM t_area_code ORDER BY order_num ASC;
2022-05-19 12:32:36 INFO  main com.hero.sms.common.DatabaseCache End-地区列表缓存完成
2022-05-19 12:32:36 INFO  main com.hero.sms.common.DatabaseCache 字典缓存完成
2022-05-19 12:32:36 INFO  main com.hero.sms.common.DatabaseCache Begin-缓存敏感词信息
2022-05-19 12:32:36 INFO  main p6spy 2022-05-19 12:32:36 | 耗时 1 ms | SQL 语句：
SELECT id, new_word, word FROM t_sensitive_word ORDER BY id DESC;
2022-05-19 12:32:36 INFO  main com.hero.sms.common.DatabaseCache End-敏感词信息缓存完成
2022-05-19 12:32:36 INFO  main io.lettuce.core.EpollProvider Starting without optional epoll library
2022-05-19 12:32:36 INFO  main io.lettuce.core.KqueueProvider Starting without optional kqueue library
2022-05-19 12:33:03 INFO  http-nio-8080-exec-1 org.apache.catalina.core.ContainerBase.[Tomcat].[localhost].[/] Initializing Spring DispatcherServlet 'dispatcherServlet'
2022-05-19 12:33:03 INFO  http-nio-8080-exec-1 org.springframework.web.servlet.DispatcherServlet Initializing Servlet 'dispatcherServlet'
2022-05-19 12:33:03 INFO  http-nio-8080-exec-1 org.springframework.web.servlet.DispatcherServlet Completed initialization in 17 ms
2022-05-19 12:33:23 INFO  main p6spy 2022-05-19 12:33:23 | 耗时 3 ms | SQL 语句：
SELECT * FROM t_organization WHERE Status = '1' AND interface_type & 2 = 2;
2022-05-19 12:33:27 INFO  main p6spy 2022-05-19 12:33:27 | 耗时 0 ms | SQL 语句：
SELECT * FROM t_sms_channel WHERE state & 3 = state AND protocol_type = 'smpp' AND is_del = 0;
2022-05-19 12:33:27 INFO  main p6spy 2022-05-19 12:33:27 | 耗时 0 ms | SQL 语句：
SELECT * FROM t_sms_channel_property WHERE sms_channel_id = 11;
2022-05-19 12:33:27 INFO  main p6spy 2022-05-19 12:33:27 | 耗时 0 ms | SQL 语句：
SELECT * FROM t_sms_channel_cost WHERE sms_channel_id = 11;
2022-05-19 12:33:31 INFO  main com.hero.sms.common.runner.AppStartedUpRunner  __    ___   _      ___   _     ____ _____  ____ 
2022-05-19 12:33:31 INFO  main com.hero.sms.common.runner.AppStartedUpRunner / /`  / / \ | |\/| | |_) | |   | |_   | |  | |_  
2022-05-19 12:33:31 INFO  main com.hero.sms.common.runner.AppStartedUpRunner \_\_, \_\_/ |_|  | |_|   |_|__ |_|__  |_|  |_|__ 
2022-05-19 12:33:31 INFO  main com.hero.sms.common.runner.AppStartedUpRunner                                                       
2022-05-19 12:33:31 INFO  main com.hero.sms.common.runner.AppStartedUpRunner 网关平台系统启动完毕，地址：http://192.168.189.1:8080
2022-05-19 12:35:07 INFO  main com.hero.sms.GetewayApplication Starting GetewayApplication on LAPTOP-L07PL5KH with PID 135004 (C:\work\workspaceSmsBfSvn\sms\sms-gateway\target\classes started by payBoo in C:\work\workspaceSmsBfSvn\sms\sms-gateway)
2022-05-19 12:35:07 INFO  main com.hero.sms.GetewayApplication The following profiles are active: test
2022-05-19 12:35:11 INFO  main org.springframework.data.repository.config.RepositoryConfigurationDelegate Multiple Spring Data modules found, entering strict repository configuration mode!
2022-05-19 12:35:11 INFO  main org.springframework.data.repository.config.RepositoryConfigurationDelegate Bootstrapping Spring Data repositories in DEFAULT mode.
2022-05-19 12:35:11 INFO  main org.springframework.data.repository.config.RepositoryConfigurationDelegate Finished Spring Data repository scanning in 801ms. Found 0 repository interfaces.
2022-05-19 12:35:12 INFO  main org.springframework.context.support.PostProcessorRegistrationDelegate$BeanPostProcessorChecker Bean 'spring.datasource.dynamic-com.baomidou.dynamic.datasource.spring.boot.autoconfigure.DynamicDataSourceProperties' of type [com.baomidou.dynamic.datasource.spring.boot.autoconfigure.DynamicDataSourceProperties] is not eligible for getting processed by all BeanPostProcessors (for example: not eligible for auto-proxying)
2022-05-19 12:35:12 INFO  main org.springframework.context.support.PostProcessorRegistrationDelegate$BeanPostProcessorChecker Bean 'com.baomidou.dynamic.datasource.spring.boot.autoconfigure.DynamicDataSourceAutoConfiguration' of type [com.baomidou.dynamic.datasource.spring.boot.autoconfigure.DynamicDataSourceAutoConfiguration$$EnhancerBySpringCGLIB$$b2935150] is not eligible for getting processed by all BeanPostProcessors (for example: not eligible for auto-proxying)
2022-05-19 12:35:12 INFO  main org.springframework.context.support.PostProcessorRegistrationDelegate$BeanPostProcessorChecker Bean 'dsProcessor' of type [com.baomidou.dynamic.datasource.processor.DsHeaderProcessor] is not eligible for getting processed by all BeanPostProcessors (for example: not eligible for auto-proxying)
2022-05-19 12:35:12 INFO  main org.springframework.context.support.PostProcessorRegistrationDelegate$BeanPostProcessorChecker Bean 'dynamicDatasourceAnnotationAdvisor' of type [com.baomidou.dynamic.datasource.aop.DynamicDataSourceAnnotationAdvisor] is not eligible for getting processed by all BeanPostProcessors (for example: not eligible for auto-proxying)
2022-05-19 12:35:12 INFO  main org.springframework.context.support.PostProcessorRegistrationDelegate$BeanPostProcessorChecker Bean 'org.springframework.transaction.annotation.ProxyTransactionManagementConfiguration' of type [org.springframework.transaction.annotation.ProxyTransactionManagementConfiguration] is not eligible for getting processed by all BeanPostProcessors (for example: not eligible for auto-proxying)
2022-05-19 12:35:13 INFO  main org.springframework.boot.web.embedded.tomcat.TomcatWebServer Tomcat initialized with port(s): 8080 (http)
2022-05-19 12:35:13 INFO  main org.apache.coyote.http11.Http11NioProtocol Initializing ProtocolHandler ["http-nio-8080"]
2022-05-19 12:35:13 INFO  main org.apache.catalina.core.StandardService Starting service [Tomcat]
2022-05-19 12:35:13 INFO  main org.apache.catalina.core.StandardEngine Starting Servlet engine: [Apache Tomcat/9.0.27]
2022-05-19 12:35:14 INFO  main org.apache.catalina.core.ContainerBase.[Tomcat].[localhost].[/] Initializing Spring embedded WebApplicationContext
2022-05-19 12:35:14 INFO  main org.springframework.web.context.ContextLoader Root WebApplicationContext: initialization completed in 6431 ms
2022-05-19 12:35:14 INFO  main com.baomidou.dynamic.datasource.DynamicRoutingDataSource dynamic-datasource detect P6SPY plugin and enabled it
2022-05-19 12:35:14 INFO  main com.zaxxer.hikari.HikariDataSource base - Starting...
2022-05-19 12:35:14 INFO  main com.zaxxer.hikari.HikariDataSource base - Start completed.
2022-05-19 12:35:14 INFO  main com.zaxxer.hikari.HikariDataSource quartz - Starting...
2022-05-19 12:35:14 INFO  main com.zaxxer.hikari.HikariDataSource quartz - Start completed.
2022-05-19 12:35:14 INFO  main com.baomidou.dynamic.datasource.DynamicRoutingDataSource dynamic-datasource - load a datasource named [quartz] success
2022-05-19 12:35:14 INFO  main com.baomidou.dynamic.datasource.DynamicRoutingDataSource dynamic-datasource - load a datasource named [base] success
2022-05-19 12:35:14 INFO  main com.baomidou.dynamic.datasource.DynamicRoutingDataSource dynamic-datasource initial loaded [2] datasource,primary datasource named [base]
2022-05-19 12:35:15 INFO  main com.hero.sms.common.xss.XssFilter ------------ xss filter init ------------
2022-05-19 12:35:19 INFO  main org.springframework.boot.actuate.endpoint.web.EndpointLinksResolver Exposing 2 endpoint(s) beneath base path '/actuator'
2022-05-19 12:35:20 INFO  main springfox.documentation.spring.web.PropertySourcedRequestMappingHandlerMapping Mapped URL path [/v2/api-docs] onto method [springfox.documentation.swagger2.web.Swagger2Controller#getDocumentation(String, HttpServletRequest)]
2022-05-19 12:35:20 INFO  main org.springframework.scheduling.concurrent.ThreadPoolTaskExecutor Initializing ExecutorService
2022-05-19 12:35:20 INFO  main org.springframework.scheduling.concurrent.ThreadPoolTaskExecutor Initializing ExecutorService 'getewayThreadPool'
2022-05-19 12:35:20 INFO  main org.springframework.boot.autoconfigure.web.servlet.WelcomePageHandlerMapping Adding welcome page template: index
2022-05-19 12:35:20 INFO  main org.quartz.impl.StdSchedulerFactory Using default implementation for ThreadExecutor
2022-05-19 12:35:20 INFO  main org.quartz.core.SchedulerSignalerImpl Initialized Scheduler Signaller of type: class org.quartz.core.SchedulerSignalerImpl
2022-05-19 12:35:20 INFO  main org.quartz.core.QuartzScheduler Quartz Scheduler v.2.3.2 created.
2022-05-19 12:35:20 INFO  main org.quartz.simpl.RAMJobStore RAMJobStore initialized.
2022-05-19 12:35:20 INFO  main org.quartz.core.QuartzScheduler Scheduler meta-data: Quartz Scheduler (v2.3.2) 'quartzScheduler' with instanceId 'NON_CLUSTERED'
  Scheduler class: 'org.quartz.core.QuartzScheduler' - running locally.
  NOT STARTED.
  Currently in standby mode.
  Number of jobs executed: 0
  Using thread pool 'org.quartz.simpl.SimpleThreadPool' - with 10 threads.
  Using job-store 'org.quartz.simpl.RAMJobStore' - which does not support persistence. and is not clustered.

2022-05-19 12:35:20 INFO  main org.quartz.impl.StdSchedulerFactory Quartz scheduler 'quartzScheduler' initialized from an externally provided properties instance.
2022-05-19 12:35:20 INFO  main org.quartz.impl.StdSchedulerFactory Quartz scheduler version: 2.3.2
2022-05-19 12:35:20 INFO  main org.quartz.core.QuartzScheduler JobFactory set to: org.springframework.scheduling.quartz.SpringBeanJobFactory@5d08a65c
2022-05-19 12:35:20 INFO  main springfox.documentation.spring.web.plugins.DocumentationPluginsBootstrapper Context refreshed
2022-05-19 12:35:21 INFO  main springfox.documentation.spring.web.plugins.DocumentationPluginsBootstrapper Found 1 custom documentation plugin(s)
2022-05-19 12:35:21 INFO  main springfox.documentation.spring.web.scanners.ApiListingReferenceScanner Scanning for api listing references
2022-05-19 12:35:21 INFO  main springfox.documentation.spring.web.readers.operation.CachingOperationNameGenerator Generating unique operation named: receiptUsingGET_1
2022-05-19 12:35:21 INFO  main springfox.documentation.spring.web.readers.operation.CachingOperationNameGenerator Generating unique operation named: receiptUsingHEAD_1
2022-05-19 12:35:21 INFO  main springfox.documentation.spring.web.readers.operation.CachingOperationNameGenerator Generating unique operation named: receiptUsingPOST_1
2022-05-19 12:35:21 INFO  main springfox.documentation.spring.web.readers.operation.CachingOperationNameGenerator Generating unique operation named: receiptUsingPUT_1
2022-05-19 12:35:21 INFO  main springfox.documentation.spring.web.readers.operation.CachingOperationNameGenerator Generating unique operation named: receiptUsingPATCH_1
2022-05-19 12:35:21 INFO  main springfox.documentation.spring.web.readers.operation.CachingOperationNameGenerator Generating unique operation named: receiptUsingDELETE_1
2022-05-19 12:35:21 INFO  main springfox.documentation.spring.web.readers.operation.CachingOperationNameGenerator Generating unique operation named: receiptUsingOPTIONS_1
2022-05-19 12:35:21 INFO  main springfox.documentation.spring.web.readers.operation.CachingOperationNameGenerator Generating unique operation named: receiptUsingTRACE_1
2022-05-19 12:35:21 INFO  main springfox.documentation.spring.web.readers.operation.CachingOperationNameGenerator Generating unique operation named: receiptUsingGET_2
2022-05-19 12:35:21 INFO  main springfox.documentation.spring.web.readers.operation.CachingOperationNameGenerator Generating unique operation named: receiptUsingHEAD_2
2022-05-19 12:35:21 INFO  main springfox.documentation.spring.web.readers.operation.CachingOperationNameGenerator Generating unique operation named: receiptUsingPOST_2
2022-05-19 12:35:21 INFO  main springfox.documentation.spring.web.readers.operation.CachingOperationNameGenerator Generating unique operation named: receiptUsingPUT_2
2022-05-19 12:35:21 INFO  main springfox.documentation.spring.web.readers.operation.CachingOperationNameGenerator Generating unique operation named: receiptUsingPATCH_2
2022-05-19 12:35:21 INFO  main springfox.documentation.spring.web.readers.operation.CachingOperationNameGenerator Generating unique operation named: receiptUsingDELETE_2
2022-05-19 12:35:21 INFO  main springfox.documentation.spring.web.readers.operation.CachingOperationNameGenerator Generating unique operation named: receiptUsingOPTIONS_2
2022-05-19 12:35:21 INFO  main springfox.documentation.spring.web.readers.operation.CachingOperationNameGenerator Generating unique operation named: receiptUsingTRACE_2
2022-05-19 12:35:21 INFO  main springfox.documentation.spring.web.readers.operation.CachingOperationNameGenerator Generating unique operation named: receiptUsingGET_3
2022-05-19 12:35:21 INFO  main springfox.documentation.spring.web.readers.operation.CachingOperationNameGenerator Generating unique operation named: receiptUsingHEAD_3
2022-05-19 12:35:21 INFO  main springfox.documentation.spring.web.readers.operation.CachingOperationNameGenerator Generating unique operation named: receiptUsingPOST_3
2022-05-19 12:35:21 INFO  main springfox.documentation.spring.web.readers.operation.CachingOperationNameGenerator Generating unique operation named: receiptUsingPUT_3
2022-05-19 12:35:21 INFO  main springfox.documentation.spring.web.readers.operation.CachingOperationNameGenerator Generating unique operation named: receiptUsingPATCH_3
2022-05-19 12:35:21 INFO  main springfox.documentation.spring.web.readers.operation.CachingOperationNameGenerator Generating unique operation named: receiptUsingDELETE_3
2022-05-19 12:35:21 INFO  main springfox.documentation.spring.web.readers.operation.CachingOperationNameGenerator Generating unique operation named: receiptUsingOPTIONS_3
2022-05-19 12:35:21 INFO  main springfox.documentation.spring.web.readers.operation.CachingOperationNameGenerator Generating unique operation named: receiptUsingTRACE_3
2022-05-19 12:35:21 INFO  main org.springframework.scheduling.quartz.SchedulerFactoryBean Starting Quartz Scheduler now
2022-05-19 12:35:21 INFO  main org.quartz.core.QuartzScheduler Scheduler quartzScheduler_$_NON_CLUSTERED started.
2022-05-19 12:35:21 INFO  main org.apache.coyote.http11.Http11NioProtocol Starting ProtocolHandler ["http-nio-8080"]
2022-05-19 12:35:21 INFO  main org.springframework.boot.web.embedded.tomcat.TomcatWebServer Tomcat started on port(s): 8080 (http) with context path ''
2022-05-19 12:35:21 INFO  main com.hero.sms.GetewayApplication Started GetewayApplication in 15.418 seconds (JVM running for 19.444)
2022-05-19 12:35:21 INFO  main com.hero.sms.common.DatabaseCache 开始缓存字典
2022-05-19 12:35:21 INFO  main p6spy 2022-05-19 12:35:21 | 耗时 1 ms | SQL 语句：
SELECT ID, CODE, CREATE_TIME, ORDER_LEVEL, PARENT_CODE, IS_DELETE, NAME, DESCRIPTION, REMARK, SORT_CODE FROM code WHERE (IS_DELETE = '0');
2022-05-19 12:35:21 INFO  main com.hero.sms.common.DatabaseCache 缓存代理信息
2022-05-19 12:35:21 INFO  main p6spy 2022-05-19 12:35:21 | 耗时 3 ms | SQL 语句：
SELECT Id, Google_Key, Cash_Amount, Description, Remark, Agent_Password, Last_Login_IP, Level_Code, Available_Amount, Login_IP, EMail, Need_Bind_Google_Key, Create_Date, QQ, Up_Agent_Id, Agent_Account, Amount, Quota_Amount, Agent_Name, Login_Faild_Count, Data_MD5, Last_Login_Time, Phone_Number, Day_Limit, Send_Sms_Total, Create_User, State_Code, Pay_Password FROM t_agent;
2022-05-19 12:35:21 INFO  main com.hero.sms.common.DatabaseCache 缓存商户信息
2022-05-19 12:35:21 INFO  main p6spy 2022-05-19 12:35:21 | 耗时 0 ms | SQL 语句：
SELECT Id, Agent_Id, Sms_Approve_type, Cash_Amount, Description, Remark, interface_type, Available_Amount, Contact, Md5_Key, Sms_Sign, EMail, Create_Date, Settlement_type, Contact_Mobile, Amount, Address, Organization_Name, charges_type, Business_User_Id, Data_MD5, Bind_IP, Approve_State_Code, Organization_Code, Web_Url, Send_Sms_Total, notify_url, Create_User, Status FROM t_organization;
2022-05-19 12:35:21 INFO  main com.hero.sms.common.DatabaseCache 缓存短信通道信息
2022-05-19 12:35:21 INFO  main p6spy 2022-05-19 12:35:21 | 耗时 0 ms | SQL 语句：
SELECT id, support_area, code, weight, description, create_user_name, remark, protocol_type, submit_way, impl_full_class, day_limit, create_time, area_regex, name, state, is_del, area_operator_regex, operator_regex FROM t_sms_channel;
2022-05-19 12:35:21 INFO  main com.hero.sms.common.DatabaseCache 缓存支付通道信息
2022-05-19 12:35:21 INFO  main p6spy 2022-05-19 12:35:21 | 耗时 1 ms | SQL 语句：
SELECT id, key1, key2, min_amount, cost, key5, key3, key4, weight, remark, encrypt_key, impl_full_class, netway_code, create_time, merch_no, request_url, state_code, sign_key, callBack_url, channel_name, pay_code, max_amount FROM t_pay_channel;
2022-05-19 12:35:21 INFO  main com.hero.sms.common.DatabaseCache 缓存IP黑名单信息
2022-05-19 12:35:21 INFO  main p6spy 2022-05-19 12:35:21 | 耗时 1 ms | SQL 语句：
SELECT Id, Black_Ip, IsAvailability, LImit_Project, Description, Create_User, Remark, Create_Date FROM t_black_ip_config WHERE (IsAvailability = '1');
2022-05-19 12:35:21 INFO  main com.hero.sms.common.DatabaseCache 缓存手机号码黑名单信息
2022-05-19 12:35:21 INFO  main p6spy 2022-05-19 12:35:21 | 耗时 1 ms | SQL 语句：
SELECT area, number FROM t_mobile_black;
2022-05-19 12:35:21 INFO  main com.hero.sms.common.DatabaseCache 缓存网关类型信息
2022-05-19 12:35:21 INFO  main com.hero.sms.common.DatabaseCache Begin-缓存地区列表
2022-05-19 12:35:21 INFO  main p6spy 2022-05-19 12:35:21 | 耗时 0 ms | SQL 语句：
SELECT id, extend, create_time, area_name, area_coding, out_area, in_area, order_num FROM t_area_code ORDER BY order_num ASC;
2022-05-19 12:35:21 INFO  main com.hero.sms.common.DatabaseCache End-地区列表缓存完成
2022-05-19 12:35:21 INFO  main com.hero.sms.common.DatabaseCache 字典缓存完成
2022-05-19 12:35:21 INFO  main com.hero.sms.common.DatabaseCache Begin-缓存敏感词信息
2022-05-19 12:35:22 INFO  main p6spy 2022-05-19 12:35:22 | 耗时 8 ms | SQL 语句：
SELECT id, new_word, word FROM t_sensitive_word ORDER BY id DESC;
2022-05-19 12:35:22 INFO  main com.hero.sms.common.DatabaseCache End-敏感词信息缓存完成
2022-05-19 12:35:22 INFO  main io.lettuce.core.EpollProvider Starting without optional epoll library
2022-05-19 12:35:22 INFO  main io.lettuce.core.KqueueProvider Starting without optional kqueue library
2022-05-19 12:36:10 INFO  main p6spy 2022-05-19 12:36:10 | 耗时 0 ms | SQL 语句：
SELECT * FROM t_organization WHERE Status = '1' AND interface_type & 2 = 2;
2022-05-19 12:36:14 INFO  main p6spy 2022-05-19 12:36:14 | 耗时 1 ms | SQL 语句：
SELECT * FROM t_sms_channel WHERE state & 3 = state AND protocol_type = 'smpp' AND is_del = 0;
2022-05-19 12:36:14 INFO  main p6spy 2022-05-19 12:36:14 | 耗时 1 ms | SQL 语句：
SELECT * FROM t_sms_channel_property WHERE sms_channel_id = 11;
2022-05-19 12:36:14 INFO  main p6spy 2022-05-19 12:36:14 | 耗时 2 ms | SQL 语句：
SELECT * FROM t_sms_channel_cost WHERE sms_channel_id = 11;
2022-05-19 12:36:15 INFO  workGroup3 com.zx.sms.connect.manager.AbstractEndpointConnector Channel added To Endpoint EndpointEntity [Id=11, Desc=null, channelType=DUPLEX, host=154.92.111.18, port=63456, maxChannels=3, valid=true, businessHandlerSet=[com.hero.sms.service.impl.channel.push.SMPPClientMessageReceiveHandler@ae56a4a]] .totalCnt:1 ,remoteAddress: /154.92.111.18:63456
2022-05-19 12:36:15 INFO  workGroup3 com.zx.sms.connect.manager.AbstractEndpointConnector handlers is not shareable . clone it success. com.hero.sms.service.impl.channel.push.SMPPClientMessageReceiveHandler@4d357d0b
2022-05-19 12:36:15 INFO  workGroup1 com.zx.sms.connect.manager.AbstractEndpointConnector Channel added To Endpoint EndpointEntity [Id=11, Desc=null, channelType=DUPLEX, host=154.92.111.18, port=63456, maxChannels=3, valid=true, businessHandlerSet=[com.hero.sms.service.impl.channel.push.SMPPClientMessageReceiveHandler@ae56a4a]] .totalCnt:2 ,remoteAddress: /154.92.111.18:63456
2022-05-19 12:36:15 INFO  workGroup1 com.zx.sms.connect.manager.AbstractEndpointConnector handlers is not shareable . clone it success. com.hero.sms.service.impl.channel.push.SMPPClientMessageReceiveHandler@3cc6988f
2022-05-19 12:36:15 INFO  workGroup2 com.zx.sms.connect.manager.AbstractEndpointConnector Channel added To Endpoint EndpointEntity [Id=11, Desc=null, channelType=DUPLEX, host=154.92.111.18, port=63456, maxChannels=3, valid=true, businessHandlerSet=[com.hero.sms.service.impl.channel.push.SMPPClientMessageReceiveHandler@ae56a4a]] .totalCnt:3 ,remoteAddress: /154.92.111.18:63456
2022-05-19 12:36:15 INFO  workGroup2 com.zx.sms.connect.manager.AbstractEndpointConnector handlers is not shareable . clone it success. com.hero.sms.service.impl.channel.push.SMPPClientMessageReceiveHandler@c82c721
2022-05-19 12:36:15 INFO  workGroup3 com.hero.sms.service.impl.channel.push.SMPPClientMessageReceiveHandler 通道【11】连接成功
2022-05-19 12:36:15 INFO  workGroup2 com.hero.sms.service.impl.channel.push.SMPPClientMessageReceiveHandler 通道【11】连接成功
2022-05-19 12:36:15 INFO  workGroup1 com.hero.sms.service.impl.channel.push.SMPPClientMessageReceiveHandler 通道【11】连接成功
2022-05-19 12:36:15 INFO  workGroup1 com.zx.sms.session.AbstractSessionLoginManager 11 login success on channel [id: 0xbf9241b3, L:/192.168.1.164:4619 - R:/154.92.111.18:63456]
2022-05-19 12:36:15 INFO  workGroup3 com.zx.sms.session.AbstractSessionLoginManager 11 login success on channel [id: 0xdd13d952, L:/192.168.1.164:4617 - R:/154.92.111.18:63456]
2022-05-19 12:36:15 INFO  workGroup2 com.zx.sms.session.AbstractSessionLoginManager 11 login success on channel [id: 0x14483ce7, L:/192.168.1.164:4618 - R:/154.92.111.18:63456]
2022-05-19 12:36:16 INFO  workGroup1 com.hero.sms.service.impl.channel.push.SMPPClientMessageReceiveHandler [常规]收到[上游]的消息：{"commandId":-2147483639,"commandLength":36,"commandStatus":0,"lifeTime":0,"name":"bind_transceiver_resp","optionalParameterCount":0,"response":true,"resultMessage":"OK","sequenceNo":363700451,"sequenceNumber":363700451,"systemId":"BNF210915230719BLNH","terminated":false,"timestamp":1652934975209}
2022-05-19 12:36:16 INFO  workGroup3 com.hero.sms.service.impl.channel.push.SMPPClientMessageReceiveHandler [常规]收到[上游]的消息：{"commandId":-2147483639,"commandLength":36,"commandStatus":0,"lifeTime":0,"name":"bind_transceiver_resp","optionalParameterCount":0,"response":true,"resultMessage":"OK","sequenceNo":363700453,"sequenceNumber":363700453,"systemId":"BNF210915230719BLNH","terminated":false,"timestamp":1652934975209}
2022-05-19 12:36:16 INFO  workGroup2 com.hero.sms.service.impl.channel.push.SMPPClientMessageReceiveHandler [常规]收到[上游]的消息：{"commandId":-2147483639,"commandLength":36,"commandStatus":0,"lifeTime":0,"name":"bind_transceiver_resp","optionalParameterCount":0,"response":true,"resultMessage":"OK","sequenceNo":363700452,"sequenceNumber":363700452,"systemId":"BNF210915230719BLNH","terminated":false,"timestamp":1652934975209}
2022-05-19 12:36:19 INFO  main com.hero.sms.common.runner.AppStartedUpRunner  __    ___   _      ___   _     ____ _____  ____ 
2022-05-19 12:36:19 INFO  main com.hero.sms.common.runner.AppStartedUpRunner / /`  / / \ | |\/| | |_) | |   | |_   | |  | |_  
2022-05-19 12:36:19 INFO  main com.hero.sms.common.runner.AppStartedUpRunner \_\_, \_\_/ |_|  | |_|   |_|__ |_|__  |_|  |_|__ 
2022-05-19 12:36:19 INFO  main com.hero.sms.common.runner.AppStartedUpRunner                                                       
2022-05-19 12:36:19 INFO  main com.hero.sms.common.runner.AppStartedUpRunner 网关平台系统启动完毕，地址：http://192.168.189.1:8080
2022-05-19 12:36:27 INFO  http-nio-8080-exec-1 org.apache.catalina.core.ContainerBase.[Tomcat].[localhost].[/] Initializing Spring DispatcherServlet 'dispatcherServlet'
2022-05-19 12:36:27 INFO  http-nio-8080-exec-1 org.springframework.web.servlet.DispatcherServlet Initializing Servlet 'dispatcherServlet'
2022-05-19 12:36:27 INFO  http-nio-8080-exec-1 org.springframework.web.servlet.DispatcherServlet Completed initialization in 17 ms
2022-05-19 12:36:54 INFO  RMI TCP Connection(2)-127.0.0.1 org.springframework.boot.admin.SpringApplicationAdminMXBeanRegistrar$SpringApplicationAdmin Application shutdown requested.
2022-05-19 12:36:54 INFO  RMI TCP Connection(2)-127.0.0.1 com.hero.sms.common.configure.CbShutdownConfig$GracefulShutdown application is going to stop. try to stop tomcat gracefully
2022-05-19 12:36:56 INFO  RMI TCP Connection(3)-127.0.0.1 org.springframework.boot.admin.SpringApplicationAdminMXBeanRegistrar$SpringApplicationAdmin Application shutdown requested.
2022-05-19 12:36:56 INFO  RMI TCP Connection(2)-127.0.0.1 org.quartz.core.QuartzScheduler Scheduler quartzScheduler_$_NON_CLUSTERED paused.
2022-05-19 12:36:56 INFO  RMI TCP Connection(2)-127.0.0.1 org.springframework.scheduling.quartz.SchedulerFactoryBean Shutting down Quartz Scheduler
2022-05-19 12:36:56 INFO  RMI TCP Connection(2)-127.0.0.1 org.quartz.core.QuartzScheduler Scheduler quartzScheduler_$_NON_CLUSTERED shutting down.
2022-05-19 12:36:56 INFO  RMI TCP Connection(2)-127.0.0.1 org.quartz.core.QuartzScheduler Scheduler quartzScheduler_$_NON_CLUSTERED paused.
2022-05-19 12:36:56 INFO  RMI TCP Connection(2)-127.0.0.1 org.quartz.core.QuartzScheduler Scheduler quartzScheduler_$_NON_CLUSTERED shutdown complete.
2022-05-19 12:36:56 INFO  RMI TCP Connection(2)-127.0.0.1 org.springframework.scheduling.concurrent.ThreadPoolTaskExecutor Shutting down ExecutorService 'getewayThreadPool'
2022-05-19 12:36:56 INFO  RMI TCP Connection(2)-127.0.0.1 com.baomidou.dynamic.datasource.DynamicRoutingDataSource dynamic-datasource start closing ....
2022-05-19 12:36:56 INFO  RMI TCP Connection(2)-127.0.0.1 com.zaxxer.hikari.HikariDataSource quartz - Shutdown initiated...
2022-05-19 12:36:56 INFO  RMI TCP Connection(2)-127.0.0.1 com.zaxxer.hikari.HikariDataSource quartz - Shutdown completed.
2022-05-19 12:36:56 INFO  RMI TCP Connection(2)-127.0.0.1 com.zaxxer.hikari.HikariDataSource base - Shutdown initiated...
2022-05-19 12:36:56 INFO  RMI TCP Connection(2)-127.0.0.1 com.zaxxer.hikari.HikariDataSource base - Shutdown completed.
2022-05-19 12:36:56 INFO  RMI TCP Connection(2)-127.0.0.1 com.baomidou.dynamic.datasource.DynamicRoutingDataSource dynamic-datasource all closed success,bye
2022-05-19 12:36:57 INFO  workGroup4 com.zx.sms.connect.manager.AbstractEndpointConnector Channel added To Endpoint EndpointEntity [Id=11, Desc=null, channelType=DUPLEX, host=154.92.111.18, port=63456, maxChannels=3, valid=true, businessHandlerSet=[com.hero.sms.service.impl.channel.push.SMPPClientMessageReceiveHandler@ae56a4a]] .totalCnt:1 ,remoteAddress: /154.92.111.18:63456
2022-05-19 12:36:57 INFO  workGroup4 com.zx.sms.connect.manager.AbstractEndpointConnector handlers is not shareable . clone it success. com.hero.sms.service.impl.channel.push.SMPPClientMessageReceiveHandler@6689fd75
2022-05-19 12:36:57 INFO  workGroup4 com.hero.sms.service.impl.channel.push.SMPPClientMessageReceiveHandler 通道【11】连接成功
2022-05-19 12:36:57 INFO  workGroup4 com.zx.sms.session.AbstractSessionLoginManager 11 login success on channel [id: 0x8a21f410, L:/192.168.1.164:4725 - R:/154.92.111.18:63456]
2022-05-19 12:36:57 INFO  workGroup4 com.hero.sms.service.impl.channel.push.SMPPClientMessageReceiveHandler [常规]收到[上游]的消息：{"commandId":-2147483639,"commandLength":36,"commandStatus":0,"lifeTime":0,"name":"bind_transceiver_resp","optionalParameterCount":0,"response":true,"resultMessage":"OK","sequenceNo":363700469,"sequenceNumber":363700469,"systemId":"BNF210915230719BLNH","terminated":false,"timestamp":1652935016231}
