2021-10-28 19:30:22 INFO  main com.hero.sms.GetewayApplication Starting GetewayApplication on LAPTOP-L07PL5KH with PID 27564 (C:\work\workspaceSmsBf\sms\sms-gateway\target\classes started by payBoo in C:\work\workspaceSmsBf\sms\sms-gateway)
2021-10-28 19:30:22 INFO  main com.hero.sms.GetewayApplication The following profiles are active: test
2021-10-28 19:30:25 INFO  main org.springframework.data.repository.config.RepositoryConfigurationDelegate Multiple Spring Data modules found, entering strict repository configuration mode!
2021-10-28 19:30:25 INFO  main org.springframework.data.repository.config.RepositoryConfigurationDelegate Bootstrapping Spring Data repositories in DEFAULT mode.
2021-10-28 19:30:26 INFO  main org.springframework.data.repository.config.RepositoryConfigurationDelegate Finished Spring Data repository scanning in 796ms. Found 0 repository interfaces.
2021-10-28 19:30:27 INFO  main org.springframework.context.support.PostProcessorRegistrationDelegate$BeanPostProcessorChecker Bean 'spring.datasource.dynamic-com.baomidou.dynamic.datasource.spring.boot.autoconfigure.DynamicDataSourceProperties' of type [com.baomidou.dynamic.datasource.spring.boot.autoconfigure.DynamicDataSourceProperties] is not eligible for getting processed by all BeanPostProcessors (for example: not eligible for auto-proxying)
2021-10-28 19:30:27 INFO  main org.springframework.context.support.PostProcessorRegistrationDelegate$BeanPostProcessorChecker Bean 'com.baomidou.dynamic.datasource.spring.boot.autoconfigure.DynamicDataSourceAutoConfiguration' of type [com.baomidou.dynamic.datasource.spring.boot.autoconfigure.DynamicDataSourceAutoConfiguration$$EnhancerBySpringCGLIB$$cfae3b27] is not eligible for getting processed by all BeanPostProcessors (for example: not eligible for auto-proxying)
2021-10-28 19:30:27 INFO  main org.springframework.context.support.PostProcessorRegistrationDelegate$BeanPostProcessorChecker Bean 'dsProcessor' of type [com.baomidou.dynamic.datasource.processor.DsHeaderProcessor] is not eligible for getting processed by all BeanPostProcessors (for example: not eligible for auto-proxying)
2021-10-28 19:30:27 INFO  main org.springframework.context.support.PostProcessorRegistrationDelegate$BeanPostProcessorChecker Bean 'dynamicDatasourceAnnotationAdvisor' of type [com.baomidou.dynamic.datasource.aop.DynamicDataSourceAnnotationAdvisor] is not eligible for getting processed by all BeanPostProcessors (for example: not eligible for auto-proxying)
2021-10-28 19:30:27 INFO  main org.springframework.context.support.PostProcessorRegistrationDelegate$BeanPostProcessorChecker Bean 'org.springframework.transaction.annotation.ProxyTransactionManagementConfiguration' of type [org.springframework.transaction.annotation.ProxyTransactionManagementConfiguration] is not eligible for getting processed by all BeanPostProcessors (for example: not eligible for auto-proxying)
2021-10-28 19:30:27 INFO  main org.springframework.boot.web.embedded.tomcat.TomcatWebServer Tomcat initialized with port(s): 8080 (http)
2021-10-28 19:30:27 INFO  main org.apache.coyote.http11.Http11NioProtocol Initializing ProtocolHandler ["http-nio-8080"]
2021-10-28 19:30:27 INFO  main org.apache.catalina.core.StandardService Starting service [Tomcat]
2021-10-28 19:30:27 INFO  main org.apache.catalina.core.StandardEngine Starting Servlet engine: [Apache Tomcat/9.0.27]
2021-10-28 19:30:28 INFO  main org.apache.catalina.core.ContainerBase.[Tomcat].[localhost].[/] Initializing Spring embedded WebApplicationContext
2021-10-28 19:30:28 INFO  main org.springframework.web.context.ContextLoader Root WebApplicationContext: initialization completed in 5763 ms
2021-10-28 19:30:28 INFO  main com.baomidou.dynamic.datasource.DynamicRoutingDataSource dynamic-datasource detect P6SPY plugin and enabled it
2021-10-28 19:30:28 INFO  main com.zaxxer.hikari.HikariDataSource base - Starting...
2021-10-28 19:30:28 INFO  main com.zaxxer.hikari.HikariDataSource base - Start completed.
2021-10-28 19:30:28 INFO  main com.zaxxer.hikari.HikariDataSource quartz - Starting...
2021-10-28 19:30:28 INFO  main com.zaxxer.hikari.HikariDataSource quartz - Start completed.
2021-10-28 19:30:28 INFO  main com.baomidou.dynamic.datasource.DynamicRoutingDataSource dynamic-datasource - load a datasource named [quartz] success
2021-10-28 19:30:28 INFO  main com.baomidou.dynamic.datasource.DynamicRoutingDataSource dynamic-datasource - load a datasource named [base] success
2021-10-28 19:30:28 INFO  main com.baomidou.dynamic.datasource.DynamicRoutingDataSource dynamic-datasource initial loaded [2] datasource,primary datasource named [base]
2021-10-28 19:30:29 INFO  main com.hero.sms.common.xss.XssFilter ------------ xss filter init ------------
2021-10-28 19:30:35 INFO  main org.springframework.boot.actuate.endpoint.web.EndpointLinksResolver Exposing 2 endpoint(s) beneath base path '/actuator'
2021-10-28 19:30:35 INFO  main springfox.documentation.spring.web.PropertySourcedRequestMappingHandlerMapping Mapped URL path [/v2/api-docs] onto method [springfox.documentation.swagger2.web.Swagger2Controller#getDocumentation(String, HttpServletRequest)]
2021-10-28 19:30:35 INFO  main org.springframework.scheduling.concurrent.ThreadPoolTaskExecutor Initializing ExecutorService
2021-10-28 19:30:35 INFO  main org.springframework.scheduling.concurrent.ThreadPoolTaskExecutor Initializing ExecutorService 'getewayThreadPool'
2021-10-28 19:30:35 INFO  main org.springframework.boot.autoconfigure.web.servlet.WelcomePageHandlerMapping Adding welcome page template: index
2021-10-28 19:30:36 INFO  main org.quartz.impl.StdSchedulerFactory Using default implementation for ThreadExecutor
2021-10-28 19:30:36 INFO  main org.quartz.core.SchedulerSignalerImpl Initialized Scheduler Signaller of type: class org.quartz.core.SchedulerSignalerImpl
2021-10-28 19:30:36 INFO  main org.quartz.core.QuartzScheduler Quartz Scheduler v.2.3.2 created.
2021-10-28 19:30:36 INFO  main org.quartz.simpl.RAMJobStore RAMJobStore initialized.
2021-10-28 19:30:36 INFO  main org.quartz.core.QuartzScheduler Scheduler meta-data: Quartz Scheduler (v2.3.2) 'quartzScheduler' with instanceId 'NON_CLUSTERED'
  Scheduler class: 'org.quartz.core.QuartzScheduler' - running locally.
  NOT STARTED.
  Currently in standby mode.
  Number of jobs executed: 0
  Using thread pool 'org.quartz.simpl.SimpleThreadPool' - with 10 threads.
  Using job-store 'org.quartz.simpl.RAMJobStore' - which does not support persistence. and is not clustered.

2021-10-28 19:30:36 INFO  main org.quartz.impl.StdSchedulerFactory Quartz scheduler 'quartzScheduler' initialized from an externally provided properties instance.
2021-10-28 19:30:36 INFO  main org.quartz.impl.StdSchedulerFactory Quartz scheduler version: 2.3.2
2021-10-28 19:30:36 INFO  main org.quartz.core.QuartzScheduler JobFactory set to: org.springframework.scheduling.quartz.SpringBeanJobFactory@70044113
2021-10-28 19:30:36 INFO  main springfox.documentation.spring.web.plugins.DocumentationPluginsBootstrapper Context refreshed
2021-10-28 19:30:36 INFO  main springfox.documentation.spring.web.plugins.DocumentationPluginsBootstrapper Found 1 custom documentation plugin(s)
2021-10-28 19:30:37 INFO  main springfox.documentation.spring.web.scanners.ApiListingReferenceScanner Scanning for api listing references
2021-10-28 19:30:37 INFO  main springfox.documentation.spring.web.readers.operation.CachingOperationNameGenerator Generating unique operation named: receiptUsingGET_1
2021-10-28 19:30:37 INFO  main springfox.documentation.spring.web.readers.operation.CachingOperationNameGenerator Generating unique operation named: receiptUsingHEAD_1
2021-10-28 19:30:37 INFO  main springfox.documentation.spring.web.readers.operation.CachingOperationNameGenerator Generating unique operation named: receiptUsingPOST_1
2021-10-28 19:30:37 INFO  main springfox.documentation.spring.web.readers.operation.CachingOperationNameGenerator Generating unique operation named: receiptUsingPUT_1
2021-10-28 19:30:37 INFO  main springfox.documentation.spring.web.readers.operation.CachingOperationNameGenerator Generating unique operation named: receiptUsingPATCH_1
2021-10-28 19:30:37 INFO  main springfox.documentation.spring.web.readers.operation.CachingOperationNameGenerator Generating unique operation named: receiptUsingDELETE_1
2021-10-28 19:30:37 INFO  main springfox.documentation.spring.web.readers.operation.CachingOperationNameGenerator Generating unique operation named: receiptUsingOPTIONS_1
2021-10-28 19:30:37 INFO  main springfox.documentation.spring.web.readers.operation.CachingOperationNameGenerator Generating unique operation named: receiptUsingTRACE_1
2021-10-28 19:30:37 INFO  main springfox.documentation.spring.web.readers.operation.CachingOperationNameGenerator Generating unique operation named: receiptUsingGET_2
2021-10-28 19:30:37 INFO  main springfox.documentation.spring.web.readers.operation.CachingOperationNameGenerator Generating unique operation named: receiptUsingHEAD_2
2021-10-28 19:30:37 INFO  main springfox.documentation.spring.web.readers.operation.CachingOperationNameGenerator Generating unique operation named: receiptUsingPOST_2
2021-10-28 19:30:37 INFO  main springfox.documentation.spring.web.readers.operation.CachingOperationNameGenerator Generating unique operation named: receiptUsingPUT_2
2021-10-28 19:30:37 INFO  main springfox.documentation.spring.web.readers.operation.CachingOperationNameGenerator Generating unique operation named: receiptUsingPATCH_2
2021-10-28 19:30:37 INFO  main springfox.documentation.spring.web.readers.operation.CachingOperationNameGenerator Generating unique operation named: receiptUsingDELETE_2
2021-10-28 19:30:37 INFO  main springfox.documentation.spring.web.readers.operation.CachingOperationNameGenerator Generating unique operation named: receiptUsingOPTIONS_2
2021-10-28 19:30:37 INFO  main springfox.documentation.spring.web.readers.operation.CachingOperationNameGenerator Generating unique operation named: receiptUsingTRACE_2
2021-10-28 19:30:37 INFO  main org.springframework.scheduling.quartz.SchedulerFactoryBean Starting Quartz Scheduler now
2021-10-28 19:30:37 INFO  main org.quartz.core.QuartzScheduler Scheduler quartzScheduler_$_NON_CLUSTERED started.
2021-10-28 19:30:37 INFO  main org.apache.coyote.http11.Http11NioProtocol Starting ProtocolHandler ["http-nio-8080"]
2021-10-28 19:30:37 INFO  main org.springframework.boot.web.embedded.tomcat.TomcatWebServer Tomcat started on port(s): 8080 (http) with context path ''
2021-10-28 19:30:37 INFO  main com.hero.sms.GetewayApplication Started GetewayApplication in 15.918 seconds (JVM running for 21.305)
2021-10-28 19:30:37 INFO  main com.hero.sms.common.DatabaseCache 开始缓存字典
2021-10-28 19:30:38 INFO  main p6spy 2021-10-28 19:30:38 | 耗时 23 ms | SQL 语句：
SELECT ID, CODE, CREATE_TIME, ORDER_LEVEL, PARENT_CODE, IS_DELETE, NAME, DESCRIPTION, REMARK, SORT_CODE FROM code WHERE (IS_DELETE = '0');
2021-10-28 19:30:38 INFO  main com.hero.sms.common.DatabaseCache 缓存代理信息
2021-10-28 19:30:38 INFO  main p6spy 2021-10-28 19:30:38 | 耗时 10 ms | SQL 语句：
SELECT Id, Google_Key, Cash_Amount, Description, Remark, Agent_Password, Last_Login_IP, Level_Code, Available_Amount, Login_IP, EMail, Need_Bind_Google_Key, Create_Date, QQ, Up_Agent_Id, Agent_Account, Amount, Quota_Amount, Agent_Name, Login_Faild_Count, Data_MD5, Last_Login_Time, Phone_Number, Day_Limit, Send_Sms_Total, Create_User, State_Code, Pay_Password FROM t_agent;
2021-10-28 19:30:38 INFO  main com.hero.sms.common.DatabaseCache 缓存商户信息
2021-10-28 19:30:38 INFO  main p6spy 2021-10-28 19:30:38 | 耗时 8 ms | SQL 语句：
SELECT Id, Agent_Id, Sms_Approve_type, Cash_Amount, Description, Remark, interface_type, Available_Amount, Contact, Md5_Key, Sms_Sign, EMail, Create_Date, Settlement_type, Contact_Mobile, Amount, Address, Organization_Name, charges_type, Business_User_Id, Data_MD5, Bind_IP, Approve_State_Code, Organization_Code, Web_Url, Send_Sms_Total, notify_url, Create_User, Status FROM t_organization;
2021-10-28 19:30:38 INFO  main com.hero.sms.common.DatabaseCache 缓存短信通道信息
2021-10-28 19:30:38 INFO  main p6spy 2021-10-28 19:30:38 | 耗时 6 ms | SQL 语句：
SELECT id, support_area, code, weight, description, create_user_name, remark, protocol_type, impl_full_class, day_limit, create_time, area_regex, name, state, is_del, area_operator_regex, operator_regex FROM t_sms_channel;
2021-10-28 19:30:38 INFO  main com.hero.sms.common.DatabaseCache 缓存支付通道信息
2021-10-28 19:30:38 INFO  main p6spy 2021-10-28 19:30:38 | 耗时 9 ms | SQL 语句：
SELECT id, key1, key2, min_amount, cost, key5, key3, key4, weight, remark, encrypt_key, impl_full_class, netway_code, create_time, merch_no, request_url, state_code, sign_key, callBack_url, channel_name, pay_code, max_amount FROM t_pay_channel;
2021-10-28 19:30:38 INFO  main com.hero.sms.common.DatabaseCache 缓存IP黑名单信息
2021-10-28 19:30:38 INFO  main p6spy 2021-10-28 19:30:38 | 耗时 7 ms | SQL 语句：
SELECT Id, Black_Ip, IsAvailability, LImit_Project, Description, Create_User, Remark, Create_Date FROM t_black_ip_config WHERE (IsAvailability = '1');
2021-10-28 19:30:38 INFO  main com.hero.sms.common.DatabaseCache 缓存手机号段区域信息
2021-10-28 19:30:39 INFO  main p6spy 2021-10-28 19:30:39 | 耗时 902 ms | SQL 语句：
SELECT Id, MobileNumber, MobileArea, Province_Code, PostCode, AreaCode, Create_Date, MobileType FROM mobile_area;
2021-10-28 19:30:46 INFO  main com.hero.sms.common.DatabaseCache 缓存手机号码黑名单信息
2021-10-28 19:30:46 INFO  main p6spy 2021-10-28 19:30:46 | 耗时 7 ms | SQL 语句：
SELECT area, number FROM t_mobile_black;
2021-10-28 19:30:46 INFO  main com.hero.sms.common.DatabaseCache 缓存网关类型信息
2021-10-28 19:30:46 INFO  main com.hero.sms.common.DatabaseCache 字典缓存完成
2021-10-28 19:30:46 INFO  main com.hero.sms.common.DatabaseCache Begin-缓存敏感词信息
2021-10-28 19:30:46 INFO  main p6spy 2021-10-28 19:30:46 | 耗时 14 ms | SQL 语句：
SELECT id, new_word, word FROM t_sensitive_word ORDER BY id DESC;
2021-10-28 19:30:46 INFO  main com.hero.sms.common.DatabaseCache End-敏感词信息缓存完成
2021-10-28 19:30:47 INFO  main io.lettuce.core.EpollProvider Starting without optional epoll library
2021-10-28 19:30:47 INFO  main io.lettuce.core.KqueueProvider Starting without optional kqueue library
2021-10-28 19:31:28 INFO  main p6spy 2021-10-28 19:31:28 | 耗时 2 ms | SQL 语句：
SELECT * FROM t_organization WHERE Status = '1' AND interface_type & 2 = 2;
2021-10-28 19:31:28 INFO  main com.hero.sms.common.runner.AppStartedUpRunner  __    ___   _      ___   _     ____ _____  ____ 
2021-10-28 19:31:28 INFO  main com.hero.sms.common.runner.AppStartedUpRunner / /`  / / \ | |\/| | |_) | |   | |_   | |  | |_  
2021-10-28 19:31:28 INFO  main com.hero.sms.common.runner.AppStartedUpRunner \_\_, \_\_/ |_|  | |_|   |_|__ |_|__  |_|  |_|__ 
2021-10-28 19:31:28 INFO  main com.hero.sms.common.runner.AppStartedUpRunner                                                       
2021-10-28 19:31:28 INFO  main com.hero.sms.common.runner.AppStartedUpRunner 网关平台系统启动完毕，地址：http://169.254.130.216:8080
2021-10-28 19:31:53 INFO  http-nio-8080-exec-1 org.apache.catalina.core.ContainerBase.[Tomcat].[localhost].[/] Initializing Spring DispatcherServlet 'dispatcherServlet'
2021-10-28 19:31:53 INFO  http-nio-8080-exec-1 org.springframework.web.servlet.DispatcherServlet Initializing Servlet 'dispatcherServlet'
2021-10-28 19:31:53 INFO  http-nio-8080-exec-1 org.springframework.web.servlet.DispatcherServlet Completed initialization in 11 ms
2021-10-28 19:31:53 INFO  http-nio-8080-exec-1 com.hero.sms.controller.result.QxtResultController QXT回执信息：请求IP【169.254.130.216】【请求参数】：<?xml version="1.0" encoding="utf-8" ?> 
<returnsms>
<statusbox>
<mobile>15023239810</mobile>
<taskid>1212</taskid>
<status>10</status>
<receivetime>2011-12-02 22:12:11</receivetime>
<errorcode>DELIVRD</errorcode>
</statusbox>
<statusbox>
<mobile>15023239811</mobile>
<taskid>1212</taskid>
<status>20</status>
<receivetime>2011-12-02 22:12:11</receivetime>
<errorcode> MK:0011</errorcode>
</statusbox>
</returnsms>

2021-10-28 19:31:53 INFO  http-nio-8080-exec-1 p6spy 2021-10-28 19:31:53 | 耗时 1 ms | SQL 语句：
SELECT * FROM t_sms_channel WHERE code = 'FSGJ005';
2021-10-28 19:33:03 INFO  RMI TCP Connection(2)-127.0.0.1 org.springframework.boot.admin.SpringApplicationAdminMXBeanRegistrar$SpringApplicationAdmin Application shutdown requested.
2021-10-28 19:33:03 INFO  RMI TCP Connection(2)-127.0.0.1 com.hero.sms.common.configure.CbShutdownConfig$GracefulShutdown application is going to stop. try to stop tomcat gracefully
2021-10-28 19:33:05 INFO  RMI TCP Connection(2)-127.0.0.1 org.quartz.core.QuartzScheduler Scheduler quartzScheduler_$_NON_CLUSTERED paused.
2021-10-28 19:33:05 INFO  RMI TCP Connection(2)-127.0.0.1 org.springframework.scheduling.quartz.SchedulerFactoryBean Shutting down Quartz Scheduler
2021-10-28 19:33:05 INFO  RMI TCP Connection(2)-127.0.0.1 org.quartz.core.QuartzScheduler Scheduler quartzScheduler_$_NON_CLUSTERED shutting down.
2021-10-28 19:33:05 INFO  RMI TCP Connection(2)-127.0.0.1 org.quartz.core.QuartzScheduler Scheduler quartzScheduler_$_NON_CLUSTERED paused.
2021-10-28 19:33:05 INFO  RMI TCP Connection(2)-127.0.0.1 org.quartz.core.QuartzScheduler Scheduler quartzScheduler_$_NON_CLUSTERED shutdown complete.
2021-10-28 19:33:05 INFO  RMI TCP Connection(2)-127.0.0.1 org.springframework.scheduling.concurrent.ThreadPoolTaskExecutor Shutting down ExecutorService 'getewayThreadPool'
2021-10-28 19:33:05 INFO  RMI TCP Connection(2)-127.0.0.1 com.baomidou.dynamic.datasource.DynamicRoutingDataSource dynamic-datasource start closing ....
2021-10-28 19:33:05 INFO  RMI TCP Connection(2)-127.0.0.1 com.zaxxer.hikari.HikariDataSource quartz - Shutdown initiated...
2021-10-28 19:33:06 INFO  RMI TCP Connection(2)-127.0.0.1 com.zaxxer.hikari.HikariDataSource quartz - Shutdown completed.
2021-10-28 19:33:06 INFO  RMI TCP Connection(2)-127.0.0.1 com.zaxxer.hikari.HikariDataSource base - Shutdown initiated...
2021-10-28 19:33:06 INFO  RMI TCP Connection(2)-127.0.0.1 com.zaxxer.hikari.HikariDataSource base - Shutdown completed.
2021-10-28 19:33:06 INFO  RMI TCP Connection(2)-127.0.0.1 com.baomidou.dynamic.datasource.DynamicRoutingDataSource dynamic-datasource all closed success,bye
2021-10-28 21:50:30 INFO  main com.hero.sms.GetewayApplication Starting GetewayApplication on LAPTOP-L07PL5KH with PID 15428 (C:\work\workspaceSmsBf\sms\sms-gateway\target\classes started by payBoo in C:\work\workspaceSmsBf\sms\sms-gateway)
2021-10-28 21:50:30 INFO  main com.hero.sms.GetewayApplication The following profiles are active: test
2021-10-28 21:50:33 INFO  main org.springframework.data.repository.config.RepositoryConfigurationDelegate Multiple Spring Data modules found, entering strict repository configuration mode!
2021-10-28 21:50:33 INFO  main org.springframework.data.repository.config.RepositoryConfigurationDelegate Bootstrapping Spring Data repositories in DEFAULT mode.
2021-10-28 21:50:33 INFO  main org.springframework.data.repository.config.RepositoryConfigurationDelegate Finished Spring Data repository scanning in 605ms. Found 0 repository interfaces.
2021-10-28 21:50:34 INFO  main org.springframework.context.support.PostProcessorRegistrationDelegate$BeanPostProcessorChecker Bean 'spring.datasource.dynamic-com.baomidou.dynamic.datasource.spring.boot.autoconfigure.DynamicDataSourceProperties' of type [com.baomidou.dynamic.datasource.spring.boot.autoconfigure.DynamicDataSourceProperties] is not eligible for getting processed by all BeanPostProcessors (for example: not eligible for auto-proxying)
2021-10-28 21:50:34 INFO  main org.springframework.context.support.PostProcessorRegistrationDelegate$BeanPostProcessorChecker Bean 'com.baomidou.dynamic.datasource.spring.boot.autoconfigure.DynamicDataSourceAutoConfiguration' of type [com.baomidou.dynamic.datasource.spring.boot.autoconfigure.DynamicDataSourceAutoConfiguration$$EnhancerBySpringCGLIB$$315604a6] is not eligible for getting processed by all BeanPostProcessors (for example: not eligible for auto-proxying)
2021-10-28 21:50:34 INFO  main org.springframework.context.support.PostProcessorRegistrationDelegate$BeanPostProcessorChecker Bean 'dsProcessor' of type [com.baomidou.dynamic.datasource.processor.DsHeaderProcessor] is not eligible for getting processed by all BeanPostProcessors (for example: not eligible for auto-proxying)
2021-10-28 21:50:34 INFO  main org.springframework.context.support.PostProcessorRegistrationDelegate$BeanPostProcessorChecker Bean 'dynamicDatasourceAnnotationAdvisor' of type [com.baomidou.dynamic.datasource.aop.DynamicDataSourceAnnotationAdvisor] is not eligible for getting processed by all BeanPostProcessors (for example: not eligible for auto-proxying)
2021-10-28 21:50:34 INFO  main org.springframework.context.support.PostProcessorRegistrationDelegate$BeanPostProcessorChecker Bean 'org.springframework.transaction.annotation.ProxyTransactionManagementConfiguration' of type [org.springframework.transaction.annotation.ProxyTransactionManagementConfiguration] is not eligible for getting processed by all BeanPostProcessors (for example: not eligible for auto-proxying)
2021-10-28 21:50:35 INFO  main org.springframework.boot.web.embedded.tomcat.TomcatWebServer Tomcat initialized with port(s): 8080 (http)
2021-10-28 21:50:35 INFO  main org.apache.coyote.http11.Http11NioProtocol Initializing ProtocolHandler ["http-nio-8080"]
2021-10-28 21:50:35 INFO  main org.apache.catalina.core.StandardService Starting service [Tomcat]
2021-10-28 21:50:35 INFO  main org.apache.catalina.core.StandardEngine Starting Servlet engine: [Apache Tomcat/9.0.27]
2021-10-28 21:50:35 INFO  main org.apache.catalina.core.ContainerBase.[Tomcat].[localhost].[/] Initializing Spring embedded WebApplicationContext
2021-10-28 21:50:35 INFO  main org.springframework.web.context.ContextLoader Root WebApplicationContext: initialization completed in 5004 ms
2021-10-28 21:50:35 INFO  main com.baomidou.dynamic.datasource.DynamicRoutingDataSource dynamic-datasource detect P6SPY plugin and enabled it
2021-10-28 21:50:35 INFO  main com.zaxxer.hikari.HikariDataSource base - Starting...
2021-10-28 21:50:35 INFO  main com.zaxxer.hikari.HikariDataSource base - Start completed.
2021-10-28 21:50:35 INFO  main com.zaxxer.hikari.HikariDataSource quartz - Starting...
2021-10-28 21:50:35 INFO  main com.zaxxer.hikari.HikariDataSource quartz - Start completed.
2021-10-28 21:50:35 INFO  main com.baomidou.dynamic.datasource.DynamicRoutingDataSource dynamic-datasource - load a datasource named [quartz] success
2021-10-28 21:50:35 INFO  main com.baomidou.dynamic.datasource.DynamicRoutingDataSource dynamic-datasource - load a datasource named [base] success
2021-10-28 21:50:35 INFO  main com.baomidou.dynamic.datasource.DynamicRoutingDataSource dynamic-datasource initial loaded [2] datasource,primary datasource named [base]
2021-10-28 21:50:36 INFO  main com.hero.sms.common.xss.XssFilter ------------ xss filter init ------------
2021-10-28 21:50:41 INFO  main org.springframework.boot.actuate.endpoint.web.EndpointLinksResolver Exposing 2 endpoint(s) beneath base path '/actuator'
2021-10-28 21:50:42 INFO  main springfox.documentation.spring.web.PropertySourcedRequestMappingHandlerMapping Mapped URL path [/v2/api-docs] onto method [springfox.documentation.swagger2.web.Swagger2Controller#getDocumentation(String, HttpServletRequest)]
2021-10-28 21:50:42 INFO  main org.springframework.scheduling.concurrent.ThreadPoolTaskExecutor Initializing ExecutorService
2021-10-28 21:50:42 INFO  main org.springframework.scheduling.concurrent.ThreadPoolTaskExecutor Initializing ExecutorService 'getewayThreadPool'
2021-10-28 21:50:42 INFO  main org.springframework.boot.autoconfigure.web.servlet.WelcomePageHandlerMapping Adding welcome page template: index
2021-10-28 21:50:42 INFO  main org.quartz.impl.StdSchedulerFactory Using default implementation for ThreadExecutor
2021-10-28 21:50:42 INFO  main org.quartz.core.SchedulerSignalerImpl Initialized Scheduler Signaller of type: class org.quartz.core.SchedulerSignalerImpl
2021-10-28 21:50:42 INFO  main org.quartz.core.QuartzScheduler Quartz Scheduler v.2.3.2 created.
2021-10-28 21:50:42 INFO  main org.quartz.simpl.RAMJobStore RAMJobStore initialized.
2021-10-28 21:50:42 INFO  main org.quartz.core.QuartzScheduler Scheduler meta-data: Quartz Scheduler (v2.3.2) 'quartzScheduler' with instanceId 'NON_CLUSTERED'
  Scheduler class: 'org.quartz.core.QuartzScheduler' - running locally.
  NOT STARTED.
  Currently in standby mode.
  Number of jobs executed: 0
  Using thread pool 'org.quartz.simpl.SimpleThreadPool' - with 10 threads.
  Using job-store 'org.quartz.simpl.RAMJobStore' - which does not support persistence. and is not clustered.

2021-10-28 21:50:42 INFO  main org.quartz.impl.StdSchedulerFactory Quartz scheduler 'quartzScheduler' initialized from an externally provided properties instance.
2021-10-28 21:50:42 INFO  main org.quartz.impl.StdSchedulerFactory Quartz scheduler version: 2.3.2
2021-10-28 21:50:42 INFO  main org.quartz.core.QuartzScheduler JobFactory set to: org.springframework.scheduling.quartz.SpringBeanJobFactory@468eff41
2021-10-28 21:50:42 INFO  main springfox.documentation.spring.web.plugins.DocumentationPluginsBootstrapper Context refreshed
2021-10-28 21:50:42 INFO  main springfox.documentation.spring.web.plugins.DocumentationPluginsBootstrapper Found 1 custom documentation plugin(s)
2021-10-28 21:50:43 INFO  main springfox.documentation.spring.web.scanners.ApiListingReferenceScanner Scanning for api listing references
2021-10-28 21:50:43 INFO  main springfox.documentation.spring.web.readers.operation.CachingOperationNameGenerator Generating unique operation named: receiptUsingGET_1
2021-10-28 21:50:43 INFO  main springfox.documentation.spring.web.readers.operation.CachingOperationNameGenerator Generating unique operation named: receiptUsingHEAD_1
2021-10-28 21:50:43 INFO  main springfox.documentation.spring.web.readers.operation.CachingOperationNameGenerator Generating unique operation named: receiptUsingPOST_1
2021-10-28 21:50:43 INFO  main springfox.documentation.spring.web.readers.operation.CachingOperationNameGenerator Generating unique operation named: receiptUsingPUT_1
2021-10-28 21:50:43 INFO  main springfox.documentation.spring.web.readers.operation.CachingOperationNameGenerator Generating unique operation named: receiptUsingPATCH_1
2021-10-28 21:50:43 INFO  main springfox.documentation.spring.web.readers.operation.CachingOperationNameGenerator Generating unique operation named: receiptUsingDELETE_1
2021-10-28 21:50:43 INFO  main springfox.documentation.spring.web.readers.operation.CachingOperationNameGenerator Generating unique operation named: receiptUsingOPTIONS_1
2021-10-28 21:50:43 INFO  main springfox.documentation.spring.web.readers.operation.CachingOperationNameGenerator Generating unique operation named: receiptUsingTRACE_1
2021-10-28 21:50:43 INFO  main springfox.documentation.spring.web.readers.operation.CachingOperationNameGenerator Generating unique operation named: receiptUsingGET_2
2021-10-28 21:50:43 INFO  main springfox.documentation.spring.web.readers.operation.CachingOperationNameGenerator Generating unique operation named: receiptUsingHEAD_2
2021-10-28 21:50:43 INFO  main springfox.documentation.spring.web.readers.operation.CachingOperationNameGenerator Generating unique operation named: receiptUsingPOST_2
2021-10-28 21:50:43 INFO  main springfox.documentation.spring.web.readers.operation.CachingOperationNameGenerator Generating unique operation named: receiptUsingPUT_2
2021-10-28 21:50:43 INFO  main springfox.documentation.spring.web.readers.operation.CachingOperationNameGenerator Generating unique operation named: receiptUsingPATCH_2
2021-10-28 21:50:43 INFO  main springfox.documentation.spring.web.readers.operation.CachingOperationNameGenerator Generating unique operation named: receiptUsingDELETE_2
2021-10-28 21:50:43 INFO  main springfox.documentation.spring.web.readers.operation.CachingOperationNameGenerator Generating unique operation named: receiptUsingOPTIONS_2
2021-10-28 21:50:43 INFO  main springfox.documentation.spring.web.readers.operation.CachingOperationNameGenerator Generating unique operation named: receiptUsingTRACE_2
2021-10-28 21:50:43 INFO  main org.springframework.scheduling.quartz.SchedulerFactoryBean Starting Quartz Scheduler now
2021-10-28 21:50:43 INFO  main org.quartz.core.QuartzScheduler Scheduler quartzScheduler_$_NON_CLUSTERED started.
2021-10-28 21:50:43 INFO  main org.apache.coyote.http11.Http11NioProtocol Starting ProtocolHandler ["http-nio-8080"]
2021-10-28 21:50:43 INFO  main org.springframework.boot.web.embedded.tomcat.TomcatWebServer Tomcat started on port(s): 8080 (http) with context path ''
2021-10-28 21:50:43 INFO  main com.hero.sms.GetewayApplication Started GetewayApplication in 14.179 seconds (JVM running for 18.541)
2021-10-28 21:50:43 INFO  main com.hero.sms.common.DatabaseCache 开始缓存字典
2021-10-28 21:50:43 INFO  main p6spy 2021-10-28 21:50:43 | 耗时 3 ms | SQL 语句：
SELECT ID, CODE, CREATE_TIME, ORDER_LEVEL, PARENT_CODE, IS_DELETE, NAME, DESCRIPTION, REMARK, SORT_CODE FROM code WHERE (IS_DELETE = '0');
2021-10-28 21:50:43 INFO  main com.hero.sms.common.DatabaseCache 缓存代理信息
2021-10-28 21:50:43 INFO  main p6spy 2021-10-28 21:50:43 | 耗时 1 ms | SQL 语句：
SELECT Id, Google_Key, Cash_Amount, Description, Remark, Agent_Password, Last_Login_IP, Level_Code, Available_Amount, Login_IP, EMail, Need_Bind_Google_Key, Create_Date, QQ, Up_Agent_Id, Agent_Account, Amount, Quota_Amount, Agent_Name, Login_Faild_Count, Data_MD5, Last_Login_Time, Phone_Number, Day_Limit, Send_Sms_Total, Create_User, State_Code, Pay_Password FROM t_agent;
2021-10-28 21:50:43 INFO  main com.hero.sms.common.DatabaseCache 缓存商户信息
2021-10-28 21:50:44 INFO  main p6spy 2021-10-28 21:50:43 | 耗时 1 ms | SQL 语句：
SELECT Id, Agent_Id, Sms_Approve_type, Cash_Amount, Description, Remark, interface_type, Available_Amount, Contact, Md5_Key, Sms_Sign, EMail, Create_Date, Settlement_type, Contact_Mobile, Amount, Address, Organization_Name, charges_type, Business_User_Id, Data_MD5, Bind_IP, Approve_State_Code, Organization_Code, Web_Url, Send_Sms_Total, notify_url, Create_User, Status FROM t_organization;
2021-10-28 21:50:44 INFO  main com.hero.sms.common.DatabaseCache 缓存短信通道信息
2021-10-28 21:50:44 INFO  main p6spy 2021-10-28 21:50:44 | 耗时 1 ms | SQL 语句：
SELECT id, support_area, code, weight, description, create_user_name, remark, protocol_type, impl_full_class, day_limit, create_time, area_regex, name, state, is_del, area_operator_regex, operator_regex FROM t_sms_channel;
2021-10-28 21:50:44 INFO  main com.hero.sms.common.DatabaseCache 缓存支付通道信息
2021-10-28 21:50:44 INFO  main p6spy 2021-10-28 21:50:44 | 耗时 1 ms | SQL 语句：
SELECT id, key1, key2, min_amount, cost, key5, key3, key4, weight, remark, encrypt_key, impl_full_class, netway_code, create_time, merch_no, request_url, state_code, sign_key, callBack_url, channel_name, pay_code, max_amount FROM t_pay_channel;
2021-10-28 21:50:44 INFO  main com.hero.sms.common.DatabaseCache 缓存IP黑名单信息
2021-10-28 21:50:44 INFO  main p6spy 2021-10-28 21:50:44 | 耗时 1 ms | SQL 语句：
SELECT Id, Black_Ip, IsAvailability, LImit_Project, Description, Create_User, Remark, Create_Date FROM t_black_ip_config WHERE (IsAvailability = '1');
2021-10-28 21:50:44 INFO  main com.hero.sms.common.DatabaseCache 缓存手机号段区域信息
2021-10-28 21:50:44 INFO  main p6spy 2021-10-28 21:50:44 | 耗时 701 ms | SQL 语句：
SELECT Id, MobileNumber, MobileArea, Province_Code, PostCode, AreaCode, Create_Date, MobileType FROM mobile_area;
2021-10-28 21:50:50 INFO  main com.hero.sms.common.DatabaseCache 缓存手机号码黑名单信息
2021-10-28 21:50:50 INFO  main p6spy 2021-10-28 21:50:50 | 耗时 1 ms | SQL 语句：
SELECT area, number FROM t_mobile_black;
2021-10-28 21:50:50 INFO  main com.hero.sms.common.DatabaseCache 缓存网关类型信息
2021-10-28 21:50:50 INFO  main com.hero.sms.common.DatabaseCache 字典缓存完成
2021-10-28 21:50:50 INFO  main com.hero.sms.common.DatabaseCache Begin-缓存敏感词信息
2021-10-28 21:50:50 INFO  main p6spy 2021-10-28 21:50:50 | 耗时 1 ms | SQL 语句：
SELECT id, new_word, word FROM t_sensitive_word ORDER BY id DESC;
2021-10-28 21:50:50 INFO  main com.hero.sms.common.DatabaseCache End-敏感词信息缓存完成
2021-10-28 21:50:50 INFO  main io.lettuce.core.EpollProvider Starting without optional epoll library
2021-10-28 21:50:50 INFO  main io.lettuce.core.KqueueProvider Starting without optional kqueue library
2021-10-28 21:51:36 INFO  main p6spy 2021-10-28 21:51:36 | 耗时 1 ms | SQL 语句：
SELECT * FROM t_organization WHERE Status = '1' AND interface_type & 2 = 2;
2021-10-28 21:51:41 INFO  main p6spy 2021-10-28 21:51:41 | 耗时 3 ms | SQL 语句：
SELECT * FROM t_sms_channel WHERE state & 3 = state AND protocol_type = 'smpp' AND is_del = 0;
2021-10-28 21:51:41 INFO  main com.hero.sms.common.runner.AppStartedUpRunner  __    ___   _      ___   _     ____ _____  ____ 
2021-10-28 21:51:41 INFO  main com.hero.sms.common.runner.AppStartedUpRunner / /`  / / \ | |\/| | |_) | |   | |_   | |  | |_  
2021-10-28 21:51:41 INFO  main com.hero.sms.common.runner.AppStartedUpRunner \_\_, \_\_/ |_|  | |_|   |_|__ |_|__  |_|  |_|__ 
2021-10-28 21:51:41 INFO  main com.hero.sms.common.runner.AppStartedUpRunner                                                       
2021-10-28 21:51:41 INFO  main com.hero.sms.common.runner.AppStartedUpRunner 网关平台系统启动完毕，地址：http://169.254.130.216:8080
2021-10-28 21:55:34 INFO  ConsumeMessageThread_1 com.hero.sms.service.mq.MQService [Begin分拣]========【A9FE82D87D5818B4AAC28FC01BAE0000】开始时间：【2021-10-28 21:55:31:947】,数量【1】
2021-10-28 21:55:34 INFO  ConsumeMessageThread_1 p6spy 2021-10-28 21:55:34 | 耗时 3 ms | SQL 语句：
SELECT id, agent_id, send_code, sms_number_area, type, audit_state, create_username, refuse_cause, org_code, channel_cost_amount, timing_time, agent_income_amount, sms_content, sms_type, is_timing_time, up_agent_id, consume_amount, sms_count, number_count, income_amount, sms_numbers, create_time, client_ip, sms_words, sub_type, sorting_time, up_agent_income_amount FROM t_send_box WHERE id = 16961;
2021-10-28 21:55:34 INFO  ConsumeMessageThread_1 p6spy 2021-10-28 21:55:34 | 耗时 1 ms | SQL 语句：
SELECT org.*, cost.Id AS cost_Id, cost.Organization_Code AS cost_Organization_Code, cost.sms_type, cost.Cost_Name AS Cost_Name, cost.Cost_Value AS Cost_Value, cost.State AS Cost_State, cost.Channel_Id AS Cost_Channel_Id, cost.Description AS Cost_Description, cost.Remark AS Cost_Remark, cost.Create_Date AS Cost_Create_Date FROM t_organization org LEFT JOIN t_organization_cost cost ON org.Organization_Code = cost.Organization_Code WHERE org.organization_code = '20200331160443FKDW';
2021-10-28 21:55:34 INFO  ConsumeMessageThread_1 p6spy 2021-10-28 21:55:34 | 耗时 3 ms | SQL 语句：
SELECT agent.*, cost.Id AS cost_Id, cost.Agent_Id AS Cost_Agent_Id, cost.sms_type, cost.Name AS Cost_Name, cost.Value AS Cost_Value, cost.Description AS Cost_Description, cost.Remark AS Cost_Remark, cost.Create_Date AS Cost_Create_Date FROM t_agent agent LEFT JOIN t_agent_cost cost ON agent.Id = cost.Agent_Id WHERE agent.Id = 36;
2021-10-28 21:55:34 INFO  ConsumeMessageThread_1 p6spy 2021-10-28 21:55:34 | 耗时 1 ms | SQL 语句：
SELECT agent.*, cost.Id AS cost_Id, cost.Agent_Id AS Cost_Agent_Id, cost.sms_type, cost.Name AS Cost_Name, cost.Value AS Cost_Value, cost.Description AS Cost_Description, cost.Remark AS Cost_Remark, cost.Create_Date AS Cost_Create_Date FROM t_agent agent LEFT JOIN t_agent_cost cost ON agent.Id = cost.Agent_Id WHERE agent.Id = 35;
2021-10-28 21:55:34 INFO  ConsumeMessageThread_1 p6spy 2021-10-28 21:55:34 | 耗时 1 ms | SQL 语句：
SELECT id, support_area, code, weight, description, create_user_name, remark, protocol_type, impl_full_class, day_limit, create_time, area_regex, name, state, is_del, area_operator_regex, operator_regex FROM t_sms_channel WHERE id = '13';
2021-10-28 21:55:34 INFO  ConsumeMessageThread_1 p6spy 2021-10-28 21:55:34 | 耗时 5 ms | SQL 语句：
UPDATE t_send_box SET audit_state = 4, refuse_cause = '指定通道未开启', sorting_time = '2021-10-28T21:55:34.685+0800', timing_time = NULL WHERE (id = 16961);
2021-10-28 21:55:34 INFO  ConsumeMessageThread_1 com.hero.sms.service.mq.MQService 【End分拣】========【A9FE82D87D5818B4AAC28FC01BAE0000】结束时间：【2021-10-28 21:55:34:716】,分拣耗时【2769】ms
2021-10-28 21:56:16 INFO  ConsumeMessageThread_2 com.hero.sms.service.mq.MQService [Begin分拣]========【A9FE82D87D5818B4AAC28FC0C9980001】开始时间：【2021-10-28 21:56:16:417】,数量【1】
2021-10-28 21:56:16 INFO  ConsumeMessageThread_2 p6spy 2021-10-28 21:56:16 | 耗时 1 ms | SQL 语句：
SELECT id, agent_id, send_code, sms_number_area, type, audit_state, create_username, refuse_cause, org_code, channel_cost_amount, timing_time, agent_income_amount, sms_content, sms_type, is_timing_time, up_agent_id, consume_amount, sms_count, number_count, income_amount, sms_numbers, create_time, client_ip, sms_words, sub_type, sorting_time, up_agent_income_amount FROM t_send_box WHERE id = 16962;
2021-10-28 21:56:16 INFO  ConsumeMessageThread_2 p6spy 2021-10-28 21:56:16 | 耗时 1 ms | SQL 语句：
SELECT org.*, cost.Id AS cost_Id, cost.Organization_Code AS cost_Organization_Code, cost.sms_type, cost.Cost_Name AS Cost_Name, cost.Cost_Value AS Cost_Value, cost.State AS Cost_State, cost.Channel_Id AS Cost_Channel_Id, cost.Description AS Cost_Description, cost.Remark AS Cost_Remark, cost.Create_Date AS Cost_Create_Date FROM t_organization org LEFT JOIN t_organization_cost cost ON org.Organization_Code = cost.Organization_Code WHERE org.organization_code = '20200331160443FKDW';
2021-10-28 21:56:16 INFO  ConsumeMessageThread_2 p6spy 2021-10-28 21:56:16 | 耗时 1 ms | SQL 语句：
SELECT agent.*, cost.Id AS cost_Id, cost.Agent_Id AS Cost_Agent_Id, cost.sms_type, cost.Name AS Cost_Name, cost.Value AS Cost_Value, cost.Description AS Cost_Description, cost.Remark AS Cost_Remark, cost.Create_Date AS Cost_Create_Date FROM t_agent agent LEFT JOIN t_agent_cost cost ON agent.Id = cost.Agent_Id WHERE agent.Id = 36;
2021-10-28 21:56:16 INFO  ConsumeMessageThread_2 p6spy 2021-10-28 21:56:16 | 耗时 1 ms | SQL 语句：
SELECT agent.*, cost.Id AS cost_Id, cost.Agent_Id AS Cost_Agent_Id, cost.sms_type, cost.Name AS Cost_Name, cost.Value AS Cost_Value, cost.Description AS Cost_Description, cost.Remark AS Cost_Remark, cost.Create_Date AS Cost_Create_Date FROM t_agent agent LEFT JOIN t_agent_cost cost ON agent.Id = cost.Agent_Id WHERE agent.Id = 35;
2021-10-28 21:56:16 INFO  ConsumeMessageThread_2 p6spy 2021-10-28 21:56:16 | 耗时 1 ms | SQL 语句：
SELECT id, support_area, code, weight, description, create_user_name, remark, protocol_type, impl_full_class, day_limit, create_time, area_regex, name, state, is_del, area_operator_regex, operator_regex FROM t_sms_channel WHERE id = '13';
2021-10-28 21:56:16 INFO  ConsumeMessageThread_2 p6spy 2021-10-28 21:56:16 | 耗时 12 ms | SQL 语句：
INSERT INTO t_send_box_record_checkinfo (send_code, sms_number, state) VALUES ('BN20211028215616GZVTC', '15590478565', 1);
2021-10-28 21:56:16 INFO  ConsumeMessageThread_2 p6spy 2021-10-28 21:56:16 | 耗时 1 ms | SQL 语句：
SELECT id, create_time, property_type, name, sms_channel_id, description, remark, value FROM t_sms_channel_property WHERE (sms_channel_id = 13);
2021-10-28 21:56:16 INFO  ConsumeMessageThread_2 p6spy 2021-10-28 21:56:16 | 耗时 1 ms | SQL 语句：
SELECT Id, create_time, name, sms_channel_id, description, remark, sms_type, value FROM t_sms_channel_cost WHERE (sms_channel_id = 13);
2021-10-28 21:56:16 INFO  ConsumeMessageThread_2 p6spy 2021-10-28 21:56:16 | 耗时 0 ms | SQL 语句：
SELECT Id, Agent_Id, Sms_Approve_type, Cash_Amount, Description, Remark, interface_type, Available_Amount, Contact, Md5_Key, Sms_Sign, EMail, Create_Date, Settlement_type, Contact_Mobile, Amount, Address, Organization_Name, charges_type, Business_User_Id, Data_MD5, Bind_IP, Approve_State_Code, Organization_Code, Web_Url, Send_Sms_Total, notify_url, Create_User, Status FROM t_organization WHERE (Organization_Code = '20200331160443FKDW') FOR UPDATE;
2021-10-28 21:56:16 INFO  ConsumeMessageThread_2 p6spy 2021-10-28 21:56:16 | 耗时 2 ms | SQL 语句：
UPDATE t_organization SET cash_amount = cash_amount + 46, available_amount = available_amount - 46, send_sms_total = send_sms_total + 1, data_md5 = UPPER(MD5(CONCAT('dgfjokijorewdfsjfixcvjewr', Organization_Code, amount, Available_Amount, Cash_Amount, Send_Sms_Total, Md5_Key, Sms_Sign, Bind_IP))) WHERE (Id = 62);
2021-10-28 21:56:16 INFO  ConsumeMessageThread_2 p6spy 2021-10-28 21:56:16 | 耗时 0 ms | SQL 语句：
SELECT Id, Google_Key, Cash_Amount, Description, Remark, Agent_Password, Last_Login_IP, Level_Code, Available_Amount, Login_IP, EMail, Need_Bind_Google_Key, Create_Date, QQ, Up_Agent_Id, Agent_Account, Amount, Quota_Amount, Agent_Name, Login_Faild_Count, Data_MD5, Last_Login_Time, Phone_Number, Day_Limit, Send_Sms_Total, Create_User, State_Code, Pay_Password FROM t_agent WHERE Id = 36;
2021-10-28 21:56:16 INFO  ConsumeMessageThread_2 p6spy 2021-10-28 21:56:16 | 耗时 1 ms | SQL 语句：
UPDATE t_agent SET available_amount = available_amount + 16, send_sms_total = send_sms_total + 1, data_md5 = UPPER(MD5(CONCAT('sjiojsfjlcvjiwej', agent_account, amount, Available_Amount, Cash_Amount, Send_Sms_Total, quota_amount))) WHERE (Id = 36);
2021-10-28 21:56:16 INFO  ConsumeMessageThread_2 p6spy 2021-10-28 21:56:16 | 耗时 0 ms | SQL 语句：
SELECT Id, Google_Key, Cash_Amount, Description, Remark, Agent_Password, Last_Login_IP, Level_Code, Available_Amount, Login_IP, EMail, Need_Bind_Google_Key, Create_Date, QQ, Up_Agent_Id, Agent_Account, Amount, Quota_Amount, Agent_Name, Login_Faild_Count, Data_MD5, Last_Login_Time, Phone_Number, Day_Limit, Send_Sms_Total, Create_User, State_Code, Pay_Password FROM t_agent WHERE Id = 35;
2021-10-28 21:56:16 INFO  ConsumeMessageThread_2 p6spy 2021-10-28 21:56:16 | 耗时 0 ms | SQL 语句：
UPDATE t_agent SET available_amount = available_amount + 10, send_sms_total = send_sms_total + 1, data_md5 = UPPER(MD5(CONCAT('sjiojsfjlcvjiwej', agent_account, amount, Available_Amount, Cash_Amount, Send_Sms_Total, quota_amount))) WHERE (Id = 35);
2021-10-28 21:56:16 INFO  ConsumeMessageThread_2 p6spy 2021-10-28 21:56:16 | 耗时 9 ms | SQL 语句：
UPDATE t_send_box SET sorting_time = '2021-10-28T21:56:16.811+0800', timing_time = NULL, sms_count = sms_count + 1, consume_amount = consume_amount + 46, channel_cost_amount = channel_cost_amount + 30, agent_income_amount = agent_income_amount + 16, up_agent_income_amount = up_agent_income_amount + 10, income_amount = income_amount + -10 WHERE (id = 16962);
2021-10-28 21:56:16 INFO  ConsumeMessageThread_2 com.hero.sms.service.mq.MQService 【End分拣】========【A9FE82D87D5818B4AAC28FC0C9980001】结束时间：【2021-10-28 21:56:16:854】,分拣耗时【437】ms
2021-10-28 21:56:16 INFO  ConsumeMessageThread_1 p6spy 2021-10-28 21:56:16 | 耗时 0 ms | SQL 语句：
SELECT id, agent_id, sms_number_province, send_code, sms_number, sms_number_area, sms_number_operator, receipt_time, org_code, res_msgid, channel_cost_amount, agent_income_amount, sms_content, sms_type, state, channel_id, up_agent_id, consume_amount, state_desc, sms_count, income_amount, source_number, submit_time, create_time, sms_words, sub_type, up_agent_income_amount FROM t_send_record WHERE id = 121997;
2021-10-28 21:56:16 INFO  ConsumeMessageThread_1 p6spy 2021-10-28 21:56:16 | 耗时 0 ms | SQL 语句：
SELECT * FROM t_sms_channel WHERE id = 13;
2021-10-28 21:56:16 INFO  ConsumeMessageThread_1 p6spy 2021-10-28 21:56:16 | 耗时 0 ms | SQL 语句：
SELECT * FROM t_sms_channel_property WHERE sms_channel_id = 13;
2021-10-28 21:56:16 INFO  ConsumeMessageThread_1 p6spy 2021-10-28 21:56:16 | 耗时 0 ms | SQL 语句：
SELECT * FROM t_sms_channel_cost WHERE sms_channel_id = 13;
2021-10-28 21:56:16 INFO  ConsumeMessageThread_1 p6spy 2021-10-28 21:56:16 | 耗时 10 ms | SQL 语句：
INSERT INTO t_send_record_checkinfo (send_code, sms_number, state, channel_id) VALUES ('BN20211028215616GZVTC', '15590478565', 1, 13);
2021-10-28 21:56:34 INFO  ConsumeMessageThread_1 com.hero.sms.service.impl.channel.push.QiXinTong 批次号【BN20211028215616GZVTC】手机号码【15590478565】通道【13】【QXT】发送HTTP【提交参数】:{"password":"189889","extno":"BN20211028215616GZVTC_121997","mobile":"15590478565","action":"send","userid":"198","account":"189889","content":"测试一下","sendTime":""}
2021-10-28 21:56:53 INFO  ConsumeMessageThread_1 com.hero.sms.service.impl.channel.push.QiXinTong 批次号【BN20211028215616GZVTC】手机号码【15590478565】通道【13】【QXT】发送HTTP【返回参数】:<?xml version="1.0" encoding="utf-8" ?><returnsms>
 <returnstatus>Faild</returnstatus>
 <message>参数错误</message>
 <remainpoint>0</remainpoint>
 <taskID>0</taskID>
 <successCounts>0</successCounts></returnsms>
2021-10-28 21:57:01 INFO  ConsumeMessageThread_1 p6spy 2021-10-28 21:57:01 | 耗时 4 ms | SQL 语句：
UPDATE t_send_record SET state = 8, state_desc = '参数错误', res_msgid = NULL, submit_time = '2021-10-28T21:57:00.996+0800' WHERE (id = 121997);
2021-10-28 22:11:20 INFO  RMI TCP Connection(2)-127.0.0.1 org.springframework.boot.admin.SpringApplicationAdminMXBeanRegistrar$SpringApplicationAdmin Application shutdown requested.
2021-10-28 22:11:20 INFO  RMI TCP Connection(2)-127.0.0.1 com.hero.sms.common.configure.CbShutdownConfig$GracefulShutdown application is going to stop. try to stop tomcat gracefully
2021-10-28 22:11:22 INFO  RMI TCP Connection(3)-127.0.0.1 org.springframework.boot.admin.SpringApplicationAdminMXBeanRegistrar$SpringApplicationAdmin Application shutdown requested.
2021-10-28 22:11:22 INFO  RMI TCP Connection(2)-127.0.0.1 org.quartz.core.QuartzScheduler Scheduler quartzScheduler_$_NON_CLUSTERED paused.
2021-10-28 22:11:22 INFO  RMI TCP Connection(2)-127.0.0.1 org.springframework.scheduling.quartz.SchedulerFactoryBean Shutting down Quartz Scheduler
2021-10-28 22:11:22 INFO  RMI TCP Connection(2)-127.0.0.1 org.quartz.core.QuartzScheduler Scheduler quartzScheduler_$_NON_CLUSTERED shutting down.
2021-10-28 22:11:22 INFO  RMI TCP Connection(2)-127.0.0.1 org.quartz.core.QuartzScheduler Scheduler quartzScheduler_$_NON_CLUSTERED paused.
2021-10-28 22:11:22 INFO  RMI TCP Connection(2)-127.0.0.1 org.quartz.core.QuartzScheduler Scheduler quartzScheduler_$_NON_CLUSTERED shutdown complete.
2021-10-28 22:11:22 INFO  RMI TCP Connection(2)-127.0.0.1 org.springframework.scheduling.concurrent.ThreadPoolTaskExecutor Shutting down ExecutorService 'getewayThreadPool'
2021-10-28 22:11:22 INFO  RMI TCP Connection(2)-127.0.0.1 com.baomidou.dynamic.datasource.DynamicRoutingDataSource dynamic-datasource start closing ....
2021-10-28 22:11:22 INFO  RMI TCP Connection(2)-127.0.0.1 com.zaxxer.hikari.HikariDataSource quartz - Shutdown initiated...
2021-10-28 22:11:22 INFO  RMI TCP Connection(2)-127.0.0.1 com.zaxxer.hikari.HikariDataSource quartz - Shutdown completed.
2021-10-28 22:11:22 INFO  RMI TCP Connection(2)-127.0.0.1 com.zaxxer.hikari.HikariDataSource base - Shutdown initiated...
2021-10-28 22:11:22 INFO  RMI TCP Connection(2)-127.0.0.1 com.zaxxer.hikari.HikariDataSource base - Shutdown completed.
2021-10-28 22:11:22 INFO  RMI TCP Connection(2)-127.0.0.1 com.baomidou.dynamic.datasource.DynamicRoutingDataSource dynamic-datasource all closed success,bye
