2022-05-10 11:13:43 INFO  main com.hero.sms.GetewayApplication Starting GetewayApplication on LAPTOP-L07PL5KH with PID 25604 (C:\work\workspaceSmsBfSvn\sms\sms-gateway\target\classes started by payBoo in C:\work\workspaceSmsBfSvn\sms\sms-gateway)
2022-05-10 11:13:43 INFO  main com.hero.sms.GetewayApplication The following profiles are active: test
2022-05-10 11:13:46 INFO  main org.springframework.data.repository.config.RepositoryConfigurationDelegate Multiple Spring Data modules found, entering strict repository configuration mode!
2022-05-10 11:13:46 INFO  main org.springframework.data.repository.config.RepositoryConfigurationDelegate Bootstrapping Spring Data repositories in DEFAULT mode.
2022-05-10 11:13:47 INFO  main org.springframework.data.repository.config.RepositoryConfigurationDelegate Finished Spring Data repository scanning in 585ms. Found 0 repository interfaces.
2022-05-10 11:13:47 INFO  main org.springframework.context.support.PostProcessorRegistrationDelegate$BeanPostProcessorChecker Bean 'spring.datasource.dynamic-com.baomidou.dynamic.datasource.spring.boot.autoconfigure.DynamicDataSourceProperties' of type [com.baomidou.dynamic.datasource.spring.boot.autoconfigure.DynamicDataSourceProperties] is not eligible for getting processed by all BeanPostProcessors (for example: not eligible for auto-proxying)
2022-05-10 11:13:47 INFO  main org.springframework.context.support.PostProcessorRegistrationDelegate$BeanPostProcessorChecker Bean 'com.baomidou.dynamic.datasource.spring.boot.autoconfigure.DynamicDataSourceAutoConfiguration' of type [com.baomidou.dynamic.datasource.spring.boot.autoconfigure.DynamicDataSourceAutoConfiguration$$EnhancerBySpringCGLIB$$9d27e209] is not eligible for getting processed by all BeanPostProcessors (for example: not eligible for auto-proxying)
2022-05-10 11:13:47 INFO  main org.springframework.context.support.PostProcessorRegistrationDelegate$BeanPostProcessorChecker Bean 'dsProcessor' of type [com.baomidou.dynamic.datasource.processor.DsHeaderProcessor] is not eligible for getting processed by all BeanPostProcessors (for example: not eligible for auto-proxying)
2022-05-10 11:13:47 INFO  main org.springframework.context.support.PostProcessorRegistrationDelegate$BeanPostProcessorChecker Bean 'dynamicDatasourceAnnotationAdvisor' of type [com.baomidou.dynamic.datasource.aop.DynamicDataSourceAnnotationAdvisor] is not eligible for getting processed by all BeanPostProcessors (for example: not eligible for auto-proxying)
2022-05-10 11:13:47 INFO  main org.springframework.context.support.PostProcessorRegistrationDelegate$BeanPostProcessorChecker Bean 'org.springframework.transaction.annotation.ProxyTransactionManagementConfiguration' of type [org.springframework.transaction.annotation.ProxyTransactionManagementConfiguration] is not eligible for getting processed by all BeanPostProcessors (for example: not eligible for auto-proxying)
2022-05-10 11:13:48 INFO  main org.springframework.boot.web.embedded.tomcat.TomcatWebServer Tomcat initialized with port(s): 8080 (http)
2022-05-10 11:13:48 INFO  main org.apache.coyote.http11.Http11NioProtocol Initializing ProtocolHandler ["http-nio-8080"]
2022-05-10 11:13:48 INFO  main org.apache.catalina.core.StandardService Starting service [Tomcat]
2022-05-10 11:13:48 INFO  main org.apache.catalina.core.StandardEngine Starting Servlet engine: [Apache Tomcat/9.0.27]
2022-05-10 11:13:48 INFO  main org.apache.catalina.core.ContainerBase.[Tomcat].[localhost].[/] Initializing Spring embedded WebApplicationContext
2022-05-10 11:13:48 INFO  main org.springframework.web.context.ContextLoader Root WebApplicationContext: initialization completed in 4814 ms
2022-05-10 11:13:48 INFO  main com.baomidou.dynamic.datasource.DynamicRoutingDataSource dynamic-datasource detect P6SPY plugin and enabled it
2022-05-10 11:13:48 INFO  main com.zaxxer.hikari.HikariDataSource base - Starting...
2022-05-10 11:13:49 INFO  main com.zaxxer.hikari.HikariDataSource base - Start completed.
2022-05-10 11:13:49 INFO  main com.zaxxer.hikari.HikariDataSource quartz - Starting...
2022-05-10 11:13:49 INFO  main com.zaxxer.hikari.HikariDataSource quartz - Start completed.
2022-05-10 11:13:49 INFO  main com.baomidou.dynamic.datasource.DynamicRoutingDataSource dynamic-datasource - load a datasource named [quartz] success
2022-05-10 11:13:49 INFO  main com.baomidou.dynamic.datasource.DynamicRoutingDataSource dynamic-datasource - load a datasource named [base] success
2022-05-10 11:13:49 INFO  main com.baomidou.dynamic.datasource.DynamicRoutingDataSource dynamic-datasource initial loaded [2] datasource,primary datasource named [base]
2022-05-10 11:13:49 INFO  main com.hero.sms.common.xss.XssFilter ------------ xss filter init ------------
2022-05-10 11:13:54 INFO  main org.springframework.boot.actuate.endpoint.web.EndpointLinksResolver Exposing 2 endpoint(s) beneath base path '/actuator'
2022-05-10 11:13:54 INFO  main springfox.documentation.spring.web.PropertySourcedRequestMappingHandlerMapping Mapped URL path [/v2/api-docs] onto method [springfox.documentation.swagger2.web.Swagger2Controller#getDocumentation(String, HttpServletRequest)]
2022-05-10 11:13:54 INFO  main org.springframework.scheduling.concurrent.ThreadPoolTaskExecutor Initializing ExecutorService
2022-05-10 11:13:54 INFO  main org.springframework.scheduling.concurrent.ThreadPoolTaskExecutor Initializing ExecutorService 'getewayThreadPool'
2022-05-10 11:13:54 INFO  main org.springframework.boot.autoconfigure.web.servlet.WelcomePageHandlerMapping Adding welcome page template: index
2022-05-10 11:13:55 INFO  main org.quartz.impl.StdSchedulerFactory Using default implementation for ThreadExecutor
2022-05-10 11:13:55 INFO  main org.quartz.core.SchedulerSignalerImpl Initialized Scheduler Signaller of type: class org.quartz.core.SchedulerSignalerImpl
2022-05-10 11:13:55 INFO  main org.quartz.core.QuartzScheduler Quartz Scheduler v.2.3.2 created.
2022-05-10 11:13:55 INFO  main org.quartz.simpl.RAMJobStore RAMJobStore initialized.
2022-05-10 11:13:55 INFO  main org.quartz.core.QuartzScheduler Scheduler meta-data: Quartz Scheduler (v2.3.2) 'quartzScheduler' with instanceId 'NON_CLUSTERED'
  Scheduler class: 'org.quartz.core.QuartzScheduler' - running locally.
  NOT STARTED.
  Currently in standby mode.
  Number of jobs executed: 0
  Using thread pool 'org.quartz.simpl.SimpleThreadPool' - with 10 threads.
  Using job-store 'org.quartz.simpl.RAMJobStore' - which does not support persistence. and is not clustered.

2022-05-10 11:13:55 INFO  main org.quartz.impl.StdSchedulerFactory Quartz scheduler 'quartzScheduler' initialized from an externally provided properties instance.
2022-05-10 11:13:55 INFO  main org.quartz.impl.StdSchedulerFactory Quartz scheduler version: 2.3.2
2022-05-10 11:13:55 INFO  main org.quartz.core.QuartzScheduler JobFactory set to: org.springframework.scheduling.quartz.SpringBeanJobFactory@1d686622
2022-05-10 11:13:55 INFO  main springfox.documentation.spring.web.plugins.DocumentationPluginsBootstrapper Context refreshed
2022-05-10 11:13:55 INFO  main springfox.documentation.spring.web.plugins.DocumentationPluginsBootstrapper Found 1 custom documentation plugin(s)
2022-05-10 11:13:55 INFO  main springfox.documentation.spring.web.scanners.ApiListingReferenceScanner Scanning for api listing references
2022-05-10 11:13:56 INFO  main springfox.documentation.spring.web.readers.operation.CachingOperationNameGenerator Generating unique operation named: receiptUsingGET_1
2022-05-10 11:13:56 INFO  main springfox.documentation.spring.web.readers.operation.CachingOperationNameGenerator Generating unique operation named: receiptUsingHEAD_1
2022-05-10 11:13:56 INFO  main springfox.documentation.spring.web.readers.operation.CachingOperationNameGenerator Generating unique operation named: receiptUsingPOST_1
2022-05-10 11:13:56 INFO  main springfox.documentation.spring.web.readers.operation.CachingOperationNameGenerator Generating unique operation named: receiptUsingPUT_1
2022-05-10 11:13:56 INFO  main springfox.documentation.spring.web.readers.operation.CachingOperationNameGenerator Generating unique operation named: receiptUsingPATCH_1
2022-05-10 11:13:56 INFO  main springfox.documentation.spring.web.readers.operation.CachingOperationNameGenerator Generating unique operation named: receiptUsingDELETE_1
2022-05-10 11:13:56 INFO  main springfox.documentation.spring.web.readers.operation.CachingOperationNameGenerator Generating unique operation named: receiptUsingOPTIONS_1
2022-05-10 11:13:56 INFO  main springfox.documentation.spring.web.readers.operation.CachingOperationNameGenerator Generating unique operation named: receiptUsingTRACE_1
2022-05-10 11:13:56 INFO  main springfox.documentation.spring.web.readers.operation.CachingOperationNameGenerator Generating unique operation named: receiptUsingGET_2
2022-05-10 11:13:56 INFO  main springfox.documentation.spring.web.readers.operation.CachingOperationNameGenerator Generating unique operation named: receiptUsingHEAD_2
2022-05-10 11:13:56 INFO  main springfox.documentation.spring.web.readers.operation.CachingOperationNameGenerator Generating unique operation named: receiptUsingPOST_2
2022-05-10 11:13:56 INFO  main springfox.documentation.spring.web.readers.operation.CachingOperationNameGenerator Generating unique operation named: receiptUsingPUT_2
2022-05-10 11:13:56 INFO  main springfox.documentation.spring.web.readers.operation.CachingOperationNameGenerator Generating unique operation named: receiptUsingPATCH_2
2022-05-10 11:13:56 INFO  main springfox.documentation.spring.web.readers.operation.CachingOperationNameGenerator Generating unique operation named: receiptUsingDELETE_2
2022-05-10 11:13:56 INFO  main springfox.documentation.spring.web.readers.operation.CachingOperationNameGenerator Generating unique operation named: receiptUsingOPTIONS_2
2022-05-10 11:13:56 INFO  main springfox.documentation.spring.web.readers.operation.CachingOperationNameGenerator Generating unique operation named: receiptUsingTRACE_2
2022-05-10 11:13:56 INFO  main org.springframework.scheduling.quartz.SchedulerFactoryBean Starting Quartz Scheduler now
2022-05-10 11:13:56 INFO  main org.quartz.core.QuartzScheduler Scheduler quartzScheduler_$_NON_CLUSTERED started.
2022-05-10 11:13:56 INFO  main org.apache.coyote.http11.Http11NioProtocol Starting ProtocolHandler ["http-nio-8080"]
2022-05-10 11:13:56 INFO  main org.springframework.boot.web.embedded.tomcat.TomcatWebServer Tomcat started on port(s): 8080 (http) with context path ''
2022-05-10 11:13:56 INFO  main com.hero.sms.GetewayApplication Started GetewayApplication in 13.36 seconds (JVM running for 16.006)
2022-05-10 11:13:56 INFO  main com.hero.sms.common.DatabaseCache 开始缓存字典
2022-05-10 11:13:56 INFO  main p6spy 2022-05-10 11:13:56 | 耗时 2 ms | SQL 语句：
SELECT ID, CODE, CREATE_TIME, ORDER_LEVEL, PARENT_CODE, IS_DELETE, NAME, DESCRIPTION, REMARK, SORT_CODE FROM code WHERE (IS_DELETE = '0');
2022-05-10 11:13:56 INFO  main com.hero.sms.common.DatabaseCache 缓存代理信息
2022-05-10 11:13:56 INFO  main p6spy 2022-05-10 11:13:56 | 耗时 0 ms | SQL 语句：
SELECT Id, Google_Key, Cash_Amount, Description, Remark, Agent_Password, Last_Login_IP, Level_Code, Available_Amount, Login_IP, EMail, Need_Bind_Google_Key, Create_Date, QQ, Up_Agent_Id, Agent_Account, Amount, Quota_Amount, Agent_Name, Login_Faild_Count, Data_MD5, Last_Login_Time, Phone_Number, Day_Limit, Send_Sms_Total, Create_User, State_Code, Pay_Password FROM t_agent;
2022-05-10 11:13:56 INFO  main com.hero.sms.common.DatabaseCache 缓存商户信息
2022-05-10 11:13:56 INFO  main p6spy 2022-05-10 11:13:56 | 耗时 1 ms | SQL 语句：
SELECT Id, Agent_Id, Sms_Approve_type, Cash_Amount, Description, Remark, interface_type, Available_Amount, Contact, Md5_Key, Sms_Sign, EMail, Create_Date, Settlement_type, Contact_Mobile, Amount, Address, Organization_Name, charges_type, Business_User_Id, Data_MD5, Bind_IP, Approve_State_Code, Organization_Code, Web_Url, Send_Sms_Total, notify_url, Create_User, Status FROM t_organization;
2022-05-10 11:13:56 INFO  main com.hero.sms.common.DatabaseCache 缓存短信通道信息
2022-05-10 11:13:56 INFO  main p6spy 2022-05-10 11:13:56 | 耗时 0 ms | SQL 语句：
SELECT id, support_area, code, weight, description, create_user_name, remark, protocol_type, submit_way, impl_full_class, day_limit, create_time, area_regex, name, state, is_del, area_operator_regex, operator_regex FROM t_sms_channel;
2022-05-10 11:13:56 INFO  main com.hero.sms.common.DatabaseCache 缓存支付通道信息
2022-05-10 11:13:56 INFO  main p6spy 2022-05-10 11:13:56 | 耗时 0 ms | SQL 语句：
SELECT id, key1, key2, min_amount, cost, key5, key3, key4, weight, remark, encrypt_key, impl_full_class, netway_code, create_time, merch_no, request_url, state_code, sign_key, callBack_url, channel_name, pay_code, max_amount FROM t_pay_channel;
2022-05-10 11:13:56 INFO  main com.hero.sms.common.DatabaseCache 缓存IP黑名单信息
2022-05-10 11:13:56 INFO  main p6spy 2022-05-10 11:13:56 | 耗时 0 ms | SQL 语句：
SELECT Id, Black_Ip, IsAvailability, LImit_Project, Description, Create_User, Remark, Create_Date FROM t_black_ip_config WHERE (IsAvailability = '1');
2022-05-10 11:13:56 INFO  main com.hero.sms.common.DatabaseCache 缓存手机号码黑名单信息
2022-05-10 11:13:56 INFO  main p6spy 2022-05-10 11:13:56 | 耗时 0 ms | SQL 语句：
SELECT area, number FROM t_mobile_black;
2022-05-10 11:13:56 INFO  main com.hero.sms.common.DatabaseCache 缓存网关类型信息
2022-05-10 11:13:56 INFO  main com.hero.sms.common.DatabaseCache Begin-缓存地区列表
2022-05-10 11:13:56 INFO  main p6spy 2022-05-10 11:13:56 | 耗时 1 ms | SQL 语句：
SELECT id, extend, create_time, area_name, area_coding, out_area, in_area, order_num FROM t_area_code ORDER BY order_num ASC;
2022-05-10 11:13:56 INFO  main com.hero.sms.common.DatabaseCache End-地区列表缓存完成
2022-05-10 11:13:56 INFO  main com.hero.sms.common.DatabaseCache 字典缓存完成
2022-05-10 11:13:56 INFO  main com.hero.sms.common.DatabaseCache Begin-缓存敏感词信息
2022-05-10 11:13:56 INFO  main p6spy 2022-05-10 11:13:56 | 耗时 0 ms | SQL 语句：
SELECT id, new_word, word FROM t_sensitive_word ORDER BY id DESC;
2022-05-10 11:13:56 INFO  main com.hero.sms.common.DatabaseCache End-敏感词信息缓存完成
2022-05-10 11:13:56 INFO  main io.lettuce.core.EpollProvider Starting without optional epoll library
2022-05-10 11:13:56 INFO  main io.lettuce.core.KqueueProvider Starting without optional kqueue library
2022-05-10 11:14:19 INFO  main p6spy 2022-05-10 11:14:19 | 耗时 10 ms | SQL 语句：
SELECT * FROM t_organization WHERE Status = '1' AND interface_type & 2 = 2;
2022-05-10 11:14:22 INFO  main p6spy 2022-05-10 11:14:22 | 耗时 0 ms | SQL 语句：
SELECT * FROM t_sms_channel WHERE state & 3 = state AND protocol_type = 'smpp' AND is_del = 0;
2022-05-10 11:14:22 INFO  main p6spy 2022-05-10 11:14:22 | 耗时 1 ms | SQL 语句：
SELECT * FROM t_sms_channel_property WHERE sms_channel_id = 11;
2022-05-10 11:14:22 INFO  main p6spy 2022-05-10 11:14:22 | 耗时 0 ms | SQL 语句：
SELECT * FROM t_sms_channel_cost WHERE sms_channel_id = 11;
2022-05-10 11:14:22 INFO  workGroup3 com.zx.sms.connect.manager.AbstractEndpointConnector Channel added To Endpoint EndpointEntity [Id=11, Desc=null, channelType=DUPLEX, host=103.156.178.53, port=63456, maxChannels=3, valid=true, businessHandlerSet=[com.hero.sms.service.impl.channel.push.SMPPClientMessageReceiveHandler@4981ea0b]] .totalCnt:1 ,remoteAddress: /103.156.178.53:63456
2022-05-10 11:14:22 INFO  workGroup3 com.zx.sms.connect.manager.AbstractEndpointConnector handlers is not shareable . clone it success. com.hero.sms.service.impl.channel.push.SMPPClientMessageReceiveHandler@f5567cc
2022-05-10 11:14:22 INFO  workGroup2 com.zx.sms.connect.manager.AbstractEndpointConnector Channel added To Endpoint EndpointEntity [Id=11, Desc=null, channelType=DUPLEX, host=103.156.178.53, port=63456, maxChannels=3, valid=true, businessHandlerSet=[com.hero.sms.service.impl.channel.push.SMPPClientMessageReceiveHandler@4981ea0b]] .totalCnt:2 ,remoteAddress: /103.156.178.53:63456
2022-05-10 11:14:22 INFO  workGroup2 com.zx.sms.connect.manager.AbstractEndpointConnector handlers is not shareable . clone it success. com.hero.sms.service.impl.channel.push.SMPPClientMessageReceiveHandler@1700fa77
2022-05-10 11:14:22 INFO  workGroup1 com.zx.sms.connect.manager.AbstractEndpointConnector Channel added To Endpoint EndpointEntity [Id=11, Desc=null, channelType=DUPLEX, host=103.156.178.53, port=63456, maxChannels=3, valid=true, businessHandlerSet=[com.hero.sms.service.impl.channel.push.SMPPClientMessageReceiveHandler@4981ea0b]] .totalCnt:3 ,remoteAddress: /103.156.178.53:63456
2022-05-10 11:14:22 INFO  workGroup1 com.zx.sms.connect.manager.AbstractEndpointConnector handlers is not shareable . clone it success. com.hero.sms.service.impl.channel.push.SMPPClientMessageReceiveHandler@f5ac0e0
2022-05-10 11:14:22 INFO  workGroup3 com.hero.sms.service.impl.channel.push.SMPPClientMessageReceiveHandler 通道【11】连接成功
2022-05-10 11:14:22 INFO  workGroup1 com.hero.sms.service.impl.channel.push.SMPPClientMessageReceiveHandler 通道【11】连接成功
2022-05-10 11:14:22 INFO  workGroup2 com.hero.sms.service.impl.channel.push.SMPPClientMessageReceiveHandler 通道【11】连接成功
2022-05-10 11:14:22 INFO  workGroup1 com.zx.sms.session.AbstractSessionLoginManager 11 login success on channel [id: 0x0b7d96af, L:/192.168.1.164:14226 - R:/103.156.178.53:63456]
2022-05-10 11:14:22 INFO  workGroup2 com.zx.sms.session.AbstractSessionLoginManager 11 login success on channel [id: 0x357eecdb, L:/192.168.1.164:14224 - R:/103.156.178.53:63456]
2022-05-10 11:14:22 INFO  workGroup3 com.zx.sms.session.AbstractSessionLoginManager 11 login success on channel [id: 0x66e54c53, L:/192.168.1.164:14225 - R:/103.156.178.53:63456]
2022-05-10 11:14:22 INFO  workGroup3 com.hero.sms.service.impl.channel.push.SMPPClientMessageReceiveHandler [常规]收到[上游]的消息：{"commandId":-2147483639,"commandLength":36,"commandStatus":0,"lifeTime":0,"name":"bind_transceiver_resp","optionalParameterCount":0,"response":true,"resultMessage":"OK","sequenceNo":1768633892,"sequenceNumber":1768633892,"systemId":"BNF210915230719BLNH","terminated":false,"timestamp":1652152462886}
2022-05-10 11:14:22 INFO  workGroup2 com.hero.sms.service.impl.channel.push.SMPPClientMessageReceiveHandler [常规]收到[上游]的消息：{"commandId":-2147483639,"commandLength":36,"commandStatus":0,"lifeTime":0,"name":"bind_transceiver_resp","optionalParameterCount":0,"response":true,"resultMessage":"OK","sequenceNo":1768633891,"sequenceNumber":1768633891,"systemId":"BNF210915230719BLNH","terminated":false,"timestamp":1652152462886}
2022-05-10 11:14:22 INFO  workGroup1 com.hero.sms.service.impl.channel.push.SMPPClientMessageReceiveHandler [常规]收到[上游]的消息：{"commandId":-2147483639,"commandLength":36,"commandStatus":0,"lifeTime":0,"name":"bind_transceiver_resp","optionalParameterCount":0,"response":true,"resultMessage":"OK","sequenceNo":1768633893,"sequenceNumber":1768633893,"systemId":"BNF210915230719BLNH","terminated":false,"timestamp":1652152462886}
2022-05-10 11:14:25 INFO  main com.hero.sms.common.runner.AppStartedUpRunner  __    ___   _      ___   _     ____ _____  ____ 
2022-05-10 11:14:25 INFO  main com.hero.sms.common.runner.AppStartedUpRunner / /`  / / \ | |\/| | |_) | |   | |_   | |  | |_  
2022-05-10 11:14:25 INFO  main com.hero.sms.common.runner.AppStartedUpRunner \_\_, \_\_/ |_|  | |_|   |_|__ |_|__  |_|  |_|__ 
2022-05-10 11:14:25 INFO  main com.hero.sms.common.runner.AppStartedUpRunner                                                       
2022-05-10 11:14:25 INFO  main com.hero.sms.common.runner.AppStartedUpRunner 网关平台系统启动完毕，地址：http://192.168.189.1:8080
2022-05-10 11:18:33 INFO  ConsumeMessageThread_1 com.hero.sms.service.mq.MQService [Begin分拣]========【C0A801A4494018B4AAC230C677720000】开始时间：【2022-05-10 11:18:33:087】,数量【1】
2022-05-10 11:18:33 INFO  ConsumeMessageThread_1 p6spy 2022-05-10 11:18:33 | 耗时 3 ms | SQL 语句：
SELECT id, agent_id, send_code, sms_number_area, type, audit_state, create_username, refuse_cause, org_code, channel_cost_amount, timing_time, agent_income_amount, sms_content, sms_type, is_timing_time, up_agent_id, consume_amount, sms_count, number_count, income_amount, sms_numbers, create_time, client_ip, sms_words, sub_type, sorting_time, up_agent_income_amount FROM t_send_box WHERE id = 17022;
2022-05-10 11:18:34 INFO  ConsumeMessageThread_1 p6spy 2022-05-10 11:18:34 | 耗时 1 ms | SQL 语句：
SELECT org.*, cost.Id AS cost_Id, cost.Organization_Code AS cost_Organization_Code, cost.sms_type, cost.Cost_Name AS Cost_Name, cost.Cost_Value AS Cost_Value, cost.State AS Cost_State, cost.Channel_Id AS Cost_Channel_Id, cost.Operator AS Cost_Operator, cost.Description AS Cost_Description, cost.Remark AS Cost_Remark, cost.Create_Date AS Cost_Create_Date FROM t_organization org LEFT JOIN t_organization_cost cost ON org.Organization_Code = cost.Organization_Code WHERE org.organization_code = '20200331160443FKDW';
2022-05-10 11:18:34 INFO  ConsumeMessageThread_1 p6spy 2022-05-10 11:18:34 | 耗时 1 ms | SQL 语句：
SELECT agent.*, cost.Id AS cost_Id, cost.Agent_Id AS Cost_Agent_Id, cost.sms_type, cost.Name AS Cost_Name, cost.Value AS Cost_Value, cost.Operator AS Cost_Operator, cost.Description AS Cost_Description, cost.Remark AS Cost_Remark, cost.Create_Date AS Cost_Create_Date FROM t_agent agent LEFT JOIN t_agent_cost cost ON agent.Id = cost.Agent_Id WHERE agent.Id = 36;
2022-05-10 11:18:34 INFO  ConsumeMessageThread_1 p6spy 2022-05-10 11:18:34 | 耗时 1 ms | SQL 语句：
SELECT agent.*, cost.Id AS cost_Id, cost.Agent_Id AS Cost_Agent_Id, cost.sms_type, cost.Name AS Cost_Name, cost.Value AS Cost_Value, cost.Operator AS Cost_Operator, cost.Description AS Cost_Description, cost.Remark AS Cost_Remark, cost.Create_Date AS Cost_Create_Date FROM t_agent agent LEFT JOIN t_agent_cost cost ON agent.Id = cost.Agent_Id WHERE agent.Id = 35;
2022-05-10 11:18:34 INFO  ConsumeMessageThread_1 p6spy 2022-05-10 11:18:34 | 耗时 0 ms | SQL 语句：
SELECT id, support_area, code, weight, description, create_user_name, remark, protocol_type, submit_way, impl_full_class, day_limit, create_time, area_regex, name, state, is_del, area_operator_regex, operator_regex FROM t_sms_channel WHERE (is_del = 0 AND state = 1 AND ((support_area = '+86' OR support_area IS NULL OR support_area = '')));
2022-05-10 11:18:34 INFO  ConsumeMessageThread_1 p6spy 2022-05-10 11:18:34 | 耗时 310 ms | SQL 语句：
SELECT Id, MobileNumber, MobileArea, Province_Code, PostCode, AreaCode, Create_Date, MobileType FROM mobile_area WHERE (MobileNumber = '1559047');
2022-05-10 11:18:34 INFO  ConsumeMessageThread_1 p6spy 2022-05-10 11:18:34 | 耗时 1 ms | SQL 语句：
SELECT id, create_time, org_code, group_id FROM t_organization_group WHERE (org_code = '20200331160443FKDW');
2022-05-10 11:18:34 INFO  ConsumeMessageThread_1 p6spy 2022-05-10 11:18:34 | 耗时 1 ms | SQL 语句：
SELECT id, create_time, group_id, sms_channel_id FROM t_sms_channel_group WHERE (group_id IN ('1'));
2022-05-10 11:18:34 INFO  ConsumeMessageThread_1 p6spy 2022-05-10 11:18:34 | 耗时 1 ms | SQL 语句：
SELECT id, create_time, property_type, name, sms_channel_id, description, remark, value FROM t_sms_channel_property WHERE (sms_channel_id = 11);
2022-05-10 11:18:34 INFO  ConsumeMessageThread_1 p6spy 2022-05-10 11:18:34 | 耗时 1 ms | SQL 语句：
SELECT Id, create_time, name, sms_channel_id, description, remark, sms_type, value, Operator FROM t_sms_channel_cost WHERE (sms_channel_id = 11);
2022-05-10 11:18:34 INFO  ConsumeMessageThread_1 p6spy 2022-05-10 11:18:34 | 耗时 1 ms | SQL 语句：
SELECT Id, Agent_Id, Sms_Approve_type, Cash_Amount, Description, Remark, interface_type, Available_Amount, Contact, Md5_Key, Sms_Sign, EMail, Create_Date, Settlement_type, Contact_Mobile, Amount, Address, Organization_Name, charges_type, Business_User_Id, Data_MD5, Bind_IP, Approve_State_Code, Organization_Code, Web_Url, Send_Sms_Total, notify_url, Create_User, Status FROM t_organization WHERE (Organization_Code = '20200331160443FKDW') FOR UPDATE;
2022-05-10 11:18:34 INFO  ConsumeMessageThread_1 p6spy 2022-05-10 11:18:34 | 耗时 1 ms | SQL 语句：
UPDATE t_organization SET cash_amount = cash_amount + 50, available_amount = available_amount - 50, send_sms_total = send_sms_total + 1, data_md5 = UPPER(MD5(CONCAT('dgfjokijorewdfsjfixcvjewr', Organization_Code, amount, Available_Amount, Cash_Amount, Send_Sms_Total, Md5_Key, Sms_Sign, Bind_IP))) WHERE (Id = 62);
2022-05-10 11:18:34 INFO  ConsumeMessageThread_1 p6spy 2022-05-10 11:18:34 | 耗时 1 ms | SQL 语句：
SELECT Id, Google_Key, Cash_Amount, Description, Remark, Agent_Password, Last_Login_IP, Level_Code, Available_Amount, Login_IP, EMail, Need_Bind_Google_Key, Create_Date, QQ, Up_Agent_Id, Agent_Account, Amount, Quota_Amount, Agent_Name, Login_Faild_Count, Data_MD5, Last_Login_Time, Phone_Number, Day_Limit, Send_Sms_Total, Create_User, State_Code, Pay_Password FROM t_agent WHERE Id = 36;
2022-05-10 11:18:34 INFO  ConsumeMessageThread_1 p6spy 2022-05-10 11:18:34 | 耗时 0 ms | SQL 语句：
SELECT Id, Google_Key, Cash_Amount, Description, Remark, Agent_Password, Last_Login_IP, Level_Code, Available_Amount, Login_IP, EMail, Need_Bind_Google_Key, Create_Date, QQ, Up_Agent_Id, Agent_Account, Amount, Quota_Amount, Agent_Name, Login_Faild_Count, Data_MD5, Last_Login_Time, Phone_Number, Day_Limit, Send_Sms_Total, Create_User, State_Code, Pay_Password FROM t_agent WHERE Id = 35;
2022-05-10 11:18:34 INFO  ConsumeMessageThread_1 p6spy 2022-05-10 11:18:34 | 耗时 1 ms | SQL 语句：
UPDATE t_send_box SET sorting_time = '2022-05-10T11:18:34.956+0800', timing_time = NULL, sms_count = sms_count + 1, consume_amount = consume_amount + 50, channel_cost_amount = channel_cost_amount + 30, agent_income_amount = agent_income_amount + 0, up_agent_income_amount = up_agent_income_amount + 0, income_amount = income_amount + 20 WHERE (id = 17022);
2022-05-10 11:18:34 INFO  PullMsgThread-SendRecordSMSGATEC1117 com.hero.sms.service.mq.MQService 收到消息【C0A801A4640418B4AAC230C67EE40000】topic【sendRecordTopicsmpp11】body【{"checkData":"e1688e2afdea56ef7290bcb581d0bc36","id":140148}】
2022-05-10 11:18:34 INFO  ConsumeMessageThread_1 com.hero.sms.service.mq.MQService 【End分拣】========【C0A801A4494018B4AAC230C677720000】结束时间：【2022-05-10 11:18:34:988】,分拣耗时【1901】ms
2022-05-10 11:18:34 INFO  PullMsgThread-SendRecordSMSGATEC1117 p6spy 2022-05-10 11:18:34 | 耗时 1 ms | SQL 语句：
SELECT id, agent_id, sms_number_province, send_code, sms_number, sms_number_area, sms_number_operator, receipt_time, org_code, res_msgid, channel_cost_amount, agent_income_amount, sms_content, sms_type, state, channel_id, up_agent_id, consume_amount, state_desc, sms_count, income_amount, source_number, submit_time, create_time, sms_words, sub_type, up_agent_income_amount FROM t_send_record WHERE id = 140148;
2022-05-10 11:18:35 INFO  PullMsgThread-SendRecordSMSGATEC1117 p6spy 2022-05-10 11:18:35 | 耗时 2 ms | SQL 语句：
INSERT INTO t_send_record_checkinfo (send_code, sms_number, state, channel_id) VALUES ('BN20220510111831VLZFY', '15590478565', 1, 11);
2022-05-10 11:18:35 INFO  PullMsgThread-SendRecordSMSGATEC1117 com.hero.sms.service.impl.channel.push.BaseSmsPushService 【5-0、SMPP(异步)提交】【BN20220510111831VLZFY】【15590478565】【11】
2022-05-10 11:18:35 INFO  workGroup1 com.hero.sms.service.impl.channel.push.BaseSmsPushService 批次号【BN20220510111831VLZFY】记录ID【140148】手机号码【15590478565】通道ID【11】【异步提交】发送smpp【成功】
2022-05-10 11:18:35 INFO  workGroup1 p6spy 2022-05-10 11:18:35 | 耗时 3 ms | SQL 语句：
UPDATE t_send_record SET state = 4, state_desc = '', submit_time = '2022-05-10T11:18:35.058+0800' WHERE (id = 140148 AND channel_id = 11 AND res_msgid IS NULL);
2022-05-10 11:18:35 INFO  workGroup1 com.hero.sms.service.impl.channel.push.SMPPClientMessageReceiveHandler 【异步提交回执】收到[上游]通道ID【11】的消息:{"commandId":-2147483644,"commandLength":38,"commandStatus":0,"lifeTime":0,"messageId":"BN20220510111835RMHQP","name":"submit_sm_resp","optionalParameterCount":0,"request":{"commandId":4,"commandLength":72,"commandStatus":0,"dataCoding":8,"defaultMsgId":0,"destAddress":{"address":"8615590478565","npi":0,"ton":0},"esmClass":0,"lifeTime":0,"msgContent":"今天阴天，身体不舒服","msglength":20,"name":"submit_sm","optionalParameterCount":0,"priority":0,"protocolId":0,"registeredDelivery":1,"replaceIfPresent":0,"report":false,"response":false,"responseClass":"com.zx.sms.codec.smpp.msg.SubmitSmResp","scheduleDeliveryTime":"","sequenceNo":1768633993,"sequenceNumber":1768633993,"shortMessage":"TspZKZY0WSn/DI6rT1NODYISZw0=","sourceAddress":{"address":"140148","npi":0,"ton":0},"terminated":false,"timestamp":1652152714064,"validityPeriod":""},"response":true,"resultMessage":"OK","sequenceNo":1768633993,"sequenceNumber":1768633993,"terminated":false,"timestamp":1652152715065}
2022-05-10 11:18:35 INFO  workGroup1 p6spy 2022-05-10 11:18:35 | 耗时 0 ms | SQL 语句：
SELECT id, agent_id, sms_number_province, send_code, sms_number, sms_number_area, sms_number_operator, receipt_time, org_code, res_msgid, channel_cost_amount, agent_income_amount, sms_content, sms_type, state, channel_id, up_agent_id, consume_amount, state_desc, sms_count, income_amount, source_number, submit_time, create_time, sms_words, sub_type, up_agent_income_amount FROM t_send_record WHERE (channel_id = 11 AND id = 140148 AND state IN (4, 8, 2) AND res_msgid IS NULL);
2022-05-10 11:18:35 INFO  workGroup1 com.hero.sms.service.impl.channel.push.SMPPClientMessageReceiveHandler 【异步提交】记录ID【140148】手机号码【+8615590478565】通道ID【11】发送smpp【成功】:{"commandId":-2147483644,"commandLength":38,"commandStatus":0,"lifeTime":0,"messageId":"BN20220510111835RMHQP","name":"submit_sm_resp","optionalParameterCount":0,"request":{"commandId":4,"commandLength":72,"commandStatus":0,"dataCoding":8,"defaultMsgId":0,"destAddress":{"address":"8615590478565","npi":0,"ton":0},"esmClass":0,"lifeTime":0,"msgContent":"今天阴天，身体不舒服","msglength":20,"name":"submit_sm","optionalParameterCount":0,"priority":0,"protocolId":0,"registeredDelivery":1,"replaceIfPresent":0,"report":false,"response":false,"responseClass":"com.zx.sms.codec.smpp.msg.SubmitSmResp","scheduleDeliveryTime":"","sequenceNo":1768633993,"sequenceNumber":1768633993,"shortMessage":"TspZKZY0WSn/DI6rT1NODYISZw0=","sourceAddress":{"address":"140148","npi":0,"ton":0},"terminated":false,"timestamp":1652152714064,"validityPeriod":""},"response":true,"resultMessage":"OK","sequenceNo":1768633993,"sequenceNumber":1768633993,"terminated":false,"timestamp":1652152715065}
2022-05-10 11:18:35 INFO  workGroup1 p6spy 2022-05-10 11:18:35 | 耗时 11 ms | SQL 语句：
UPDATE t_send_record SET state_desc = '', res_msgid = 'BN20220510111835RMHQP', state = 4 WHERE (id = 140148 AND state IN (4, 8, 2) AND channel_id = 11 AND res_msgid IS NULL);
2022-05-10 11:30:28 INFO  http-nio-8080-exec-1 org.apache.catalina.core.ContainerBase.[Tomcat].[localhost].[/] Initializing Spring DispatcherServlet 'dispatcherServlet'
2022-05-10 11:30:28 INFO  http-nio-8080-exec-1 org.springframework.web.servlet.DispatcherServlet Initializing Servlet 'dispatcherServlet'
2022-05-10 11:30:28 INFO  http-nio-8080-exec-1 org.springframework.web.servlet.DispatcherServlet Completed initialization in 15 ms
2022-05-10 11:30:28 INFO  http-nio-8080-exec-1 com.hero.sms.common.DatabaseCache Begin-缓存字典
2022-05-10 11:30:28 INFO  http-nio-8080-exec-1 p6spy 2022-05-10 11:30:28 | 耗时 24 ms | SQL 语句：
SELECT ID, CODE, CREATE_TIME, ORDER_LEVEL, PARENT_CODE, IS_DELETE, NAME, DESCRIPTION, REMARK, SORT_CODE FROM code WHERE (IS_DELETE = '0');
2022-05-10 11:30:28 INFO  http-nio-8080-exec-1 com.hero.sms.common.DatabaseCache End-字典缓存完成
2022-05-10 15:23:19 INFO  ConsumeMessageThread_2 com.hero.sms.service.mq.MQService [Begin分拣]========【C0A801A4494018B4AAC231A691290001】开始时间：【2022-05-10 15:23:19:725】,数量【3】
2022-05-10 15:23:19 INFO  ConsumeMessageThread_2 p6spy 2022-05-10 15:23:19 | 耗时 0 ms | SQL 语句：
SELECT id, agent_id, send_code, sms_number_area, type, audit_state, create_username, refuse_cause, org_code, channel_cost_amount, timing_time, agent_income_amount, sms_content, sms_type, is_timing_time, up_agent_id, consume_amount, sms_count, number_count, income_amount, sms_numbers, create_time, client_ip, sms_words, sub_type, sorting_time, up_agent_income_amount FROM t_send_box WHERE id = 17023;
2022-05-10 15:23:19 INFO  ConsumeMessageThread_2 p6spy 2022-05-10 15:23:19 | 耗时 0 ms | SQL 语句：
SELECT org.*, cost.Id AS cost_Id, cost.Organization_Code AS cost_Organization_Code, cost.sms_type, cost.Cost_Name AS Cost_Name, cost.Cost_Value AS Cost_Value, cost.State AS Cost_State, cost.Channel_Id AS Cost_Channel_Id, cost.Operator AS Cost_Operator, cost.Description AS Cost_Description, cost.Remark AS Cost_Remark, cost.Create_Date AS Cost_Create_Date FROM t_organization org LEFT JOIN t_organization_cost cost ON org.Organization_Code = cost.Organization_Code WHERE org.organization_code = '20200331160443FKDW';
2022-05-10 15:23:19 INFO  ConsumeMessageThread_2 p6spy 2022-05-10 15:23:19 | 耗时 1 ms | SQL 语句：
SELECT agent.*, cost.Id AS cost_Id, cost.Agent_Id AS Cost_Agent_Id, cost.sms_type, cost.Name AS Cost_Name, cost.Value AS Cost_Value, cost.Operator AS Cost_Operator, cost.Description AS Cost_Description, cost.Remark AS Cost_Remark, cost.Create_Date AS Cost_Create_Date FROM t_agent agent LEFT JOIN t_agent_cost cost ON agent.Id = cost.Agent_Id WHERE agent.Id = 36;
2022-05-10 15:23:19 INFO  ConsumeMessageThread_2 p6spy 2022-05-10 15:23:19 | 耗时 0 ms | SQL 语句：
SELECT agent.*, cost.Id AS cost_Id, cost.Agent_Id AS Cost_Agent_Id, cost.sms_type, cost.Name AS Cost_Name, cost.Value AS Cost_Value, cost.Operator AS Cost_Operator, cost.Description AS Cost_Description, cost.Remark AS Cost_Remark, cost.Create_Date AS Cost_Create_Date FROM t_agent agent LEFT JOIN t_agent_cost cost ON agent.Id = cost.Agent_Id WHERE agent.Id = 35;
2022-05-10 15:23:19 INFO  ConsumeMessageThread_2 p6spy 2022-05-10 15:23:19 | 耗时 1 ms | SQL 语句：
SELECT id, support_area, code, weight, description, create_user_name, remark, protocol_type, submit_way, impl_full_class, day_limit, create_time, area_regex, name, state, is_del, area_operator_regex, operator_regex FROM t_sms_channel WHERE (is_del = 0 AND state = 1 AND ((support_area = '+86' OR support_area IS NULL OR support_area = '')));
2022-05-10 15:23:20 INFO  ConsumeMessageThread_2 p6spy 2022-05-10 15:23:20 | 耗时 492 ms | SQL 语句：
SELECT Id, MobileNumber, MobileArea, Province_Code, PostCode, AreaCode, Create_Date, MobileType FROM mobile_area WHERE (MobileNumber = '1559047');
2022-05-10 15:23:20 INFO  ConsumeMessageThread_2 p6spy 2022-05-10 15:23:20 | 耗时 1 ms | SQL 语句：
SELECT id, create_time, org_code, group_id FROM t_organization_group WHERE (org_code = '20200331160443FKDW');
2022-05-10 15:23:20 INFO  ConsumeMessageThread_2 p6spy 2022-05-10 15:23:20 | 耗时 1 ms | SQL 语句：
SELECT id, create_time, group_id, sms_channel_id FROM t_sms_channel_group WHERE (group_id IN ('1'));
2022-05-10 15:23:20 INFO  ConsumeMessageThread_2 p6spy 2022-05-10 15:23:20 | 耗时 1 ms | SQL 语句：
SELECT id, create_time, property_type, name, sms_channel_id, description, remark, value FROM t_sms_channel_property WHERE (sms_channel_id = 11);
2022-05-10 15:23:20 INFO  ConsumeMessageThread_2 p6spy 2022-05-10 15:23:20 | 耗时 1 ms | SQL 语句：
SELECT Id, create_time, name, sms_channel_id, description, remark, sms_type, value, Operator FROM t_sms_channel_cost WHERE (sms_channel_id = 11);
2022-05-10 15:23:20 INFO  ConsumeMessageThread_2 p6spy 2022-05-10 15:23:20 | 耗时 413 ms | SQL 语句：
SELECT Id, MobileNumber, MobileArea, Province_Code, PostCode, AreaCode, Create_Date, MobileType FROM mobile_area WHERE (MobileNumber = '1508102');
2022-05-10 15:23:21 INFO  ConsumeMessageThread_2 p6spy 2022-05-10 15:23:21 | 耗时 319 ms | SQL 语句：
SELECT Id, MobileNumber, MobileArea, Province_Code, PostCode, AreaCode, Create_Date, MobileType FROM mobile_area WHERE (MobileNumber = '1895991');
2022-05-10 15:23:21 INFO  ConsumeMessageThread_2 p6spy 2022-05-10 15:23:21 | 耗时 1 ms | SQL 语句：
SELECT Id, Agent_Id, Sms_Approve_type, Cash_Amount, Description, Remark, interface_type, Available_Amount, Contact, Md5_Key, Sms_Sign, EMail, Create_Date, Settlement_type, Contact_Mobile, Amount, Address, Organization_Name, charges_type, Business_User_Id, Data_MD5, Bind_IP, Approve_State_Code, Organization_Code, Web_Url, Send_Sms_Total, notify_url, Create_User, Status FROM t_organization WHERE (Organization_Code = '20200331160443FKDW') FOR UPDATE;
2022-05-10 15:23:21 INFO  ConsumeMessageThread_2 p6spy 2022-05-10 15:23:21 | 耗时 1 ms | SQL 语句：
UPDATE t_organization SET cash_amount = cash_amount + 160, available_amount = available_amount - 160, send_sms_total = send_sms_total + 3, data_md5 = UPPER(MD5(CONCAT('dgfjokijorewdfsjfixcvjewr', Organization_Code, amount, Available_Amount, Cash_Amount, Send_Sms_Total, Md5_Key, Sms_Sign, Bind_IP))) WHERE (Id = 62);
2022-05-10 15:23:21 INFO  ConsumeMessageThread_2 p6spy 2022-05-10 15:23:21 | 耗时 1 ms | SQL 语句：
SELECT Id, Google_Key, Cash_Amount, Description, Remark, Agent_Password, Last_Login_IP, Level_Code, Available_Amount, Login_IP, EMail, Need_Bind_Google_Key, Create_Date, QQ, Up_Agent_Id, Agent_Account, Amount, Quota_Amount, Agent_Name, Login_Faild_Count, Data_MD5, Last_Login_Time, Phone_Number, Day_Limit, Send_Sms_Total, Create_User, State_Code, Pay_Password FROM t_agent WHERE Id = 36;
2022-05-10 15:23:21 INFO  ConsumeMessageThread_2 p6spy 2022-05-10 15:23:21 | 耗时 0 ms | SQL 语句：
SELECT Id, Google_Key, Cash_Amount, Description, Remark, Agent_Password, Last_Login_IP, Level_Code, Available_Amount, Login_IP, EMail, Need_Bind_Google_Key, Create_Date, QQ, Up_Agent_Id, Agent_Account, Amount, Quota_Amount, Agent_Name, Login_Faild_Count, Data_MD5, Last_Login_Time, Phone_Number, Day_Limit, Send_Sms_Total, Create_User, State_Code, Pay_Password FROM t_agent WHERE Id = 35;
2022-05-10 15:23:21 INFO  ConsumeMessageThread_2 p6spy 2022-05-10 15:23:21 | 耗时 1 ms | SQL 语句：
UPDATE t_send_box SET sorting_time = '2022-05-10T15:23:21.373+0800', timing_time = NULL, sms_count = sms_count + 3, consume_amount = consume_amount + 160, channel_cost_amount = channel_cost_amount + 90, agent_income_amount = agent_income_amount + 0, up_agent_income_amount = up_agent_income_amount + 0, income_amount = income_amount + 70 WHERE (id = 17023);
2022-05-10 15:23:21 INFO  PullMsgThread-SendRecordSMSGATEC1115 com.hero.sms.service.mq.MQService 收到消息【C0A801A4640418B4AAC231A697AB0001】topic【sendRecordTopicsmpp11】body【{"checkData":"8a0d7dc4b92892abdacd61d5c979a0ad","id":140149}】
2022-05-10 15:23:21 INFO  PullMsgThread-SendRecordSMSGATEC116 com.hero.sms.service.mq.MQService 收到消息【C0A801A4640418B4AAC231A697AD0002】topic【sendRecordTopicsmpp11】body【{"checkData":"19a4f2354f0715df5c8dcb9c8f873385","id":140150}】
2022-05-10 15:23:21 INFO  ConsumeMessageThread_2 com.hero.sms.service.mq.MQService 【End分拣】========【C0A801A4494018B4AAC231A691290001】结束时间：【2022-05-10 15:23:21:393】,分拣耗时【1668】ms
2022-05-10 15:23:21 INFO  PullMsgThread-SendRecordSMSGATEC1112 com.hero.sms.service.mq.MQService 收到消息【C0A801A4640418B4AAC231A697AF0003】topic【sendRecordTopicsmpp11】body【{"checkData":"c878a8a3faae223f146393a963bc7df5","id":140151}】
2022-05-10 15:23:21 INFO  PullMsgThread-SendRecordSMSGATEC1115 p6spy 2022-05-10 15:23:21 | 耗时 2 ms | SQL 语句：
SELECT id, agent_id, sms_number_province, send_code, sms_number, sms_number_area, sms_number_operator, receipt_time, org_code, res_msgid, channel_cost_amount, agent_income_amount, sms_content, sms_type, state, channel_id, up_agent_id, consume_amount, state_desc, sms_count, income_amount, source_number, submit_time, create_time, sms_words, sub_type, up_agent_income_amount FROM t_send_record WHERE id = 140149;
2022-05-10 15:23:21 INFO  PullMsgThread-SendRecordSMSGATEC116 p6spy 2022-05-10 15:23:21 | 耗时 0 ms | SQL 语句：
SELECT id, agent_id, sms_number_province, send_code, sms_number, sms_number_area, sms_number_operator, receipt_time, org_code, res_msgid, channel_cost_amount, agent_income_amount, sms_content, sms_type, state, channel_id, up_agent_id, consume_amount, state_desc, sms_count, income_amount, source_number, submit_time, create_time, sms_words, sub_type, up_agent_income_amount FROM t_send_record WHERE id = 140150;
2022-05-10 15:23:21 INFO  PullMsgThread-SendRecordSMSGATEC1112 p6spy 2022-05-10 15:23:21 | 耗时 0 ms | SQL 语句：
SELECT id, agent_id, sms_number_province, send_code, sms_number, sms_number_area, sms_number_operator, receipt_time, org_code, res_msgid, channel_cost_amount, agent_income_amount, sms_content, sms_type, state, channel_id, up_agent_id, consume_amount, state_desc, sms_count, income_amount, source_number, submit_time, create_time, sms_words, sub_type, up_agent_income_amount FROM t_send_record WHERE id = 140151;
2022-05-10 15:23:21 INFO  PullMsgThread-SendRecordSMSGATEC1115 p6spy 2022-05-10 15:23:21 | 耗时 2 ms | SQL 语句：
INSERT INTO t_send_record_checkinfo (send_code, sms_number, state, channel_id) VALUES ('BN20220510152319WKLGN', '15590478565', 1, 11);
2022-05-10 15:23:21 INFO  PullMsgThread-SendRecordSMSGATEC116 p6spy 2022-05-10 15:23:21 | 耗时 1 ms | SQL 语句：
INSERT INTO t_send_record_checkinfo (send_code, sms_number, state, channel_id) VALUES ('BN20220510152319WKLGN', '15081024107', 1, 11);
2022-05-10 15:23:21 INFO  PullMsgThread-SendRecordSMSGATEC1115 com.hero.sms.service.impl.channel.push.BaseSmsPushService 【5-0、SMPP(异步)提交】【BN20220510152319WKLGN】【15590478565】【11】
2022-05-10 15:23:21 INFO  PullMsgThread-SendRecordSMSGATEC1112 p6spy 2022-05-10 15:23:21 | 耗时 1 ms | SQL 语句：
INSERT INTO t_send_record_checkinfo (send_code, sms_number, state, channel_id) VALUES ('BN20220510152319WKLGN', '18959918987', 1, 11);
2022-05-10 15:23:21 INFO  PullMsgThread-SendRecordSMSGATEC116 com.hero.sms.service.impl.channel.push.BaseSmsPushService 【5-0、SMPP(异步)提交】【BN20220510152319WKLGN】【15081024107】【11】
2022-05-10 15:23:21 INFO  workGroup1 com.hero.sms.service.impl.channel.push.BaseSmsPushService 【异步提交】批次号【BN20220510152319WKLGN】记录ID【140149】手机号码【15590478565】通道ID【11】发送smpp【成功】
2022-05-10 15:23:21 INFO  workGroup3 com.hero.sms.service.impl.channel.push.BaseSmsPushService 【异步提交】批次号【BN20220510152319WKLGN】记录ID【140150】手机号码【15081024107】通道ID【11】发送smpp【成功】
2022-05-10 15:23:21 INFO  PullMsgThread-SendRecordSMSGATEC1112 com.hero.sms.service.impl.channel.push.BaseSmsPushService 【5-0、SMPP(异步)提交】【BN20220510152319WKLGN】【18959918987】【11】
2022-05-10 15:23:21 INFO  workGroup2 com.hero.sms.service.impl.channel.push.BaseSmsPushService 【异步提交】批次号【BN20220510152319WKLGN】记录ID【140151】手机号码【18959918987】通道ID【11】发送smpp【成功】
2022-05-10 15:23:21 INFO  workGroup1 p6spy 2022-05-10 15:23:21 | 耗时 9 ms | SQL 语句：
UPDATE t_send_record SET state = 4, state_desc = '', submit_time = '2022-05-10T15:23:21.422+0800' WHERE (id = 140149 AND channel_id = 11 AND res_msgid IS NULL);
2022-05-10 15:23:21 INFO  workGroup3 p6spy 2022-05-10 15:23:21 | 耗时 11 ms | SQL 语句：
UPDATE t_send_record SET state = 4, state_desc = '', submit_time = '2022-05-10T15:23:21.422+0800' WHERE (id = 140150 AND channel_id = 11 AND res_msgid IS NULL);
2022-05-10 15:23:21 INFO  workGroup2 p6spy 2022-05-10 15:23:21 | 耗时 13 ms | SQL 语句：
UPDATE t_send_record SET state = 4, state_desc = '', submit_time = '2022-05-10T15:23:21.422+0800' WHERE (id = 140151 AND channel_id = 11 AND res_msgid IS NULL);
2022-05-10 15:23:21 INFO  workGroup2 com.hero.sms.service.impl.channel.push.SMPPClientMessageReceiveHandler 【异步提交回执】收到[上游]通道ID【11】的消息:{"commandId":-2147483644,"commandLength":38,"commandStatus":0,"lifeTime":0,"messageId":"BN20220510152322QLUOY","name":"submit_sm_resp","optionalParameterCount":0,"request":{"commandId":4,"commandLength":58,"commandStatus":0,"dataCoding":8,"defaultMsgId":0,"destAddress":{"address":"8618959918987","npi":0,"ton":0},"esmClass":0,"lifeTime":0,"msgContent":"下雨了","msglength":6,"name":"submit_sm","optionalParameterCount":0,"priority":0,"protocolId":0,"registeredDelivery":1,"replaceIfPresent":0,"report":false,"response":false,"responseClass":"com.zx.sms.codec.smpp.msg.SubmitSmResp","scheduleDeliveryTime":"","sequenceNo":1768639865,"sequenceNumber":1768639865,"shortMessage":"TguW6E6G","sourceAddress":{"address":"140151","npi":0,"ton":0},"terminated":false,"timestamp":1652167400741,"validityPeriod":""},"response":true,"resultMessage":"OK","sequenceNo":1768639865,"sequenceNumber":1768639865,"terminated":false,"timestamp":1652167401741}
2022-05-10 15:23:21 INFO  workGroup3 com.hero.sms.service.impl.channel.push.SMPPClientMessageReceiveHandler 【异步提交回执】收到[上游]通道ID【11】的消息:{"commandId":-2147483644,"commandLength":38,"commandStatus":0,"lifeTime":0,"messageId":"BN20220510152322OIUCD","name":"submit_sm_resp","optionalParameterCount":0,"request":{"commandId":4,"commandLength":58,"commandStatus":0,"dataCoding":8,"defaultMsgId":0,"destAddress":{"address":"8615081024107","npi":0,"ton":0},"esmClass":0,"lifeTime":0,"msgContent":"下雨了","msglength":6,"name":"submit_sm","optionalParameterCount":0,"priority":0,"protocolId":0,"registeredDelivery":1,"replaceIfPresent":0,"report":false,"response":false,"responseClass":"com.zx.sms.codec.smpp.msg.SubmitSmResp","scheduleDeliveryTime":"","sequenceNo":1768639864,"sequenceNumber":1768639864,"shortMessage":"TguW6E6G","sourceAddress":{"address":"140150","npi":0,"ton":0},"terminated":false,"timestamp":1652167400741,"validityPeriod":""},"response":true,"resultMessage":"OK","sequenceNo":1768639864,"sequenceNumber":1768639864,"terminated":false,"timestamp":1652167401741}
2022-05-10 15:23:21 INFO  workGroup1 com.hero.sms.service.impl.channel.push.SMPPClientMessageReceiveHandler 【异步提交回执】收到[上游]通道ID【11】的消息:{"commandId":-2147483644,"commandLength":38,"commandStatus":0,"lifeTime":0,"messageId":"BN20220510152322TDWRL","name":"submit_sm_resp","optionalParameterCount":0,"request":{"commandId":4,"commandLength":58,"commandStatus":0,"dataCoding":8,"defaultMsgId":0,"destAddress":{"address":"8615590478565","npi":0,"ton":0},"esmClass":0,"lifeTime":0,"msgContent":"下雨了","msglength":6,"name":"submit_sm","optionalParameterCount":0,"priority":0,"protocolId":0,"registeredDelivery":1,"replaceIfPresent":0,"report":false,"response":false,"responseClass":"com.zx.sms.codec.smpp.msg.SubmitSmResp","scheduleDeliveryTime":"","sequenceNo":1768639863,"sequenceNumber":1768639863,"shortMessage":"TguW6E6G","sourceAddress":{"address":"140149","npi":0,"ton":0},"terminated":false,"timestamp":1652167400741,"validityPeriod":""},"response":true,"resultMessage":"OK","sequenceNo":1768639863,"sequenceNumber":1768639863,"terminated":false,"timestamp":1652167401741}
2022-05-10 15:23:46 INFO  workGroup2 p6spy 2022-05-10 15:23:46 | 耗时 30 ms | SQL 语句：
SELECT id, agent_id, sms_number_province, send_code, sms_number, sms_number_area, sms_number_operator, receipt_time, org_code, res_msgid, channel_cost_amount, agent_income_amount, sms_content, sms_type, state, channel_id, up_agent_id, consume_amount, state_desc, sms_count, income_amount, source_number, submit_time, create_time, sms_words, sub_type, up_agent_income_amount FROM t_send_record WHERE (channel_id = 11 AND id = 140151 AND state IN (4, 8, 2) AND res_msgid IS NULL);
2022-05-10 15:23:58 INFO  workGroup2 com.hero.sms.service.impl.channel.push.SMPPClientMessageReceiveHandler 【异步提交】批次号【BN20220510152319WKLGN】记录ID【140151】手机号码【+8618959918987】通道ID【11】通道标识【BN20220510152322QLUOY】发送smpp【成功】:{"commandId":-2147483644,"commandLength":38,"commandStatus":0,"lifeTime":0,"messageId":"BN20220510152322QLUOY","name":"submit_sm_resp","optionalParameterCount":0,"request":{"commandId":4,"commandLength":58,"commandStatus":0,"dataCoding":8,"defaultMsgId":0,"destAddress":{"address":"8618959918987","npi":0,"ton":0},"esmClass":0,"lifeTime":0,"msgContent":"下雨了","msglength":6,"name":"submit_sm","optionalParameterCount":0,"priority":0,"protocolId":0,"registeredDelivery":1,"replaceIfPresent":0,"report":false,"response":false,"responseClass":"com.zx.sms.codec.smpp.msg.SubmitSmResp","scheduleDeliveryTime":"","sequenceNo":1768639865,"sequenceNumber":1768639865,"shortMessage":"TguW6E6G","sourceAddress":{"address":"140151","npi":0,"ton":0},"terminated":false,"timestamp":1652167400741,"validityPeriod":""},"response":true,"resultMessage":"OK","sequenceNo":1768639865,"sequenceNumber":1768639865,"terminated":false,"timestamp":1652167401741}
2022-05-10 15:25:01 INFO  workGroup2 p6spy 2022-05-10 15:25:01 | 耗时 5 ms | SQL 语句：
UPDATE t_send_record SET state_desc = '', res_msgid = 'BN20220510152322QLUOY', state = 4 WHERE (id = 140151 AND state IN (4, 8, 2) AND channel_id = 11 AND res_msgid IS NULL);
2022-05-10 15:25:03 INFO  workGroup3 p6spy 2022-05-10 15:25:03 | 耗时 0 ms | SQL 语句：
SELECT id, agent_id, sms_number_province, send_code, sms_number, sms_number_area, sms_number_operator, receipt_time, org_code, res_msgid, channel_cost_amount, agent_income_amount, sms_content, sms_type, state, channel_id, up_agent_id, consume_amount, state_desc, sms_count, income_amount, source_number, submit_time, create_time, sms_words, sub_type, up_agent_income_amount FROM t_send_record WHERE (channel_id = 11 AND id = 140150 AND state IN (4, 8, 2) AND res_msgid IS NULL);
2022-05-10 15:25:03 INFO  workGroup3 com.hero.sms.service.impl.channel.push.SMPPClientMessageReceiveHandler 【异步提交】批次号【BN20220510152319WKLGN】记录ID【140150】手机号码【+8615081024107】通道ID【11】通道标识【BN20220510152322OIUCD】发送smpp【成功】:{"commandId":-2147483644,"commandLength":38,"commandStatus":0,"lifeTime":0,"messageId":"BN20220510152322OIUCD","name":"submit_sm_resp","optionalParameterCount":0,"request":{"commandId":4,"commandLength":58,"commandStatus":0,"dataCoding":8,"defaultMsgId":0,"destAddress":{"address":"8615081024107","npi":0,"ton":0},"esmClass":0,"lifeTime":0,"msgContent":"下雨了","msglength":6,"name":"submit_sm","optionalParameterCount":0,"priority":0,"protocolId":0,"registeredDelivery":1,"replaceIfPresent":0,"report":false,"response":false,"responseClass":"com.zx.sms.codec.smpp.msg.SubmitSmResp","scheduleDeliveryTime":"","sequenceNo":1768639864,"sequenceNumber":1768639864,"shortMessage":"TguW6E6G","sourceAddress":{"address":"140150","npi":0,"ton":0},"terminated":false,"timestamp":1652167400741,"validityPeriod":""},"response":true,"resultMessage":"OK","sequenceNo":1768639864,"sequenceNumber":1768639864,"terminated":false,"timestamp":1652167401741}
2022-05-10 15:25:03 INFO  workGroup3 p6spy 2022-05-10 15:25:03 | 耗时 5 ms | SQL 语句：
UPDATE t_send_record SET state_desc = '', res_msgid = 'BN20220510152322OIUCD', state = 4 WHERE (id = 140150 AND state IN (4, 8, 2) AND channel_id = 11 AND res_msgid IS NULL);
2022-05-10 15:25:07 INFO  workGroup1 p6spy 2022-05-10 15:25:07 | 耗时 0 ms | SQL 语句：
SELECT id, agent_id, sms_number_province, send_code, sms_number, sms_number_area, sms_number_operator, receipt_time, org_code, res_msgid, channel_cost_amount, agent_income_amount, sms_content, sms_type, state, channel_id, up_agent_id, consume_amount, state_desc, sms_count, income_amount, source_number, submit_time, create_time, sms_words, sub_type, up_agent_income_amount FROM t_send_record WHERE (channel_id = 11 AND id = 140149 AND state IN (4, 8, 2) AND res_msgid IS NULL);
2022-05-10 15:25:07 INFO  workGroup1 com.hero.sms.service.impl.channel.push.SMPPClientMessageReceiveHandler 【异步提交】批次号【BN20220510152319WKLGN】记录ID【140149】手机号码【+8615590478565】通道ID【11】通道标识【BN20220510152322TDWRL】发送smpp【成功】:{"commandId":-2147483644,"commandLength":38,"commandStatus":0,"lifeTime":0,"messageId":"BN20220510152322TDWRL","name":"submit_sm_resp","optionalParameterCount":0,"request":{"commandId":4,"commandLength":58,"commandStatus":0,"dataCoding":8,"defaultMsgId":0,"destAddress":{"address":"8615590478565","npi":0,"ton":0},"esmClass":0,"lifeTime":0,"msgContent":"下雨了","msglength":6,"name":"submit_sm","optionalParameterCount":0,"priority":0,"protocolId":0,"registeredDelivery":1,"replaceIfPresent":0,"report":false,"response":false,"responseClass":"com.zx.sms.codec.smpp.msg.SubmitSmResp","scheduleDeliveryTime":"","sequenceNo":1768639863,"sequenceNumber":1768639863,"shortMessage":"TguW6E6G","sourceAddress":{"address":"140149","npi":0,"ton":0},"terminated":false,"timestamp":1652167400741,"validityPeriod":""},"response":true,"resultMessage":"OK","sequenceNo":1768639863,"sequenceNumber":1768639863,"terminated":false,"timestamp":1652167401741}
2022-05-10 15:25:07 INFO  workGroup1 p6spy 2022-05-10 15:25:07 | 耗时 4 ms | SQL 语句：
UPDATE t_send_record SET state_desc = '', res_msgid = 'BN20220510152322TDWRL', state = 4 WHERE (id = 140149 AND state IN (4, 8, 2) AND channel_id = 11 AND res_msgid IS NULL);
2022-05-10 15:25:07 INFO  workGroup4 com.zx.sms.connect.manager.AbstractEndpointConnector Channel added To Endpoint EndpointEntity [Id=11, Desc=null, channelType=DUPLEX, host=103.156.178.53, port=63456, maxChannels=3, valid=true, businessHandlerSet=[com.hero.sms.service.impl.channel.push.SMPPClientMessageReceiveHandler@4981ea0b]] .totalCnt:3 ,remoteAddress: /103.156.178.53:63456
2022-05-10 15:25:07 INFO  workGroup4 com.zx.sms.connect.manager.AbstractEndpointConnector handlers is not shareable . clone it success. com.hero.sms.service.impl.channel.push.SMPPClientMessageReceiveHandler@34bbec19
2022-05-10 15:25:07 INFO  workGroup4 com.hero.sms.service.impl.channel.push.SMPPClientMessageReceiveHandler 通道【11】连接成功
2022-05-10 15:25:07 INFO  workGroup4 com.zx.sms.session.AbstractSessionLoginManager 11 login success on channel [id: 0x8bdc4f85, L:/192.168.1.164:10531 - R:/103.156.178.53:63456]
2022-05-10 15:25:07 INFO  workGroup4 com.hero.sms.service.impl.channel.push.SMPPClientMessageReceiveHandler [常规]收到[上游]的消息：{"commandId":-2147483639,"commandLength":36,"commandStatus":0,"lifeTime":0,"name":"bind_transceiver_resp","optionalParameterCount":0,"response":true,"resultMessage":"OK","sequenceNo":1768639927,"sequenceNumber":1768639927,"systemId":"BNF210915230719BLNH","terminated":false,"timestamp":1652167506792}
2022-05-10 15:36:47 INFO  RMI TCP Connection(2)-127.0.0.1 org.springframework.boot.admin.SpringApplicationAdminMXBeanRegistrar$SpringApplicationAdmin Application shutdown requested.
2022-05-10 15:36:47 INFO  RMI TCP Connection(2)-127.0.0.1 com.hero.sms.common.configure.CbShutdownConfig$GracefulShutdown application is going to stop. try to stop tomcat gracefully
2022-05-10 15:36:48 INFO  RMI TCP Connection(2)-127.0.0.1 org.quartz.core.QuartzScheduler Scheduler quartzScheduler_$_NON_CLUSTERED paused.
2022-05-10 15:36:48 INFO  RMI TCP Connection(2)-127.0.0.1 org.springframework.scheduling.quartz.SchedulerFactoryBean Shutting down Quartz Scheduler
2022-05-10 15:36:48 INFO  RMI TCP Connection(2)-127.0.0.1 org.quartz.core.QuartzScheduler Scheduler quartzScheduler_$_NON_CLUSTERED shutting down.
2022-05-10 15:36:48 INFO  RMI TCP Connection(2)-127.0.0.1 org.quartz.core.QuartzScheduler Scheduler quartzScheduler_$_NON_CLUSTERED paused.
2022-05-10 15:36:49 INFO  RMI TCP Connection(2)-127.0.0.1 org.quartz.core.QuartzScheduler Scheduler quartzScheduler_$_NON_CLUSTERED shutdown complete.
2022-05-10 15:36:49 INFO  RMI TCP Connection(2)-127.0.0.1 org.springframework.scheduling.concurrent.ThreadPoolTaskExecutor Shutting down ExecutorService 'getewayThreadPool'
2022-05-10 15:36:49 INFO  RMI TCP Connection(2)-127.0.0.1 com.baomidou.dynamic.datasource.DynamicRoutingDataSource dynamic-datasource start closing ....
2022-05-10 15:36:49 INFO  RMI TCP Connection(2)-127.0.0.1 com.zaxxer.hikari.HikariDataSource quartz - Shutdown initiated...
2022-05-10 15:36:49 INFO  RMI TCP Connection(2)-127.0.0.1 com.zaxxer.hikari.HikariDataSource quartz - Shutdown completed.
2022-05-10 15:36:49 INFO  RMI TCP Connection(2)-127.0.0.1 com.zaxxer.hikari.HikariDataSource base - Shutdown initiated...
2022-05-10 15:36:49 INFO  RMI TCP Connection(2)-127.0.0.1 com.zaxxer.hikari.HikariDataSource base - Shutdown completed.
2022-05-10 15:36:49 INFO  RMI TCP Connection(2)-127.0.0.1 com.baomidou.dynamic.datasource.DynamicRoutingDataSource dynamic-datasource all closed success,bye
2022-05-10 15:36:49 INFO  workGroup5 com.zx.sms.connect.manager.AbstractEndpointConnector Channel added To Endpoint EndpointEntity [Id=11, Desc=null, channelType=DUPLEX, host=103.156.178.53, port=63456, maxChannels=3, valid=true, businessHandlerSet=[com.hero.sms.service.impl.channel.push.SMPPClientMessageReceiveHandler@4981ea0b]] .totalCnt:1 ,remoteAddress: /103.156.178.53:63456
2022-05-10 15:36:49 INFO  workGroup5 com.zx.sms.connect.manager.AbstractEndpointConnector handlers is not shareable . clone it success. com.hero.sms.service.impl.channel.push.SMPPClientMessageReceiveHandler@6ecfda22
2022-05-10 15:36:49 INFO  workGroup5 com.hero.sms.service.impl.channel.push.SMPPClientMessageReceiveHandler 通道【11】连接成功
2022-05-10 15:36:49 INFO  workGroup5 com.zx.sms.session.AbstractSessionLoginManager 11 login success on channel [id: 0x5b16b226, L:/192.168.1.164:11087 - R:/103.156.178.53:63456]
2022-05-10 15:36:49 INFO  workGroup5 com.hero.sms.service.impl.channel.push.SMPPClientMessageReceiveHandler [常规]收到[上游]的消息：{"commandId":-2147483639,"commandLength":36,"commandStatus":0,"lifeTime":0,"name":"bind_transceiver_resp","optionalParameterCount":0,"response":true,"resultMessage":"OK","sequenceNo":1768640205,"sequenceNumber":1768640205,"systemId":"BNF210915230719BLNH","terminated":false,"timestamp":1652168209094}
2022-05-10 23:17:40 INFO  main com.hero.sms.GetewayApplication Starting GetewayApplication on LAPTOP-L07PL5KH with PID 76080 (C:\work\workspaceSmsBfSvn\sms\sms-gateway\target\classes started by payBoo in C:\work\workspaceSmsBfSvn\sms\sms-gateway)
2022-05-10 23:17:40 INFO  main com.hero.sms.GetewayApplication The following profiles are active: test
2022-05-10 23:17:43 INFO  main org.springframework.data.repository.config.RepositoryConfigurationDelegate Multiple Spring Data modules found, entering strict repository configuration mode!
2022-05-10 23:17:43 INFO  main org.springframework.data.repository.config.RepositoryConfigurationDelegate Bootstrapping Spring Data repositories in DEFAULT mode.
2022-05-10 23:17:44 INFO  main org.springframework.data.repository.config.RepositoryConfigurationDelegate Finished Spring Data repository scanning in 616ms. Found 0 repository interfaces.
2022-05-10 23:17:45 INFO  main org.springframework.context.support.PostProcessorRegistrationDelegate$BeanPostProcessorChecker Bean 'spring.datasource.dynamic-com.baomidou.dynamic.datasource.spring.boot.autoconfigure.DynamicDataSourceProperties' of type [com.baomidou.dynamic.datasource.spring.boot.autoconfigure.DynamicDataSourceProperties] is not eligible for getting processed by all BeanPostProcessors (for example: not eligible for auto-proxying)
2022-05-10 23:17:45 INFO  main org.springframework.context.support.PostProcessorRegistrationDelegate$BeanPostProcessorChecker Bean 'com.baomidou.dynamic.datasource.spring.boot.autoconfigure.DynamicDataSourceAutoConfiguration' of type [com.baomidou.dynamic.datasource.spring.boot.autoconfigure.DynamicDataSourceAutoConfiguration$$EnhancerBySpringCGLIB$$25eb38fd] is not eligible for getting processed by all BeanPostProcessors (for example: not eligible for auto-proxying)
2022-05-10 23:17:45 INFO  main org.springframework.context.support.PostProcessorRegistrationDelegate$BeanPostProcessorChecker Bean 'dsProcessor' of type [com.baomidou.dynamic.datasource.processor.DsHeaderProcessor] is not eligible for getting processed by all BeanPostProcessors (for example: not eligible for auto-proxying)
2022-05-10 23:17:45 INFO  main org.springframework.context.support.PostProcessorRegistrationDelegate$BeanPostProcessorChecker Bean 'dynamicDatasourceAnnotationAdvisor' of type [com.baomidou.dynamic.datasource.aop.DynamicDataSourceAnnotationAdvisor] is not eligible for getting processed by all BeanPostProcessors (for example: not eligible for auto-proxying)
2022-05-10 23:17:45 INFO  main org.springframework.context.support.PostProcessorRegistrationDelegate$BeanPostProcessorChecker Bean 'org.springframework.transaction.annotation.ProxyTransactionManagementConfiguration' of type [org.springframework.transaction.annotation.ProxyTransactionManagementConfiguration] is not eligible for getting processed by all BeanPostProcessors (for example: not eligible for auto-proxying)
2022-05-10 23:17:45 INFO  main org.springframework.boot.web.embedded.tomcat.TomcatWebServer Tomcat initialized with port(s): 8080 (http)
2022-05-10 23:17:45 INFO  main org.apache.coyote.http11.Http11NioProtocol Initializing ProtocolHandler ["http-nio-8080"]
2022-05-10 23:17:45 INFO  main org.apache.catalina.core.StandardService Starting service [Tomcat]
2022-05-10 23:17:45 INFO  main org.apache.catalina.core.StandardEngine Starting Servlet engine: [Apache Tomcat/9.0.27]
2022-05-10 23:17:45 INFO  main org.apache.catalina.core.ContainerBase.[Tomcat].[localhost].[/] Initializing Spring embedded WebApplicationContext
2022-05-10 23:17:45 INFO  main org.springframework.web.context.ContextLoader Root WebApplicationContext: initialization completed in 4902 ms
2022-05-10 23:17:46 INFO  main com.baomidou.dynamic.datasource.DynamicRoutingDataSource dynamic-datasource detect P6SPY plugin and enabled it
2022-05-10 23:17:46 INFO  main com.zaxxer.hikari.HikariDataSource base - Starting...
2022-05-10 23:17:46 INFO  main com.zaxxer.hikari.HikariDataSource base - Start completed.
2022-05-10 23:17:46 INFO  main com.zaxxer.hikari.HikariDataSource quartz - Starting...
2022-05-10 23:17:46 INFO  main com.zaxxer.hikari.HikariDataSource quartz - Start completed.
2022-05-10 23:17:46 INFO  main com.baomidou.dynamic.datasource.DynamicRoutingDataSource dynamic-datasource - load a datasource named [quartz] success
2022-05-10 23:17:46 INFO  main com.baomidou.dynamic.datasource.DynamicRoutingDataSource dynamic-datasource - load a datasource named [base] success
2022-05-10 23:17:46 INFO  main com.baomidou.dynamic.datasource.DynamicRoutingDataSource dynamic-datasource initial loaded [2] datasource,primary datasource named [base]
2022-05-10 23:17:47 INFO  main com.hero.sms.common.xss.XssFilter ------------ xss filter init ------------
2022-05-10 23:17:52 INFO  main org.springframework.boot.actuate.endpoint.web.EndpointLinksResolver Exposing 2 endpoint(s) beneath base path '/actuator'
2022-05-10 23:17:52 INFO  main springfox.documentation.spring.web.PropertySourcedRequestMappingHandlerMapping Mapped URL path [/v2/api-docs] onto method [springfox.documentation.swagger2.web.Swagger2Controller#getDocumentation(String, HttpServletRequest)]
2022-05-10 23:17:52 INFO  main org.springframework.scheduling.concurrent.ThreadPoolTaskExecutor Initializing ExecutorService
2022-05-10 23:17:52 INFO  main org.springframework.scheduling.concurrent.ThreadPoolTaskExecutor Initializing ExecutorService 'getewayThreadPool'
2022-05-10 23:17:53 INFO  main org.springframework.boot.autoconfigure.web.servlet.WelcomePageHandlerMapping Adding welcome page template: index
2022-05-10 23:17:53 INFO  main org.quartz.impl.StdSchedulerFactory Using default implementation for ThreadExecutor
2022-05-10 23:17:53 INFO  main org.quartz.core.SchedulerSignalerImpl Initialized Scheduler Signaller of type: class org.quartz.core.SchedulerSignalerImpl
2022-05-10 23:17:53 INFO  main org.quartz.core.QuartzScheduler Quartz Scheduler v.2.3.2 created.
2022-05-10 23:17:53 INFO  main org.quartz.simpl.RAMJobStore RAMJobStore initialized.
2022-05-10 23:17:53 INFO  main org.quartz.core.QuartzScheduler Scheduler meta-data: Quartz Scheduler (v2.3.2) 'quartzScheduler' with instanceId 'NON_CLUSTERED'
  Scheduler class: 'org.quartz.core.QuartzScheduler' - running locally.
  NOT STARTED.
  Currently in standby mode.
  Number of jobs executed: 0
  Using thread pool 'org.quartz.simpl.SimpleThreadPool' - with 10 threads.
  Using job-store 'org.quartz.simpl.RAMJobStore' - which does not support persistence. and is not clustered.

2022-05-10 23:17:53 INFO  main org.quartz.impl.StdSchedulerFactory Quartz scheduler 'quartzScheduler' initialized from an externally provided properties instance.
2022-05-10 23:17:53 INFO  main org.quartz.impl.StdSchedulerFactory Quartz scheduler version: 2.3.2
2022-05-10 23:17:53 INFO  main org.quartz.core.QuartzScheduler JobFactory set to: org.springframework.scheduling.quartz.SpringBeanJobFactory@180e33b0
2022-05-10 23:17:53 INFO  main springfox.documentation.spring.web.plugins.DocumentationPluginsBootstrapper Context refreshed
2022-05-10 23:17:54 INFO  main springfox.documentation.spring.web.plugins.DocumentationPluginsBootstrapper Found 1 custom documentation plugin(s)
2022-05-10 23:17:54 INFO  main springfox.documentation.spring.web.scanners.ApiListingReferenceScanner Scanning for api listing references
2022-05-10 23:17:54 INFO  main springfox.documentation.spring.web.readers.operation.CachingOperationNameGenerator Generating unique operation named: receiptUsingGET_1
2022-05-10 23:17:54 INFO  main springfox.documentation.spring.web.readers.operation.CachingOperationNameGenerator Generating unique operation named: receiptUsingHEAD_1
2022-05-10 23:17:54 INFO  main springfox.documentation.spring.web.readers.operation.CachingOperationNameGenerator Generating unique operation named: receiptUsingPOST_1
2022-05-10 23:17:54 INFO  main springfox.documentation.spring.web.readers.operation.CachingOperationNameGenerator Generating unique operation named: receiptUsingPUT_1
2022-05-10 23:17:54 INFO  main springfox.documentation.spring.web.readers.operation.CachingOperationNameGenerator Generating unique operation named: receiptUsingPATCH_1
2022-05-10 23:17:54 INFO  main springfox.documentation.spring.web.readers.operation.CachingOperationNameGenerator Generating unique operation named: receiptUsingDELETE_1
2022-05-10 23:17:54 INFO  main springfox.documentation.spring.web.readers.operation.CachingOperationNameGenerator Generating unique operation named: receiptUsingOPTIONS_1
2022-05-10 23:17:54 INFO  main springfox.documentation.spring.web.readers.operation.CachingOperationNameGenerator Generating unique operation named: receiptUsingTRACE_1
2022-05-10 23:17:54 INFO  main springfox.documentation.spring.web.readers.operation.CachingOperationNameGenerator Generating unique operation named: receiptUsingGET_2
2022-05-10 23:17:54 INFO  main springfox.documentation.spring.web.readers.operation.CachingOperationNameGenerator Generating unique operation named: receiptUsingHEAD_2
2022-05-10 23:17:54 INFO  main springfox.documentation.spring.web.readers.operation.CachingOperationNameGenerator Generating unique operation named: receiptUsingPOST_2
2022-05-10 23:17:54 INFO  main springfox.documentation.spring.web.readers.operation.CachingOperationNameGenerator Generating unique operation named: receiptUsingPUT_2
2022-05-10 23:17:54 INFO  main springfox.documentation.spring.web.readers.operation.CachingOperationNameGenerator Generating unique operation named: receiptUsingPATCH_2
2022-05-10 23:17:54 INFO  main springfox.documentation.spring.web.readers.operation.CachingOperationNameGenerator Generating unique operation named: receiptUsingDELETE_2
2022-05-10 23:17:54 INFO  main springfox.documentation.spring.web.readers.operation.CachingOperationNameGenerator Generating unique operation named: receiptUsingOPTIONS_2
2022-05-10 23:17:54 INFO  main springfox.documentation.spring.web.readers.operation.CachingOperationNameGenerator Generating unique operation named: receiptUsingTRACE_2
2022-05-10 23:17:54 INFO  main org.springframework.scheduling.quartz.SchedulerFactoryBean Starting Quartz Scheduler now
2022-05-10 23:17:54 INFO  main org.quartz.core.QuartzScheduler Scheduler quartzScheduler_$_NON_CLUSTERED started.
2022-05-10 23:17:54 INFO  main org.apache.coyote.http11.Http11NioProtocol Starting ProtocolHandler ["http-nio-8080"]
2022-05-10 23:17:54 INFO  main org.springframework.boot.web.embedded.tomcat.TomcatWebServer Tomcat started on port(s): 8080 (http) with context path ''
2022-05-10 23:17:54 INFO  main com.hero.sms.GetewayApplication Started GetewayApplication in 14.328 seconds (JVM running for 16.664)
2022-05-10 23:17:54 INFO  main com.hero.sms.common.DatabaseCache 开始缓存字典
2022-05-10 23:17:54 INFO  main p6spy 2022-05-10 23:17:54 | 耗时 4 ms | SQL 语句：
SELECT ID, CODE, CREATE_TIME, ORDER_LEVEL, PARENT_CODE, IS_DELETE, NAME, DESCRIPTION, REMARK, SORT_CODE FROM code WHERE (IS_DELETE = '0');
2022-05-10 23:17:54 INFO  main com.hero.sms.common.DatabaseCache 缓存代理信息
2022-05-10 23:17:54 INFO  main p6spy 2022-05-10 23:17:54 | 耗时 2 ms | SQL 语句：
SELECT Id, Google_Key, Cash_Amount, Description, Remark, Agent_Password, Last_Login_IP, Level_Code, Available_Amount, Login_IP, EMail, Need_Bind_Google_Key, Create_Date, QQ, Up_Agent_Id, Agent_Account, Amount, Quota_Amount, Agent_Name, Login_Faild_Count, Data_MD5, Last_Login_Time, Phone_Number, Day_Limit, Send_Sms_Total, Create_User, State_Code, Pay_Password FROM t_agent;
2022-05-10 23:17:54 INFO  main com.hero.sms.common.DatabaseCache 缓存商户信息
2022-05-10 23:17:54 INFO  main p6spy 2022-05-10 23:17:54 | 耗时 1 ms | SQL 语句：
SELECT Id, Agent_Id, Sms_Approve_type, Cash_Amount, Description, Remark, interface_type, Available_Amount, Contact, Md5_Key, Sms_Sign, EMail, Create_Date, Settlement_type, Contact_Mobile, Amount, Address, Organization_Name, charges_type, Business_User_Id, Data_MD5, Bind_IP, Approve_State_Code, Organization_Code, Web_Url, Send_Sms_Total, notify_url, Create_User, Status FROM t_organization;
2022-05-10 23:17:54 INFO  main com.hero.sms.common.DatabaseCache 缓存短信通道信息
2022-05-10 23:17:54 INFO  main p6spy 2022-05-10 23:17:54 | 耗时 9 ms | SQL 语句：
SELECT id, support_area, code, weight, description, create_user_name, remark, protocol_type, submit_way, impl_full_class, day_limit, create_time, area_regex, name, state, is_del, area_operator_regex, operator_regex FROM t_sms_channel;
2022-05-10 23:17:54 INFO  main com.hero.sms.common.DatabaseCache 缓存支付通道信息
2022-05-10 23:17:54 INFO  main p6spy 2022-05-10 23:17:54 | 耗时 2 ms | SQL 语句：
SELECT id, key1, key2, min_amount, cost, key5, key3, key4, weight, remark, encrypt_key, impl_full_class, netway_code, create_time, merch_no, request_url, state_code, sign_key, callBack_url, channel_name, pay_code, max_amount FROM t_pay_channel;
2022-05-10 23:17:54 INFO  main com.hero.sms.common.DatabaseCache 缓存IP黑名单信息
2022-05-10 23:17:54 INFO  main p6spy 2022-05-10 23:17:54 | 耗时 1 ms | SQL 语句：
SELECT Id, Black_Ip, IsAvailability, LImit_Project, Description, Create_User, Remark, Create_Date FROM t_black_ip_config WHERE (IsAvailability = '1');
2022-05-10 23:17:54 INFO  main com.hero.sms.common.DatabaseCache 缓存手机号码黑名单信息
2022-05-10 23:17:54 INFO  main p6spy 2022-05-10 23:17:54 | 耗时 1 ms | SQL 语句：
SELECT area, number FROM t_mobile_black;
2022-05-10 23:17:54 INFO  main com.hero.sms.common.DatabaseCache 缓存网关类型信息
2022-05-10 23:17:54 INFO  main com.hero.sms.common.DatabaseCache Begin-缓存地区列表
2022-05-10 23:17:54 INFO  main p6spy 2022-05-10 23:17:54 | 耗时 1 ms | SQL 语句：
SELECT id, extend, create_time, area_name, area_coding, out_area, in_area, order_num FROM t_area_code ORDER BY order_num ASC;
2022-05-10 23:17:54 INFO  main com.hero.sms.common.DatabaseCache End-地区列表缓存完成
2022-05-10 23:17:54 INFO  main com.hero.sms.common.DatabaseCache 字典缓存完成
2022-05-10 23:17:54 INFO  main com.hero.sms.common.DatabaseCache Begin-缓存敏感词信息
2022-05-10 23:17:54 INFO  main p6spy 2022-05-10 23:17:54 | 耗时 1 ms | SQL 语句：
SELECT id, new_word, word FROM t_sensitive_word ORDER BY id DESC;
2022-05-10 23:17:54 INFO  main com.hero.sms.common.DatabaseCache End-敏感词信息缓存完成
2022-05-10 23:17:55 INFO  main io.lettuce.core.EpollProvider Starting without optional epoll library
2022-05-10 23:17:55 INFO  main io.lettuce.core.KqueueProvider Starting without optional kqueue library
2022-05-10 23:18:16 INFO  main p6spy 2022-05-10 23:18:16 | 耗时 1 ms | SQL 语句：
SELECT * FROM t_organization WHERE Status = '1' AND interface_type & 2 = 2;
2022-05-10 23:18:19 INFO  main p6spy 2022-05-10 23:18:19 | 耗时 0 ms | SQL 语句：
SELECT * FROM t_sms_channel WHERE state & 3 = state AND protocol_type = 'smpp' AND is_del = 0;
2022-05-10 23:18:19 INFO  main p6spy 2022-05-10 23:18:19 | 耗时 3 ms | SQL 语句：
SELECT * FROM t_sms_channel_property WHERE sms_channel_id = 11;
2022-05-10 23:18:19 INFO  main p6spy 2022-05-10 23:18:19 | 耗时 1 ms | SQL 语句：
SELECT * FROM t_sms_channel_cost WHERE sms_channel_id = 11;
2022-05-10 23:18:19 INFO  workGroup3 com.zx.sms.connect.manager.AbstractEndpointConnector Channel added To Endpoint EndpointEntity [Id=11, Desc=null, channelType=DUPLEX, host=103.156.178.53, port=63456, maxChannels=3, valid=true, businessHandlerSet=[com.hero.sms.service.impl.channel.push.SMPPClientMessageReceiveHandler@1b1afd3a]] .totalCnt:1 ,remoteAddress: /103.156.178.53:63456
2022-05-10 23:18:19 INFO  workGroup3 com.zx.sms.connect.manager.AbstractEndpointConnector handlers is not shareable . clone it success. com.hero.sms.service.impl.channel.push.SMPPClientMessageReceiveHandler@9b840e2
2022-05-10 23:18:19 INFO  workGroup1 com.zx.sms.connect.manager.AbstractEndpointConnector Channel added To Endpoint EndpointEntity [Id=11, Desc=null, channelType=DUPLEX, host=103.156.178.53, port=63456, maxChannels=3, valid=true, businessHandlerSet=[com.hero.sms.service.impl.channel.push.SMPPClientMessageReceiveHandler@1b1afd3a]] .totalCnt:2 ,remoteAddress: /103.156.178.53:63456
2022-05-10 23:18:19 INFO  workGroup1 com.zx.sms.connect.manager.AbstractEndpointConnector handlers is not shareable . clone it success. com.hero.sms.service.impl.channel.push.SMPPClientMessageReceiveHandler@2e0765a6
2022-05-10 23:18:19 INFO  workGroup2 com.zx.sms.connect.manager.AbstractEndpointConnector Channel added To Endpoint EndpointEntity [Id=11, Desc=null, channelType=DUPLEX, host=103.156.178.53, port=63456, maxChannels=3, valid=true, businessHandlerSet=[com.hero.sms.service.impl.channel.push.SMPPClientMessageReceiveHandler@1b1afd3a]] .totalCnt:3 ,remoteAddress: /103.156.178.53:63456
2022-05-10 23:18:19 INFO  workGroup2 com.zx.sms.connect.manager.AbstractEndpointConnector handlers is not shareable . clone it success. com.hero.sms.service.impl.channel.push.SMPPClientMessageReceiveHandler@4781e809
2022-05-10 23:18:19 INFO  workGroup2 com.hero.sms.service.impl.channel.push.SMPPClientMessageReceiveHandler 通道【11】连接成功
2022-05-10 23:18:19 INFO  workGroup3 com.hero.sms.service.impl.channel.push.SMPPClientMessageReceiveHandler 通道【11】连接成功
2022-05-10 23:18:19 INFO  workGroup1 com.hero.sms.service.impl.channel.push.SMPPClientMessageReceiveHandler 通道【11】连接成功
2022-05-10 23:18:19 INFO  workGroup3 com.zx.sms.session.AbstractSessionLoginManager 11 login success on channel [id: 0x31fe3393, L:/192.168.1.164:2349 - R:/103.156.178.53:63456]
2022-05-10 23:18:19 INFO  workGroup1 com.zx.sms.session.AbstractSessionLoginManager 11 login success on channel [id: 0xf853c366, L:/192.168.1.164:2348 - R:/103.156.178.53:63456]
2022-05-10 23:18:19 INFO  workGroup2 com.zx.sms.session.AbstractSessionLoginManager 11 login success on channel [id: 0x55087862, L:/192.168.1.164:2347 - R:/103.156.178.53:63456]
2022-05-10 23:18:19 INFO  workGroup3 com.hero.sms.service.impl.channel.push.SMPPClientMessageReceiveHandler [常规]收到[上游]的消息：{"commandId":-2147483639,"commandLength":36,"commandStatus":0,"lifeTime":0,"name":"bind_transceiver_resp","optionalParameterCount":0,"response":true,"resultMessage":"OK","sequenceNo":1037473892,"sequenceNumber":1037473892,"systemId":"BNF210915230719BLNH","terminated":false,"timestamp":1652195899648}
2022-05-10 23:18:19 INFO  workGroup2 com.hero.sms.service.impl.channel.push.SMPPClientMessageReceiveHandler [常规]收到[上游]的消息：{"commandId":-2147483639,"commandLength":36,"commandStatus":0,"lifeTime":0,"name":"bind_transceiver_resp","optionalParameterCount":0,"response":true,"resultMessage":"OK","sequenceNo":1037473891,"sequenceNumber":1037473891,"systemId":"BNF210915230719BLNH","terminated":false,"timestamp":1652195899648}
2022-05-10 23:18:19 INFO  workGroup1 com.hero.sms.service.impl.channel.push.SMPPClientMessageReceiveHandler [常规]收到[上游]的消息：{"commandId":-2147483639,"commandLength":36,"commandStatus":0,"lifeTime":0,"name":"bind_transceiver_resp","optionalParameterCount":0,"response":true,"resultMessage":"OK","sequenceNo":1037473893,"sequenceNumber":1037473893,"systemId":"BNF210915230719BLNH","terminated":false,"timestamp":1652195899648}
2022-05-10 23:18:22 INFO  main com.hero.sms.common.runner.AppStartedUpRunner  __    ___   _      ___   _     ____ _____  ____ 
2022-05-10 23:18:22 INFO  main com.hero.sms.common.runner.AppStartedUpRunner / /`  / / \ | |\/| | |_) | |   | |_   | |  | |_  
2022-05-10 23:18:22 INFO  main com.hero.sms.common.runner.AppStartedUpRunner \_\_, \_\_/ |_|  | |_|   |_|__ |_|__  |_|  |_|__ 
2022-05-10 23:18:22 INFO  main com.hero.sms.common.runner.AppStartedUpRunner                                                       
2022-05-10 23:18:22 INFO  main com.hero.sms.common.runner.AppStartedUpRunner 网关平台系统启动完毕，地址：http://192.168.189.1:8080
2022-05-10 23:19:12 INFO  ConsumeMessageThread_1 com.hero.sms.service.mq.MQService [Begin分拣]========【C0A801A45A7818B4AAC2335A3C320000】开始时间：【2022-05-10 23:19:11:692】,数量【3】
2022-05-10 23:19:12 INFO  ConsumeMessageThread_1 p6spy 2022-05-10 23:19:12 | 耗时 6 ms | SQL 语句：
SELECT id, agent_id, send_code, sms_number_area, type, audit_state, create_username, refuse_cause, org_code, channel_cost_amount, timing_time, agent_income_amount, sms_content, sms_type, is_timing_time, up_agent_id, consume_amount, sms_count, number_count, income_amount, sms_numbers, create_time, client_ip, sms_words, sub_type, sorting_time, up_agent_income_amount FROM t_send_box WHERE id = 17024;
2022-05-10 23:19:13 INFO  ConsumeMessageThread_1 p6spy 2022-05-10 23:19:13 | 耗时 0 ms | SQL 语句：
SELECT org.*, cost.Id AS cost_Id, cost.Organization_Code AS cost_Organization_Code, cost.sms_type, cost.Cost_Name AS Cost_Name, cost.Cost_Value AS Cost_Value, cost.State AS Cost_State, cost.Channel_Id AS Cost_Channel_Id, cost.Operator AS Cost_Operator, cost.Description AS Cost_Description, cost.Remark AS Cost_Remark, cost.Create_Date AS Cost_Create_Date FROM t_organization org LEFT JOIN t_organization_cost cost ON org.Organization_Code = cost.Organization_Code WHERE org.organization_code = '20200331160443FKDW';
2022-05-10 23:19:13 INFO  ConsumeMessageThread_1 p6spy 2022-05-10 23:19:13 | 耗时 1 ms | SQL 语句：
SELECT agent.*, cost.Id AS cost_Id, cost.Agent_Id AS Cost_Agent_Id, cost.sms_type, cost.Name AS Cost_Name, cost.Value AS Cost_Value, cost.Operator AS Cost_Operator, cost.Description AS Cost_Description, cost.Remark AS Cost_Remark, cost.Create_Date AS Cost_Create_Date FROM t_agent agent LEFT JOIN t_agent_cost cost ON agent.Id = cost.Agent_Id WHERE agent.Id = 36;
2022-05-10 23:19:13 INFO  ConsumeMessageThread_1 p6spy 2022-05-10 23:19:13 | 耗时 1 ms | SQL 语句：
SELECT agent.*, cost.Id AS cost_Id, cost.Agent_Id AS Cost_Agent_Id, cost.sms_type, cost.Name AS Cost_Name, cost.Value AS Cost_Value, cost.Operator AS Cost_Operator, cost.Description AS Cost_Description, cost.Remark AS Cost_Remark, cost.Create_Date AS Cost_Create_Date FROM t_agent agent LEFT JOIN t_agent_cost cost ON agent.Id = cost.Agent_Id WHERE agent.Id = 35;
2022-05-10 23:19:13 INFO  ConsumeMessageThread_1 p6spy 2022-05-10 23:19:13 | 耗时 1 ms | SQL 语句：
SELECT id, support_area, code, weight, description, create_user_name, remark, protocol_type, submit_way, impl_full_class, day_limit, create_time, area_regex, name, state, is_del, area_operator_regex, operator_regex FROM t_sms_channel WHERE (is_del = 0 AND state = 1 AND ((support_area = '+86' OR support_area IS NULL OR support_area = '')));
2022-05-10 23:19:14 INFO  ConsumeMessageThread_1 p6spy 2022-05-10 23:19:14 | 耗时 543 ms | SQL 语句：
SELECT Id, MobileNumber, MobileArea, Province_Code, PostCode, AreaCode, Create_Date, MobileType FROM mobile_area WHERE (MobileNumber = '1559047');
2022-05-10 23:19:14 INFO  ConsumeMessageThread_1 p6spy 2022-05-10 23:19:14 | 耗时 1 ms | SQL 语句：
SELECT id, create_time, org_code, group_id FROM t_organization_group WHERE (org_code = '20200331160443FKDW');
2022-05-10 23:19:14 INFO  ConsumeMessageThread_1 p6spy 2022-05-10 23:19:14 | 耗时 1 ms | SQL 语句：
SELECT id, create_time, group_id, sms_channel_id FROM t_sms_channel_group WHERE (group_id IN ('1'));
2022-05-10 23:19:14 INFO  ConsumeMessageThread_1 p6spy 2022-05-10 23:19:14 | 耗时 2 ms | SQL 语句：
SELECT id, create_time, property_type, name, sms_channel_id, description, remark, value FROM t_sms_channel_property WHERE (sms_channel_id = 11);
2022-05-10 23:19:14 INFO  ConsumeMessageThread_1 p6spy 2022-05-10 23:19:14 | 耗时 1 ms | SQL 语句：
SELECT Id, create_time, name, sms_channel_id, description, remark, sms_type, value, Operator FROM t_sms_channel_cost WHERE (sms_channel_id = 11);
2022-05-10 23:19:14 INFO  ConsumeMessageThread_1 p6spy 2022-05-10 23:19:14 | 耗时 443 ms | SQL 语句：
SELECT Id, MobileNumber, MobileArea, Province_Code, PostCode, AreaCode, Create_Date, MobileType FROM mobile_area WHERE (MobileNumber = '1508102');
2022-05-10 23:19:15 INFO  ConsumeMessageThread_1 p6spy 2022-05-10 23:19:15 | 耗时 486 ms | SQL 语句：
SELECT Id, MobileNumber, MobileArea, Province_Code, PostCode, AreaCode, Create_Date, MobileType FROM mobile_area WHERE (MobileNumber = '1895991');
2022-05-10 23:19:15 INFO  ConsumeMessageThread_1 p6spy 2022-05-10 23:19:15 | 耗时 1 ms | SQL 语句：
SELECT Id, Agent_Id, Sms_Approve_type, Cash_Amount, Description, Remark, interface_type, Available_Amount, Contact, Md5_Key, Sms_Sign, EMail, Create_Date, Settlement_type, Contact_Mobile, Amount, Address, Organization_Name, charges_type, Business_User_Id, Data_MD5, Bind_IP, Approve_State_Code, Organization_Code, Web_Url, Send_Sms_Total, notify_url, Create_User, Status FROM t_organization WHERE (Organization_Code = '20200331160443FKDW') FOR UPDATE;
2022-05-10 23:19:15 INFO  ConsumeMessageThread_1 p6spy 2022-05-10 23:19:15 | 耗时 1 ms | SQL 语句：
UPDATE t_organization SET cash_amount = cash_amount + 160, available_amount = available_amount - 160, send_sms_total = send_sms_total + 3, data_md5 = UPPER(MD5(CONCAT('dgfjokijorewdfsjfixcvjewr', Organization_Code, amount, Available_Amount, Cash_Amount, Send_Sms_Total, Md5_Key, Sms_Sign, Bind_IP))) WHERE (Id = 62);
2022-05-10 23:19:15 INFO  ConsumeMessageThread_1 p6spy 2022-05-10 23:19:15 | 耗时 1 ms | SQL 语句：
SELECT Id, Google_Key, Cash_Amount, Description, Remark, Agent_Password, Last_Login_IP, Level_Code, Available_Amount, Login_IP, EMail, Need_Bind_Google_Key, Create_Date, QQ, Up_Agent_Id, Agent_Account, Amount, Quota_Amount, Agent_Name, Login_Faild_Count, Data_MD5, Last_Login_Time, Phone_Number, Day_Limit, Send_Sms_Total, Create_User, State_Code, Pay_Password FROM t_agent WHERE Id = 36;
2022-05-10 23:19:15 INFO  ConsumeMessageThread_1 p6spy 2022-05-10 23:19:15 | 耗时 1 ms | SQL 语句：
SELECT Id, Google_Key, Cash_Amount, Description, Remark, Agent_Password, Last_Login_IP, Level_Code, Available_Amount, Login_IP, EMail, Need_Bind_Google_Key, Create_Date, QQ, Up_Agent_Id, Agent_Account, Amount, Quota_Amount, Agent_Name, Login_Faild_Count, Data_MD5, Last_Login_Time, Phone_Number, Day_Limit, Send_Sms_Total, Create_User, State_Code, Pay_Password FROM t_agent WHERE Id = 35;
2022-05-10 23:19:15 INFO  ConsumeMessageThread_1 p6spy 2022-05-10 23:19:15 | 耗时 2 ms | SQL 语句：
UPDATE t_send_box SET sorting_time = '2022-05-10T23:19:15.535+0800', timing_time = NULL, sms_count = sms_count + 3, consume_amount = consume_amount + 160, channel_cost_amount = channel_cost_amount + 90, agent_income_amount = agent_income_amount + 0, up_agent_income_amount = up_agent_income_amount + 0, income_amount = income_amount + 70 WHERE (id = 17024);
2022-05-10 23:19:15 INFO  PullMsgThread-SendRecordSMSGATEC1111 com.hero.sms.service.mq.MQService 收到消息【C0A801A4293018B4AAC2335A4B730000】topic【sendRecordTopicsmpp11】body【{"checkData":"bbb7f06c9191b284a03a0922ddab704c","id":140152}】
2022-05-10 23:19:15 INFO  PullMsgThread-SendRecordSMSGATEC117 com.hero.sms.service.mq.MQService 收到消息【C0A801A4293018B4AAC2335A4B7A0001】topic【sendRecordTopicsmpp11】body【{"checkData":"f99853dcd46e3eb541da795dc71c68cc","id":140153}】
2022-05-10 23:19:15 INFO  ConsumeMessageThread_1 com.hero.sms.service.mq.MQService 【End分拣】========【C0A801A45A7818B4AAC2335A3C320000】结束时间：【2022-05-10 23:19:15:589】,分拣耗时【3897】ms
2022-05-10 23:19:15 INFO  PullMsgThread-SendRecordSMSGATEC1113 com.hero.sms.service.mq.MQService 收到消息【C0A801A4293018B4AAC2335A4B800002】topic【sendRecordTopicsmpp11】body【{"checkData":"7bbe91c9d71e53321a3311e48e4d0e67","id":140154}】
2022-05-10 23:19:15 INFO  PullMsgThread-SendRecordSMSGATEC1111 p6spy 2022-05-10 23:19:15 | 耗时 1 ms | SQL 语句：
SELECT id, agent_id, sms_number_province, send_code, sms_number, sms_number_area, sms_number_operator, receipt_time, org_code, res_msgid, channel_cost_amount, agent_income_amount, sms_content, sms_type, state, channel_id, up_agent_id, consume_amount, state_desc, sms_count, income_amount, source_number, submit_time, create_time, sms_words, sub_type, up_agent_income_amount FROM t_send_record WHERE id = 140152;
2022-05-10 23:19:15 INFO  PullMsgThread-SendRecordSMSGATEC117 p6spy 2022-05-10 23:19:15 | 耗时 1 ms | SQL 语句：
SELECT id, agent_id, sms_number_province, send_code, sms_number, sms_number_area, sms_number_operator, receipt_time, org_code, res_msgid, channel_cost_amount, agent_income_amount, sms_content, sms_type, state, channel_id, up_agent_id, consume_amount, state_desc, sms_count, income_amount, source_number, submit_time, create_time, sms_words, sub_type, up_agent_income_amount FROM t_send_record WHERE id = 140153;
2022-05-10 23:19:15 INFO  PullMsgThread-SendRecordSMSGATEC1113 p6spy 2022-05-10 23:19:15 | 耗时 1 ms | SQL 语句：
SELECT id, agent_id, sms_number_province, send_code, sms_number, sms_number_area, sms_number_operator, receipt_time, org_code, res_msgid, channel_cost_amount, agent_income_amount, sms_content, sms_type, state, channel_id, up_agent_id, consume_amount, state_desc, sms_count, income_amount, source_number, submit_time, create_time, sms_words, sub_type, up_agent_income_amount FROM t_send_record WHERE id = 140154;
2022-05-10 23:19:15 INFO  PullMsgThread-SendRecordSMSGATEC1111 p6spy 2022-05-10 23:19:15 | 耗时 3 ms | SQL 语句：
INSERT INTO t_send_record_checkinfo (send_code, sms_number, state, channel_id) VALUES ('BN20220510231910YFNND', '15590478565', 1, 11);
2022-05-10 23:19:15 INFO  PullMsgThread-SendRecordSMSGATEC1113 p6spy 2022-05-10 23:19:15 | 耗时 3 ms | SQL 语句：
INSERT INTO t_send_record_checkinfo (send_code, sms_number, state, channel_id) VALUES ('BN20220510231910YFNND', '18959918987', 1, 11);
2022-05-10 23:19:15 INFO  PullMsgThread-SendRecordSMSGATEC117 p6spy 2022-05-10 23:19:15 | 耗时 1 ms | SQL 语句：
INSERT INTO t_send_record_checkinfo (send_code, sms_number, state, channel_id) VALUES ('BN20220510231910YFNND', '15081024107', 1, 11);
2022-05-10 23:19:15 INFO  PullMsgThread-SendRecordSMSGATEC1113 com.hero.sms.service.impl.channel.push.BaseSmsPushService 【5-0、SMPP(异步)提交】【BN20220510231910YFNND】【18959918987】【11】
2022-05-10 23:19:15 INFO  PullMsgThread-SendRecordSMSGATEC117 com.hero.sms.service.impl.channel.push.BaseSmsPushService 【5-0、SMPP(异步)提交】【BN20220510231910YFNND】【15081024107】【11】
2022-05-10 23:19:15 INFO  PullMsgThread-SendRecordSMSGATEC1111 com.hero.sms.service.impl.channel.push.BaseSmsPushService 【5-0、SMPP(异步)提交】【BN20220510231910YFNND】【15590478565】【11】
2022-05-10 23:19:15 INFO  workGroup3 com.hero.sms.service.impl.channel.push.BaseSmsPushService 【异步提交】批次号【BN20220510231910YFNND】记录ID【140154】手机号码【18959918987】通道ID【11】发送smpp【成功】
2022-05-10 23:19:15 INFO  workGroup1 com.hero.sms.service.impl.channel.push.BaseSmsPushService 【异步提交】批次号【BN20220510231910YFNND】记录ID【140152】手机号码【15590478565】通道ID【11】发送smpp【成功】
2022-05-10 23:19:15 INFO  workGroup2 com.hero.sms.service.impl.channel.push.BaseSmsPushService 【异步提交】批次号【BN20220510231910YFNND】记录ID【140153】手机号码【15081024107】通道ID【11】发送smpp【成功】
2022-05-10 23:19:15 INFO  workGroup1 p6spy 2022-05-10 23:19:15 | 耗时 4 ms | SQL 语句：
UPDATE t_send_record SET state = 4, state_desc = '', submit_time = '2022-05-10T23:19:15.689+0800' WHERE (id = 140152 AND channel_id = 11 AND res_msgid IS NULL);
2022-05-10 23:19:15 INFO  workGroup2 p6spy 2022-05-10 23:19:15 | 耗时 5 ms | SQL 语句：
UPDATE t_send_record SET state = 4, state_desc = '', submit_time = '2022-05-10T23:19:15.688+0800' WHERE (id = 140153 AND channel_id = 11 AND res_msgid IS NULL);
2022-05-10 23:19:15 INFO  workGroup3 p6spy 2022-05-10 23:19:15 | 耗时 5 ms | SQL 语句：
UPDATE t_send_record SET state = 4, state_desc = '', submit_time = '2022-05-10T23:19:15.688+0800' WHERE (id = 140154 AND channel_id = 11 AND res_msgid IS NULL);
2022-05-10 23:19:31 INFO  workGroup2 p6spy 2022-05-10 23:19:31 | 耗时 17 ms | SQL 语句：
SELECT id, support_area, code, weight, description, create_user_name, remark, protocol_type, submit_way, impl_full_class, day_limit, create_time, area_regex, name, state, is_del, area_operator_regex, operator_regex FROM t_sms_channel WHERE id = 11;
2022-05-10 23:19:41 INFO  workGroup2 com.hero.sms.service.impl.channel.push.SMPPClientMessageReceiveHandler 【异步提交回执】收到[上游]通道ID【11】的消息:{"commandId":-2147483644,"commandLength":38,"commandStatus":0,"lifeTime":0,"messageId":"BN20220510231917NRIMO","name":"submit_sm_resp","optionalParameterCount":0,"request":{"commandId":4,"commandLength":56,"commandStatus":0,"dataCoding":8,"defaultMsgId":0,"destAddress":{"address":"8615081024107","npi":0,"ton":0},"esmClass":0,"lifeTime":0,"msgContent":"测试","msglength":4,"name":"submit_sm","optionalParameterCount":0,"priority":0,"protocolId":0,"registeredDelivery":1,"replaceIfPresent":0,"report":false,"response":false,"responseClass":"com.zx.sms.codec.smpp.msg.SubmitSmResp","scheduleDeliveryTime":"","sequenceNo":1037473916,"sequenceNumber":1037473916,"shortMessage":"bUuL1Q==","sourceAddress":{"address":"140153","npi":0,"ton":0},"terminated":false,"timestamp":1652195954673,"validityPeriod":""},"response":true,"resultMessage":"OK","sequenceNo":1037473916,"sequenceNumber":1037473916,"terminated":false,"timestamp":1652195955673}
2022-05-10 23:19:41 INFO  workGroup2 p6spy 2022-05-10 23:19:41 | 耗时 0 ms | SQL 语句：
SELECT id, agent_id, sms_number_province, send_code, sms_number, sms_number_area, sms_number_operator, receipt_time, org_code, res_msgid, channel_cost_amount, agent_income_amount, sms_content, sms_type, state, channel_id, up_agent_id, consume_amount, state_desc, sms_count, income_amount, source_number, submit_time, create_time, sms_words, sub_type, up_agent_income_amount FROM t_send_record WHERE (channel_id = 11 AND id = 140153 AND state IN (4, 8, 2) AND res_msgid IS NULL);
2022-05-10 23:19:41 INFO  workGroup2 com.hero.sms.service.impl.channel.push.SMPPClientMessageReceiveHandler 【异步提交】批次号【BN20220510231910YFNND】记录ID【140153】手机号码【+8615081024107】通道ID【11】通道标识【BN20220510231917NRIMO】发送smpp【成功】:{"commandId":-2147483644,"commandLength":38,"commandStatus":0,"lifeTime":0,"messageId":"BN20220510231917NRIMO","name":"submit_sm_resp","optionalParameterCount":0,"request":{"commandId":4,"commandLength":56,"commandStatus":0,"dataCoding":8,"defaultMsgId":0,"destAddress":{"address":"8615081024107","npi":0,"ton":0},"esmClass":0,"lifeTime":0,"msgContent":"测试","msglength":4,"name":"submit_sm","optionalParameterCount":0,"priority":0,"protocolId":0,"registeredDelivery":1,"replaceIfPresent":0,"report":false,"response":false,"responseClass":"com.zx.sms.codec.smpp.msg.SubmitSmResp","scheduleDeliveryTime":"","sequenceNo":1037473916,"sequenceNumber":1037473916,"shortMessage":"bUuL1Q==","sourceAddress":{"address":"140153","npi":0,"ton":0},"terminated":false,"timestamp":1652195954673,"validityPeriod":""},"response":true,"resultMessage":"OK","sequenceNo":1037473916,"sequenceNumber":1037473916,"terminated":false,"timestamp":1652195955673}
2022-05-10 23:19:41 INFO  workGroup2 p6spy 2022-05-10 23:19:41 | 耗时 4 ms | SQL 语句：
UPDATE t_send_record SET state_desc = '', res_msgid = 'BN20220510231917NRIMO', state = 4 WHERE (id = 140153 AND state IN (4, 8, 2) AND channel_id = 11 AND res_msgid IS NULL);
2022-05-10 23:19:46 INFO  workGroup3 p6spy 2022-05-10 23:19:46 | 耗时 10 ms | SQL 语句：
SELECT id, support_area, code, weight, description, create_user_name, remark, protocol_type, submit_way, impl_full_class, day_limit, create_time, area_regex, name, state, is_del, area_operator_regex, operator_regex FROM t_sms_channel WHERE id = 11;
2022-05-10 23:19:46 INFO  workGroup3 com.hero.sms.service.impl.channel.push.SMPPClientMessageReceiveHandler 【异步提交回执】收到[上游]通道ID【11】的消息:{"commandId":-2147483644,"commandLength":38,"commandStatus":0,"lifeTime":0,"messageId":"BN20220510231917W3Y4X","name":"submit_sm_resp","optionalParameterCount":0,"request":{"commandId":4,"commandLength":56,"commandStatus":0,"dataCoding":8,"defaultMsgId":0,"destAddress":{"address":"8618959918987","npi":0,"ton":0},"esmClass":0,"lifeTime":0,"msgContent":"测试","msglength":4,"name":"submit_sm","optionalParameterCount":0,"priority":0,"protocolId":0,"registeredDelivery":1,"replaceIfPresent":0,"report":false,"response":false,"responseClass":"com.zx.sms.codec.smpp.msg.SubmitSmResp","scheduleDeliveryTime":"","sequenceNo":1037473917,"sequenceNumber":1037473917,"shortMessage":"bUuL1Q==","sourceAddress":{"address":"140154","npi":0,"ton":0},"terminated":false,"timestamp":1652195954673,"validityPeriod":""},"response":true,"resultMessage":"OK","sequenceNo":1037473917,"sequenceNumber":1037473917,"terminated":false,"timestamp":1652195955673}
2022-05-10 23:19:46 INFO  workGroup3 p6spy 2022-05-10 23:19:46 | 耗时 1 ms | SQL 语句：
SELECT id, agent_id, sms_number_province, send_code, sms_number, sms_number_area, sms_number_operator, receipt_time, org_code, res_msgid, channel_cost_amount, agent_income_amount, sms_content, sms_type, state, channel_id, up_agent_id, consume_amount, state_desc, sms_count, income_amount, source_number, submit_time, create_time, sms_words, sub_type, up_agent_income_amount FROM t_send_record WHERE (channel_id = 11 AND id = 140154 AND state IN (4, 8, 2) AND res_msgid IS NULL);
2022-05-10 23:19:46 INFO  workGroup3 com.hero.sms.service.impl.channel.push.SMPPClientMessageReceiveHandler 【异步提交】批次号【BN20220510231910YFNND】记录ID【140154】手机号码【+8618959918987】通道ID【11】通道标识【BN20220510231917W3Y4X】发送smpp【成功】:{"commandId":-2147483644,"commandLength":38,"commandStatus":0,"lifeTime":0,"messageId":"BN20220510231917W3Y4X","name":"submit_sm_resp","optionalParameterCount":0,"request":{"commandId":4,"commandLength":56,"commandStatus":0,"dataCoding":8,"defaultMsgId":0,"destAddress":{"address":"8618959918987","npi":0,"ton":0},"esmClass":0,"lifeTime":0,"msgContent":"测试","msglength":4,"name":"submit_sm","optionalParameterCount":0,"priority":0,"protocolId":0,"registeredDelivery":1,"replaceIfPresent":0,"report":false,"response":false,"responseClass":"com.zx.sms.codec.smpp.msg.SubmitSmResp","scheduleDeliveryTime":"","sequenceNo":1037473917,"sequenceNumber":1037473917,"shortMessage":"bUuL1Q==","sourceAddress":{"address":"140154","npi":0,"ton":0},"terminated":false,"timestamp":1652195954673,"validityPeriod":""},"response":true,"resultMessage":"OK","sequenceNo":1037473917,"sequenceNumber":1037473917,"terminated":false,"timestamp":1652195955673}
2022-05-10 23:19:46 INFO  workGroup3 p6spy 2022-05-10 23:19:46 | 耗时 5 ms | SQL 语句：
UPDATE t_send_record SET state_desc = '', res_msgid = 'BN20220510231917W3Y4X', state = 4 WHERE (id = 140154 AND state IN (4, 8, 2) AND channel_id = 11 AND res_msgid IS NULL);
2022-05-10 23:19:46 INFO  workGroup1 p6spy 2022-05-10 23:19:46 | 耗时 1 ms | SQL 语句：
SELECT id, support_area, code, weight, description, create_user_name, remark, protocol_type, submit_way, impl_full_class, day_limit, create_time, area_regex, name, state, is_del, area_operator_regex, operator_regex FROM t_sms_channel WHERE id = 11;
2022-05-10 23:19:46 INFO  workGroup1 com.hero.sms.service.impl.channel.push.SMPPClientMessageReceiveHandler 【异步提交回执】收到[上游]通道ID【11】的消息:{"commandId":-2147483644,"commandLength":38,"commandStatus":0,"lifeTime":0,"messageId":"BN20220510231917BWJ4K","name":"submit_sm_resp","optionalParameterCount":0,"request":{"commandId":4,"commandLength":56,"commandStatus":0,"dataCoding":8,"defaultMsgId":0,"destAddress":{"address":"8615590478565","npi":0,"ton":0},"esmClass":0,"lifeTime":0,"msgContent":"测试","msglength":4,"name":"submit_sm","optionalParameterCount":0,"priority":0,"protocolId":0,"registeredDelivery":1,"replaceIfPresent":0,"report":false,"response":false,"responseClass":"com.zx.sms.codec.smpp.msg.SubmitSmResp","scheduleDeliveryTime":"","sequenceNo":1037473915,"sequenceNumber":1037473915,"shortMessage":"bUuL1Q==","sourceAddress":{"address":"140152","npi":0,"ton":0},"terminated":false,"timestamp":1652195954673,"validityPeriod":""},"response":true,"resultMessage":"OK","sequenceNo":1037473915,"sequenceNumber":1037473915,"terminated":false,"timestamp":1652195955673}
2022-05-10 23:19:46 INFO  workGroup1 p6spy 2022-05-10 23:19:46 | 耗时 1 ms | SQL 语句：
SELECT id, agent_id, sms_number_province, send_code, sms_number, sms_number_area, sms_number_operator, receipt_time, org_code, res_msgid, channel_cost_amount, agent_income_amount, sms_content, sms_type, state, channel_id, up_agent_id, consume_amount, state_desc, sms_count, income_amount, source_number, submit_time, create_time, sms_words, sub_type, up_agent_income_amount FROM t_send_record WHERE (channel_id = 11 AND id = 140152 AND state IN (4, 8, 2) AND res_msgid IS NULL);
2022-05-10 23:19:46 INFO  workGroup1 com.hero.sms.service.impl.channel.push.SMPPClientMessageReceiveHandler 【异步提交】批次号【BN20220510231910YFNND】记录ID【140152】手机号码【+8615590478565】通道ID【11】通道标识【BN20220510231917BWJ4K】发送smpp【成功】:{"commandId":-2147483644,"commandLength":38,"commandStatus":0,"lifeTime":0,"messageId":"BN20220510231917BWJ4K","name":"submit_sm_resp","optionalParameterCount":0,"request":{"commandId":4,"commandLength":56,"commandStatus":0,"dataCoding":8,"defaultMsgId":0,"destAddress":{"address":"8615590478565","npi":0,"ton":0},"esmClass":0,"lifeTime":0,"msgContent":"测试","msglength":4,"name":"submit_sm","optionalParameterCount":0,"priority":0,"protocolId":0,"registeredDelivery":1,"replaceIfPresent":0,"report":false,"response":false,"responseClass":"com.zx.sms.codec.smpp.msg.SubmitSmResp","scheduleDeliveryTime":"","sequenceNo":1037473915,"sequenceNumber":1037473915,"shortMessage":"bUuL1Q==","sourceAddress":{"address":"140152","npi":0,"ton":0},"terminated":false,"timestamp":1652195954673,"validityPeriod":""},"response":true,"resultMessage":"OK","sequenceNo":1037473915,"sequenceNumber":1037473915,"terminated":false,"timestamp":1652195955673}
2022-05-10 23:19:46 INFO  workGroup1 p6spy 2022-05-10 23:19:46 | 耗时 4 ms | SQL 语句：
UPDATE t_send_record SET state_desc = '', res_msgid = 'BN20220510231917BWJ4K', state = 4 WHERE (id = 140152 AND state IN (4, 8, 2) AND channel_id = 11 AND res_msgid IS NULL);
2022-05-10 23:34:47 INFO  RMI TCP Connection(2)-127.0.0.1 org.springframework.boot.admin.SpringApplicationAdminMXBeanRegistrar$SpringApplicationAdmin Application shutdown requested.
2022-05-10 23:34:47 INFO  RMI TCP Connection(2)-127.0.0.1 com.hero.sms.common.configure.CbShutdownConfig$GracefulShutdown application is going to stop. try to stop tomcat gracefully
2022-05-10 23:34:48 INFO  RMI TCP Connection(2)-127.0.0.1 org.quartz.core.QuartzScheduler Scheduler quartzScheduler_$_NON_CLUSTERED paused.
2022-05-10 23:34:48 INFO  RMI TCP Connection(2)-127.0.0.1 org.springframework.scheduling.quartz.SchedulerFactoryBean Shutting down Quartz Scheduler
2022-05-10 23:34:48 INFO  RMI TCP Connection(2)-127.0.0.1 org.quartz.core.QuartzScheduler Scheduler quartzScheduler_$_NON_CLUSTERED shutting down.
2022-05-10 23:34:48 INFO  RMI TCP Connection(2)-127.0.0.1 org.quartz.core.QuartzScheduler Scheduler quartzScheduler_$_NON_CLUSTERED paused.
2022-05-10 23:34:48 INFO  RMI TCP Connection(2)-127.0.0.1 org.quartz.core.QuartzScheduler Scheduler quartzScheduler_$_NON_CLUSTERED shutdown complete.
2022-05-10 23:34:48 INFO  RMI TCP Connection(2)-127.0.0.1 org.springframework.scheduling.concurrent.ThreadPoolTaskExecutor Shutting down ExecutorService 'getewayThreadPool'
2022-05-10 23:34:48 INFO  RMI TCP Connection(2)-127.0.0.1 com.baomidou.dynamic.datasource.DynamicRoutingDataSource dynamic-datasource start closing ....
2022-05-10 23:34:48 INFO  RMI TCP Connection(2)-127.0.0.1 com.zaxxer.hikari.HikariDataSource quartz - Shutdown initiated...
2022-05-10 23:34:48 INFO  RMI TCP Connection(2)-127.0.0.1 com.zaxxer.hikari.HikariDataSource quartz - Shutdown completed.
2022-05-10 23:34:48 INFO  RMI TCP Connection(2)-127.0.0.1 com.zaxxer.hikari.HikariDataSource base - Shutdown initiated...
2022-05-10 23:34:48 INFO  RMI TCP Connection(2)-127.0.0.1 com.zaxxer.hikari.HikariDataSource base - Shutdown completed.
2022-05-10 23:34:48 INFO  RMI TCP Connection(2)-127.0.0.1 com.baomidou.dynamic.datasource.DynamicRoutingDataSource dynamic-datasource all closed success,bye
