2022-05-08 22:29:57 INFO  main com.hero.sms.GetewayApplication Starting GetewayApplication on LAPTOP-L07PL5KH with PID 50508 (C:\work\workspaceSmsBfSvn\sms\sms-gateway\target\classes started by payBoo in C:\work\workspaceSmsBfSvn\sms\sms-gateway)
2022-05-08 22:29:57 INFO  main com.hero.sms.GetewayApplication The following profiles are active: test
2022-05-08 22:30:00 INFO  main org.springframework.data.repository.config.RepositoryConfigurationDelegate Multiple Spring Data modules found, entering strict repository configuration mode!
2022-05-08 22:30:00 INFO  main org.springframework.data.repository.config.RepositoryConfigurationDelegate Bootstrapping Spring Data repositories in DEFAULT mode.
2022-05-08 22:30:00 INFO  main org.springframework.data.repository.config.RepositoryConfigurationDelegate Finished Spring Data repository scanning in 572ms. Found 0 repository interfaces.
2022-05-08 22:30:01 INFO  main org.springframework.context.support.PostProcessorRegistrationDelegate$BeanPostProcessorChecker Bean 'spring.datasource.dynamic-com.baomidou.dynamic.datasource.spring.boot.autoconfigure.DynamicDataSourceProperties' of type [com.baomidou.dynamic.datasource.spring.boot.autoconfigure.DynamicDataSourceProperties] is not eligible for getting processed by all BeanPostProcessors (for example: not eligible for auto-proxying)
2022-05-08 22:30:01 INFO  main org.springframework.context.support.PostProcessorRegistrationDelegate$BeanPostProcessorChecker Bean 'com.baomidou.dynamic.datasource.spring.boot.autoconfigure.DynamicDataSourceAutoConfiguration' of type [com.baomidou.dynamic.datasource.spring.boot.autoconfigure.DynamicDataSourceAutoConfiguration$$EnhancerBySpringCGLIB$$7f178fe9] is not eligible for getting processed by all BeanPostProcessors (for example: not eligible for auto-proxying)
2022-05-08 22:30:01 INFO  main org.springframework.context.support.PostProcessorRegistrationDelegate$BeanPostProcessorChecker Bean 'dsProcessor' of type [com.baomidou.dynamic.datasource.processor.DsHeaderProcessor] is not eligible for getting processed by all BeanPostProcessors (for example: not eligible for auto-proxying)
2022-05-08 22:30:01 INFO  main org.springframework.context.support.PostProcessorRegistrationDelegate$BeanPostProcessorChecker Bean 'dynamicDatasourceAnnotationAdvisor' of type [com.baomidou.dynamic.datasource.aop.DynamicDataSourceAnnotationAdvisor] is not eligible for getting processed by all BeanPostProcessors (for example: not eligible for auto-proxying)
2022-05-08 22:30:01 INFO  main org.springframework.context.support.PostProcessorRegistrationDelegate$BeanPostProcessorChecker Bean 'org.springframework.transaction.annotation.ProxyTransactionManagementConfiguration' of type [org.springframework.transaction.annotation.ProxyTransactionManagementConfiguration] is not eligible for getting processed by all BeanPostProcessors (for example: not eligible for auto-proxying)
2022-05-08 22:30:02 INFO  main org.springframework.boot.web.embedded.tomcat.TomcatWebServer Tomcat initialized with port(s): 8080 (http)
2022-05-08 22:30:02 INFO  main org.apache.coyote.http11.Http11NioProtocol Initializing ProtocolHandler ["http-nio-8080"]
2022-05-08 22:30:02 INFO  main org.apache.catalina.core.StandardService Starting service [Tomcat]
2022-05-08 22:30:02 INFO  main org.apache.catalina.core.StandardEngine Starting Servlet engine: [Apache Tomcat/9.0.27]
2022-05-08 22:30:02 INFO  main org.apache.catalina.core.ContainerBase.[Tomcat].[localhost].[/] Initializing Spring embedded WebApplicationContext
2022-05-08 22:30:02 INFO  main org.springframework.web.context.ContextLoader Root WebApplicationContext: initialization completed in 4894 ms
2022-05-08 22:30:02 INFO  main com.baomidou.dynamic.datasource.DynamicRoutingDataSource dynamic-datasource detect P6SPY plugin and enabled it
2022-05-08 22:30:02 INFO  main com.zaxxer.hikari.HikariDataSource base - Starting...
2022-05-08 22:30:02 INFO  main com.zaxxer.hikari.HikariDataSource base - Start completed.
2022-05-08 22:30:02 INFO  main com.zaxxer.hikari.HikariDataSource quartz - Starting...
2022-05-08 22:30:02 INFO  main com.zaxxer.hikari.HikariDataSource quartz - Start completed.
2022-05-08 22:30:02 INFO  main com.baomidou.dynamic.datasource.DynamicRoutingDataSource dynamic-datasource - load a datasource named [quartz] success
2022-05-08 22:30:02 INFO  main com.baomidou.dynamic.datasource.DynamicRoutingDataSource dynamic-datasource - load a datasource named [base] success
2022-05-08 22:30:02 INFO  main com.baomidou.dynamic.datasource.DynamicRoutingDataSource dynamic-datasource initial loaded [2] datasource,primary datasource named [base]
2022-05-08 22:30:03 INFO  main com.hero.sms.common.xss.XssFilter ------------ xss filter init ------------
2022-05-08 22:30:08 INFO  main org.springframework.boot.actuate.endpoint.web.EndpointLinksResolver Exposing 2 endpoint(s) beneath base path '/actuator'
2022-05-08 22:30:08 INFO  main springfox.documentation.spring.web.PropertySourcedRequestMappingHandlerMapping Mapped URL path [/v2/api-docs] onto method [springfox.documentation.swagger2.web.Swagger2Controller#getDocumentation(String, HttpServletRequest)]
2022-05-08 22:30:08 INFO  main org.springframework.scheduling.concurrent.ThreadPoolTaskExecutor Initializing ExecutorService
2022-05-08 22:30:08 INFO  main org.springframework.scheduling.concurrent.ThreadPoolTaskExecutor Initializing ExecutorService 'getewayThreadPool'
2022-05-08 22:30:08 INFO  main org.springframework.boot.autoconfigure.web.servlet.WelcomePageHandlerMapping Adding welcome page template: index
2022-05-08 22:30:09 INFO  main org.quartz.impl.StdSchedulerFactory Using default implementation for ThreadExecutor
2022-05-08 22:30:09 INFO  main org.quartz.core.SchedulerSignalerImpl Initialized Scheduler Signaller of type: class org.quartz.core.SchedulerSignalerImpl
2022-05-08 22:30:09 INFO  main org.quartz.core.QuartzScheduler Quartz Scheduler v.2.3.2 created.
2022-05-08 22:30:09 INFO  main org.quartz.simpl.RAMJobStore RAMJobStore initialized.
2022-05-08 22:30:09 INFO  main org.quartz.core.QuartzScheduler Scheduler meta-data: Quartz Scheduler (v2.3.2) 'quartzScheduler' with instanceId 'NON_CLUSTERED'
  Scheduler class: 'org.quartz.core.QuartzScheduler' - running locally.
  NOT STARTED.
  Currently in standby mode.
  Number of jobs executed: 0
  Using thread pool 'org.quartz.simpl.SimpleThreadPool' - with 10 threads.
  Using job-store 'org.quartz.simpl.RAMJobStore' - which does not support persistence. and is not clustered.

2022-05-08 22:30:09 INFO  main org.quartz.impl.StdSchedulerFactory Quartz scheduler 'quartzScheduler' initialized from an externally provided properties instance.
2022-05-08 22:30:09 INFO  main org.quartz.impl.StdSchedulerFactory Quartz scheduler version: 2.3.2
2022-05-08 22:30:09 INFO  main org.quartz.core.QuartzScheduler JobFactory set to: org.springframework.scheduling.quartz.SpringBeanJobFactory@eaa07bb
2022-05-08 22:30:09 INFO  main springfox.documentation.spring.web.plugins.DocumentationPluginsBootstrapper Context refreshed
2022-05-08 22:30:09 INFO  main springfox.documentation.spring.web.plugins.DocumentationPluginsBootstrapper Found 1 custom documentation plugin(s)
2022-05-08 22:30:09 INFO  main springfox.documentation.spring.web.scanners.ApiListingReferenceScanner Scanning for api listing references
2022-05-08 22:30:09 INFO  main springfox.documentation.spring.web.readers.operation.CachingOperationNameGenerator Generating unique operation named: receiptUsingGET_1
2022-05-08 22:30:09 INFO  main springfox.documentation.spring.web.readers.operation.CachingOperationNameGenerator Generating unique operation named: receiptUsingHEAD_1
2022-05-08 22:30:09 INFO  main springfox.documentation.spring.web.readers.operation.CachingOperationNameGenerator Generating unique operation named: receiptUsingPOST_1
2022-05-08 22:30:09 INFO  main springfox.documentation.spring.web.readers.operation.CachingOperationNameGenerator Generating unique operation named: receiptUsingPUT_1
2022-05-08 22:30:09 INFO  main springfox.documentation.spring.web.readers.operation.CachingOperationNameGenerator Generating unique operation named: receiptUsingPATCH_1
2022-05-08 22:30:09 INFO  main springfox.documentation.spring.web.readers.operation.CachingOperationNameGenerator Generating unique operation named: receiptUsingDELETE_1
2022-05-08 22:30:09 INFO  main springfox.documentation.spring.web.readers.operation.CachingOperationNameGenerator Generating unique operation named: receiptUsingOPTIONS_1
2022-05-08 22:30:09 INFO  main springfox.documentation.spring.web.readers.operation.CachingOperationNameGenerator Generating unique operation named: receiptUsingTRACE_1
2022-05-08 22:30:09 INFO  main springfox.documentation.spring.web.readers.operation.CachingOperationNameGenerator Generating unique operation named: receiptUsingGET_2
2022-05-08 22:30:09 INFO  main springfox.documentation.spring.web.readers.operation.CachingOperationNameGenerator Generating unique operation named: receiptUsingHEAD_2
2022-05-08 22:30:09 INFO  main springfox.documentation.spring.web.readers.operation.CachingOperationNameGenerator Generating unique operation named: receiptUsingPOST_2
2022-05-08 22:30:09 INFO  main springfox.documentation.spring.web.readers.operation.CachingOperationNameGenerator Generating unique operation named: receiptUsingPUT_2
2022-05-08 22:30:09 INFO  main springfox.documentation.spring.web.readers.operation.CachingOperationNameGenerator Generating unique operation named: receiptUsingPATCH_2
2022-05-08 22:30:09 INFO  main springfox.documentation.spring.web.readers.operation.CachingOperationNameGenerator Generating unique operation named: receiptUsingDELETE_2
2022-05-08 22:30:09 INFO  main springfox.documentation.spring.web.readers.operation.CachingOperationNameGenerator Generating unique operation named: receiptUsingOPTIONS_2
2022-05-08 22:30:09 INFO  main springfox.documentation.spring.web.readers.operation.CachingOperationNameGenerator Generating unique operation named: receiptUsingTRACE_2
2022-05-08 22:30:09 INFO  main org.springframework.scheduling.quartz.SchedulerFactoryBean Starting Quartz Scheduler now
2022-05-08 22:30:09 INFO  main org.quartz.core.QuartzScheduler Scheduler quartzScheduler_$_NON_CLUSTERED started.
2022-05-08 22:30:09 INFO  main org.apache.coyote.http11.Http11NioProtocol Starting ProtocolHandler ["http-nio-8080"]
2022-05-08 22:30:09 INFO  main org.springframework.boot.web.embedded.tomcat.TomcatWebServer Tomcat started on port(s): 8080 (http) with context path ''
2022-05-08 22:30:09 INFO  main com.hero.sms.GetewayApplication Started GetewayApplication in 13.13 seconds (JVM running for 15.698)
2022-05-08 22:30:09 INFO  main com.hero.sms.common.DatabaseCache 开始缓存字典
2022-05-08 22:30:10 INFO  main p6spy 2022-05-08 22:30:10 | 耗时 2 ms | SQL 语句：
SELECT ID, CODE, CREATE_TIME, ORDER_LEVEL, PARENT_CODE, IS_DELETE, NAME, DESCRIPTION, REMARK, SORT_CODE FROM code WHERE (IS_DELETE = '0');
2022-05-08 22:30:10 INFO  main com.hero.sms.common.DatabaseCache 缓存代理信息
2022-05-08 22:30:10 INFO  main p6spy 2022-05-08 22:30:10 | 耗时 1 ms | SQL 语句：
SELECT Id, Google_Key, Cash_Amount, Description, Remark, Agent_Password, Last_Login_IP, Level_Code, Available_Amount, Login_IP, EMail, Need_Bind_Google_Key, Create_Date, QQ, Up_Agent_Id, Agent_Account, Amount, Quota_Amount, Agent_Name, Login_Faild_Count, Data_MD5, Last_Login_Time, Phone_Number, Day_Limit, Send_Sms_Total, Create_User, State_Code, Pay_Password FROM t_agent;
2022-05-08 22:30:10 INFO  main com.hero.sms.common.DatabaseCache 缓存商户信息
2022-05-08 22:30:10 INFO  main p6spy 2022-05-08 22:30:10 | 耗时 1 ms | SQL 语句：
SELECT Id, Agent_Id, Sms_Approve_type, Cash_Amount, Description, Remark, interface_type, Available_Amount, Contact, Md5_Key, Sms_Sign, EMail, Create_Date, Settlement_type, Contact_Mobile, Amount, Address, Organization_Name, charges_type, Business_User_Id, Data_MD5, Bind_IP, Approve_State_Code, Organization_Code, Web_Url, Send_Sms_Total, notify_url, Create_User, Status FROM t_organization;
2022-05-08 22:30:10 INFO  main com.hero.sms.common.DatabaseCache 缓存短信通道信息
2022-05-08 22:30:10 INFO  main p6spy 2022-05-08 22:30:10 | 耗时 1 ms | SQL 语句：
SELECT id, support_area, code, weight, description, create_user_name, remark, protocol_type, impl_full_class, day_limit, create_time, area_regex, name, state, is_del, area_operator_regex, operator_regex FROM t_sms_channel;
2022-05-08 22:30:10 INFO  main com.hero.sms.common.DatabaseCache 缓存支付通道信息
2022-05-08 22:30:10 INFO  main p6spy 2022-05-08 22:30:10 | 耗时 1 ms | SQL 语句：
SELECT id, key1, key2, min_amount, cost, key5, key3, key4, weight, remark, encrypt_key, impl_full_class, netway_code, create_time, merch_no, request_url, state_code, sign_key, callBack_url, channel_name, pay_code, max_amount FROM t_pay_channel;
2022-05-08 22:30:10 INFO  main com.hero.sms.common.DatabaseCache 缓存IP黑名单信息
2022-05-08 22:30:10 INFO  main p6spy 2022-05-08 22:30:10 | 耗时 1 ms | SQL 语句：
SELECT Id, Black_Ip, IsAvailability, LImit_Project, Description, Create_User, Remark, Create_Date FROM t_black_ip_config WHERE (IsAvailability = '1');
2022-05-08 22:30:10 INFO  main com.hero.sms.common.DatabaseCache 缓存手机号码黑名单信息
2022-05-08 22:30:10 INFO  main p6spy 2022-05-08 22:30:10 | 耗时 1 ms | SQL 语句：
SELECT area, number FROM t_mobile_black;
2022-05-08 22:30:10 INFO  main com.hero.sms.common.DatabaseCache 缓存网关类型信息
2022-05-08 22:30:10 INFO  main com.hero.sms.common.DatabaseCache Begin-缓存地区列表
2022-05-08 22:30:10 INFO  main p6spy 2022-05-08 22:30:10 | 耗时 1 ms | SQL 语句：
SELECT id, extend, create_time, area_name, area_coding, out_area, in_area, order_num FROM t_area_code ORDER BY order_num ASC;
2022-05-08 22:30:10 INFO  main com.hero.sms.common.DatabaseCache End-地区列表缓存完成
2022-05-08 22:30:10 INFO  main com.hero.sms.common.DatabaseCache 字典缓存完成
2022-05-08 22:30:10 INFO  main com.hero.sms.common.DatabaseCache Begin-缓存敏感词信息
2022-05-08 22:30:10 INFO  main p6spy 2022-05-08 22:30:10 | 耗时 9 ms | SQL 语句：
SELECT id, new_word, word FROM t_sensitive_word ORDER BY id DESC;
2022-05-08 22:30:10 INFO  main com.hero.sms.common.DatabaseCache End-敏感词信息缓存完成
2022-05-08 22:30:10 INFO  main io.lettuce.core.EpollProvider Starting without optional epoll library
2022-05-08 22:30:10 INFO  main io.lettuce.core.KqueueProvider Starting without optional kqueue library
2022-05-08 22:30:32 INFO  main p6spy 2022-05-08 22:30:32 | 耗时 1 ms | SQL 语句：
SELECT * FROM t_organization WHERE Status = '1' AND interface_type & 2 = 2;
2022-05-08 22:30:37 INFO  main p6spy 2022-05-08 22:30:37 | 耗时 1 ms | SQL 语句：
SELECT * FROM t_sms_channel WHERE state & 3 = state AND protocol_type = 'smpp' AND is_del = 0;
2022-05-08 22:30:37 INFO  main p6spy 2022-05-08 22:30:37 | 耗时 1 ms | SQL 语句：
SELECT * FROM t_sms_channel_property WHERE sms_channel_id = 11;
2022-05-08 22:30:37 INFO  main p6spy 2022-05-08 22:30:37 | 耗时 1 ms | SQL 语句：
SELECT * FROM t_sms_channel_cost WHERE sms_channel_id = 11;
2022-05-08 22:30:37 INFO  workGroup1 com.zx.sms.connect.manager.AbstractEndpointConnector Channel added To Endpoint EndpointEntity [Id=11, Desc=null, channelType=DUPLEX, host=103.156.178.53, port=63456, maxChannels=3, valid=true, businessHandlerSet=[com.hero.sms.service.impl.channel.push.SMPPClientMessageReceiveHandler@6c8c60b9]] .totalCnt:1 ,remoteAddress: /103.156.178.53:63456
2022-05-08 22:30:38 INFO  workGroup1 com.zx.sms.connect.manager.AbstractEndpointConnector handlers is not shareable . clone it success. com.hero.sms.service.impl.channel.push.SMPPClientMessageReceiveHandler@19ab9a1
2022-05-08 22:30:38 INFO  workGroup2 com.zx.sms.connect.manager.AbstractEndpointConnector Channel added To Endpoint EndpointEntity [Id=11, Desc=null, channelType=DUPLEX, host=103.156.178.53, port=63456, maxChannels=3, valid=true, businessHandlerSet=[com.hero.sms.service.impl.channel.push.SMPPClientMessageReceiveHandler@6c8c60b9]] .totalCnt:2 ,remoteAddress: /103.156.178.53:63456
2022-05-08 22:30:38 INFO  workGroup2 com.zx.sms.connect.manager.AbstractEndpointConnector handlers is not shareable . clone it success. com.hero.sms.service.impl.channel.push.SMPPClientMessageReceiveHandler@1e600dbd
2022-05-08 22:30:38 INFO  workGroup3 com.zx.sms.connect.manager.AbstractEndpointConnector Channel added To Endpoint EndpointEntity [Id=11, Desc=null, channelType=DUPLEX, host=103.156.178.53, port=63456, maxChannels=3, valid=true, businessHandlerSet=[com.hero.sms.service.impl.channel.push.SMPPClientMessageReceiveHandler@6c8c60b9]] .totalCnt:3 ,remoteAddress: /103.156.178.53:63456
2022-05-08 22:30:38 INFO  workGroup3 com.zx.sms.connect.manager.AbstractEndpointConnector handlers is not shareable . clone it success. com.hero.sms.service.impl.channel.push.SMPPClientMessageReceiveHandler@1867dd7f
2022-05-08 22:30:38 INFO  workGroup3 com.hero.sms.service.impl.channel.push.SMPPClientMessageReceiveHandler 通道【11】连接成功
2022-05-08 22:30:38 INFO  workGroup1 com.hero.sms.service.impl.channel.push.SMPPClientMessageReceiveHandler 通道【11】连接成功
2022-05-08 22:30:38 INFO  workGroup2 com.hero.sms.service.impl.channel.push.SMPPClientMessageReceiveHandler 通道【11】连接成功
2022-05-08 22:30:38 INFO  workGroup2 com.zx.sms.session.AbstractSessionLoginManager 11 login success on channel [id: 0x59e90e59, L:/192.168.1.164:9627 - R:/103.156.178.53:63456]
2022-05-08 22:30:38 INFO  workGroup1 com.zx.sms.session.AbstractSessionLoginManager 11 login success on channel [id: 0xa2980475, L:/192.168.1.164:9628 - R:/103.156.178.53:63456]
2022-05-08 22:30:38 INFO  workGroup3 com.zx.sms.session.AbstractSessionLoginManager 11 login success on channel [id: 0xe62fb2a3, L:/192.168.1.164:9626 - R:/103.156.178.53:63456]
2022-05-08 22:30:38 INFO  workGroup1 com.hero.sms.service.impl.channel.push.SMPPClientMessageReceiveHandler [常规]收到[上游]的消息：{"commandId":-2147483639,"commandLength":36,"commandStatus":0,"lifeTime":0,"name":"bind_transceiver_resp","optionalParameterCount":0,"response":true,"resultMessage":"OK","sequenceNo":642700962,"sequenceNumber":642700962,"systemId":"BNF210915230719BLNH","terminated":false,"timestamp":1652020237832}
2022-05-08 22:30:38 INFO  workGroup2 com.hero.sms.service.impl.channel.push.SMPPClientMessageReceiveHandler [常规]收到[上游]的消息：{"commandId":-2147483639,"commandLength":36,"commandStatus":0,"lifeTime":0,"name":"bind_transceiver_resp","optionalParameterCount":0,"response":true,"resultMessage":"OK","sequenceNo":642700964,"sequenceNumber":642700964,"systemId":"BNF210915230719BLNH","terminated":false,"timestamp":1652020237832}
2022-05-08 22:30:38 INFO  workGroup3 com.hero.sms.service.impl.channel.push.SMPPClientMessageReceiveHandler [常规]收到[上游]的消息：{"commandId":-2147483639,"commandLength":36,"commandStatus":0,"lifeTime":0,"name":"bind_transceiver_resp","optionalParameterCount":0,"response":true,"resultMessage":"OK","sequenceNo":642700963,"sequenceNumber":642700963,"systemId":"BNF210915230719BLNH","terminated":false,"timestamp":1652020237832}
2022-05-08 22:30:42 INFO  main com.hero.sms.common.runner.AppStartedUpRunner  __    ___   _      ___   _     ____ _____  ____ 
2022-05-08 22:30:42 INFO  main com.hero.sms.common.runner.AppStartedUpRunner / /`  / / \ | |\/| | |_) | |   | |_   | |  | |_  
2022-05-08 22:30:42 INFO  main com.hero.sms.common.runner.AppStartedUpRunner \_\_, \_\_/ |_|  | |_|   |_|__ |_|__  |_|  |_|__ 
2022-05-08 22:30:42 INFO  main com.hero.sms.common.runner.AppStartedUpRunner                                                       
2022-05-08 22:30:42 INFO  main com.hero.sms.common.runner.AppStartedUpRunner 网关平台系统启动完毕，地址：http://192.168.189.1:8080
2022-05-08 22:32:08 INFO  ConsumeMessageThread_1 com.hero.sms.service.mq.MQService [Begin分拣]========【C0A801A44C6C18B4AAC228E26B030000】开始时间：【2022-05-08 22:32:07:242】,数量【3】
2022-05-08 22:32:08 INFO  ConsumeMessageThread_1 p6spy 2022-05-08 22:32:08 | 耗时 3 ms | SQL 语句：
SELECT id, agent_id, send_code, sms_number_area, type, audit_state, create_username, refuse_cause, org_code, channel_cost_amount, timing_time, agent_income_amount, sms_content, sms_type, is_timing_time, up_agent_id, consume_amount, sms_count, number_count, income_amount, sms_numbers, create_time, client_ip, sms_words, sub_type, sorting_time, up_agent_income_amount FROM t_send_box WHERE id = 17019;
2022-05-08 22:32:08 INFO  ConsumeMessageThread_1 p6spy 2022-05-08 22:32:08 | 耗时 0 ms | SQL 语句：
SELECT org.*, cost.Id AS cost_Id, cost.Organization_Code AS cost_Organization_Code, cost.sms_type, cost.Cost_Name AS Cost_Name, cost.Cost_Value AS Cost_Value, cost.State AS Cost_State, cost.Channel_Id AS Cost_Channel_Id, cost.Operator AS Cost_Operator, cost.Description AS Cost_Description, cost.Remark AS Cost_Remark, cost.Create_Date AS Cost_Create_Date FROM t_organization org LEFT JOIN t_organization_cost cost ON org.Organization_Code = cost.Organization_Code WHERE org.organization_code = '20200331160443FKDW';
2022-05-08 22:32:08 INFO  ConsumeMessageThread_1 p6spy 2022-05-08 22:32:08 | 耗时 3 ms | SQL 语句：
SELECT agent.*, cost.Id AS cost_Id, cost.Agent_Id AS Cost_Agent_Id, cost.sms_type, cost.Name AS Cost_Name, cost.Value AS Cost_Value, cost.Operator AS Cost_Operator, cost.Description AS Cost_Description, cost.Remark AS Cost_Remark, cost.Create_Date AS Cost_Create_Date FROM t_agent agent LEFT JOIN t_agent_cost cost ON agent.Id = cost.Agent_Id WHERE agent.Id = 36;
2022-05-08 22:32:08 INFO  ConsumeMessageThread_1 p6spy 2022-05-08 22:32:08 | 耗时 0 ms | SQL 语句：
SELECT agent.*, cost.Id AS cost_Id, cost.Agent_Id AS Cost_Agent_Id, cost.sms_type, cost.Name AS Cost_Name, cost.Value AS Cost_Value, cost.Operator AS Cost_Operator, cost.Description AS Cost_Description, cost.Remark AS Cost_Remark, cost.Create_Date AS Cost_Create_Date FROM t_agent agent LEFT JOIN t_agent_cost cost ON agent.Id = cost.Agent_Id WHERE agent.Id = 35;
2022-05-08 22:32:08 INFO  ConsumeMessageThread_1 p6spy 2022-05-08 22:32:08 | 耗时 1 ms | SQL 语句：
SELECT id, support_area, code, weight, description, create_user_name, remark, protocol_type, impl_full_class, day_limit, create_time, area_regex, name, state, is_del, area_operator_regex, operator_regex FROM t_sms_channel WHERE (is_del = 0 AND state = 1 AND ((support_area = '+86' OR support_area IS NULL OR support_area = '')));
2022-05-08 22:32:09 INFO  ConsumeMessageThread_1 p6spy 2022-05-08 22:32:09 | 耗时 475 ms | SQL 语句：
SELECT Id, MobileNumber, MobileArea, Province_Code, PostCode, AreaCode, Create_Date, MobileType FROM mobile_area WHERE (MobileNumber = '1559047');
2022-05-08 22:32:09 INFO  ConsumeMessageThread_1 p6spy 2022-05-08 22:32:09 | 耗时 1 ms | SQL 语句：
SELECT id, create_time, org_code, group_id FROM t_organization_group WHERE (org_code = '20200331160443FKDW');
2022-05-08 22:32:09 INFO  ConsumeMessageThread_1 p6spy 2022-05-08 22:32:09 | 耗时 1 ms | SQL 语句：
SELECT id, create_time, group_id, sms_channel_id FROM t_sms_channel_group WHERE (group_id IN ('1'));
2022-05-08 22:32:09 INFO  ConsumeMessageThread_1 p6spy 2022-05-08 22:32:09 | 耗时 1 ms | SQL 语句：
SELECT id, create_time, property_type, name, sms_channel_id, description, remark, value FROM t_sms_channel_property WHERE (sms_channel_id = 11);
2022-05-08 22:32:09 INFO  ConsumeMessageThread_1 p6spy 2022-05-08 22:32:09 | 耗时 1 ms | SQL 语句：
SELECT Id, create_time, name, sms_channel_id, description, remark, sms_type, value, Operator FROM t_sms_channel_cost WHERE (sms_channel_id = 11);
2022-05-08 22:32:09 INFO  ConsumeMessageThread_1 p6spy 2022-05-08 22:32:09 | 耗时 458 ms | SQL 语句：
SELECT Id, MobileNumber, MobileArea, Province_Code, PostCode, AreaCode, Create_Date, MobileType FROM mobile_area WHERE (MobileNumber = '1508102');
2022-05-08 22:32:10 INFO  ConsumeMessageThread_1 p6spy 2022-05-08 22:32:10 | 耗时 498 ms | SQL 语句：
SELECT Id, MobileNumber, MobileArea, Province_Code, PostCode, AreaCode, Create_Date, MobileType FROM mobile_area WHERE (MobileNumber = '1895991');
2022-05-08 22:32:10 INFO  ConsumeMessageThread_1 p6spy 2022-05-08 22:32:10 | 耗时 1 ms | SQL 语句：
SELECT Id, Agent_Id, Sms_Approve_type, Cash_Amount, Description, Remark, interface_type, Available_Amount, Contact, Md5_Key, Sms_Sign, EMail, Create_Date, Settlement_type, Contact_Mobile, Amount, Address, Organization_Name, charges_type, Business_User_Id, Data_MD5, Bind_IP, Approve_State_Code, Organization_Code, Web_Url, Send_Sms_Total, notify_url, Create_User, Status FROM t_organization WHERE (Organization_Code = '20200331160443FKDW') FOR UPDATE;
2022-05-08 22:32:10 INFO  ConsumeMessageThread_1 p6spy 2022-05-08 22:32:10 | 耗时 2 ms | SQL 语句：
UPDATE t_organization SET cash_amount = cash_amount + 160, available_amount = available_amount - 160, send_sms_total = send_sms_total + 3, data_md5 = UPPER(MD5(CONCAT('dgfjokijorewdfsjfixcvjewr', Organization_Code, amount, Available_Amount, Cash_Amount, Send_Sms_Total, Md5_Key, Sms_Sign, Bind_IP))) WHERE (Id = 62);
2022-05-08 22:32:10 INFO  ConsumeMessageThread_1 p6spy 2022-05-08 22:32:10 | 耗时 1 ms | SQL 语句：
SELECT Id, Google_Key, Cash_Amount, Description, Remark, Agent_Password, Last_Login_IP, Level_Code, Available_Amount, Login_IP, EMail, Need_Bind_Google_Key, Create_Date, QQ, Up_Agent_Id, Agent_Account, Amount, Quota_Amount, Agent_Name, Login_Faild_Count, Data_MD5, Last_Login_Time, Phone_Number, Day_Limit, Send_Sms_Total, Create_User, State_Code, Pay_Password FROM t_agent WHERE Id = 36;
2022-05-08 22:32:10 INFO  ConsumeMessageThread_1 p6spy 2022-05-08 22:32:10 | 耗时 0 ms | SQL 语句：
SELECT Id, Google_Key, Cash_Amount, Description, Remark, Agent_Password, Last_Login_IP, Level_Code, Available_Amount, Login_IP, EMail, Need_Bind_Google_Key, Create_Date, QQ, Up_Agent_Id, Agent_Account, Amount, Quota_Amount, Agent_Name, Login_Faild_Count, Data_MD5, Last_Login_Time, Phone_Number, Day_Limit, Send_Sms_Total, Create_User, State_Code, Pay_Password FROM t_agent WHERE Id = 35;
2022-05-08 22:32:10 INFO  ConsumeMessageThread_1 p6spy 2022-05-08 22:32:10 | 耗时 1 ms | SQL 语句：
UPDATE t_send_box SET sorting_time = '2022-05-08T22:32:10.598+0800', timing_time = NULL, sms_count = sms_count + 3, consume_amount = consume_amount + 160, channel_cost_amount = channel_cost_amount + 90, agent_income_amount = agent_income_amount + 0, up_agent_income_amount = up_agent_income_amount + 0, income_amount = income_amount + 70 WHERE (id = 17019);
2022-05-08 22:32:10 INFO  PullMsgThread-SendRecordSMSGATEC1112 com.hero.sms.service.mq.MQService 收到消息【C0A801A4C54C18B4AAC228E278870000】topic【sendRecordTopicsmpp11】body【{"checkData":"b8bf9eb2424fcb59486b6ee6d8c34704","id":140139}】
2022-05-08 22:32:10 INFO  ConsumeMessageThread_1 com.hero.sms.service.mq.MQService 【End分拣】========【C0A801A44C6C18B4AAC228E26B030000】结束时间：【2022-05-08 22:32:10:646】,分拣耗时【3404】ms
2022-05-08 22:32:10 INFO  PullMsgThread-SendRecordSMSGATEC1112 p6spy 2022-05-08 22:32:10 | 耗时 1 ms | SQL 语句：
SELECT id, agent_id, sms_number_province, send_code, sms_number, sms_number_area, sms_number_operator, receipt_time, org_code, res_msgid, channel_cost_amount, agent_income_amount, sms_content, sms_type, state, channel_id, up_agent_id, consume_amount, state_desc, sms_count, income_amount, source_number, submit_time, create_time, sms_words, sub_type, up_agent_income_amount FROM t_send_record WHERE id = 140139;
2022-05-08 22:32:10 INFO  PullMsgThread-SendRecordSMSGATEC114 com.hero.sms.service.mq.MQService 收到消息【C0A801A4C54C18B4AAC228E278930002】topic【sendRecordTopicsmpp11】body【{"checkData":"8eb6aee5db7a800c7620d8e42aaa520b","id":140141}】
2022-05-08 22:32:10 INFO  PullMsgThread-SendRecordSMSGATEC117 com.hero.sms.service.mq.MQService 收到消息【C0A801A4C54C18B4AAC228E2788E0001】topic【sendRecordTopicsmpp11】body【{"checkData":"1d6306b831e500c2411ee374a960c582","id":140140}】
2022-05-08 22:32:10 INFO  PullMsgThread-SendRecordSMSGATEC114 p6spy 2022-05-08 22:32:10 | 耗时 1 ms | SQL 语句：
SELECT id, agent_id, sms_number_province, send_code, sms_number, sms_number_area, sms_number_operator, receipt_time, org_code, res_msgid, channel_cost_amount, agent_income_amount, sms_content, sms_type, state, channel_id, up_agent_id, consume_amount, state_desc, sms_count, income_amount, source_number, submit_time, create_time, sms_words, sub_type, up_agent_income_amount FROM t_send_record WHERE id = 140141;
2022-05-08 22:32:10 INFO  PullMsgThread-SendRecordSMSGATEC117 p6spy 2022-05-08 22:32:10 | 耗时 0 ms | SQL 语句：
SELECT id, agent_id, sms_number_province, send_code, sms_number, sms_number_area, sms_number_operator, receipt_time, org_code, res_msgid, channel_cost_amount, agent_income_amount, sms_content, sms_type, state, channel_id, up_agent_id, consume_amount, state_desc, sms_count, income_amount, source_number, submit_time, create_time, sms_words, sub_type, up_agent_income_amount FROM t_send_record WHERE id = 140140;
2022-05-08 22:32:10 INFO  PullMsgThread-SendRecordSMSGATEC1112 p6spy 2022-05-08 22:32:10 | 耗时 2 ms | SQL 语句：
INSERT INTO t_send_record_checkinfo (send_code, sms_number, state, channel_id) VALUES ('BN20220508223206VVLTC', '15590478565', 1, 11);
2022-05-08 22:32:10 INFO  PullMsgThread-SendRecordSMSGATEC117 p6spy 2022-05-08 22:32:10 | 耗时 1 ms | SQL 语句：
INSERT INTO t_send_record_checkinfo (send_code, sms_number, state, channel_id) VALUES ('BN20220508223206VVLTC', '15081024107', 1, 11);
2022-05-08 22:32:10 INFO  PullMsgThread-SendRecordSMSGATEC114 p6spy 2022-05-08 22:32:10 | 耗时 10 ms | SQL 语句：
INSERT INTO t_send_record_checkinfo (send_code, sms_number, state, channel_id) VALUES ('BN20220508223206VVLTC', '18959918987', 1, 11);
2022-05-08 22:32:42 INFO  workGroup3 com.hero.sms.service.impl.channel.push.SMPPClientMessageReceiveHandler [常规]收到[上游]的消息：{"commandId":-2147483644,"commandLength":38,"commandStatus":0,"lifeTime":0,"messageId":"BN2022050822324365EIZ","name":"submit_sm_resp","optionalParameterCount":0,"request":{"commandId":4,"commandLength":58,"commandStatus":0,"dataCoding":8,"defaultMsgId":0,"destAddress":{"address":"8618959918987","npi":0,"ton":0},"esmClass":0,"lifeTime":0,"msgContent":"明天天气好吗","msglength":12,"name":"submit_sm","optionalParameterCount":0,"priority":0,"protocolId":0,"registeredDelivery":1,"replaceIfPresent":0,"report":false,"response":false,"responseClass":"com.zx.sms.codec.smpp.msg.SubmitSmResp","scheduleDeliveryTime":"","sequenceNo":642701010,"sequenceNumber":642701010,"shortMessage":"Zg5ZKVkpbBRZfVQX","terminated":false,"timestamp":1652020356902,"validityPeriod":""},"response":true,"resultMessage":"OK","sequenceNo":642701010,"sequenceNumber":642701010,"terminated":false,"timestamp":1652020361904}
2022-05-08 22:33:50 INFO  PullMsgThread-SendRecordSMSGATEC1117 com.hero.sms.service.mq.MQService 收到消息【C0A801A4274C18B4AAC228E3FD330002】topic【sendRecordTopicsmpp11】body【{"checkData":"8eb6aee5db7a800c7620d8e42aaa520b","id":140141}】
2022-05-08 22:33:50 INFO  PullMsgThread-SendRecordSMSGATEC1117 p6spy 2022-05-08 22:33:50 | 耗时 0 ms | SQL 语句：
SELECT id, agent_id, sms_number_province, send_code, sms_number, sms_number_area, sms_number_operator, receipt_time, org_code, res_msgid, channel_cost_amount, agent_income_amount, sms_content, sms_type, state, channel_id, up_agent_id, consume_amount, state_desc, sms_count, income_amount, source_number, submit_time, create_time, sms_words, sub_type, up_agent_income_amount FROM t_send_record WHERE id = 140141;
2022-05-08 22:33:50 INFO  PullMsgThread-SendRecordSMSGATEC1117 p6spy 2022-05-08 22:33:50 | 耗时 43 ms | SQL 语句：
INSERT INTO t_send_record_checkinfo (send_code, sms_number, state, channel_id) VALUES ('BN20220508223206VVLTC', '18959918987', 1, 11);
2022-05-08 22:33:50 INFO  PullMsgThread-SendRecordSMSGATEC1117 p6spy 2022-05-08 22:33:50 | 耗时 2 ms | SQL 语句：
UPDATE t_send_record SET state_desc = '本批次该号码已提交过发送' WHERE id = 140141;
2022-05-08 22:34:09 INFO  PullMsgThread-SendRecordSMSGATEC119 com.hero.sms.service.mq.MQService 收到消息【C0A801A4274C18B4AAC228E4474B0003】topic【sendRecordTopicsmpp11】body【{"checkData":"b8bf9eb2424fcb59486b6ee6d8c34704","id":140139}】
2022-05-08 22:34:09 INFO  PullMsgThread-SendRecordSMSGATEC119 p6spy 2022-05-08 22:34:09 | 耗时 45 ms | SQL 语句：
SELECT id, agent_id, sms_number_province, send_code, sms_number, sms_number_area, sms_number_operator, receipt_time, org_code, res_msgid, channel_cost_amount, agent_income_amount, sms_content, sms_type, state, channel_id, up_agent_id, consume_amount, state_desc, sms_count, income_amount, source_number, submit_time, create_time, sms_words, sub_type, up_agent_income_amount FROM t_send_record WHERE id = 140139;
2022-05-08 22:34:09 INFO  PullMsgThread-SendRecordSMSGATEC119 p6spy 2022-05-08 22:34:09 | 耗时 2 ms | SQL 语句：
INSERT INTO t_send_record_checkinfo (send_code, sms_number, state, channel_id) VALUES ('BN20220508223206VVLTC', '15590478565', 1, 11);
2022-05-08 22:34:41 INFO  workGroup1 com.hero.sms.service.impl.channel.push.SMPPClientMessageReceiveHandler [常规]收到[上游]的消息：{"commandId":-2147483644,"commandLength":38,"commandStatus":0,"lifeTime":0,"messageId":"BN20220508223442HWNOI","name":"submit_sm_resp","optionalParameterCount":0,"request":{"commandId":4,"commandLength":58,"commandStatus":0,"dataCoding":8,"defaultMsgId":0,"destAddress":{"address":"8615590478565","npi":0,"ton":0},"esmClass":0,"lifeTime":0,"msgContent":"明天天气好吗","msglength":12,"name":"submit_sm","optionalParameterCount":0,"priority":0,"protocolId":0,"registeredDelivery":1,"replaceIfPresent":0,"report":false,"response":false,"responseClass":"com.zx.sms.codec.smpp.msg.SubmitSmResp","scheduleDeliveryTime":"","sequenceNo":642701060,"sequenceNumber":642701060,"shortMessage":"Zg5ZKVkpbBRZfVQX","terminated":false,"timestamp":1652020469942,"validityPeriod":""},"response":true,"resultMessage":"OK","sequenceNo":642701060,"sequenceNumber":642701060,"terminated":false,"timestamp":1652020480947}
2022-05-08 22:41:13 INFO  workGroup4 com.zx.sms.connect.manager.AbstractEndpointConnector Channel added To Endpoint EndpointEntity [Id=11, Desc=null, channelType=DUPLEX, host=103.156.178.53, port=63456, maxChannels=3, valid=true, businessHandlerSet=[com.hero.sms.service.impl.channel.push.SMPPClientMessageReceiveHandler@6c8c60b9]] .totalCnt:3 ,remoteAddress: /103.156.178.53:63456
2022-05-08 22:41:13 INFO  workGroup4 com.zx.sms.connect.manager.AbstractEndpointConnector handlers is not shareable . clone it success. com.hero.sms.service.impl.channel.push.SMPPClientMessageReceiveHandler@3d937615
2022-05-08 22:41:13 INFO  workGroup4 com.hero.sms.service.impl.channel.push.SMPPClientMessageReceiveHandler 通道【11】连接成功
2022-05-08 22:41:13 INFO  workGroup4 com.zx.sms.session.AbstractSessionLoginManager 11 login success on channel [id: 0x7c1c844e, L:/192.168.1.164:10187 - R:/103.156.178.53:63456]
2022-05-08 22:41:13 INFO  workGroup4 com.hero.sms.service.impl.channel.push.SMPPClientMessageReceiveHandler [常规]收到[上游]的消息：{"commandId":-2147483639,"commandLength":36,"commandStatus":0,"lifeTime":0,"name":"bind_transceiver_resp","optionalParameterCount":0,"response":true,"resultMessage":"OK","sequenceNo":642701203,"sequenceNumber":642701203,"systemId":"BNF210915230719BLNH","terminated":false,"timestamp":1652020872172}
2022-05-08 22:51:31 INFO  PullMsgThread-SendRecordSMSGATEC118 com.hero.sms.service.mq.MQService 收到消息【C0A801A4274C18B4AAC228E3FD2F0001】topic【sendRecordTopicsmpp11】body【{"checkData":"1d6306b831e500c2411ee374a960c582","id":140140}】
2022-05-08 22:51:31 INFO  PullMsgThread-SendRecordSMSGATEC118 p6spy 2022-05-08 22:51:31 | 耗时 3 ms | SQL 语句：
SELECT id, agent_id, sms_number_province, send_code, sms_number, sms_number_area, sms_number_operator, receipt_time, org_code, res_msgid, channel_cost_amount, agent_income_amount, sms_content, sms_type, state, channel_id, up_agent_id, consume_amount, state_desc, sms_count, income_amount, source_number, submit_time, create_time, sms_words, sub_type, up_agent_income_amount FROM t_send_record WHERE id = 140140;
2022-05-08 22:51:31 INFO  PullMsgThread-SendRecordSMSGATEC118 p6spy 2022-05-08 22:51:31 | 耗时 1 ms | SQL 语句：
INSERT INTO t_send_record_checkinfo (send_code, sms_number, state, channel_id) VALUES ('BN20220508223206VVLTC', '15081024107', 1, 11);
2022-05-08 22:51:31 INFO  workGroup4 com.hero.sms.service.impl.channel.push.SMPPClientMessageReceiveHandler [常规]收到[上游]的消息：{"commandId":-2147483644,"commandLength":38,"commandStatus":0,"lifeTime":0,"messageId":"BN20220508225132N6BLA","name":"submit_sm_resp","optionalParameterCount":0,"request":{"commandId":4,"commandLength":58,"commandStatus":0,"dataCoding":8,"defaultMsgId":0,"destAddress":{"address":"8615081024107","npi":0,"ton":0},"esmClass":0,"lifeTime":0,"msgContent":"明天天气好吗","msglength":12,"name":"submit_sm","optionalParameterCount":0,"priority":0,"protocolId":0,"registeredDelivery":1,"replaceIfPresent":0,"report":false,"response":false,"responseClass":"com.zx.sms.codec.smpp.msg.SubmitSmResp","scheduleDeliveryTime":"","sequenceNo":642701451,"sequenceNumber":642701451,"shortMessage":"Zg5ZKVkpbBRZfVQX","terminated":false,"timestamp":1652021490538,"validityPeriod":""},"response":true,"resultMessage":"OK","sequenceNo":642701451,"sequenceNumber":642701451,"terminated":false,"timestamp":1652021491538}
2022-05-08 22:51:44 INFO  PullMsgThread-SendRecordSMSGATEC1113 com.hero.sms.service.mq.MQService 收到消息【C0A801A4274C18B4AAC228E3FD230000】topic【sendRecordTopicsmpp11】body【{"checkData":"b8bf9eb2424fcb59486b6ee6d8c34704","id":140139}】
2022-05-08 22:51:44 INFO  PullMsgThread-SendRecordSMSGATEC1113 p6spy 2022-05-08 22:51:44 | 耗时 0 ms | SQL 语句：
SELECT id, agent_id, sms_number_province, send_code, sms_number, sms_number_area, sms_number_operator, receipt_time, org_code, res_msgid, channel_cost_amount, agent_income_amount, sms_content, sms_type, state, channel_id, up_agent_id, consume_amount, state_desc, sms_count, income_amount, source_number, submit_time, create_time, sms_words, sub_type, up_agent_income_amount FROM t_send_record WHERE id = 140139;
2022-05-08 22:51:44 INFO  PullMsgThread-SendRecordSMSGATEC1113 p6spy 2022-05-08 22:51:44 | 耗时 1 ms | SQL 语句：
INSERT INTO t_send_record_checkinfo (send_code, sms_number, state, channel_id) VALUES ('BN20220508223206VVLTC', '15590478565', 1, 11);
2022-05-08 22:51:44 INFO  PullMsgThread-SendRecordSMSGATEC1113 p6spy 2022-05-08 22:51:44 | 耗时 3 ms | SQL 语句：
UPDATE t_send_record SET state_desc = '本批次该号码已提交过发送' WHERE id = 140139;
2022-05-08 22:51:44 INFO  PullMsgThread-SendRecordSMSGATEC1113 com.hero.sms.service.mq.MQService 收到消息【C0A801A4274C18B4AAC228E447500004】topic【sendRecordTopicsmpp11】body【{"checkData":"1d6306b831e500c2411ee374a960c582","id":140140}】
2022-05-08 22:51:44 INFO  PullMsgThread-SendRecordSMSGATEC1113 p6spy 2022-05-08 22:51:44 | 耗时 0 ms | SQL 语句：
SELECT id, agent_id, sms_number_province, send_code, sms_number, sms_number_area, sms_number_operator, receipt_time, org_code, res_msgid, channel_cost_amount, agent_income_amount, sms_content, sms_type, state, channel_id, up_agent_id, consume_amount, state_desc, sms_count, income_amount, source_number, submit_time, create_time, sms_words, sub_type, up_agent_income_amount FROM t_send_record WHERE id = 140140;
2022-05-08 22:51:44 INFO  PullMsgThread-SendRecordSMSGATEC1113 p6spy 2022-05-08 22:51:44 | 耗时 1 ms | SQL 语句：
INSERT INTO t_send_record_checkinfo (send_code, sms_number, state, channel_id) VALUES ('BN20220508223206VVLTC', '15081024107', 1, 11);
2022-05-08 22:51:44 INFO  PullMsgThread-SendRecordSMSGATEC1113 p6spy 2022-05-08 22:51:44 | 耗时 2 ms | SQL 语句：
UPDATE t_send_record SET state_desc = '本批次该号码已提交过发送' WHERE id = 140140;
2022-05-08 22:52:25 INFO  workGroup4 com.hero.sms.service.impl.channel.push.SMPPClientMessageReceiveHandler [常规]收到[上游]的消息：{"commandId":-2147483644,"commandLength":38,"commandStatus":0,"lifeTime":0,"messageId":"BN20220508225146NPURL","name":"submit_sm_resp","optionalParameterCount":0,"request":{"commandId":4,"commandLength":58,"commandStatus":0,"dataCoding":8,"defaultMsgId":0,"destAddress":{"address":"8615590478565","npi":0,"ton":0},"esmClass":0,"lifeTime":0,"msgContent":"明天天气好吗","msglength":12,"name":"submit_sm","optionalParameterCount":0,"priority":0,"protocolId":0,"registeredDelivery":1,"replaceIfPresent":0,"report":false,"response":false,"responseClass":"com.zx.sms.codec.smpp.msg.SubmitSmResp","scheduleDeliveryTime":"","sequenceNo":642701457,"sequenceNumber":642701457,"shortMessage":"Zg5ZKVkpbBRZfVQX","terminated":false,"timestamp":1652021504544,"validityPeriod":""},"response":true,"resultMessage":"OK","sequenceNo":642701457,"sequenceNumber":642701457,"terminated":false,"timestamp":1652021544563}
2022-05-08 22:52:25 INFO  PullMsgThread-SendRecordSMSGATEC118 com.hero.sms.service.mq.SmsGateService 【5、smpp推送消息未响应】【BN20220508223206VVLTC】【15081024107】【11】:开始时间【20220508225145997】返回时间【20220508225225299】耗时【39302毫秒】
2022-05-08 22:52:25 INFO  PullMsgThread-SendRecordSMSGATEC118 p6spy 2022-05-08 22:52:25 | 耗时 10 ms | SQL 语句：
UPDATE t_send_record_checkinfo SET state = 0 WHERE (state = 1 AND sms_number = '15081024107' AND send_code = 'BN20220508223206VVLTC');
2022-05-08 22:52:26 INFO  PullMsgThread-SendRecordSMSGATEC118 com.hero.sms.service.mq.MQService 收到消息【C0A801A4274C18B4AAC228E447580005】topic【sendRecordTopicsmpp11】body【{"checkData":"8eb6aee5db7a800c7620d8e42aaa520b","id":140141}】
2022-05-08 22:52:26 INFO  PullMsgThread-SendRecordSMSGATEC117 com.hero.sms.service.mq.MQService 收到消息【C0A801A4C54C18B4AAC228F5057F0003】topic【sendRecordTopic_Retry_smpp11】body【{"checkData":"1d6306b831e500c2411ee374a960c582","id":140140}】
2022-05-08 22:52:26 INFO  PullMsgThread-SendRecordSMSGATEC118 p6spy 2022-05-08 22:52:26 | 耗时 0 ms | SQL 语句：
SELECT id, agent_id, sms_number_province, send_code, sms_number, sms_number_area, sms_number_operator, receipt_time, org_code, res_msgid, channel_cost_amount, agent_income_amount, sms_content, sms_type, state, channel_id, up_agent_id, consume_amount, state_desc, sms_count, income_amount, source_number, submit_time, create_time, sms_words, sub_type, up_agent_income_amount FROM t_send_record WHERE id = 140141;
2022-05-08 22:52:26 INFO  PullMsgThread-SendRecordSMSGATEC117 p6spy 2022-05-08 22:52:26 | 耗时 0 ms | SQL 语句：
SELECT id, agent_id, sms_number_province, send_code, sms_number, sms_number_area, sms_number_operator, receipt_time, org_code, res_msgid, channel_cost_amount, agent_income_amount, sms_content, sms_type, state, channel_id, up_agent_id, consume_amount, state_desc, sms_count, income_amount, source_number, submit_time, create_time, sms_words, sub_type, up_agent_income_amount FROM t_send_record WHERE id = 140140;
2022-05-08 22:52:26 INFO  PullMsgThread-SendRecordSMSGATEC117 p6spy 2022-05-08 22:52:26 | 耗时 1 ms | SQL 语句：
INSERT INTO t_send_record_checkinfo (send_code, sms_number, state, channel_id) VALUES ('BN20220508223206VVLTC', '15081024107', 1, 11);
2022-05-08 22:52:26 INFO  PullMsgThread-SendRecordSMSGATEC118 p6spy 2022-05-08 22:52:26 | 耗时 6 ms | SQL 语句：
INSERT INTO t_send_record_checkinfo (send_code, sms_number, state, channel_id) VALUES ('BN20220508223206VVLTC', '18959918987', 1, 11);
2022-05-08 22:52:31 INFO  RMI TCP Connection(2)-127.0.0.1 org.springframework.boot.admin.SpringApplicationAdminMXBeanRegistrar$SpringApplicationAdmin Application shutdown requested.
2022-05-08 22:52:31 INFO  RMI TCP Connection(2)-127.0.0.1 com.hero.sms.common.configure.CbShutdownConfig$GracefulShutdown application is going to stop. try to stop tomcat gracefully
2022-05-08 22:52:32 INFO  RMI TCP Connection(2)-127.0.0.1 org.quartz.core.QuartzScheduler Scheduler quartzScheduler_$_NON_CLUSTERED paused.
2022-05-08 22:52:32 INFO  RMI TCP Connection(2)-127.0.0.1 org.springframework.scheduling.quartz.SchedulerFactoryBean Shutting down Quartz Scheduler
2022-05-08 22:52:32 INFO  RMI TCP Connection(2)-127.0.0.1 org.quartz.core.QuartzScheduler Scheduler quartzScheduler_$_NON_CLUSTERED shutting down.
2022-05-08 22:52:32 INFO  RMI TCP Connection(2)-127.0.0.1 org.quartz.core.QuartzScheduler Scheduler quartzScheduler_$_NON_CLUSTERED paused.
2022-05-08 22:52:32 INFO  RMI TCP Connection(2)-127.0.0.1 org.quartz.core.QuartzScheduler Scheduler quartzScheduler_$_NON_CLUSTERED shutdown complete.
2022-05-08 22:52:32 INFO  RMI TCP Connection(2)-127.0.0.1 org.springframework.scheduling.concurrent.ThreadPoolTaskExecutor Shutting down ExecutorService 'getewayThreadPool'
2022-05-08 22:52:32 INFO  RMI TCP Connection(2)-127.0.0.1 com.baomidou.dynamic.datasource.DynamicRoutingDataSource dynamic-datasource start closing ....
2022-05-08 22:52:32 INFO  RMI TCP Connection(2)-127.0.0.1 com.zaxxer.hikari.HikariDataSource quartz - Shutdown initiated...
2022-05-08 22:52:32 INFO  RMI TCP Connection(2)-127.0.0.1 com.zaxxer.hikari.HikariDataSource quartz - Shutdown completed.
2022-05-08 22:52:32 INFO  RMI TCP Connection(2)-127.0.0.1 com.zaxxer.hikari.HikariDataSource base - Shutdown initiated...
2022-05-08 22:52:32 INFO  RMI TCP Connection(2)-127.0.0.1 com.zaxxer.hikari.HikariDataSource base - Shutdown completed.
2022-05-08 22:52:32 INFO  RMI TCP Connection(2)-127.0.0.1 com.baomidou.dynamic.datasource.DynamicRoutingDataSource dynamic-datasource all closed success,bye
2022-05-08 22:52:33 INFO  workGroup5 com.zx.sms.connect.manager.AbstractEndpointConnector Channel added To Endpoint EndpointEntity [Id=11, Desc=null, channelType=DUPLEX, host=103.156.178.53, port=63456, maxChannels=3, valid=true, businessHandlerSet=[com.hero.sms.service.impl.channel.push.SMPPClientMessageReceiveHandler@6c8c60b9]] .totalCnt:1 ,remoteAddress: /103.156.178.53:63456
2022-05-08 22:52:33 INFO  workGroup5 com.zx.sms.connect.manager.AbstractEndpointConnector handlers is not shareable . clone it success. com.hero.sms.service.impl.channel.push.SMPPClientMessageReceiveHandler@31aabcd6
2022-05-08 22:52:33 INFO  workGroup5 com.hero.sms.service.impl.channel.push.SMPPClientMessageReceiveHandler 通道【11】连接成功
2022-05-08 22:52:33 INFO  workGroup5 com.zx.sms.session.AbstractSessionLoginManager 11 login success on channel [id: 0x85502364, L:/192.168.1.164:10802 - R:/103.156.178.53:63456]
2022-05-08 22:52:33 INFO  workGroup5 com.hero.sms.service.impl.channel.push.SMPPClientMessageReceiveHandler [常规]收到[上游]的消息：{"commandId":-2147483639,"commandLength":36,"commandStatus":0,"lifeTime":0,"name":"bind_transceiver_resp","optionalParameterCount":0,"response":true,"resultMessage":"OK","sequenceNo":642701476,"sequenceNumber":642701476,"systemId":"BNF210915230719BLNH","terminated":false,"timestamp":1652021552567}
2022-05-08 22:58:39 INFO  main com.hero.sms.GetewayApplication Starting GetewayApplication on LAPTOP-L07PL5KH with PID 14872 (C:\work\workspaceSmsBfSvn\sms\sms-gateway\target\classes started by payBoo in C:\work\workspaceSmsBfSvn\sms\sms-gateway)
2022-05-08 22:58:39 INFO  main com.hero.sms.GetewayApplication The following profiles are active: test
2022-05-08 22:58:42 INFO  main org.springframework.data.repository.config.RepositoryConfigurationDelegate Multiple Spring Data modules found, entering strict repository configuration mode!
2022-05-08 22:58:42 INFO  main org.springframework.data.repository.config.RepositoryConfigurationDelegate Bootstrapping Spring Data repositories in DEFAULT mode.
2022-05-08 22:58:42 INFO  main org.springframework.data.repository.config.RepositoryConfigurationDelegate Finished Spring Data repository scanning in 620ms. Found 0 repository interfaces.
2022-05-08 22:58:43 INFO  main org.springframework.context.support.PostProcessorRegistrationDelegate$BeanPostProcessorChecker Bean 'spring.datasource.dynamic-com.baomidou.dynamic.datasource.spring.boot.autoconfigure.DynamicDataSourceProperties' of type [com.baomidou.dynamic.datasource.spring.boot.autoconfigure.DynamicDataSourceProperties] is not eligible for getting processed by all BeanPostProcessors (for example: not eligible for auto-proxying)
2022-05-08 22:58:43 INFO  main org.springframework.context.support.PostProcessorRegistrationDelegate$BeanPostProcessorChecker Bean 'com.baomidou.dynamic.datasource.spring.boot.autoconfigure.DynamicDataSourceAutoConfiguration' of type [com.baomidou.dynamic.datasource.spring.boot.autoconfigure.DynamicDataSourceAutoConfiguration$$EnhancerBySpringCGLIB$$f54a0493] is not eligible for getting processed by all BeanPostProcessors (for example: not eligible for auto-proxying)
2022-05-08 22:58:43 INFO  main org.springframework.context.support.PostProcessorRegistrationDelegate$BeanPostProcessorChecker Bean 'dsProcessor' of type [com.baomidou.dynamic.datasource.processor.DsHeaderProcessor] is not eligible for getting processed by all BeanPostProcessors (for example: not eligible for auto-proxying)
2022-05-08 22:58:43 INFO  main org.springframework.context.support.PostProcessorRegistrationDelegate$BeanPostProcessorChecker Bean 'dynamicDatasourceAnnotationAdvisor' of type [com.baomidou.dynamic.datasource.aop.DynamicDataSourceAnnotationAdvisor] is not eligible for getting processed by all BeanPostProcessors (for example: not eligible for auto-proxying)
2022-05-08 22:58:43 INFO  main org.springframework.context.support.PostProcessorRegistrationDelegate$BeanPostProcessorChecker Bean 'org.springframework.transaction.annotation.ProxyTransactionManagementConfiguration' of type [org.springframework.transaction.annotation.ProxyTransactionManagementConfiguration] is not eligible for getting processed by all BeanPostProcessors (for example: not eligible for auto-proxying)
2022-05-08 22:58:44 INFO  main org.springframework.boot.web.embedded.tomcat.TomcatWebServer Tomcat initialized with port(s): 8080 (http)
2022-05-08 22:58:44 INFO  main org.apache.coyote.http11.Http11NioProtocol Initializing ProtocolHandler ["http-nio-8080"]
2022-05-08 22:58:44 INFO  main org.apache.catalina.core.StandardService Starting service [Tomcat]
2022-05-08 22:58:44 INFO  main org.apache.catalina.core.StandardEngine Starting Servlet engine: [Apache Tomcat/9.0.27]
2022-05-08 22:58:44 INFO  main org.apache.catalina.core.ContainerBase.[Tomcat].[localhost].[/] Initializing Spring embedded WebApplicationContext
2022-05-08 22:58:44 INFO  main org.springframework.web.context.ContextLoader Root WebApplicationContext: initialization completed in 4869 ms
2022-05-08 22:58:44 INFO  main com.baomidou.dynamic.datasource.DynamicRoutingDataSource dynamic-datasource detect P6SPY plugin and enabled it
2022-05-08 22:58:44 INFO  main com.zaxxer.hikari.HikariDataSource base - Starting...
2022-05-08 22:58:44 INFO  main com.zaxxer.hikari.HikariDataSource base - Start completed.
2022-05-08 22:58:44 INFO  main com.zaxxer.hikari.HikariDataSource quartz - Starting...
2022-05-08 22:58:44 INFO  main com.zaxxer.hikari.HikariDataSource quartz - Start completed.
2022-05-08 22:58:44 INFO  main com.baomidou.dynamic.datasource.DynamicRoutingDataSource dynamic-datasource - load a datasource named [quartz] success
2022-05-08 22:58:44 INFO  main com.baomidou.dynamic.datasource.DynamicRoutingDataSource dynamic-datasource - load a datasource named [base] success
2022-05-08 22:58:44 INFO  main com.baomidou.dynamic.datasource.DynamicRoutingDataSource dynamic-datasource initial loaded [2] datasource,primary datasource named [base]
2022-05-08 22:58:45 INFO  main com.hero.sms.common.xss.XssFilter ------------ xss filter init ------------
2022-05-08 22:58:50 INFO  main org.springframework.boot.actuate.endpoint.web.EndpointLinksResolver Exposing 2 endpoint(s) beneath base path '/actuator'
2022-05-08 22:58:50 INFO  main springfox.documentation.spring.web.PropertySourcedRequestMappingHandlerMapping Mapped URL path [/v2/api-docs] onto method [springfox.documentation.swagger2.web.Swagger2Controller#getDocumentation(String, HttpServletRequest)]
2022-05-08 22:58:50 INFO  main org.springframework.scheduling.concurrent.ThreadPoolTaskExecutor Initializing ExecutorService
2022-05-08 22:58:50 INFO  main org.springframework.scheduling.concurrent.ThreadPoolTaskExecutor Initializing ExecutorService 'getewayThreadPool'
2022-05-08 22:58:50 INFO  main org.springframework.boot.autoconfigure.web.servlet.WelcomePageHandlerMapping Adding welcome page template: index
2022-05-08 22:58:51 INFO  main org.quartz.impl.StdSchedulerFactory Using default implementation for ThreadExecutor
2022-05-08 22:58:51 INFO  main org.quartz.core.SchedulerSignalerImpl Initialized Scheduler Signaller of type: class org.quartz.core.SchedulerSignalerImpl
2022-05-08 22:58:51 INFO  main org.quartz.core.QuartzScheduler Quartz Scheduler v.2.3.2 created.
2022-05-08 22:58:51 INFO  main org.quartz.simpl.RAMJobStore RAMJobStore initialized.
2022-05-08 22:58:51 INFO  main org.quartz.core.QuartzScheduler Scheduler meta-data: Quartz Scheduler (v2.3.2) 'quartzScheduler' with instanceId 'NON_CLUSTERED'
  Scheduler class: 'org.quartz.core.QuartzScheduler' - running locally.
  NOT STARTED.
  Currently in standby mode.
  Number of jobs executed: 0
  Using thread pool 'org.quartz.simpl.SimpleThreadPool' - with 10 threads.
  Using job-store 'org.quartz.simpl.RAMJobStore' - which does not support persistence. and is not clustered.

2022-05-08 22:58:51 INFO  main org.quartz.impl.StdSchedulerFactory Quartz scheduler 'quartzScheduler' initialized from an externally provided properties instance.
2022-05-08 22:58:51 INFO  main org.quartz.impl.StdSchedulerFactory Quartz scheduler version: 2.3.2
2022-05-08 22:58:51 INFO  main org.quartz.core.QuartzScheduler JobFactory set to: org.springframework.scheduling.quartz.SpringBeanJobFactory@5c13534a
2022-05-08 22:58:51 INFO  main springfox.documentation.spring.web.plugins.DocumentationPluginsBootstrapper Context refreshed
2022-05-08 22:58:51 INFO  main springfox.documentation.spring.web.plugins.DocumentationPluginsBootstrapper Found 1 custom documentation plugin(s)
2022-05-08 22:58:51 INFO  main springfox.documentation.spring.web.scanners.ApiListingReferenceScanner Scanning for api listing references
2022-05-08 22:58:52 INFO  main springfox.documentation.spring.web.readers.operation.CachingOperationNameGenerator Generating unique operation named: receiptUsingGET_1
2022-05-08 22:58:52 INFO  main springfox.documentation.spring.web.readers.operation.CachingOperationNameGenerator Generating unique operation named: receiptUsingHEAD_1
2022-05-08 22:58:52 INFO  main springfox.documentation.spring.web.readers.operation.CachingOperationNameGenerator Generating unique operation named: receiptUsingPOST_1
2022-05-08 22:58:52 INFO  main springfox.documentation.spring.web.readers.operation.CachingOperationNameGenerator Generating unique operation named: receiptUsingPUT_1
2022-05-08 22:58:52 INFO  main springfox.documentation.spring.web.readers.operation.CachingOperationNameGenerator Generating unique operation named: receiptUsingPATCH_1
2022-05-08 22:58:52 INFO  main springfox.documentation.spring.web.readers.operation.CachingOperationNameGenerator Generating unique operation named: receiptUsingDELETE_1
2022-05-08 22:58:52 INFO  main springfox.documentation.spring.web.readers.operation.CachingOperationNameGenerator Generating unique operation named: receiptUsingOPTIONS_1
2022-05-08 22:58:52 INFO  main springfox.documentation.spring.web.readers.operation.CachingOperationNameGenerator Generating unique operation named: receiptUsingTRACE_1
2022-05-08 22:58:52 INFO  main springfox.documentation.spring.web.readers.operation.CachingOperationNameGenerator Generating unique operation named: receiptUsingGET_2
2022-05-08 22:58:52 INFO  main springfox.documentation.spring.web.readers.operation.CachingOperationNameGenerator Generating unique operation named: receiptUsingHEAD_2
2022-05-08 22:58:52 INFO  main springfox.documentation.spring.web.readers.operation.CachingOperationNameGenerator Generating unique operation named: receiptUsingPOST_2
2022-05-08 22:58:52 INFO  main springfox.documentation.spring.web.readers.operation.CachingOperationNameGenerator Generating unique operation named: receiptUsingPUT_2
2022-05-08 22:58:52 INFO  main springfox.documentation.spring.web.readers.operation.CachingOperationNameGenerator Generating unique operation named: receiptUsingPATCH_2
2022-05-08 22:58:52 INFO  main springfox.documentation.spring.web.readers.operation.CachingOperationNameGenerator Generating unique operation named: receiptUsingDELETE_2
2022-05-08 22:58:52 INFO  main springfox.documentation.spring.web.readers.operation.CachingOperationNameGenerator Generating unique operation named: receiptUsingOPTIONS_2
2022-05-08 22:58:52 INFO  main springfox.documentation.spring.web.readers.operation.CachingOperationNameGenerator Generating unique operation named: receiptUsingTRACE_2
2022-05-08 22:58:52 INFO  main org.springframework.scheduling.quartz.SchedulerFactoryBean Starting Quartz Scheduler now
2022-05-08 22:58:52 INFO  main org.quartz.core.QuartzScheduler Scheduler quartzScheduler_$_NON_CLUSTERED started.
2022-05-08 22:58:52 INFO  main org.apache.coyote.http11.Http11NioProtocol Starting ProtocolHandler ["http-nio-8080"]
2022-05-08 22:58:52 INFO  main org.springframework.boot.web.embedded.tomcat.TomcatWebServer Tomcat started on port(s): 8080 (http) with context path ''
2022-05-08 22:58:52 INFO  main com.hero.sms.GetewayApplication Started GetewayApplication in 13.677 seconds (JVM running for 16.091)
2022-05-08 22:58:52 INFO  main com.hero.sms.common.DatabaseCache 开始缓存字典
2022-05-08 22:58:52 INFO  main p6spy 2022-05-08 22:58:52 | 耗时 12 ms | SQL 语句：
SELECT ID, CODE, CREATE_TIME, ORDER_LEVEL, PARENT_CODE, IS_DELETE, NAME, DESCRIPTION, REMARK, SORT_CODE FROM code WHERE (IS_DELETE = '0');
2022-05-08 22:58:52 INFO  main com.hero.sms.common.DatabaseCache 缓存代理信息
2022-05-08 22:58:52 INFO  main p6spy 2022-05-08 22:58:52 | 耗时 1 ms | SQL 语句：
SELECT Id, Google_Key, Cash_Amount, Description, Remark, Agent_Password, Last_Login_IP, Level_Code, Available_Amount, Login_IP, EMail, Need_Bind_Google_Key, Create_Date, QQ, Up_Agent_Id, Agent_Account, Amount, Quota_Amount, Agent_Name, Login_Faild_Count, Data_MD5, Last_Login_Time, Phone_Number, Day_Limit, Send_Sms_Total, Create_User, State_Code, Pay_Password FROM t_agent;
2022-05-08 22:58:52 INFO  main com.hero.sms.common.DatabaseCache 缓存商户信息
2022-05-08 22:58:52 INFO  main p6spy 2022-05-08 22:58:52 | 耗时 1 ms | SQL 语句：
SELECT Id, Agent_Id, Sms_Approve_type, Cash_Amount, Description, Remark, interface_type, Available_Amount, Contact, Md5_Key, Sms_Sign, EMail, Create_Date, Settlement_type, Contact_Mobile, Amount, Address, Organization_Name, charges_type, Business_User_Id, Data_MD5, Bind_IP, Approve_State_Code, Organization_Code, Web_Url, Send_Sms_Total, notify_url, Create_User, Status FROM t_organization;
2022-05-08 22:58:52 INFO  main com.hero.sms.common.DatabaseCache 缓存短信通道信息
2022-05-08 22:58:52 INFO  main p6spy 2022-05-08 22:58:52 | 耗时 1 ms | SQL 语句：
SELECT id, support_area, code, weight, description, create_user_name, remark, protocol_type, impl_full_class, day_limit, create_time, area_regex, name, state, is_del, area_operator_regex, operator_regex FROM t_sms_channel;
2022-05-08 22:58:52 INFO  main com.hero.sms.common.DatabaseCache 缓存支付通道信息
2022-05-08 22:58:52 INFO  main p6spy 2022-05-08 22:58:52 | 耗时 1 ms | SQL 语句：
SELECT id, key1, key2, min_amount, cost, key5, key3, key4, weight, remark, encrypt_key, impl_full_class, netway_code, create_time, merch_no, request_url, state_code, sign_key, callBack_url, channel_name, pay_code, max_amount FROM t_pay_channel;
2022-05-08 22:58:52 INFO  main com.hero.sms.common.DatabaseCache 缓存IP黑名单信息
2022-05-08 22:58:52 INFO  main p6spy 2022-05-08 22:58:52 | 耗时 1 ms | SQL 语句：
SELECT Id, Black_Ip, IsAvailability, LImit_Project, Description, Create_User, Remark, Create_Date FROM t_black_ip_config WHERE (IsAvailability = '1');
2022-05-08 22:58:52 INFO  main com.hero.sms.common.DatabaseCache 缓存手机号码黑名单信息
2022-05-08 22:58:52 INFO  main p6spy 2022-05-08 22:58:52 | 耗时 1 ms | SQL 语句：
SELECT area, number FROM t_mobile_black;
2022-05-08 22:58:52 INFO  main com.hero.sms.common.DatabaseCache 缓存网关类型信息
2022-05-08 22:58:52 INFO  main com.hero.sms.common.DatabaseCache Begin-缓存地区列表
2022-05-08 22:58:52 INFO  main p6spy 2022-05-08 22:58:52 | 耗时 1 ms | SQL 语句：
SELECT id, extend, create_time, area_name, area_coding, out_area, in_area, order_num FROM t_area_code ORDER BY order_num ASC;
2022-05-08 22:58:52 INFO  main com.hero.sms.common.DatabaseCache End-地区列表缓存完成
2022-05-08 22:58:52 INFO  main com.hero.sms.common.DatabaseCache 字典缓存完成
2022-05-08 22:58:52 INFO  main com.hero.sms.common.DatabaseCache Begin-缓存敏感词信息
2022-05-08 22:58:52 INFO  main p6spy 2022-05-08 22:58:52 | 耗时 1 ms | SQL 语句：
SELECT id, new_word, word FROM t_sensitive_word ORDER BY id DESC;
2022-05-08 22:58:52 INFO  main com.hero.sms.common.DatabaseCache End-敏感词信息缓存完成
2022-05-08 22:58:52 INFO  main io.lettuce.core.EpollProvider Starting without optional epoll library
2022-05-08 22:58:52 INFO  main io.lettuce.core.KqueueProvider Starting without optional kqueue library
2022-05-08 22:59:12 INFO  main p6spy 2022-05-08 22:59:12 | 耗时 1 ms | SQL 语句：
SELECT * FROM t_organization WHERE Status = '1' AND interface_type & 2 = 2;
2022-05-08 22:59:15 INFO  main p6spy 2022-05-08 22:59:15 | 耗时 1 ms | SQL 语句：
SELECT * FROM t_sms_channel WHERE state & 3 = state AND protocol_type = 'smpp' AND is_del = 0;
2022-05-08 22:59:15 INFO  main p6spy 2022-05-08 22:59:15 | 耗时 9 ms | SQL 语句：
SELECT * FROM t_sms_channel_property WHERE sms_channel_id = 11;
2022-05-08 22:59:15 INFO  main p6spy 2022-05-08 22:59:15 | 耗时 6 ms | SQL 语句：
SELECT * FROM t_sms_channel_cost WHERE sms_channel_id = 11;
2022-05-08 22:59:15 INFO  workGroup2 com.zx.sms.connect.manager.AbstractEndpointConnector Channel added To Endpoint EndpointEntity [Id=11, Desc=null, channelType=DUPLEX, host=103.156.178.53, port=63456, maxChannels=3, valid=true, businessHandlerSet=[com.hero.sms.service.impl.channel.push.SMPPClientMessageReceiveHandler@3438b9c9]] .totalCnt:1 ,remoteAddress: /103.156.178.53:63456
2022-05-08 22:59:15 INFO  workGroup2 com.zx.sms.connect.manager.AbstractEndpointConnector handlers is not shareable . clone it success. com.hero.sms.service.impl.channel.push.SMPPClientMessageReceiveHandler@cf7a754
2022-05-08 22:59:15 INFO  workGroup1 com.zx.sms.connect.manager.AbstractEndpointConnector Channel added To Endpoint EndpointEntity [Id=11, Desc=null, channelType=DUPLEX, host=103.156.178.53, port=63456, maxChannels=3, valid=true, businessHandlerSet=[com.hero.sms.service.impl.channel.push.SMPPClientMessageReceiveHandler@3438b9c9]] .totalCnt:2 ,remoteAddress: /103.156.178.53:63456
2022-05-08 22:59:15 INFO  workGroup1 com.zx.sms.connect.manager.AbstractEndpointConnector handlers is not shareable . clone it success. com.hero.sms.service.impl.channel.push.SMPPClientMessageReceiveHandler@6be9c989
2022-05-08 22:59:15 INFO  workGroup3 com.zx.sms.connect.manager.AbstractEndpointConnector Channel added To Endpoint EndpointEntity [Id=11, Desc=null, channelType=DUPLEX, host=103.156.178.53, port=63456, maxChannels=3, valid=true, businessHandlerSet=[com.hero.sms.service.impl.channel.push.SMPPClientMessageReceiveHandler@3438b9c9]] .totalCnt:3 ,remoteAddress: /103.156.178.53:63456
2022-05-08 22:59:15 INFO  workGroup3 com.zx.sms.connect.manager.AbstractEndpointConnector handlers is not shareable . clone it success. com.hero.sms.service.impl.channel.push.SMPPClientMessageReceiveHandler@52d326bc
2022-05-08 22:59:15 INFO  workGroup2 com.hero.sms.service.impl.channel.push.SMPPClientMessageReceiveHandler 通道【11】连接成功
2022-05-08 22:59:15 INFO  workGroup3 com.hero.sms.service.impl.channel.push.SMPPClientMessageReceiveHandler 通道【11】连接成功
2022-05-08 22:59:15 INFO  workGroup1 com.hero.sms.service.impl.channel.push.SMPPClientMessageReceiveHandler 通道【11】连接成功
2022-05-08 22:59:15 INFO  workGroup1 com.zx.sms.session.AbstractSessionLoginManager 11 login success on channel [id: 0xadd1857b, L:/192.168.1.164:11262 - R:/103.156.178.53:63456]
2022-05-08 22:59:15 INFO  workGroup3 com.zx.sms.session.AbstractSessionLoginManager 11 login success on channel [id: 0xb9087478, L:/192.168.1.164:11263 - R:/103.156.178.53:63456]
2022-05-08 22:59:15 INFO  workGroup2 com.zx.sms.session.AbstractSessionLoginManager 11 login success on channel [id: 0x282f8687, L:/192.168.1.164:11261 - R:/103.156.178.53:63456]
2022-05-08 22:59:15 INFO  workGroup2 com.hero.sms.service.impl.channel.push.SMPPClientMessageReceiveHandler [常规]收到[上游]的消息：{"commandId":-2147483639,"commandLength":36,"commandStatus":0,"lifeTime":0,"name":"bind_transceiver_resp","optionalParameterCount":0,"response":true,"resultMessage":"OK","sequenceNo":1812905043,"sequenceNumber":1812905043,"systemId":"BNF210915230719BLNH","terminated":false,"timestamp":1652021955571}
2022-05-08 22:59:15 INFO  workGroup3 com.hero.sms.service.impl.channel.push.SMPPClientMessageReceiveHandler [常规]收到[上游]的消息：{"commandId":-2147483639,"commandLength":36,"commandStatus":0,"lifeTime":0,"name":"bind_transceiver_resp","optionalParameterCount":0,"response":true,"resultMessage":"OK","sequenceNo":1812905041,"sequenceNumber":1812905041,"systemId":"BNF210915230719BLNH","terminated":false,"timestamp":1652021955571}
2022-05-08 22:59:15 INFO  workGroup1 com.hero.sms.service.impl.channel.push.SMPPClientMessageReceiveHandler [常规]收到[上游]的消息：{"commandId":-2147483639,"commandLength":36,"commandStatus":0,"lifeTime":0,"name":"bind_transceiver_resp","optionalParameterCount":0,"response":true,"resultMessage":"OK","sequenceNo":1812905042,"sequenceNumber":1812905042,"systemId":"BNF210915230719BLNH","terminated":false,"timestamp":1652021955571}
2022-05-08 22:59:18 INFO  main com.hero.sms.common.runner.AppStartedUpRunner  __    ___   _      ___   _     ____ _____  ____ 
2022-05-08 22:59:18 INFO  main com.hero.sms.common.runner.AppStartedUpRunner / /`  / / \ | |\/| | |_) | |   | |_   | |  | |_  
2022-05-08 22:59:18 INFO  main com.hero.sms.common.runner.AppStartedUpRunner \_\_, \_\_/ |_|  | |_|   |_|__ |_|__  |_|  |_|__ 
2022-05-08 22:59:18 INFO  main com.hero.sms.common.runner.AppStartedUpRunner                                                       
2022-05-08 22:59:18 INFO  main com.hero.sms.common.runner.AppStartedUpRunner 网关平台系统启动完毕，地址：http://192.168.189.1:8080
2022-05-08 23:00:27 INFO  PullMsgThread-SendRecordSMSGATEC1112 com.hero.sms.service.mq.MQService 收到消息【C0A801A4274C18B4AAC228FC5AE70006】topic【sendRecordTopicsmpp11】body【{"checkData":"8eb6aee5db7a800c7620d8e42aaa520b","id":140141}】
2022-05-08 23:00:27 INFO  PullMsgThread-SendRecordSMSGATEC1112 p6spy 2022-05-08 23:00:27 | 耗时 0 ms | SQL 语句：
SELECT id, agent_id, sms_number_province, send_code, sms_number, sms_number_area, sms_number_operator, receipt_time, org_code, res_msgid, channel_cost_amount, agent_income_amount, sms_content, sms_type, state, channel_id, up_agent_id, consume_amount, state_desc, sms_count, income_amount, source_number, submit_time, create_time, sms_words, sub_type, up_agent_income_amount FROM t_send_record WHERE id = 140141;
2022-05-08 23:00:27 INFO  PullMsgThread-SendRecordSMSGATEC1112 p6spy 2022-05-08 23:00:27 | 耗时 5 ms | SQL 语句：
INSERT INTO t_send_record_checkinfo (send_code, sms_number, state, channel_id) VALUES ('BN20220508223206VVLTC', '18959918987', 1, 11);
2022-05-08 23:00:42 INFO  workGroup3 com.hero.sms.service.impl.channel.push.SMPPClientMessageReceiveHandler [常规]收到[上游]的消息：{"commandId":-2147483644,"commandLength":38,"commandStatus":0,"lifeTime":0,"messageId":"BN20220508230043ROVTA","name":"submit_sm_resp","optionalParameterCount":0,"request":{"commandId":4,"commandLength":58,"commandStatus":0,"dataCoding":8,"defaultMsgId":0,"destAddress":{"address":"8618959918987","npi":0,"ton":0},"esmClass":0,"lifeTime":0,"msgContent":"明天天气好吗","msglength":12,"name":"submit_sm","optionalParameterCount":0,"priority":0,"protocolId":0,"registeredDelivery":1,"replaceIfPresent":0,"report":false,"response":false,"responseClass":"com.zx.sms.codec.smpp.msg.SubmitSmResp","scheduleDeliveryTime":"","sequenceNo":1812905077,"sequenceNumber":1812905077,"shortMessage":"Zg5ZKVkpbBRZfVQX","terminated":false,"timestamp":1652022041609,"validityPeriod":""},"response":true,"resultMessage":"OK","sequenceNo":1812905077,"sequenceNumber":1812905077,"terminated":false,"timestamp":1652022041609}
2022-05-08 23:03:20 INFO  PullMsgThread-SendRecordSMSGATEC1118 com.hero.sms.service.mq.MQService 收到消息【C0A801A4274C18B4AAC228FF02120007】topic【sendRecordTopicsmpp11】body【{"checkData":"8eb6aee5db7a800c7620d8e42aaa520b","id":140141}】
2022-05-08 23:03:20 INFO  PullMsgThread-SendRecordSMSGATEC1118 p6spy 2022-05-08 23:03:20 | 耗时 1 ms | SQL 语句：
SELECT id, agent_id, sms_number_province, send_code, sms_number, sms_number_area, sms_number_operator, receipt_time, org_code, res_msgid, channel_cost_amount, agent_income_amount, sms_content, sms_type, state, channel_id, up_agent_id, consume_amount, state_desc, sms_count, income_amount, source_number, submit_time, create_time, sms_words, sub_type, up_agent_income_amount FROM t_send_record WHERE id = 140141;
2022-05-08 23:03:20 INFO  PullMsgThread-SendRecordSMSGATEC1118 p6spy 2022-05-08 23:03:20 | 耗时 1 ms | SQL 语句：
INSERT INTO t_send_record_checkinfo (send_code, sms_number, state, channel_id) VALUES ('BN20220508223206VVLTC', '18959918987', 1, 11);
2022-05-08 23:07:18 INFO  workGroup2 com.hero.sms.service.impl.channel.push.SMPPClientMessageReceiveHandler [常规]收到[上游]的消息：{"commandId":-2147483644,"commandLength":38,"commandStatus":0,"lifeTime":0,"messageId":"BN20220508230331HBY7T","name":"submit_sm_resp","optionalParameterCount":0,"request":{"commandId":4,"commandLength":58,"commandStatus":0,"dataCoding":8,"defaultMsgId":0,"destAddress":{"address":"8618959918987","npi":0,"ton":0},"esmClass":0,"lifeTime":0,"msgContent":"明天天气好吗","msglength":12,"name":"submit_sm","optionalParameterCount":0,"priority":0,"protocolId":0,"registeredDelivery":1,"replaceIfPresent":0,"report":false,"response":false,"responseClass":"com.zx.sms.codec.smpp.msg.SubmitSmResp","scheduleDeliveryTime":"","sequenceNo":1812905145,"sequenceNumber":1812905145,"shortMessage":"Zg5ZKVkpbBRZfVQX","terminated":false,"timestamp":1652022209684,"validityPeriod":""},"response":true,"resultMessage":"OK","sequenceNo":1812905145,"sequenceNumber":1812905145,"terminated":false,"timestamp":1652022210684}
2022-05-08 23:07:20 INFO  workGroup4 com.zx.sms.connect.manager.AbstractEndpointConnector Channel added To Endpoint EndpointEntity [Id=11, Desc=null, channelType=DUPLEX, host=103.156.178.53, port=63456, maxChannels=3, valid=true, businessHandlerSet=[com.hero.sms.service.impl.channel.push.SMPPClientMessageReceiveHandler@3438b9c9]] .totalCnt:3 ,remoteAddress: /103.156.178.53:63456
2022-05-08 23:07:20 INFO  workGroup4 com.zx.sms.connect.manager.AbstractEndpointConnector handlers is not shareable . clone it success. com.hero.sms.service.impl.channel.push.SMPPClientMessageReceiveHandler@2f664207
2022-05-08 23:07:20 INFO  workGroup4 com.hero.sms.service.impl.channel.push.SMPPClientMessageReceiveHandler 通道【11】连接成功
2022-05-08 23:07:20 INFO  workGroup4 com.zx.sms.session.AbstractSessionLoginManager 11 login success on channel [id: 0x1ea4aad9, L:/192.168.1.164:11637 - R:/103.156.178.53:63456]
2022-05-08 23:07:28 INFO  workGroup4 com.hero.sms.service.impl.channel.push.SMPPClientMessageReceiveHandler [常规]收到[上游]的消息：{"commandId":-2147483639,"commandLength":36,"commandStatus":0,"lifeTime":0,"name":"bind_transceiver_resp","optionalParameterCount":0,"response":true,"resultMessage":"OK","sequenceNo":1812905229,"sequenceNumber":1812905229,"systemId":"BNF210915230719BLNH","terminated":false,"timestamp":1652022439767}
2022-05-08 23:07:31 INFO  RMI TCP Connection(2)-127.0.0.1 org.springframework.boot.admin.SpringApplicationAdminMXBeanRegistrar$SpringApplicationAdmin Application shutdown requested.
2022-05-08 23:07:31 INFO  RMI TCP Connection(2)-127.0.0.1 com.hero.sms.common.configure.CbShutdownConfig$GracefulShutdown application is going to stop. try to stop tomcat gracefully
2022-05-08 23:07:32 INFO  RMI TCP Connection(2)-127.0.0.1 org.quartz.core.QuartzScheduler Scheduler quartzScheduler_$_NON_CLUSTERED paused.
2022-05-08 23:07:32 INFO  RMI TCP Connection(2)-127.0.0.1 org.springframework.scheduling.quartz.SchedulerFactoryBean Shutting down Quartz Scheduler
2022-05-08 23:07:32 INFO  RMI TCP Connection(2)-127.0.0.1 org.quartz.core.QuartzScheduler Scheduler quartzScheduler_$_NON_CLUSTERED shutting down.
2022-05-08 23:07:32 INFO  RMI TCP Connection(2)-127.0.0.1 org.quartz.core.QuartzScheduler Scheduler quartzScheduler_$_NON_CLUSTERED paused.
2022-05-08 23:07:32 INFO  RMI TCP Connection(2)-127.0.0.1 org.quartz.core.QuartzScheduler Scheduler quartzScheduler_$_NON_CLUSTERED shutdown complete.
2022-05-08 23:07:32 INFO  RMI TCP Connection(2)-127.0.0.1 org.springframework.scheduling.concurrent.ThreadPoolTaskExecutor Shutting down ExecutorService 'getewayThreadPool'
2022-05-08 23:07:32 INFO  RMI TCP Connection(2)-127.0.0.1 com.baomidou.dynamic.datasource.DynamicRoutingDataSource dynamic-datasource start closing ....
2022-05-08 23:07:32 INFO  RMI TCP Connection(2)-127.0.0.1 com.zaxxer.hikari.HikariDataSource quartz - Shutdown initiated...
2022-05-08 23:07:33 INFO  RMI TCP Connection(2)-127.0.0.1 com.zaxxer.hikari.HikariDataSource quartz - Shutdown completed.
2022-05-08 23:07:33 INFO  RMI TCP Connection(2)-127.0.0.1 com.zaxxer.hikari.HikariDataSource base - Shutdown initiated...
2022-05-08 23:07:33 INFO  RMI TCP Connection(2)-127.0.0.1 com.zaxxer.hikari.HikariDataSource base - Shutdown completed.
2022-05-08 23:07:33 INFO  RMI TCP Connection(2)-127.0.0.1 com.baomidou.dynamic.datasource.DynamicRoutingDataSource dynamic-datasource all closed success,bye
2022-05-08 23:07:33 INFO  workGroup5 com.zx.sms.connect.manager.AbstractEndpointConnector Channel added To Endpoint EndpointEntity [Id=11, Desc=null, channelType=DUPLEX, host=103.156.178.53, port=63456, maxChannels=3, valid=true, businessHandlerSet=[com.hero.sms.service.impl.channel.push.SMPPClientMessageReceiveHandler@3438b9c9]] .totalCnt:1 ,remoteAddress: /103.156.178.53:63456
2022-05-08 23:07:33 INFO  workGroup5 com.zx.sms.connect.manager.AbstractEndpointConnector handlers is not shareable . clone it success. com.hero.sms.service.impl.channel.push.SMPPClientMessageReceiveHandler@cbdd029
2022-05-08 23:07:33 INFO  workGroup5 com.hero.sms.service.impl.channel.push.SMPPClientMessageReceiveHandler 通道【11】连接成功
2022-05-08 23:07:33 INFO  workGroup5 com.zx.sms.session.AbstractSessionLoginManager 11 login success on channel [id: 0xcb2333ac, L:/192.168.1.164:11647 - R:/103.156.178.53:63456]
2022-05-08 23:07:37 INFO  workGroup5 com.hero.sms.service.impl.channel.push.SMPPClientMessageReceiveHandler [常规]收到[上游]的消息：{"commandId":-2147483639,"commandLength":36,"commandStatus":0,"lifeTime":0,"name":"bind_transceiver_resp","optionalParameterCount":0,"response":true,"resultMessage":"OK","sequenceNo":1812905235,"sequenceNumber":1812905235,"systemId":"BNF210915230719BLNH","terminated":false,"timestamp":1652022452771}
