2021-10-29 21:41:06 INFO  main com.hero.sms.GetewayApplication Starting GetewayApplication on LAPTOP-L07PL5KH with PID 50756 (C:\work\workspaceSmsBf\sms\sms-gateway\target\classes started by payBoo in C:\work\workspaceSmsBf\sms\sms-gateway)
2021-10-29 21:41:06 INFO  main com.hero.sms.GetewayApplication The following profiles are active: test
2021-10-29 21:41:11 INFO  main org.springframework.data.repository.config.RepositoryConfigurationDelegate Multiple Spring Data modules found, entering strict repository configuration mode!
2021-10-29 21:41:11 INFO  main org.springframework.data.repository.config.RepositoryConfigurationDelegate Bootstrapping Spring Data repositories in DEFAULT mode.
2021-10-29 21:41:12 INFO  main org.springframework.data.repository.config.RepositoryConfigurationDelegate Finished Spring Data repository scanning in 1153ms. Found 0 repository interfaces.
2021-10-29 21:41:13 INFO  main org.springframework.context.support.PostProcessorRegistrationDelegate$BeanPostProcessorChecker Bean 'spring.datasource.dynamic-com.baomidou.dynamic.datasource.spring.boot.autoconfigure.DynamicDataSourceProperties' of type [com.baomidou.dynamic.datasource.spring.boot.autoconfigure.DynamicDataSourceProperties] is not eligible for getting processed by all BeanPostProcessors (for example: not eligible for auto-proxying)
2021-10-29 21:41:13 INFO  main org.springframework.context.support.PostProcessorRegistrationDelegate$BeanPostProcessorChecker Bean 'com.baomidou.dynamic.datasource.spring.boot.autoconfigure.DynamicDataSourceAutoConfiguration' of type [com.baomidou.dynamic.datasource.spring.boot.autoconfigure.DynamicDataSourceAutoConfiguration$$EnhancerBySpringCGLIB$$a2b3f8f1] is not eligible for getting processed by all BeanPostProcessors (for example: not eligible for auto-proxying)
2021-10-29 21:41:13 INFO  main org.springframework.context.support.PostProcessorRegistrationDelegate$BeanPostProcessorChecker Bean 'dsProcessor' of type [com.baomidou.dynamic.datasource.processor.DsHeaderProcessor] is not eligible for getting processed by all BeanPostProcessors (for example: not eligible for auto-proxying)
2021-10-29 21:41:13 INFO  main org.springframework.context.support.PostProcessorRegistrationDelegate$BeanPostProcessorChecker Bean 'dynamicDatasourceAnnotationAdvisor' of type [com.baomidou.dynamic.datasource.aop.DynamicDataSourceAnnotationAdvisor] is not eligible for getting processed by all BeanPostProcessors (for example: not eligible for auto-proxying)
2021-10-29 21:41:13 INFO  main org.springframework.context.support.PostProcessorRegistrationDelegate$BeanPostProcessorChecker Bean 'org.springframework.transaction.annotation.ProxyTransactionManagementConfiguration' of type [org.springframework.transaction.annotation.ProxyTransactionManagementConfiguration] is not eligible for getting processed by all BeanPostProcessors (for example: not eligible for auto-proxying)
2021-10-29 21:41:14 INFO  main org.springframework.boot.web.embedded.tomcat.TomcatWebServer Tomcat initialized with port(s): 8080 (http)
2021-10-29 21:41:14 INFO  main org.apache.coyote.http11.Http11NioProtocol Initializing ProtocolHandler ["http-nio-8080"]
2021-10-29 21:41:14 INFO  main org.apache.catalina.core.StandardService Starting service [Tomcat]
2021-10-29 21:41:14 INFO  main org.apache.catalina.core.StandardEngine Starting Servlet engine: [Apache Tomcat/9.0.27]
2021-10-29 21:41:14 INFO  main org.apache.catalina.core.ContainerBase.[Tomcat].[localhost].[/] Initializing Spring embedded WebApplicationContext
2021-10-29 21:41:14 INFO  main org.springframework.web.context.ContextLoader Root WebApplicationContext: initialization completed in 8503 ms
2021-10-29 21:41:15 INFO  main com.baomidou.dynamic.datasource.DynamicRoutingDataSource dynamic-datasource detect P6SPY plugin and enabled it
2021-10-29 21:41:15 INFO  main com.zaxxer.hikari.HikariDataSource base - Starting...
2021-10-29 21:41:15 INFO  main com.zaxxer.hikari.HikariDataSource base - Start completed.
2021-10-29 21:41:15 INFO  main com.zaxxer.hikari.HikariDataSource quartz - Starting...
2021-10-29 21:41:15 INFO  main com.zaxxer.hikari.HikariDataSource quartz - Start completed.
2021-10-29 21:41:15 INFO  main com.baomidou.dynamic.datasource.DynamicRoutingDataSource dynamic-datasource - load a datasource named [quartz] success
2021-10-29 21:41:15 INFO  main com.baomidou.dynamic.datasource.DynamicRoutingDataSource dynamic-datasource - load a datasource named [base] success
2021-10-29 21:41:15 INFO  main com.baomidou.dynamic.datasource.DynamicRoutingDataSource dynamic-datasource initial loaded [2] datasource,primary datasource named [base]
2021-10-29 21:41:16 INFO  main com.hero.sms.common.xss.XssFilter ------------ xss filter init ------------
2021-10-29 21:41:21 INFO  main org.springframework.boot.actuate.endpoint.web.EndpointLinksResolver Exposing 2 endpoint(s) beneath base path '/actuator'
2021-10-29 21:41:22 INFO  main springfox.documentation.spring.web.PropertySourcedRequestMappingHandlerMapping Mapped URL path [/v2/api-docs] onto method [springfox.documentation.swagger2.web.Swagger2Controller#getDocumentation(String, HttpServletRequest)]
2021-10-29 21:41:22 INFO  main org.springframework.scheduling.concurrent.ThreadPoolTaskExecutor Initializing ExecutorService
2021-10-29 21:41:22 INFO  main org.springframework.scheduling.concurrent.ThreadPoolTaskExecutor Initializing ExecutorService 'getewayThreadPool'
2021-10-29 21:41:22 INFO  main org.springframework.boot.autoconfigure.web.servlet.WelcomePageHandlerMapping Adding welcome page template: index
2021-10-29 21:41:23 INFO  main org.quartz.impl.StdSchedulerFactory Using default implementation for ThreadExecutor
2021-10-29 21:41:23 INFO  main org.quartz.core.SchedulerSignalerImpl Initialized Scheduler Signaller of type: class org.quartz.core.SchedulerSignalerImpl
2021-10-29 21:41:23 INFO  main org.quartz.core.QuartzScheduler Quartz Scheduler v.2.3.2 created.
2021-10-29 21:41:23 INFO  main org.quartz.simpl.RAMJobStore RAMJobStore initialized.
2021-10-29 21:41:23 INFO  main org.quartz.core.QuartzScheduler Scheduler meta-data: Quartz Scheduler (v2.3.2) 'quartzScheduler' with instanceId 'NON_CLUSTERED'
  Scheduler class: 'org.quartz.core.QuartzScheduler' - running locally.
  NOT STARTED.
  Currently in standby mode.
  Number of jobs executed: 0
  Using thread pool 'org.quartz.simpl.SimpleThreadPool' - with 10 threads.
  Using job-store 'org.quartz.simpl.RAMJobStore' - which does not support persistence. and is not clustered.

2021-10-29 21:41:23 INFO  main org.quartz.impl.StdSchedulerFactory Quartz scheduler 'quartzScheduler' initialized from an externally provided properties instance.
2021-10-29 21:41:23 INFO  main org.quartz.impl.StdSchedulerFactory Quartz scheduler version: 2.3.2
2021-10-29 21:41:23 INFO  main org.quartz.core.QuartzScheduler JobFactory set to: org.springframework.scheduling.quartz.SpringBeanJobFactory@7d7f966f
2021-10-29 21:41:23 INFO  main springfox.documentation.spring.web.plugins.DocumentationPluginsBootstrapper Context refreshed
2021-10-29 21:41:23 INFO  main springfox.documentation.spring.web.plugins.DocumentationPluginsBootstrapper Found 1 custom documentation plugin(s)
2021-10-29 21:41:23 INFO  main springfox.documentation.spring.web.scanners.ApiListingReferenceScanner Scanning for api listing references
2021-10-29 21:41:24 INFO  main springfox.documentation.spring.web.readers.operation.CachingOperationNameGenerator Generating unique operation named: receiptUsingGET_1
2021-10-29 21:41:24 INFO  main springfox.documentation.spring.web.readers.operation.CachingOperationNameGenerator Generating unique operation named: receiptUsingHEAD_1
2021-10-29 21:41:24 INFO  main springfox.documentation.spring.web.readers.operation.CachingOperationNameGenerator Generating unique operation named: receiptUsingPOST_1
2021-10-29 21:41:24 INFO  main springfox.documentation.spring.web.readers.operation.CachingOperationNameGenerator Generating unique operation named: receiptUsingPUT_1
2021-10-29 21:41:24 INFO  main springfox.documentation.spring.web.readers.operation.CachingOperationNameGenerator Generating unique operation named: receiptUsingPATCH_1
2021-10-29 21:41:24 INFO  main springfox.documentation.spring.web.readers.operation.CachingOperationNameGenerator Generating unique operation named: receiptUsingDELETE_1
2021-10-29 21:41:24 INFO  main springfox.documentation.spring.web.readers.operation.CachingOperationNameGenerator Generating unique operation named: receiptUsingOPTIONS_1
2021-10-29 21:41:24 INFO  main springfox.documentation.spring.web.readers.operation.CachingOperationNameGenerator Generating unique operation named: receiptUsingTRACE_1
2021-10-29 21:41:24 INFO  main springfox.documentation.spring.web.readers.operation.CachingOperationNameGenerator Generating unique operation named: receiptUsingGET_2
2021-10-29 21:41:24 INFO  main springfox.documentation.spring.web.readers.operation.CachingOperationNameGenerator Generating unique operation named: receiptUsingHEAD_2
2021-10-29 21:41:24 INFO  main springfox.documentation.spring.web.readers.operation.CachingOperationNameGenerator Generating unique operation named: receiptUsingPOST_2
2021-10-29 21:41:24 INFO  main springfox.documentation.spring.web.readers.operation.CachingOperationNameGenerator Generating unique operation named: receiptUsingPUT_2
2021-10-29 21:41:24 INFO  main springfox.documentation.spring.web.readers.operation.CachingOperationNameGenerator Generating unique operation named: receiptUsingPATCH_2
2021-10-29 21:41:24 INFO  main springfox.documentation.spring.web.readers.operation.CachingOperationNameGenerator Generating unique operation named: receiptUsingDELETE_2
2021-10-29 21:41:24 INFO  main springfox.documentation.spring.web.readers.operation.CachingOperationNameGenerator Generating unique operation named: receiptUsingOPTIONS_2
2021-10-29 21:41:24 INFO  main springfox.documentation.spring.web.readers.operation.CachingOperationNameGenerator Generating unique operation named: receiptUsingTRACE_2
2021-10-29 21:41:24 INFO  main org.springframework.scheduling.quartz.SchedulerFactoryBean Starting Quartz Scheduler now
2021-10-29 21:41:24 INFO  main org.quartz.core.QuartzScheduler Scheduler quartzScheduler_$_NON_CLUSTERED started.
2021-10-29 21:41:24 INFO  main org.apache.coyote.http11.Http11NioProtocol Starting ProtocolHandler ["http-nio-8080"]
2021-10-29 21:41:24 INFO  main org.springframework.boot.web.embedded.tomcat.TomcatWebServer Tomcat started on port(s): 8080 (http) with context path ''
2021-10-29 21:41:24 INFO  main com.hero.sms.GetewayApplication Started GetewayApplication in 19.76 seconds (JVM running for 25.96)
2021-10-29 21:41:24 INFO  main com.hero.sms.common.DatabaseCache 开始缓存字典
2021-10-29 21:41:24 INFO  main p6spy 2021-10-29 21:41:24 | 耗时 4 ms | SQL 语句：
SELECT ID, CODE, CREATE_TIME, ORDER_LEVEL, PARENT_CODE, IS_DELETE, NAME, DESCRIPTION, REMARK, SORT_CODE FROM code WHERE (IS_DELETE = '0');
2021-10-29 21:41:24 INFO  main com.hero.sms.common.DatabaseCache 缓存代理信息
2021-10-29 21:41:24 INFO  main p6spy 2021-10-29 21:41:24 | 耗时 1 ms | SQL 语句：
SELECT Id, Google_Key, Cash_Amount, Description, Remark, Agent_Password, Last_Login_IP, Level_Code, Available_Amount, Login_IP, EMail, Need_Bind_Google_Key, Create_Date, QQ, Up_Agent_Id, Agent_Account, Amount, Quota_Amount, Agent_Name, Login_Faild_Count, Data_MD5, Last_Login_Time, Phone_Number, Day_Limit, Send_Sms_Total, Create_User, State_Code, Pay_Password FROM t_agent;
2021-10-29 21:41:24 INFO  main com.hero.sms.common.DatabaseCache 缓存商户信息
2021-10-29 21:41:24 INFO  main p6spy 2021-10-29 21:41:24 | 耗时 1 ms | SQL 语句：
SELECT Id, Agent_Id, Sms_Approve_type, Cash_Amount, Description, Remark, interface_type, Available_Amount, Contact, Md5_Key, Sms_Sign, EMail, Create_Date, Settlement_type, Contact_Mobile, Amount, Address, Organization_Name, charges_type, Business_User_Id, Data_MD5, Bind_IP, Approve_State_Code, Organization_Code, Web_Url, Send_Sms_Total, notify_url, Create_User, Status FROM t_organization;
2021-10-29 21:41:24 INFO  main com.hero.sms.common.DatabaseCache 缓存短信通道信息
2021-10-29 21:41:24 INFO  main p6spy 2021-10-29 21:41:24 | 耗时 1 ms | SQL 语句：
SELECT id, support_area, code, weight, description, create_user_name, remark, protocol_type, impl_full_class, day_limit, create_time, area_regex, name, state, is_del, area_operator_regex, operator_regex FROM t_sms_channel;
2021-10-29 21:41:24 INFO  main com.hero.sms.common.DatabaseCache 缓存支付通道信息
2021-10-29 21:41:24 INFO  main p6spy 2021-10-29 21:41:24 | 耗时 1 ms | SQL 语句：
SELECT id, key1, key2, min_amount, cost, key5, key3, key4, weight, remark, encrypt_key, impl_full_class, netway_code, create_time, merch_no, request_url, state_code, sign_key, callBack_url, channel_name, pay_code, max_amount FROM t_pay_channel;
2021-10-29 21:41:24 INFO  main com.hero.sms.common.DatabaseCache 缓存IP黑名单信息
2021-10-29 21:41:24 INFO  main p6spy 2021-10-29 21:41:24 | 耗时 1 ms | SQL 语句：
SELECT Id, Black_Ip, IsAvailability, LImit_Project, Description, Create_User, Remark, Create_Date FROM t_black_ip_config WHERE (IsAvailability = '1');
2021-10-29 21:41:24 INFO  main com.hero.sms.common.DatabaseCache 缓存手机号段区域信息
2021-10-29 21:41:25 INFO  main p6spy 2021-10-29 21:41:25 | 耗时 1168 ms | SQL 语句：
SELECT Id, MobileNumber, MobileArea, Province_Code, PostCode, AreaCode, Create_Date, MobileType FROM mobile_area;
2021-10-29 21:41:33 INFO  main com.hero.sms.common.DatabaseCache 缓存手机号码黑名单信息
2021-10-29 21:41:33 INFO  main p6spy 2021-10-29 21:41:33 | 耗时 1 ms | SQL 语句：
SELECT area, number FROM t_mobile_black;
2021-10-29 21:41:33 INFO  main com.hero.sms.common.DatabaseCache 缓存网关类型信息
2021-10-29 21:41:33 INFO  main com.hero.sms.common.DatabaseCache 字典缓存完成
2021-10-29 21:41:33 INFO  main com.hero.sms.common.DatabaseCache Begin-缓存敏感词信息
2021-10-29 21:41:33 INFO  main p6spy 2021-10-29 21:41:33 | 耗时 7 ms | SQL 语句：
SELECT id, new_word, word FROM t_sensitive_word ORDER BY id DESC;
2021-10-29 21:41:33 INFO  main com.hero.sms.common.DatabaseCache End-敏感词信息缓存完成
2021-10-29 21:41:33 INFO  main io.lettuce.core.EpollProvider Starting without optional epoll library
2021-10-29 21:41:33 INFO  main io.lettuce.core.KqueueProvider Starting without optional kqueue library
2021-10-29 21:42:26 INFO  main p6spy 2021-10-29 21:42:26 | 耗时 3 ms | SQL 语句：
SELECT * FROM t_organization WHERE Status = '1' AND interface_type & 2 = 2;
2021-10-29 21:42:36 INFO  main p6spy 2021-10-29 21:42:36 | 耗时 4 ms | SQL 语句：
SELECT * FROM t_sms_channel WHERE state & 3 = state AND protocol_type = 'smpp' AND is_del = 0;
2021-10-29 21:42:36 INFO  main com.hero.sms.common.runner.AppStartedUpRunner  __    ___   _      ___   _     ____ _____  ____ 
2021-10-29 21:42:36 INFO  main com.hero.sms.common.runner.AppStartedUpRunner / /`  / / \ | |\/| | |_) | |   | |_   | |  | |_  
2021-10-29 21:42:36 INFO  main com.hero.sms.common.runner.AppStartedUpRunner \_\_, \_\_/ |_|  | |_|   |_|__ |_|__  |_|  |_|__ 
2021-10-29 21:42:36 INFO  main com.hero.sms.common.runner.AppStartedUpRunner                                                       
2021-10-29 21:42:36 INFO  main com.hero.sms.common.runner.AppStartedUpRunner 网关平台系统启动完毕，地址：http://169.254.130.216:8080
2021-10-29 21:45:43 INFO  http-nio-8080-exec-2 org.apache.catalina.core.ContainerBase.[Tomcat].[localhost].[/] Initializing Spring DispatcherServlet 'dispatcherServlet'
2021-10-29 21:45:43 INFO  http-nio-8080-exec-2 org.springframework.web.servlet.DispatcherServlet Initializing Servlet 'dispatcherServlet'
2021-10-29 21:45:43 INFO  http-nio-8080-exec-2 org.springframework.web.servlet.DispatcherServlet Completed initialization in 29 ms
2021-10-29 21:45:43 INFO  http-nio-8080-exec-2 com.hero.sms.controller.result.QxtResultController QXT回执信息：请求IP【169.254.130.216】【请求参数】：<?xml version="1.0" encoding="utf-8" ?><returnsms>
 </returnsms>

2021-10-29 21:45:45 INFO  http-nio-8080-exec-2 p6spy 2021-10-29 21:45:45 | 耗时 1 ms | SQL 语句：
SELECT * FROM t_sms_channel WHERE code = 'FSGJHTTP';
2021-10-29 21:45:45 INFO  http-nio-8080-exec-2 p6spy 2021-10-29 21:45:45 | 耗时 13 ms | SQL 语句：
SELECT * FROM t_sms_channel_property WHERE sms_channel_id = 13;
2021-10-29 21:45:45 INFO  http-nio-8080-exec-2 p6spy 2021-10-29 21:45:45 | 耗时 12 ms | SQL 语句：
SELECT * FROM t_sms_channel_cost WHERE sms_channel_id = 13;
2021-10-29 22:27:49 INFO  RMI TCP Connection(2)-127.0.0.1 org.springframework.boot.admin.SpringApplicationAdminMXBeanRegistrar$SpringApplicationAdmin Application shutdown requested.
2021-10-29 22:27:49 INFO  RMI TCP Connection(2)-127.0.0.1 com.hero.sms.common.configure.CbShutdownConfig$GracefulShutdown application is going to stop. try to stop tomcat gracefully
2021-10-29 22:27:50 INFO  RMI TCP Connection(3)-127.0.0.1 org.springframework.boot.admin.SpringApplicationAdminMXBeanRegistrar$SpringApplicationAdmin Application shutdown requested.
2021-10-29 22:27:50 INFO  RMI TCP Connection(4)-127.0.0.1 org.springframework.boot.admin.SpringApplicationAdminMXBeanRegistrar$SpringApplicationAdmin Application shutdown requested.
2021-10-29 22:27:50 INFO  RMI TCP Connection(5)-127.0.0.1 org.springframework.boot.admin.SpringApplicationAdminMXBeanRegistrar$SpringApplicationAdmin Application shutdown requested.
2021-10-29 22:27:51 INFO  RMI TCP Connection(2)-127.0.0.1 org.quartz.core.QuartzScheduler Scheduler quartzScheduler_$_NON_CLUSTERED paused.
2021-10-29 22:27:51 INFO  RMI TCP Connection(2)-127.0.0.1 org.springframework.scheduling.quartz.SchedulerFactoryBean Shutting down Quartz Scheduler
2021-10-29 22:27:51 INFO  RMI TCP Connection(2)-127.0.0.1 org.quartz.core.QuartzScheduler Scheduler quartzScheduler_$_NON_CLUSTERED shutting down.
2021-10-29 22:27:51 INFO  RMI TCP Connection(2)-127.0.0.1 org.quartz.core.QuartzScheduler Scheduler quartzScheduler_$_NON_CLUSTERED paused.
2021-10-29 22:27:51 INFO  RMI TCP Connection(2)-127.0.0.1 org.quartz.core.QuartzScheduler Scheduler quartzScheduler_$_NON_CLUSTERED shutdown complete.
2021-10-29 22:27:51 INFO  RMI TCP Connection(2)-127.0.0.1 org.springframework.scheduling.concurrent.ThreadPoolTaskExecutor Shutting down ExecutorService 'getewayThreadPool'
2021-10-29 22:27:51 INFO  RMI TCP Connection(2)-127.0.0.1 com.baomidou.dynamic.datasource.DynamicRoutingDataSource dynamic-datasource start closing ....
2021-10-29 22:27:51 INFO  RMI TCP Connection(2)-127.0.0.1 com.zaxxer.hikari.HikariDataSource quartz - Shutdown initiated...
2021-10-29 22:27:51 INFO  RMI TCP Connection(2)-127.0.0.1 com.zaxxer.hikari.HikariDataSource quartz - Shutdown completed.
2021-10-29 22:27:51 INFO  RMI TCP Connection(2)-127.0.0.1 com.zaxxer.hikari.HikariDataSource base - Shutdown initiated...
2021-10-29 22:27:51 INFO  RMI TCP Connection(2)-127.0.0.1 com.zaxxer.hikari.HikariDataSource base - Shutdown completed.
2021-10-29 22:27:51 INFO  RMI TCP Connection(2)-127.0.0.1 com.baomidou.dynamic.datasource.DynamicRoutingDataSource dynamic-datasource all closed success,bye
2021-10-29 22:28:34 INFO  main com.hero.sms.GetewayApplication Starting GetewayApplication on LAPTOP-L07PL5KH with PID 42516 (C:\work\workspaceSmsBf\sms\sms-gateway\target\classes started by payBoo in C:\work\workspaceSmsBf\sms\sms-gateway)
2021-10-29 22:28:34 INFO  main com.hero.sms.GetewayApplication The following profiles are active: test
2021-10-29 22:28:39 INFO  main org.springframework.data.repository.config.RepositoryConfigurationDelegate Multiple Spring Data modules found, entering strict repository configuration mode!
2021-10-29 22:28:39 INFO  main org.springframework.data.repository.config.RepositoryConfigurationDelegate Bootstrapping Spring Data repositories in DEFAULT mode.
2021-10-29 22:28:40 INFO  main org.springframework.data.repository.config.RepositoryConfigurationDelegate Finished Spring Data repository scanning in 732ms. Found 0 repository interfaces.
2021-10-29 22:28:41 INFO  main org.springframework.context.support.PostProcessorRegistrationDelegate$BeanPostProcessorChecker Bean 'spring.datasource.dynamic-com.baomidou.dynamic.datasource.spring.boot.autoconfigure.DynamicDataSourceProperties' of type [com.baomidou.dynamic.datasource.spring.boot.autoconfigure.DynamicDataSourceProperties] is not eligible for getting processed by all BeanPostProcessors (for example: not eligible for auto-proxying)
2021-10-29 22:28:41 INFO  main org.springframework.context.support.PostProcessorRegistrationDelegate$BeanPostProcessorChecker Bean 'com.baomidou.dynamic.datasource.spring.boot.autoconfigure.DynamicDataSourceAutoConfiguration' of type [com.baomidou.dynamic.datasource.spring.boot.autoconfigure.DynamicDataSourceAutoConfiguration$$EnhancerBySpringCGLIB$$49a417e6] is not eligible for getting processed by all BeanPostProcessors (for example: not eligible for auto-proxying)
2021-10-29 22:28:41 INFO  main org.springframework.context.support.PostProcessorRegistrationDelegate$BeanPostProcessorChecker Bean 'dsProcessor' of type [com.baomidou.dynamic.datasource.processor.DsHeaderProcessor] is not eligible for getting processed by all BeanPostProcessors (for example: not eligible for auto-proxying)
2021-10-29 22:28:41 INFO  main org.springframework.context.support.PostProcessorRegistrationDelegate$BeanPostProcessorChecker Bean 'dynamicDatasourceAnnotationAdvisor' of type [com.baomidou.dynamic.datasource.aop.DynamicDataSourceAnnotationAdvisor] is not eligible for getting processed by all BeanPostProcessors (for example: not eligible for auto-proxying)
2021-10-29 22:28:41 INFO  main org.springframework.context.support.PostProcessorRegistrationDelegate$BeanPostProcessorChecker Bean 'org.springframework.transaction.annotation.ProxyTransactionManagementConfiguration' of type [org.springframework.transaction.annotation.ProxyTransactionManagementConfiguration] is not eligible for getting processed by all BeanPostProcessors (for example: not eligible for auto-proxying)
2021-10-29 22:28:41 INFO  main org.springframework.boot.web.embedded.tomcat.TomcatWebServer Tomcat initialized with port(s): 8080 (http)
2021-10-29 22:28:41 INFO  main org.apache.coyote.http11.Http11NioProtocol Initializing ProtocolHandler ["http-nio-8080"]
2021-10-29 22:28:41 INFO  main org.apache.catalina.core.StandardService Starting service [Tomcat]
2021-10-29 22:28:41 INFO  main org.apache.catalina.core.StandardEngine Starting Servlet engine: [Apache Tomcat/9.0.27]
2021-10-29 22:28:42 INFO  main org.apache.catalina.core.ContainerBase.[Tomcat].[localhost].[/] Initializing Spring embedded WebApplicationContext
2021-10-29 22:28:42 INFO  main org.springframework.web.context.ContextLoader Root WebApplicationContext: initialization completed in 7227 ms
2021-10-29 22:28:42 INFO  main com.baomidou.dynamic.datasource.DynamicRoutingDataSource dynamic-datasource detect P6SPY plugin and enabled it
2021-10-29 22:28:42 INFO  main com.zaxxer.hikari.HikariDataSource base - Starting...
2021-10-29 22:28:42 INFO  main com.zaxxer.hikari.HikariDataSource base - Start completed.
2021-10-29 22:28:42 INFO  main com.zaxxer.hikari.HikariDataSource quartz - Starting...
2021-10-29 22:28:42 INFO  main com.zaxxer.hikari.HikariDataSource quartz - Start completed.
2021-10-29 22:28:42 INFO  main com.baomidou.dynamic.datasource.DynamicRoutingDataSource dynamic-datasource - load a datasource named [quartz] success
2021-10-29 22:28:42 INFO  main com.baomidou.dynamic.datasource.DynamicRoutingDataSource dynamic-datasource - load a datasource named [base] success
2021-10-29 22:28:42 INFO  main com.baomidou.dynamic.datasource.DynamicRoutingDataSource dynamic-datasource initial loaded [2] datasource,primary datasource named [base]
2021-10-29 22:28:43 INFO  main com.hero.sms.common.xss.XssFilter ------------ xss filter init ------------
2021-10-29 22:28:48 INFO  main org.springframework.boot.actuate.endpoint.web.EndpointLinksResolver Exposing 2 endpoint(s) beneath base path '/actuator'
2021-10-29 22:28:48 INFO  main springfox.documentation.spring.web.PropertySourcedRequestMappingHandlerMapping Mapped URL path [/v2/api-docs] onto method [springfox.documentation.swagger2.web.Swagger2Controller#getDocumentation(String, HttpServletRequest)]
2021-10-29 22:28:48 INFO  main org.springframework.scheduling.concurrent.ThreadPoolTaskExecutor Initializing ExecutorService
2021-10-29 22:28:48 INFO  main org.springframework.scheduling.concurrent.ThreadPoolTaskExecutor Initializing ExecutorService 'getewayThreadPool'
2021-10-29 22:28:48 INFO  main org.springframework.boot.autoconfigure.web.servlet.WelcomePageHandlerMapping Adding welcome page template: index
2021-10-29 22:28:49 INFO  main org.quartz.impl.StdSchedulerFactory Using default implementation for ThreadExecutor
2021-10-29 22:28:49 INFO  main org.quartz.core.SchedulerSignalerImpl Initialized Scheduler Signaller of type: class org.quartz.core.SchedulerSignalerImpl
2021-10-29 22:28:49 INFO  main org.quartz.core.QuartzScheduler Quartz Scheduler v.2.3.2 created.
2021-10-29 22:28:49 INFO  main org.quartz.simpl.RAMJobStore RAMJobStore initialized.
2021-10-29 22:28:49 INFO  main org.quartz.core.QuartzScheduler Scheduler meta-data: Quartz Scheduler (v2.3.2) 'quartzScheduler' with instanceId 'NON_CLUSTERED'
  Scheduler class: 'org.quartz.core.QuartzScheduler' - running locally.
  NOT STARTED.
  Currently in standby mode.
  Number of jobs executed: 0
  Using thread pool 'org.quartz.simpl.SimpleThreadPool' - with 10 threads.
  Using job-store 'org.quartz.simpl.RAMJobStore' - which does not support persistence. and is not clustered.

2021-10-29 22:28:49 INFO  main org.quartz.impl.StdSchedulerFactory Quartz scheduler 'quartzScheduler' initialized from an externally provided properties instance.
2021-10-29 22:28:49 INFO  main org.quartz.impl.StdSchedulerFactory Quartz scheduler version: 2.3.2
2021-10-29 22:28:49 INFO  main org.quartz.core.QuartzScheduler JobFactory set to: org.springframework.scheduling.quartz.SpringBeanJobFactory@35d8ba22
2021-10-29 22:28:49 INFO  main springfox.documentation.spring.web.plugins.DocumentationPluginsBootstrapper Context refreshed
2021-10-29 22:28:49 INFO  main springfox.documentation.spring.web.plugins.DocumentationPluginsBootstrapper Found 1 custom documentation plugin(s)
2021-10-29 22:28:50 INFO  main springfox.documentation.spring.web.scanners.ApiListingReferenceScanner Scanning for api listing references
2021-10-29 22:28:50 INFO  main springfox.documentation.spring.web.readers.operation.CachingOperationNameGenerator Generating unique operation named: receiptUsingGET_1
2021-10-29 22:28:50 INFO  main springfox.documentation.spring.web.readers.operation.CachingOperationNameGenerator Generating unique operation named: receiptUsingHEAD_1
2021-10-29 22:28:50 INFO  main springfox.documentation.spring.web.readers.operation.CachingOperationNameGenerator Generating unique operation named: receiptUsingPOST_1
2021-10-29 22:28:50 INFO  main springfox.documentation.spring.web.readers.operation.CachingOperationNameGenerator Generating unique operation named: receiptUsingPUT_1
2021-10-29 22:28:50 INFO  main springfox.documentation.spring.web.readers.operation.CachingOperationNameGenerator Generating unique operation named: receiptUsingPATCH_1
2021-10-29 22:28:50 INFO  main springfox.documentation.spring.web.readers.operation.CachingOperationNameGenerator Generating unique operation named: receiptUsingDELETE_1
2021-10-29 22:28:50 INFO  main springfox.documentation.spring.web.readers.operation.CachingOperationNameGenerator Generating unique operation named: receiptUsingOPTIONS_1
2021-10-29 22:28:50 INFO  main springfox.documentation.spring.web.readers.operation.CachingOperationNameGenerator Generating unique operation named: receiptUsingTRACE_1
2021-10-29 22:28:50 INFO  main springfox.documentation.spring.web.readers.operation.CachingOperationNameGenerator Generating unique operation named: receiptUsingGET_2
2021-10-29 22:28:50 INFO  main springfox.documentation.spring.web.readers.operation.CachingOperationNameGenerator Generating unique operation named: receiptUsingHEAD_2
2021-10-29 22:28:50 INFO  main springfox.documentation.spring.web.readers.operation.CachingOperationNameGenerator Generating unique operation named: receiptUsingPOST_2
2021-10-29 22:28:50 INFO  main springfox.documentation.spring.web.readers.operation.CachingOperationNameGenerator Generating unique operation named: receiptUsingPUT_2
2021-10-29 22:28:50 INFO  main springfox.documentation.spring.web.readers.operation.CachingOperationNameGenerator Generating unique operation named: receiptUsingPATCH_2
2021-10-29 22:28:50 INFO  main springfox.documentation.spring.web.readers.operation.CachingOperationNameGenerator Generating unique operation named: receiptUsingDELETE_2
2021-10-29 22:28:50 INFO  main springfox.documentation.spring.web.readers.operation.CachingOperationNameGenerator Generating unique operation named: receiptUsingOPTIONS_2
2021-10-29 22:28:50 INFO  main springfox.documentation.spring.web.readers.operation.CachingOperationNameGenerator Generating unique operation named: receiptUsingTRACE_2
2021-10-29 22:28:50 INFO  main org.springframework.scheduling.quartz.SchedulerFactoryBean Starting Quartz Scheduler now
2021-10-29 22:28:50 INFO  main org.quartz.core.QuartzScheduler Scheduler quartzScheduler_$_NON_CLUSTERED started.
2021-10-29 22:28:50 INFO  main org.apache.coyote.http11.Http11NioProtocol Starting ProtocolHandler ["http-nio-8080"]
2021-10-29 22:28:50 INFO  main org.springframework.boot.web.embedded.tomcat.TomcatWebServer Tomcat started on port(s): 8080 (http) with context path ''
2021-10-29 22:28:50 INFO  main com.hero.sms.GetewayApplication Started GetewayApplication in 16.936 seconds (JVM running for 21.829)
2021-10-29 22:28:50 INFO  main com.hero.sms.common.DatabaseCache 开始缓存字典
2021-10-29 22:28:50 INFO  main p6spy 2021-10-29 22:28:50 | 耗时 1 ms | SQL 语句：
SELECT ID, CODE, CREATE_TIME, ORDER_LEVEL, PARENT_CODE, IS_DELETE, NAME, DESCRIPTION, REMARK, SORT_CODE FROM code WHERE (IS_DELETE = '0');
2021-10-29 22:28:50 INFO  main com.hero.sms.common.DatabaseCache 缓存代理信息
2021-10-29 22:28:50 INFO  main p6spy 2021-10-29 22:28:50 | 耗时 1 ms | SQL 语句：
SELECT Id, Google_Key, Cash_Amount, Description, Remark, Agent_Password, Last_Login_IP, Level_Code, Available_Amount, Login_IP, EMail, Need_Bind_Google_Key, Create_Date, QQ, Up_Agent_Id, Agent_Account, Amount, Quota_Amount, Agent_Name, Login_Faild_Count, Data_MD5, Last_Login_Time, Phone_Number, Day_Limit, Send_Sms_Total, Create_User, State_Code, Pay_Password FROM t_agent;
2021-10-29 22:28:50 INFO  main com.hero.sms.common.DatabaseCache 缓存商户信息
2021-10-29 22:28:50 INFO  main p6spy 2021-10-29 22:28:50 | 耗时 1 ms | SQL 语句：
SELECT Id, Agent_Id, Sms_Approve_type, Cash_Amount, Description, Remark, interface_type, Available_Amount, Contact, Md5_Key, Sms_Sign, EMail, Create_Date, Settlement_type, Contact_Mobile, Amount, Address, Organization_Name, charges_type, Business_User_Id, Data_MD5, Bind_IP, Approve_State_Code, Organization_Code, Web_Url, Send_Sms_Total, notify_url, Create_User, Status FROM t_organization;
2021-10-29 22:28:50 INFO  main com.hero.sms.common.DatabaseCache 缓存短信通道信息
2021-10-29 22:28:50 INFO  main p6spy 2021-10-29 22:28:50 | 耗时 1 ms | SQL 语句：
SELECT id, support_area, code, weight, description, create_user_name, remark, protocol_type, impl_full_class, day_limit, create_time, area_regex, name, state, is_del, area_operator_regex, operator_regex FROM t_sms_channel;
2021-10-29 22:28:50 INFO  main com.hero.sms.common.DatabaseCache 缓存支付通道信息
2021-10-29 22:28:50 INFO  main p6spy 2021-10-29 22:28:50 | 耗时 1 ms | SQL 语句：
SELECT id, key1, key2, min_amount, cost, key5, key3, key4, weight, remark, encrypt_key, impl_full_class, netway_code, create_time, merch_no, request_url, state_code, sign_key, callBack_url, channel_name, pay_code, max_amount FROM t_pay_channel;
2021-10-29 22:28:50 INFO  main com.hero.sms.common.DatabaseCache 缓存IP黑名单信息
2021-10-29 22:28:50 INFO  main p6spy 2021-10-29 22:28:50 | 耗时 1 ms | SQL 语句：
SELECT Id, Black_Ip, IsAvailability, LImit_Project, Description, Create_User, Remark, Create_Date FROM t_black_ip_config WHERE (IsAvailability = '1');
2021-10-29 22:28:50 INFO  main com.hero.sms.common.DatabaseCache 缓存手机号段区域信息
2021-10-29 22:28:51 INFO  main p6spy 2021-10-29 22:28:51 | 耗时 849 ms | SQL 语句：
SELECT Id, MobileNumber, MobileArea, Province_Code, PostCode, AreaCode, Create_Date, MobileType FROM mobile_area;
2021-10-29 22:28:56 INFO  main com.hero.sms.common.DatabaseCache 缓存手机号码黑名单信息
2021-10-29 22:28:56 INFO  main p6spy 2021-10-29 22:28:56 | 耗时 3 ms | SQL 语句：
SELECT area, number FROM t_mobile_black;
2021-10-29 22:28:56 INFO  main com.hero.sms.common.DatabaseCache 缓存网关类型信息
2021-10-29 22:28:56 INFO  main com.hero.sms.common.DatabaseCache 字典缓存完成
2021-10-29 22:28:56 INFO  main com.hero.sms.common.DatabaseCache Begin-缓存敏感词信息
2021-10-29 22:28:56 INFO  main p6spy 2021-10-29 22:28:56 | 耗时 7 ms | SQL 语句：
SELECT id, new_word, word FROM t_sensitive_word ORDER BY id DESC;
2021-10-29 22:28:56 INFO  main com.hero.sms.common.DatabaseCache End-敏感词信息缓存完成
2021-10-29 22:28:56 INFO  main io.lettuce.core.EpollProvider Starting without optional epoll library
2021-10-29 22:28:56 INFO  main io.lettuce.core.KqueueProvider Starting without optional kqueue library
2021-10-29 22:29:44 INFO  main p6spy 2021-10-29 22:29:44 | 耗时 3 ms | SQL 语句：
SELECT * FROM t_organization WHERE Status = '1' AND interface_type & 2 = 2;
2021-10-29 22:29:50 INFO  main p6spy 2021-10-29 22:29:50 | 耗时 5 ms | SQL 语句：
SELECT * FROM t_sms_channel WHERE state & 3 = state AND protocol_type = 'smpp' AND is_del = 0;
2021-10-29 22:29:50 INFO  main com.hero.sms.common.runner.AppStartedUpRunner  __    ___   _      ___   _     ____ _____  ____ 
2021-10-29 22:29:50 INFO  main com.hero.sms.common.runner.AppStartedUpRunner / /`  / / \ | |\/| | |_) | |   | |_   | |  | |_  
2021-10-29 22:29:50 INFO  main com.hero.sms.common.runner.AppStartedUpRunner \_\_, \_\_/ |_|  | |_|   |_|__ |_|__  |_|  |_|__ 
2021-10-29 22:29:50 INFO  main com.hero.sms.common.runner.AppStartedUpRunner                                                       
2021-10-29 22:29:50 INFO  main com.hero.sms.common.runner.AppStartedUpRunner 网关平台系统启动完毕，地址：http://169.254.130.216:8080
2021-10-29 22:36:45 INFO  ConsumeMessageThread_1 com.hero.sms.service.mq.MQService [Begin分拣]========【A9FE82D88D4418B4AAC2950C2DF20000】开始时间：【2021-10-29 22:36:43:395】,数量【1】
2021-10-29 22:36:45 INFO  ConsumeMessageThread_1 p6spy 2021-10-29 22:36:45 | 耗时 11 ms | SQL 语句：
SELECT id, agent_id, send_code, sms_number_area, type, audit_state, create_username, refuse_cause, org_code, channel_cost_amount, timing_time, agent_income_amount, sms_content, sms_type, is_timing_time, up_agent_id, consume_amount, sms_count, number_count, income_amount, sms_numbers, create_time, client_ip, sms_words, sub_type, sorting_time, up_agent_income_amount FROM t_send_box WHERE id = 16963;
2021-10-29 22:36:46 INFO  ConsumeMessageThread_1 p6spy 2021-10-29 22:36:46 | 耗时 6 ms | SQL 语句：
SELECT org.*, cost.Id AS cost_Id, cost.Organization_Code AS cost_Organization_Code, cost.sms_type, cost.Cost_Name AS Cost_Name, cost.Cost_Value AS Cost_Value, cost.State AS Cost_State, cost.Channel_Id AS Cost_Channel_Id, cost.Description AS Cost_Description, cost.Remark AS Cost_Remark, cost.Create_Date AS Cost_Create_Date FROM t_organization org LEFT JOIN t_organization_cost cost ON org.Organization_Code = cost.Organization_Code WHERE org.organization_code = '20200331160443FKDW';
2021-10-29 22:36:46 INFO  ConsumeMessageThread_1 p6spy 2021-10-29 22:36:46 | 耗时 7 ms | SQL 语句：
SELECT agent.*, cost.Id AS cost_Id, cost.Agent_Id AS Cost_Agent_Id, cost.sms_type, cost.Name AS Cost_Name, cost.Value AS Cost_Value, cost.Description AS Cost_Description, cost.Remark AS Cost_Remark, cost.Create_Date AS Cost_Create_Date FROM t_agent agent LEFT JOIN t_agent_cost cost ON agent.Id = cost.Agent_Id WHERE agent.Id = 36;
2021-10-29 22:36:46 INFO  ConsumeMessageThread_1 p6spy 2021-10-29 22:36:46 | 耗时 0 ms | SQL 语句：
SELECT agent.*, cost.Id AS cost_Id, cost.Agent_Id AS Cost_Agent_Id, cost.sms_type, cost.Name AS Cost_Name, cost.Value AS Cost_Value, cost.Description AS Cost_Description, cost.Remark AS Cost_Remark, cost.Create_Date AS Cost_Create_Date FROM t_agent agent LEFT JOIN t_agent_cost cost ON agent.Id = cost.Agent_Id WHERE agent.Id = 35;
2021-10-29 22:36:46 INFO  ConsumeMessageThread_1 p6spy 2021-10-29 22:36:46 | 耗时 1 ms | SQL 语句：
SELECT id, support_area, code, weight, description, create_user_name, remark, protocol_type, impl_full_class, day_limit, create_time, area_regex, name, state, is_del, area_operator_regex, operator_regex FROM t_sms_channel WHERE id = '13';
2021-10-29 22:36:46 INFO  ConsumeMessageThread_1 p6spy 2021-10-29 22:36:46 | 耗时 18 ms | SQL 语句：
INSERT INTO t_send_box_record_checkinfo (send_code, sms_number, state) VALUES ('BN20211029223641KDQUU', '15590478565', 1);
2021-10-29 22:36:46 INFO  ConsumeMessageThread_1 p6spy 2021-10-29 22:36:46 | 耗时 10 ms | SQL 语句：
SELECT id, create_time, property_type, name, sms_channel_id, description, remark, value FROM t_sms_channel_property WHERE (sms_channel_id = 13);
2021-10-29 22:36:46 INFO  ConsumeMessageThread_1 p6spy 2021-10-29 22:36:46 | 耗时 11 ms | SQL 语句：
SELECT Id, create_time, name, sms_channel_id, description, remark, sms_type, value FROM t_sms_channel_cost WHERE (sms_channel_id = 13);
2021-10-29 22:36:46 INFO  ConsumeMessageThread_1 p6spy 2021-10-29 22:36:46 | 耗时 8 ms | SQL 语句：
SELECT Id, Agent_Id, Sms_Approve_type, Cash_Amount, Description, Remark, interface_type, Available_Amount, Contact, Md5_Key, Sms_Sign, EMail, Create_Date, Settlement_type, Contact_Mobile, Amount, Address, Organization_Name, charges_type, Business_User_Id, Data_MD5, Bind_IP, Approve_State_Code, Organization_Code, Web_Url, Send_Sms_Total, notify_url, Create_User, Status FROM t_organization WHERE (Organization_Code = '20200331160443FKDW') FOR UPDATE;
2021-10-29 22:36:46 INFO  ConsumeMessageThread_1 p6spy 2021-10-29 22:36:46 | 耗时 2 ms | SQL 语句：
UPDATE t_organization SET cash_amount = cash_amount + 46, available_amount = available_amount - 46, send_sms_total = send_sms_total + 1, data_md5 = UPPER(MD5(CONCAT('dgfjokijorewdfsjfixcvjewr', Organization_Code, amount, Available_Amount, Cash_Amount, Send_Sms_Total, Md5_Key, Sms_Sign, Bind_IP))) WHERE (Id = 62);
2021-10-29 22:36:46 INFO  ConsumeMessageThread_1 p6spy 2021-10-29 22:36:46 | 耗时 6 ms | SQL 语句：
SELECT Id, Google_Key, Cash_Amount, Description, Remark, Agent_Password, Last_Login_IP, Level_Code, Available_Amount, Login_IP, EMail, Need_Bind_Google_Key, Create_Date, QQ, Up_Agent_Id, Agent_Account, Amount, Quota_Amount, Agent_Name, Login_Faild_Count, Data_MD5, Last_Login_Time, Phone_Number, Day_Limit, Send_Sms_Total, Create_User, State_Code, Pay_Password FROM t_agent WHERE Id = 36;
2021-10-29 22:36:46 INFO  ConsumeMessageThread_1 p6spy 2021-10-29 22:36:46 | 耗时 0 ms | SQL 语句：
UPDATE t_agent SET available_amount = available_amount + 16, send_sms_total = send_sms_total + 1, data_md5 = UPPER(MD5(CONCAT('sjiojsfjlcvjiwej', agent_account, amount, Available_Amount, Cash_Amount, Send_Sms_Total, quota_amount))) WHERE (Id = 36);
2021-10-29 22:36:46 INFO  ConsumeMessageThread_1 p6spy 2021-10-29 22:36:46 | 耗时 0 ms | SQL 语句：
SELECT Id, Google_Key, Cash_Amount, Description, Remark, Agent_Password, Last_Login_IP, Level_Code, Available_Amount, Login_IP, EMail, Need_Bind_Google_Key, Create_Date, QQ, Up_Agent_Id, Agent_Account, Amount, Quota_Amount, Agent_Name, Login_Faild_Count, Data_MD5, Last_Login_Time, Phone_Number, Day_Limit, Send_Sms_Total, Create_User, State_Code, Pay_Password FROM t_agent WHERE Id = 35;
2021-10-29 22:36:46 INFO  ConsumeMessageThread_1 p6spy 2021-10-29 22:36:46 | 耗时 0 ms | SQL 语句：
UPDATE t_agent SET available_amount = available_amount + 10, send_sms_total = send_sms_total + 1, data_md5 = UPPER(MD5(CONCAT('sjiojsfjlcvjiwej', agent_account, amount, Available_Amount, Cash_Amount, Send_Sms_Total, quota_amount))) WHERE (Id = 35);
2021-10-29 22:36:46 INFO  ConsumeMessageThread_1 p6spy 2021-10-29 22:36:46 | 耗时 8 ms | SQL 语句：
UPDATE t_send_box SET sorting_time = '2021-10-29T22:36:46.471+0800', timing_time = NULL, sms_count = sms_count + 1, consume_amount = consume_amount + 46, channel_cost_amount = channel_cost_amount + 30, agent_income_amount = agent_income_amount + 16, up_agent_income_amount = up_agent_income_amount + 10, income_amount = income_amount + -10 WHERE (id = 16963);
2021-10-29 22:36:46 INFO  ConsumeMessageThread_1 com.hero.sms.service.mq.MQService 【End分拣】========【A9FE82D88D4418B4AAC2950C2DF20000】结束时间：【2021-10-29 22:36:46:515】,分拣耗时【3120】ms
2021-10-29 22:36:46 INFO  ConsumeMessageThread_1 p6spy 2021-10-29 22:36:46 | 耗时 0 ms | SQL 语句：
SELECT id, agent_id, sms_number_province, send_code, sms_number, sms_number_area, sms_number_operator, receipt_time, org_code, res_msgid, channel_cost_amount, agent_income_amount, sms_content, sms_type, state, channel_id, up_agent_id, consume_amount, state_desc, sms_count, income_amount, source_number, submit_time, create_time, sms_words, sub_type, up_agent_income_amount FROM t_send_record WHERE id = 121998;
2021-10-29 22:36:46 INFO  ConsumeMessageThread_1 p6spy 2021-10-29 22:36:46 | 耗时 0 ms | SQL 语句：
SELECT * FROM t_sms_channel WHERE id = 13;
2021-10-29 22:36:46 INFO  ConsumeMessageThread_1 p6spy 2021-10-29 22:36:46 | 耗时 0 ms | SQL 语句：
SELECT * FROM t_sms_channel_property WHERE sms_channel_id = 13;
2021-10-29 22:36:46 INFO  ConsumeMessageThread_1 p6spy 2021-10-29 22:36:46 | 耗时 0 ms | SQL 语句：
SELECT * FROM t_sms_channel_cost WHERE sms_channel_id = 13;
2021-10-29 22:36:46 INFO  ConsumeMessageThread_1 p6spy 2021-10-29 22:36:46 | 耗时 8 ms | SQL 语句：
INSERT INTO t_send_record_checkinfo (send_code, sms_number, state, channel_id) VALUES ('BN20211029223641KDQUU', '15590478565', 1, 13);
2021-10-29 22:37:05 INFO  ConsumeMessageThread_1 com.hero.sms.service.impl.channel.push.QiXinTong 批次号【BN20211029223641KDQUU】手机号码【15590478565】通道【13】【QXT】发送HTTP【提交参数】:password=189889&extno=121998&mobile=15590478565&action=send&userid=198&account=189889&content=测试一下1&sendTime=
2021-10-29 22:37:14 INFO  ConsumeMessageThread_1 com.hero.sms.common.utils.HttpUtil 请求报文:password=189889&extno=121998&mobile=15590478565&action=send&userid=198&account=189889&content=测试一下1&sendTime=
2021-10-29 22:37:21 INFO  ConsumeMessageThread_1 com.hero.sms.service.impl.channel.push.QiXinTong 批次号【BN20211029223641KDQUU】手机号码【15590478565】通道【13】【QXT】发送HTTP【返回参数】:<?xml version="1.0" encoding="utf-8" ?><returnsms>
 <returnstatus>Faild</returnstatus>
 <message>账户余额不足，请充值！</message>
 <remainpoint>0</remainpoint>
 <taskID>0</taskID>
 <successCounts>0</successCounts></returnsms>
2021-10-29 22:39:05 INFO  ConsumeMessageThread_1 p6spy 2021-10-29 22:39:05 | 耗时 5 ms | SQL 语句：
UPDATE t_send_record SET state = 8, state_desc = 'null', res_msgid = NULL, submit_time = '2021-10-29T22:39:05.502+0800' WHERE (id = 121998);
2021-10-29 22:56:17 INFO  RMI TCP Connection(2)-127.0.0.1 org.springframework.boot.admin.SpringApplicationAdminMXBeanRegistrar$SpringApplicationAdmin Application shutdown requested.
2021-10-29 22:56:17 INFO  RMI TCP Connection(2)-127.0.0.1 com.hero.sms.common.configure.CbShutdownConfig$GracefulShutdown application is going to stop. try to stop tomcat gracefully
2021-10-29 22:56:19 INFO  RMI TCP Connection(2)-127.0.0.1 org.quartz.core.QuartzScheduler Scheduler quartzScheduler_$_NON_CLUSTERED paused.
2021-10-29 22:56:19 INFO  RMI TCP Connection(2)-127.0.0.1 org.springframework.scheduling.quartz.SchedulerFactoryBean Shutting down Quartz Scheduler
2021-10-29 22:56:19 INFO  RMI TCP Connection(2)-127.0.0.1 org.quartz.core.QuartzScheduler Scheduler quartzScheduler_$_NON_CLUSTERED shutting down.
2021-10-29 22:56:19 INFO  RMI TCP Connection(2)-127.0.0.1 org.quartz.core.QuartzScheduler Scheduler quartzScheduler_$_NON_CLUSTERED paused.
2021-10-29 22:56:19 INFO  RMI TCP Connection(2)-127.0.0.1 org.quartz.core.QuartzScheduler Scheduler quartzScheduler_$_NON_CLUSTERED shutdown complete.
2021-10-29 22:56:22 INFO  RMI TCP Connection(2)-127.0.0.1 org.springframework.scheduling.concurrent.ThreadPoolTaskExecutor Shutting down ExecutorService 'getewayThreadPool'
2021-10-29 22:56:22 INFO  RMI TCP Connection(2)-127.0.0.1 com.baomidou.dynamic.datasource.DynamicRoutingDataSource dynamic-datasource start closing ....
2021-10-29 22:56:22 INFO  RMI TCP Connection(2)-127.0.0.1 com.zaxxer.hikari.HikariDataSource quartz - Shutdown initiated...
2021-10-29 22:56:22 INFO  RMI TCP Connection(2)-127.0.0.1 com.zaxxer.hikari.HikariDataSource quartz - Shutdown completed.
2021-10-29 22:56:22 INFO  RMI TCP Connection(2)-127.0.0.1 com.zaxxer.hikari.HikariDataSource base - Shutdown initiated...
2021-10-29 22:56:22 INFO  RMI TCP Connection(2)-127.0.0.1 com.zaxxer.hikari.HikariDataSource base - Shutdown completed.
2021-10-29 22:56:22 INFO  RMI TCP Connection(2)-127.0.0.1 com.baomidou.dynamic.datasource.DynamicRoutingDataSource dynamic-datasource all closed success,bye
2021-10-29 23:46:37 INFO  main com.hero.sms.GetewayApplication Starting GetewayApplication on LAPTOP-L07PL5KH with PID 52456 (C:\work\workspaceSmsBf\sms\sms-gateway\target\classes started by payBoo in C:\work\workspaceSmsBf\sms\sms-gateway)
2021-10-29 23:46:37 INFO  main com.hero.sms.GetewayApplication The following profiles are active: test
2021-10-29 23:46:40 INFO  main org.springframework.data.repository.config.RepositoryConfigurationDelegate Multiple Spring Data modules found, entering strict repository configuration mode!
2021-10-29 23:46:40 INFO  main org.springframework.data.repository.config.RepositoryConfigurationDelegate Bootstrapping Spring Data repositories in DEFAULT mode.
2021-10-29 23:46:41 INFO  main org.springframework.data.repository.config.RepositoryConfigurationDelegate Finished Spring Data repository scanning in 688ms. Found 0 repository interfaces.
2021-10-29 23:46:41 INFO  main org.springframework.context.support.PostProcessorRegistrationDelegate$BeanPostProcessorChecker Bean 'spring.datasource.dynamic-com.baomidou.dynamic.datasource.spring.boot.autoconfigure.DynamicDataSourceProperties' of type [com.baomidou.dynamic.datasource.spring.boot.autoconfigure.DynamicDataSourceProperties] is not eligible for getting processed by all BeanPostProcessors (for example: not eligible for auto-proxying)
2021-10-29 23:46:41 INFO  main org.springframework.context.support.PostProcessorRegistrationDelegate$BeanPostProcessorChecker Bean 'com.baomidou.dynamic.datasource.spring.boot.autoconfigure.DynamicDataSourceAutoConfiguration' of type [com.baomidou.dynamic.datasource.spring.boot.autoconfigure.DynamicDataSourceAutoConfiguration$$EnhancerBySpringCGLIB$$263d46ca] is not eligible for getting processed by all BeanPostProcessors (for example: not eligible for auto-proxying)
2021-10-29 23:46:41 INFO  main org.springframework.context.support.PostProcessorRegistrationDelegate$BeanPostProcessorChecker Bean 'dsProcessor' of type [com.baomidou.dynamic.datasource.processor.DsHeaderProcessor] is not eligible for getting processed by all BeanPostProcessors (for example: not eligible for auto-proxying)
2021-10-29 23:46:41 INFO  main org.springframework.context.support.PostProcessorRegistrationDelegate$BeanPostProcessorChecker Bean 'dynamicDatasourceAnnotationAdvisor' of type [com.baomidou.dynamic.datasource.aop.DynamicDataSourceAnnotationAdvisor] is not eligible for getting processed by all BeanPostProcessors (for example: not eligible for auto-proxying)
2021-10-29 23:46:41 INFO  main org.springframework.context.support.PostProcessorRegistrationDelegate$BeanPostProcessorChecker Bean 'org.springframework.transaction.annotation.ProxyTransactionManagementConfiguration' of type [org.springframework.transaction.annotation.ProxyTransactionManagementConfiguration] is not eligible for getting processed by all BeanPostProcessors (for example: not eligible for auto-proxying)
2021-10-29 23:46:42 INFO  main org.springframework.boot.web.embedded.tomcat.TomcatWebServer Tomcat initialized with port(s): 8080 (http)
2021-10-29 23:46:42 INFO  main org.apache.coyote.http11.Http11NioProtocol Initializing ProtocolHandler ["http-nio-8080"]
2021-10-29 23:46:42 INFO  main org.apache.catalina.core.StandardService Starting service [Tomcat]
2021-10-29 23:46:42 INFO  main org.apache.catalina.core.StandardEngine Starting Servlet engine: [Apache Tomcat/9.0.27]
2021-10-29 23:46:43 INFO  main org.apache.catalina.core.ContainerBase.[Tomcat].[localhost].[/] Initializing Spring embedded WebApplicationContext
2021-10-29 23:46:43 INFO  main org.springframework.web.context.ContextLoader Root WebApplicationContext: initialization completed in 5739 ms
2021-10-29 23:46:43 INFO  main com.baomidou.dynamic.datasource.DynamicRoutingDataSource dynamic-datasource detect P6SPY plugin and enabled it
2021-10-29 23:46:43 INFO  main com.zaxxer.hikari.HikariDataSource base - Starting...
2021-10-29 23:46:43 INFO  main com.zaxxer.hikari.HikariDataSource base - Start completed.
2021-10-29 23:46:43 INFO  main com.zaxxer.hikari.HikariDataSource quartz - Starting...
2021-10-29 23:46:43 INFO  main com.zaxxer.hikari.HikariDataSource quartz - Start completed.
2021-10-29 23:46:43 INFO  main com.baomidou.dynamic.datasource.DynamicRoutingDataSource dynamic-datasource - load a datasource named [quartz] success
2021-10-29 23:46:43 INFO  main com.baomidou.dynamic.datasource.DynamicRoutingDataSource dynamic-datasource - load a datasource named [base] success
2021-10-29 23:46:43 INFO  main com.baomidou.dynamic.datasource.DynamicRoutingDataSource dynamic-datasource initial loaded [2] datasource,primary datasource named [base]
2021-10-29 23:46:44 INFO  main com.hero.sms.common.xss.XssFilter ------------ xss filter init ------------
2021-10-29 23:46:49 INFO  main org.springframework.boot.actuate.endpoint.web.EndpointLinksResolver Exposing 2 endpoint(s) beneath base path '/actuator'
2021-10-29 23:46:50 INFO  main springfox.documentation.spring.web.PropertySourcedRequestMappingHandlerMapping Mapped URL path [/v2/api-docs] onto method [springfox.documentation.swagger2.web.Swagger2Controller#getDocumentation(String, HttpServletRequest)]
2021-10-29 23:46:50 INFO  main org.springframework.scheduling.concurrent.ThreadPoolTaskExecutor Initializing ExecutorService
2021-10-29 23:46:50 INFO  main org.springframework.scheduling.concurrent.ThreadPoolTaskExecutor Initializing ExecutorService 'getewayThreadPool'
2021-10-29 23:46:50 INFO  main org.springframework.boot.autoconfigure.web.servlet.WelcomePageHandlerMapping Adding welcome page template: index
2021-10-29 23:46:51 INFO  main org.quartz.impl.StdSchedulerFactory Using default implementation for ThreadExecutor
2021-10-29 23:46:51 INFO  main org.quartz.core.SchedulerSignalerImpl Initialized Scheduler Signaller of type: class org.quartz.core.SchedulerSignalerImpl
2021-10-29 23:46:51 INFO  main org.quartz.core.QuartzScheduler Quartz Scheduler v.2.3.2 created.
2021-10-29 23:46:51 INFO  main org.quartz.simpl.RAMJobStore RAMJobStore initialized.
2021-10-29 23:46:51 INFO  main org.quartz.core.QuartzScheduler Scheduler meta-data: Quartz Scheduler (v2.3.2) 'quartzScheduler' with instanceId 'NON_CLUSTERED'
  Scheduler class: 'org.quartz.core.QuartzScheduler' - running locally.
  NOT STARTED.
  Currently in standby mode.
  Number of jobs executed: 0
  Using thread pool 'org.quartz.simpl.SimpleThreadPool' - with 10 threads.
  Using job-store 'org.quartz.simpl.RAMJobStore' - which does not support persistence. and is not clustered.

2021-10-29 23:46:51 INFO  main org.quartz.impl.StdSchedulerFactory Quartz scheduler 'quartzScheduler' initialized from an externally provided properties instance.
2021-10-29 23:46:51 INFO  main org.quartz.impl.StdSchedulerFactory Quartz scheduler version: 2.3.2
2021-10-29 23:46:51 INFO  main org.quartz.core.QuartzScheduler JobFactory set to: org.springframework.scheduling.quartz.SpringBeanJobFactory@77acc95a
2021-10-29 23:46:51 INFO  main springfox.documentation.spring.web.plugins.DocumentationPluginsBootstrapper Context refreshed
2021-10-29 23:46:51 INFO  main springfox.documentation.spring.web.plugins.DocumentationPluginsBootstrapper Found 1 custom documentation plugin(s)
2021-10-29 23:46:51 INFO  main springfox.documentation.spring.web.scanners.ApiListingReferenceScanner Scanning for api listing references
2021-10-29 23:46:51 INFO  main springfox.documentation.spring.web.readers.operation.CachingOperationNameGenerator Generating unique operation named: receiptUsingGET_1
2021-10-29 23:46:51 INFO  main springfox.documentation.spring.web.readers.operation.CachingOperationNameGenerator Generating unique operation named: receiptUsingHEAD_1
2021-10-29 23:46:51 INFO  main springfox.documentation.spring.web.readers.operation.CachingOperationNameGenerator Generating unique operation named: receiptUsingPOST_1
2021-10-29 23:46:51 INFO  main springfox.documentation.spring.web.readers.operation.CachingOperationNameGenerator Generating unique operation named: receiptUsingPUT_1
2021-10-29 23:46:51 INFO  main springfox.documentation.spring.web.readers.operation.CachingOperationNameGenerator Generating unique operation named: receiptUsingPATCH_1
2021-10-29 23:46:51 INFO  main springfox.documentation.spring.web.readers.operation.CachingOperationNameGenerator Generating unique operation named: receiptUsingDELETE_1
2021-10-29 23:46:51 INFO  main springfox.documentation.spring.web.readers.operation.CachingOperationNameGenerator Generating unique operation named: receiptUsingOPTIONS_1
2021-10-29 23:46:51 INFO  main springfox.documentation.spring.web.readers.operation.CachingOperationNameGenerator Generating unique operation named: receiptUsingTRACE_1
2021-10-29 23:46:51 INFO  main springfox.documentation.spring.web.readers.operation.CachingOperationNameGenerator Generating unique operation named: receiptUsingGET_2
2021-10-29 23:46:51 INFO  main springfox.documentation.spring.web.readers.operation.CachingOperationNameGenerator Generating unique operation named: receiptUsingHEAD_2
2021-10-29 23:46:51 INFO  main springfox.documentation.spring.web.readers.operation.CachingOperationNameGenerator Generating unique operation named: receiptUsingPOST_2
2021-10-29 23:46:51 INFO  main springfox.documentation.spring.web.readers.operation.CachingOperationNameGenerator Generating unique operation named: receiptUsingPUT_2
2021-10-29 23:46:51 INFO  main springfox.documentation.spring.web.readers.operation.CachingOperationNameGenerator Generating unique operation named: receiptUsingPATCH_2
2021-10-29 23:46:51 INFO  main springfox.documentation.spring.web.readers.operation.CachingOperationNameGenerator Generating unique operation named: receiptUsingDELETE_2
2021-10-29 23:46:51 INFO  main springfox.documentation.spring.web.readers.operation.CachingOperationNameGenerator Generating unique operation named: receiptUsingOPTIONS_2
2021-10-29 23:46:51 INFO  main springfox.documentation.spring.web.readers.operation.CachingOperationNameGenerator Generating unique operation named: receiptUsingTRACE_2
2021-10-29 23:46:51 INFO  main org.springframework.scheduling.quartz.SchedulerFactoryBean Starting Quartz Scheduler now
2021-10-29 23:46:51 INFO  main org.quartz.core.QuartzScheduler Scheduler quartzScheduler_$_NON_CLUSTERED started.
2021-10-29 23:46:52 INFO  main org.apache.coyote.http11.Http11NioProtocol Starting ProtocolHandler ["http-nio-8080"]
2021-10-29 23:46:52 INFO  main org.springframework.boot.web.embedded.tomcat.TomcatWebServer Tomcat started on port(s): 8080 (http) with context path ''
2021-10-29 23:46:52 INFO  main com.hero.sms.GetewayApplication Started GetewayApplication in 15.874 seconds (JVM running for 21.775)
2021-10-29 23:46:52 INFO  main com.hero.sms.common.DatabaseCache 开始缓存字典
2021-10-29 23:46:52 INFO  main p6spy 2021-10-29 23:46:52 | 耗时 3 ms | SQL 语句：
SELECT ID, CODE, CREATE_TIME, ORDER_LEVEL, PARENT_CODE, IS_DELETE, NAME, DESCRIPTION, REMARK, SORT_CODE FROM code WHERE (IS_DELETE = '0');
2021-10-29 23:46:52 INFO  main com.hero.sms.common.DatabaseCache 缓存代理信息
2021-10-29 23:46:52 INFO  main p6spy 2021-10-29 23:46:52 | 耗时 1 ms | SQL 语句：
SELECT Id, Google_Key, Cash_Amount, Description, Remark, Agent_Password, Last_Login_IP, Level_Code, Available_Amount, Login_IP, EMail, Need_Bind_Google_Key, Create_Date, QQ, Up_Agent_Id, Agent_Account, Amount, Quota_Amount, Agent_Name, Login_Faild_Count, Data_MD5, Last_Login_Time, Phone_Number, Day_Limit, Send_Sms_Total, Create_User, State_Code, Pay_Password FROM t_agent;
2021-10-29 23:46:52 INFO  main com.hero.sms.common.DatabaseCache 缓存商户信息
2021-10-29 23:46:52 INFO  main p6spy 2021-10-29 23:46:52 | 耗时 1 ms | SQL 语句：
SELECT Id, Agent_Id, Sms_Approve_type, Cash_Amount, Description, Remark, interface_type, Available_Amount, Contact, Md5_Key, Sms_Sign, EMail, Create_Date, Settlement_type, Contact_Mobile, Amount, Address, Organization_Name, charges_type, Business_User_Id, Data_MD5, Bind_IP, Approve_State_Code, Organization_Code, Web_Url, Send_Sms_Total, notify_url, Create_User, Status FROM t_organization;
2021-10-29 23:46:52 INFO  main com.hero.sms.common.DatabaseCache 缓存短信通道信息
2021-10-29 23:46:52 INFO  main p6spy 2021-10-29 23:46:52 | 耗时 0 ms | SQL 语句：
SELECT id, support_area, code, weight, description, create_user_name, remark, protocol_type, impl_full_class, day_limit, create_time, area_regex, name, state, is_del, area_operator_regex, operator_regex FROM t_sms_channel;
2021-10-29 23:46:52 INFO  main com.hero.sms.common.DatabaseCache 缓存支付通道信息
2021-10-29 23:46:52 INFO  main p6spy 2021-10-29 23:46:52 | 耗时 1 ms | SQL 语句：
SELECT id, key1, key2, min_amount, cost, key5, key3, key4, weight, remark, encrypt_key, impl_full_class, netway_code, create_time, merch_no, request_url, state_code, sign_key, callBack_url, channel_name, pay_code, max_amount FROM t_pay_channel;
2021-10-29 23:46:52 INFO  main com.hero.sms.common.DatabaseCache 缓存IP黑名单信息
2021-10-29 23:46:52 INFO  main p6spy 2021-10-29 23:46:52 | 耗时 1 ms | SQL 语句：
SELECT Id, Black_Ip, IsAvailability, LImit_Project, Description, Create_User, Remark, Create_Date FROM t_black_ip_config WHERE (IsAvailability = '1');
2021-10-29 23:46:52 INFO  main com.hero.sms.common.DatabaseCache 缓存手机号段区域信息
2021-10-29 23:46:53 INFO  main p6spy 2021-10-29 23:46:53 | 耗时 948 ms | SQL 语句：
SELECT Id, MobileNumber, MobileArea, Province_Code, PostCode, AreaCode, Create_Date, MobileType FROM mobile_area;
2021-10-29 23:46:58 INFO  main com.hero.sms.common.DatabaseCache 缓存手机号码黑名单信息
2021-10-29 23:46:58 INFO  main p6spy 2021-10-29 23:46:58 | 耗时 3 ms | SQL 语句：
SELECT area, number FROM t_mobile_black;
2021-10-29 23:46:58 INFO  main com.hero.sms.common.DatabaseCache 缓存网关类型信息
2021-10-29 23:46:58 INFO  main com.hero.sms.common.DatabaseCache 字典缓存完成
2021-10-29 23:46:58 INFO  main com.hero.sms.common.DatabaseCache Begin-缓存敏感词信息
2021-10-29 23:46:58 INFO  main p6spy 2021-10-29 23:46:58 | 耗时 1 ms | SQL 语句：
SELECT id, new_word, word FROM t_sensitive_word ORDER BY id DESC;
2021-10-29 23:46:58 INFO  main com.hero.sms.common.DatabaseCache End-敏感词信息缓存完成
2021-10-29 23:46:59 INFO  main io.lettuce.core.EpollProvider Starting without optional epoll library
2021-10-29 23:46:59 INFO  main io.lettuce.core.KqueueProvider Starting without optional kqueue library
2021-10-29 23:47:53 INFO  main p6spy 2021-10-29 23:47:53 | 耗时 3 ms | SQL 语句：
SELECT * FROM t_organization WHERE Status = '1' AND interface_type & 2 = 2;
2021-10-29 23:48:00 INFO  main p6spy 2021-10-29 23:48:00 | 耗时 4 ms | SQL 语句：
SELECT * FROM t_sms_channel WHERE state & 3 = state AND protocol_type = 'smpp' AND is_del = 0;
2021-10-29 23:48:00 INFO  main com.hero.sms.common.runner.AppStartedUpRunner  __    ___   _      ___   _     ____ _____  ____ 
2021-10-29 23:48:00 INFO  main com.hero.sms.common.runner.AppStartedUpRunner / /`  / / \ | |\/| | |_) | |   | |_   | |  | |_  
2021-10-29 23:48:00 INFO  main com.hero.sms.common.runner.AppStartedUpRunner \_\_, \_\_/ |_|  | |_|   |_|__ |_|__  |_|  |_|__ 
2021-10-29 23:48:00 INFO  main com.hero.sms.common.runner.AppStartedUpRunner                                                       
2021-10-29 23:48:00 INFO  main com.hero.sms.common.runner.AppStartedUpRunner 网关平台系统启动完毕，地址：http://169.254.130.216:8080
2021-10-29 23:53:20 INFO  ConsumeMessageThread_1 com.hero.sms.service.mq.MQService [Begin分拣]========【A9FE82D8CC5018B4AAC295524D890000】开始时间：【2021-10-29 23:53:19:001】,数量【1】
2021-10-29 23:53:20 INFO  ConsumeMessageThread_1 p6spy 2021-10-29 23:53:20 | 耗时 3 ms | SQL 语句：
SELECT id, agent_id, send_code, sms_number_area, type, audit_state, create_username, refuse_cause, org_code, channel_cost_amount, timing_time, agent_income_amount, sms_content, sms_type, is_timing_time, up_agent_id, consume_amount, sms_count, number_count, income_amount, sms_numbers, create_time, client_ip, sms_words, sub_type, sorting_time, up_agent_income_amount FROM t_send_box WHERE id = 16964;
2021-10-29 23:53:21 INFO  ConsumeMessageThread_1 p6spy 2021-10-29 23:53:21 | 耗时 1 ms | SQL 语句：
SELECT org.*, cost.Id AS cost_Id, cost.Organization_Code AS cost_Organization_Code, cost.sms_type, cost.Cost_Name AS Cost_Name, cost.Cost_Value AS Cost_Value, cost.State AS Cost_State, cost.Channel_Id AS Cost_Channel_Id, cost.Description AS Cost_Description, cost.Remark AS Cost_Remark, cost.Create_Date AS Cost_Create_Date FROM t_organization org LEFT JOIN t_organization_cost cost ON org.Organization_Code = cost.Organization_Code WHERE org.organization_code = '20200331160443FKDW';
2021-10-29 23:53:21 INFO  ConsumeMessageThread_1 p6spy 2021-10-29 23:53:21 | 耗时 8 ms | SQL 语句：
SELECT agent.*, cost.Id AS cost_Id, cost.Agent_Id AS Cost_Agent_Id, cost.sms_type, cost.Name AS Cost_Name, cost.Value AS Cost_Value, cost.Description AS Cost_Description, cost.Remark AS Cost_Remark, cost.Create_Date AS Cost_Create_Date FROM t_agent agent LEFT JOIN t_agent_cost cost ON agent.Id = cost.Agent_Id WHERE agent.Id = 36;
2021-10-29 23:53:21 INFO  ConsumeMessageThread_1 p6spy 2021-10-29 23:53:21 | 耗时 1 ms | SQL 语句：
SELECT agent.*, cost.Id AS cost_Id, cost.Agent_Id AS Cost_Agent_Id, cost.sms_type, cost.Name AS Cost_Name, cost.Value AS Cost_Value, cost.Description AS Cost_Description, cost.Remark AS Cost_Remark, cost.Create_Date AS Cost_Create_Date FROM t_agent agent LEFT JOIN t_agent_cost cost ON agent.Id = cost.Agent_Id WHERE agent.Id = 35;
2021-10-29 23:53:21 INFO  ConsumeMessageThread_1 p6spy 2021-10-29 23:53:21 | 耗时 1 ms | SQL 语句：
SELECT id, support_area, code, weight, description, create_user_name, remark, protocol_type, impl_full_class, day_limit, create_time, area_regex, name, state, is_del, area_operator_regex, operator_regex FROM t_sms_channel WHERE id = '13';
2021-10-29 23:53:21 INFO  ConsumeMessageThread_1 p6spy 2021-10-29 23:53:21 | 耗时 7 ms | SQL 语句：
INSERT INTO t_send_box_record_checkinfo (send_code, sms_number, state) VALUES ('BN20211029235314YF75C', '15590478565', 1);
2021-10-29 23:53:21 INFO  ConsumeMessageThread_1 p6spy 2021-10-29 23:53:21 | 耗时 10 ms | SQL 语句：
SELECT id, create_time, property_type, name, sms_channel_id, description, remark, value FROM t_sms_channel_property WHERE (sms_channel_id = 13);
2021-10-29 23:53:21 INFO  ConsumeMessageThread_1 p6spy 2021-10-29 23:53:21 | 耗时 9 ms | SQL 语句：
SELECT Id, create_time, name, sms_channel_id, description, remark, sms_type, value FROM t_sms_channel_cost WHERE (sms_channel_id = 13);
2021-10-29 23:53:21 INFO  ConsumeMessageThread_1 p6spy 2021-10-29 23:53:21 | 耗时 0 ms | SQL 语句：
SELECT Id, Agent_Id, Sms_Approve_type, Cash_Amount, Description, Remark, interface_type, Available_Amount, Contact, Md5_Key, Sms_Sign, EMail, Create_Date, Settlement_type, Contact_Mobile, Amount, Address, Organization_Name, charges_type, Business_User_Id, Data_MD5, Bind_IP, Approve_State_Code, Organization_Code, Web_Url, Send_Sms_Total, notify_url, Create_User, Status FROM t_organization WHERE (Organization_Code = '20200331160443FKDW') FOR UPDATE;
2021-10-29 23:53:21 INFO  ConsumeMessageThread_1 p6spy 2021-10-29 23:53:21 | 耗时 1 ms | SQL 语句：
UPDATE t_organization SET cash_amount = cash_amount + 46, available_amount = available_amount - 46, send_sms_total = send_sms_total + 1, data_md5 = UPPER(MD5(CONCAT('dgfjokijorewdfsjfixcvjewr', Organization_Code, amount, Available_Amount, Cash_Amount, Send_Sms_Total, Md5_Key, Sms_Sign, Bind_IP))) WHERE (Id = 62);
2021-10-29 23:53:21 INFO  ConsumeMessageThread_1 p6spy 2021-10-29 23:53:21 | 耗时 0 ms | SQL 语句：
SELECT Id, Google_Key, Cash_Amount, Description, Remark, Agent_Password, Last_Login_IP, Level_Code, Available_Amount, Login_IP, EMail, Need_Bind_Google_Key, Create_Date, QQ, Up_Agent_Id, Agent_Account, Amount, Quota_Amount, Agent_Name, Login_Faild_Count, Data_MD5, Last_Login_Time, Phone_Number, Day_Limit, Send_Sms_Total, Create_User, State_Code, Pay_Password FROM t_agent WHERE Id = 36;
2021-10-29 23:53:21 INFO  ConsumeMessageThread_1 p6spy 2021-10-29 23:53:21 | 耗时 0 ms | SQL 语句：
UPDATE t_agent SET available_amount = available_amount + 16, send_sms_total = send_sms_total + 1, data_md5 = UPPER(MD5(CONCAT('sjiojsfjlcvjiwej', agent_account, amount, Available_Amount, Cash_Amount, Send_Sms_Total, quota_amount))) WHERE (Id = 36);
2021-10-29 23:53:21 INFO  ConsumeMessageThread_1 p6spy 2021-10-29 23:53:21 | 耗时 0 ms | SQL 语句：
SELECT Id, Google_Key, Cash_Amount, Description, Remark, Agent_Password, Last_Login_IP, Level_Code, Available_Amount, Login_IP, EMail, Need_Bind_Google_Key, Create_Date, QQ, Up_Agent_Id, Agent_Account, Amount, Quota_Amount, Agent_Name, Login_Faild_Count, Data_MD5, Last_Login_Time, Phone_Number, Day_Limit, Send_Sms_Total, Create_User, State_Code, Pay_Password FROM t_agent WHERE Id = 35;
2021-10-29 23:53:21 INFO  ConsumeMessageThread_1 p6spy 2021-10-29 23:53:21 | 耗时 1 ms | SQL 语句：
UPDATE t_agent SET available_amount = available_amount + 10, send_sms_total = send_sms_total + 1, data_md5 = UPPER(MD5(CONCAT('sjiojsfjlcvjiwej', agent_account, amount, Available_Amount, Cash_Amount, Send_Sms_Total, quota_amount))) WHERE (Id = 35);
2021-10-29 23:53:21 INFO  ConsumeMessageThread_1 p6spy 2021-10-29 23:53:21 | 耗时 6 ms | SQL 语句：
UPDATE t_send_box SET sorting_time = '2021-10-29T23:53:21.683+0800', timing_time = NULL, sms_count = sms_count + 1, consume_amount = consume_amount + 46, channel_cost_amount = channel_cost_amount + 30, agent_income_amount = agent_income_amount + 16, up_agent_income_amount = up_agent_income_amount + 10, income_amount = income_amount + -10 WHERE (id = 16964);
2021-10-29 23:53:21 INFO  ConsumeMessageThread_1 com.hero.sms.service.mq.MQService 【End分拣】========【A9FE82D8CC5018B4AAC295524D890000】结束时间：【2021-10-29 23:53:21:717】,分拣耗时【2716】ms
2021-10-29 23:53:21 INFO  ConsumeMessageThread_1 p6spy 2021-10-29 23:53:21 | 耗时 1 ms | SQL 语句：
SELECT id, agent_id, sms_number_province, send_code, sms_number, sms_number_area, sms_number_operator, receipt_time, org_code, res_msgid, channel_cost_amount, agent_income_amount, sms_content, sms_type, state, channel_id, up_agent_id, consume_amount, state_desc, sms_count, income_amount, source_number, submit_time, create_time, sms_words, sub_type, up_agent_income_amount FROM t_send_record WHERE id = 121999;
2021-10-29 23:53:21 INFO  ConsumeMessageThread_1 p6spy 2021-10-29 23:53:21 | 耗时 0 ms | SQL 语句：
SELECT * FROM t_sms_channel WHERE id = 13;
2021-10-29 23:53:21 INFO  ConsumeMessageThread_1 p6spy 2021-10-29 23:53:21 | 耗时 1 ms | SQL 语句：
SELECT * FROM t_sms_channel_property WHERE sms_channel_id = 13;
2021-10-29 23:53:21 INFO  ConsumeMessageThread_1 p6spy 2021-10-29 23:53:21 | 耗时 0 ms | SQL 语句：
SELECT * FROM t_sms_channel_cost WHERE sms_channel_id = 13;
2021-10-29 23:53:21 INFO  ConsumeMessageThread_1 p6spy 2021-10-29 23:53:21 | 耗时 7 ms | SQL 语句：
INSERT INTO t_send_record_checkinfo (send_code, sms_number, state, channel_id) VALUES ('BN20211029235314YF75C', '15590478565', 1, 13);
2021-10-29 23:53:21 INFO  ConsumeMessageThread_1 com.hero.sms.service.impl.channel.push.QiXinTong 批次号【BN20211029235314YF75C】手机号码【15590478565】通道【13】【QXT】发送HTTP【提交参数】:password=189889&extno=121999&mobile=15590478565&action=send&userid=198&account=189889&content=测试一下&sendTime=
2021-10-29 23:53:21 INFO  ConsumeMessageThread_1 com.hero.sms.common.utils.HttpUtil 请求报文:password=189889&extno=121999&mobile=15590478565&action=send&userid=198&account=189889&content=测试一下&sendTime=
2021-10-29 23:53:22 INFO  ConsumeMessageThread_1 com.hero.sms.service.impl.channel.push.QiXinTong 批次号【BN20211029235314YF75C】手机号码【15590478565】通道【13】【QXT】发送HTTP【返回参数】:<?xml version="1.0" encoding="utf-8" ?><returnsms>
 <returnstatus>Success</returnstatus>
 <message>ok</message>
 <remainpoint>19</remainpoint>
 <taskID>12200</taskID>
 <successCounts>1</successCounts></returnsms>
2021-10-29 23:53:22 INFO  ConsumeMessageThread_1 p6spy 2021-10-29 23:53:22 | 耗时 4 ms | SQL 语句：
UPDATE t_send_record SET state = 4, state_desc = NULL, res_msgid = '12200', submit_time = '2021-10-29T23:53:22.352+0800' WHERE (id = 121999);
