2022-04-27 23:40:06 INFO  main com.hero.sms.SmsApplication Starting SmsApplication on LAPTOP-L07PL5KH with PID 36464 (C:\work\workspaceSmsBfSvn\sms\sms-admin\target\classes started by payBoo in C:\work\workspaceSmsBfSvn\sms\sms-admin)
2022-04-27 23:40:06 INFO  main com.hero.sms.SmsApplication The following profiles are active: test
2022-04-27 23:40:09 INFO  main org.springframework.data.repository.config.RepositoryConfigurationDelegate Multiple Spring Data modules found, entering strict repository configuration mode!
2022-04-27 23:40:10 INFO  main org.springframework.data.repository.config.RepositoryConfigurationDelegate Bootstrapping Spring Data repositories in DEFAULT mode.
2022-04-27 23:40:10 INFO  main org.springframework.data.repository.config.RepositoryConfigurationDelegate Finished Spring Data repository scanning in 693ms. Found 0 repository interfaces.
2022-04-27 23:40:11 INFO  main org.springframework.context.support.PostProcessorRegistrationDelegate$BeanPostProcessorChecker Bean 'spring.datasource.dynamic-com.baomidou.dynamic.datasource.spring.boot.autoconfigure.DynamicDataSourceProperties' of type [com.baomidou.dynamic.datasource.spring.boot.autoconfigure.DynamicDataSourceProperties] is not eligible for getting processed by all BeanPostProcessors (for example: not eligible for auto-proxying)
2022-04-27 23:40:11 INFO  main org.springframework.context.support.PostProcessorRegistrationDelegate$BeanPostProcessorChecker Bean 'com.baomidou.dynamic.datasource.spring.boot.autoconfigure.DynamicDataSourceAutoConfiguration' of type [com.baomidou.dynamic.datasource.spring.boot.autoconfigure.DynamicDataSourceAutoConfiguration$$EnhancerBySpringCGLIB$$fbd5491b] is not eligible for getting processed by all BeanPostProcessors (for example: not eligible for auto-proxying)
2022-04-27 23:40:11 INFO  main org.springframework.context.support.PostProcessorRegistrationDelegate$BeanPostProcessorChecker Bean 'dsProcessor' of type [com.baomidou.dynamic.datasource.processor.DsHeaderProcessor] is not eligible for getting processed by all BeanPostProcessors (for example: not eligible for auto-proxying)
2022-04-27 23:40:11 INFO  main org.springframework.context.support.PostProcessorRegistrationDelegate$BeanPostProcessorChecker Bean 'dynamicDatasourceAnnotationAdvisor' of type [com.baomidou.dynamic.datasource.aop.DynamicDataSourceAnnotationAdvisor] is not eligible for getting processed by all BeanPostProcessors (for example: not eligible for auto-proxying)
2022-04-27 23:40:11 INFO  main org.springframework.context.support.PostProcessorRegistrationDelegate$BeanPostProcessorChecker Bean 'org.springframework.transaction.annotation.ProxyTransactionManagementConfiguration' of type [org.springframework.transaction.annotation.ProxyTransactionManagementConfiguration] is not eligible for getting processed by all BeanPostProcessors (for example: not eligible for auto-proxying)
2022-04-27 23:40:11 INFO  main org.springframework.context.support.PostProcessorRegistrationDelegate$BeanPostProcessorChecker Bean 'febsProperties' of type [com.hero.sms.common.properties.FebsProperties$$EnhancerBySpringCGLIB$$b6971166] is not eligible for getting processed by all BeanPostProcessors (for example: not eligible for auto-proxying)
2022-04-27 23:40:11 INFO  main org.springframework.context.support.PostProcessorRegistrationDelegate$BeanPostProcessorChecker Bean 'shiroConfig' of type [com.hero.sms.common.authentication.ShiroConfig$$EnhancerBySpringCGLIB$$7560f453] is not eligible for getting processed by all BeanPostProcessors (for example: not eligible for auto-proxying)
2022-04-27 23:40:11 INFO  main org.springframework.context.support.PostProcessorRegistrationDelegate$BeanPostProcessorChecker Bean 'mybatis-plus-com.baomidou.mybatisplus.autoconfigure.MybatisPlusProperties' of type [com.baomidou.mybatisplus.autoconfigure.MybatisPlusProperties] is not eligible for getting processed by all BeanPostProcessors (for example: not eligible for auto-proxying)
2022-04-27 23:40:11 INFO  main org.springframework.context.support.PostProcessorRegistrationDelegate$BeanPostProcessorChecker Bean 'mybatisPlusConfigure' of type [com.hero.sms.common.configure.MybatisPlusConfigure$$EnhancerBySpringCGLIB$$87ea68d7] is not eligible for getting processed by all BeanPostProcessors (for example: not eligible for auto-proxying)
2022-04-27 23:40:11 INFO  main org.springframework.context.support.PostProcessorRegistrationDelegate$BeanPostProcessorChecker Bean 'paginationInterceptor' of type [com.baomidou.mybatisplus.extension.plugins.PaginationInterceptor] is not eligible for getting processed by all BeanPostProcessors (for example: not eligible for auto-proxying)
2022-04-27 23:40:11 INFO  main org.springframework.context.support.PostProcessorRegistrationDelegate$BeanPostProcessorChecker Bean 'com.baomidou.mybatisplus.autoconfigure.MybatisPlusAutoConfiguration' of type [com.baomidou.mybatisplus.autoconfigure.MybatisPlusAutoConfiguration$$EnhancerBySpringCGLIB$$d00f44e4] is not eligible for getting processed by all BeanPostProcessors (for example: not eligible for auto-proxying)
2022-04-27 23:40:11 INFO  main org.springframework.context.support.PostProcessorRegistrationDelegate$BeanPostProcessorChecker Bean 'dynamicDataSourceCreator' of type [com.baomidou.dynamic.datasource.DynamicDataSourceCreator] is not eligible for getting processed by all BeanPostProcessors (for example: not eligible for auto-proxying)
2022-04-27 23:40:11 INFO  main org.springframework.context.support.PostProcessorRegistrationDelegate$BeanPostProcessorChecker Bean 'dynamicDataSourceProvider' of type [com.baomidou.dynamic.datasource.provider.YmlDynamicDataSourceProvider] is not eligible for getting processed by all BeanPostProcessors (for example: not eligible for auto-proxying)
2022-04-27 23:40:11 INFO  main com.baomidou.dynamic.datasource.DynamicRoutingDataSource dynamic-datasource detect P6SPY plugin and enabled it
2022-04-27 23:40:11 INFO  main com.zaxxer.hikari.HikariDataSource base - Starting...
2022-04-27 23:40:12 INFO  main com.zaxxer.hikari.HikariDataSource base - Start completed.
2022-04-27 23:40:12 INFO  main com.zaxxer.hikari.HikariDataSource quartz - Starting...
2022-04-27 23:40:12 INFO  main com.zaxxer.hikari.HikariDataSource quartz - Start completed.
2022-04-27 23:40:12 INFO  main com.baomidou.dynamic.datasource.DynamicRoutingDataSource dynamic-datasource - load a datasource named [quartz] success
2022-04-27 23:40:12 INFO  main com.baomidou.dynamic.datasource.DynamicRoutingDataSource dynamic-datasource - load a datasource named [base] success
2022-04-27 23:40:12 INFO  main com.baomidou.dynamic.datasource.DynamicRoutingDataSource dynamic-datasource initial loaded [2] datasource,primary datasource named [base]
2022-04-27 23:40:12 INFO  main org.springframework.context.support.PostProcessorRegistrationDelegate$BeanPostProcessorChecker Bean 'dataSource' of type [com.baomidou.dynamic.datasource.DynamicRoutingDataSource] is not eligible for getting processed by all BeanPostProcessors (for example: not eligible for auto-proxying)
2022-04-27 23:40:12 INFO  main org.springframework.context.support.PostProcessorRegistrationDelegate$BeanPostProcessorChecker Bean 'spring.datasource-org.springframework.boot.autoconfigure.jdbc.DataSourceProperties' of type [org.springframework.boot.autoconfigure.jdbc.DataSourceProperties] is not eligible for getting processed by all BeanPostProcessors (for example: not eligible for auto-proxying)
2022-04-27 23:40:12 INFO  main org.springframework.context.support.PostProcessorRegistrationDelegate$BeanPostProcessorChecker Bean 'org.springframework.boot.autoconfigure.jdbc.DataSourceInitializerInvoker' of type [org.springframework.boot.autoconfigure.jdbc.DataSourceInitializerInvoker] is not eligible for getting processed by all BeanPostProcessors (for example: not eligible for auto-proxying)
2022-04-27 23:40:15 INFO  main org.springframework.context.support.PostProcessorRegistrationDelegate$BeanPostProcessorChecker Bean 'sqlSessionFactory' of type [org.apache.ibatis.session.defaults.DefaultSqlSessionFactory] is not eligible for getting processed by all BeanPostProcessors (for example: not eligible for auto-proxying)
2022-04-27 23:40:15 INFO  main org.springframework.context.support.PostProcessorRegistrationDelegate$BeanPostProcessorChecker Bean 'sqlSessionTemplate' of type [org.mybatis.spring.SqlSessionTemplate] is not eligible for getting processed by all BeanPostProcessors (for example: not eligible for auto-proxying)
2022-04-27 23:40:15 INFO  main org.springframework.context.support.PostProcessorRegistrationDelegate$BeanPostProcessorChecker Bean 'userMapper' of type [org.mybatis.spring.mapper.MapperFactoryBean] is not eligible for getting processed by all BeanPostProcessors (for example: not eligible for auto-proxying)
2022-04-27 23:40:15 INFO  main org.springframework.context.support.PostProcessorRegistrationDelegate$BeanPostProcessorChecker Bean 'userMapper' of type [com.sun.proxy.$Proxy120] is not eligible for getting processed by all BeanPostProcessors (for example: not eligible for auto-proxying)
2022-04-27 23:40:15 INFO  main org.springframework.context.support.PostProcessorRegistrationDelegate$BeanPostProcessorChecker Bean 'userRoleMapper' of type [org.mybatis.spring.mapper.MapperFactoryBean] is not eligible for getting processed by all BeanPostProcessors (for example: not eligible for auto-proxying)
2022-04-27 23:40:15 INFO  main org.springframework.context.support.PostProcessorRegistrationDelegate$BeanPostProcessorChecker Bean 'userRoleMapper' of type [com.sun.proxy.$Proxy121] is not eligible for getting processed by all BeanPostProcessors (for example: not eligible for auto-proxying)
2022-04-27 23:40:15 INFO  main org.springframework.context.support.PostProcessorRegistrationDelegate$BeanPostProcessorChecker Bean 'userRoleServiceImpl' of type [com.hero.sms.system.service.impl.UserRoleServiceImpl] is not eligible for getting processed by all BeanPostProcessors (for example: not eligible for auto-proxying)
2022-04-27 23:40:15 INFO  main org.springframework.context.support.PostProcessorRegistrationDelegate$BeanPostProcessorChecker Bean 'userServiceImpl' of type [com.hero.sms.system.service.impl.UserServiceImpl] is not eligible for getting processed by all BeanPostProcessors (for example: not eligible for auto-proxying)
2022-04-27 23:40:15 INFO  main org.springframework.context.support.PostProcessorRegistrationDelegate$BeanPostProcessorChecker Bean 'roleMapper' of type [org.mybatis.spring.mapper.MapperFactoryBean] is not eligible for getting processed by all BeanPostProcessors (for example: not eligible for auto-proxying)
2022-04-27 23:40:15 INFO  main org.springframework.context.support.PostProcessorRegistrationDelegate$BeanPostProcessorChecker Bean 'roleMapper' of type [com.sun.proxy.$Proxy124] is not eligible for getting processed by all BeanPostProcessors (for example: not eligible for auto-proxying)
2022-04-27 23:40:15 INFO  main org.springframework.context.support.PostProcessorRegistrationDelegate$BeanPostProcessorChecker Bean 'roleMenuMapper' of type [org.mybatis.spring.mapper.MapperFactoryBean] is not eligible for getting processed by all BeanPostProcessors (for example: not eligible for auto-proxying)
2022-04-27 23:40:15 INFO  main org.springframework.context.support.PostProcessorRegistrationDelegate$BeanPostProcessorChecker Bean 'roleMenuMapper' of type [com.sun.proxy.$Proxy125] is not eligible for getting processed by all BeanPostProcessors (for example: not eligible for auto-proxying)
2022-04-27 23:40:15 INFO  main org.springframework.context.support.PostProcessorRegistrationDelegate$BeanPostProcessorChecker Bean 'roleMenuServiceImpl' of type [com.hero.sms.system.service.impl.RoleMenuServiceImpl] is not eligible for getting processed by all BeanPostProcessors (for example: not eligible for auto-proxying)
2022-04-27 23:40:15 INFO  main org.springframework.context.support.PostProcessorRegistrationDelegate$BeanPostProcessorChecker Bean 'roleServiceImpl' of type [com.hero.sms.system.service.impl.RoleServiceImpl] is not eligible for getting processed by all BeanPostProcessors (for example: not eligible for auto-proxying)
2022-04-27 23:40:15 INFO  main org.springframework.context.support.PostProcessorRegistrationDelegate$BeanPostProcessorChecker Bean 'menuMapper' of type [org.mybatis.spring.mapper.MapperFactoryBean] is not eligible for getting processed by all BeanPostProcessors (for example: not eligible for auto-proxying)
2022-04-27 23:40:15 INFO  main org.springframework.context.support.PostProcessorRegistrationDelegate$BeanPostProcessorChecker Bean 'menuMapper' of type [com.sun.proxy.$Proxy128] is not eligible for getting processed by all BeanPostProcessors (for example: not eligible for auto-proxying)
2022-04-27 23:40:15 INFO  main org.springframework.context.support.PostProcessorRegistrationDelegate$BeanPostProcessorChecker Bean 'menuServiceImpl' of type [com.hero.sms.system.service.impl.MenuServiceImpl] is not eligible for getting processed by all BeanPostProcessors (for example: not eligible for auto-proxying)
2022-04-27 23:40:15 INFO  main org.springframework.context.support.PostProcessorRegistrationDelegate$BeanPostProcessorChecker Bean 'shiroRealm' of type [com.hero.sms.common.authentication.ShiroRealm] is not eligible for getting processed by all BeanPostProcessors (for example: not eligible for auto-proxying)
2022-04-27 23:40:16 INFO  main org.springframework.context.support.PostProcessorRegistrationDelegate$BeanPostProcessorChecker Bean 'redisSessionDAO' of type [org.crazycake.shiro.RedisSessionDAO] is not eligible for getting processed by all BeanPostProcessors (for example: not eligible for auto-proxying)
2022-04-27 23:40:16 INFO  main org.springframework.context.support.PostProcessorRegistrationDelegate$BeanPostProcessorChecker Bean 'sessionManager' of type [org.apache.shiro.web.session.mgt.DefaultWebSessionManager] is not eligible for getting processed by all BeanPostProcessors (for example: not eligible for auto-proxying)
2022-04-27 23:40:16 INFO  main org.springframework.context.support.PostProcessorRegistrationDelegate$BeanPostProcessorChecker Bean 'securityManager' of type [org.apache.shiro.web.mgt.DefaultWebSecurityManager] is not eligible for getting processed by all BeanPostProcessors (for example: not eligible for auto-proxying)
2022-04-27 23:40:16 INFO  main org.springframework.context.support.PostProcessorRegistrationDelegate$BeanPostProcessorChecker Bean 'authorizationAttributeSourceAdvisor' of type [org.apache.shiro.spring.security.interceptor.AuthorizationAttributeSourceAdvisor] is not eligible for getting processed by all BeanPostProcessors (for example: not eligible for auto-proxying)
2022-04-27 23:40:17 INFO  main org.springframework.boot.web.embedded.tomcat.TomcatWebServer Tomcat initialized with port(s): 8088 (http)
2022-04-27 23:40:17 INFO  main org.apache.coyote.http11.Http11NioProtocol Initializing ProtocolHandler ["http-nio-8088"]
2022-04-27 23:40:17 INFO  main org.apache.catalina.core.StandardService Starting service [Tomcat]
2022-04-27 23:40:17 INFO  main org.apache.catalina.core.StandardEngine Starting Servlet engine: [Apache Tomcat/9.0.27]
2022-04-27 23:40:17 INFO  main org.apache.catalina.core.ContainerBase.[Tomcat].[localhost].[/] Initializing Spring embedded WebApplicationContext
2022-04-27 23:40:17 INFO  main org.springframework.web.context.ContextLoader Root WebApplicationContext: initialization completed in 10546 ms
2022-04-27 23:40:18 INFO  main com.hero.sms.common.xss.XssFilter ------------ xss filter init ------------
2022-04-27 23:40:21 INFO  main org.quartz.impl.StdSchedulerFactory Using default implementation for ThreadExecutor
2022-04-27 23:40:21 INFO  main org.quartz.core.SchedulerSignalerImpl Initialized Scheduler Signaller of type: class org.quartz.core.SchedulerSignalerImpl
2022-04-27 23:40:21 INFO  main org.quartz.core.QuartzScheduler Quartz Scheduler v.2.3.2 created.
2022-04-27 23:40:21 INFO  main org.springframework.scheduling.quartz.LocalDataSourceJobStore Using db table-based data access locking (synchronization).
2022-04-27 23:40:21 INFO  main org.springframework.scheduling.quartz.LocalDataSourceJobStore JobStoreCMT initialized.
2022-04-27 23:40:21 INFO  main org.quartz.core.QuartzScheduler Scheduler meta-data: Quartz Scheduler (v2.3.2) 'FEBS_Scheduler' with instanceId 'LAPTOP-L07PL5KH1651074021617'
  Scheduler class: 'org.quartz.core.QuartzScheduler' - running locally.
  NOT STARTED.
  Currently in standby mode.
  Number of jobs executed: 0
  Using thread pool 'org.quartz.simpl.SimpleThreadPool' - with 20 threads.
  Using job-store 'org.springframework.scheduling.quartz.LocalDataSourceJobStore' - which supports persistence. and is clustered.

2022-04-27 23:40:21 INFO  main org.quartz.impl.StdSchedulerFactory Quartz scheduler 'FEBS_Scheduler' initialized from an externally provided properties instance.
2022-04-27 23:40:21 INFO  main org.quartz.impl.StdSchedulerFactory Quartz scheduler version: 2.3.2
2022-04-27 23:40:21 INFO  main org.quartz.core.QuartzScheduler JobFactory set to: org.springframework.scheduling.quartz.AdaptableJobFactory@5192b301
2022-04-27 23:40:21 INFO  main p6spy 2022-04-27 23:40:21 | 耗时 6 ms | SQL 语句：
SELECT job_id jobId, bean_name beanName, method_name methodName, params, cron_expression cronExpression, status, remark, create_time createTime FROM t_job ORDER BY job_id;
2022-04-27 23:40:23 INFO  main org.springframework.boot.actuate.endpoint.web.EndpointLinksResolver Exposing 2 endpoint(s) beneath base path '/actuator'
2022-04-27 23:40:23 INFO  main springfox.documentation.spring.web.PropertySourcedRequestMappingHandlerMapping Mapped URL path [/v2/api-docs] onto method [springfox.documentation.swagger2.web.Swagger2Controller#getDocumentation(String, HttpServletRequest)]
2022-04-27 23:40:23 INFO  main org.springframework.scheduling.concurrent.ThreadPoolTaskExecutor Initializing ExecutorService
2022-04-27 23:40:23 INFO  main org.springframework.scheduling.concurrent.ThreadPoolTaskExecutor Initializing ExecutorService 'febsAsyncThreadPool'
2022-04-27 23:40:24 INFO  main org.springframework.boot.autoconfigure.web.servlet.WelcomePageHandlerMapping Adding welcome page template: index
2022-04-27 23:40:24 INFO  main springfox.documentation.spring.web.plugins.DocumentationPluginsBootstrapper Context refreshed
2022-04-27 23:40:24 INFO  main springfox.documentation.spring.web.plugins.DocumentationPluginsBootstrapper Found 1 custom documentation plugin(s)
2022-04-27 23:40:24 INFO  main springfox.documentation.spring.web.plugins.DocumentationPluginsBootstrapper Skipping initializing disabled plugin bean swagger v2.0
2022-04-27 23:40:24 INFO  main org.springframework.scheduling.quartz.SchedulerFactoryBean Will start Quartz Scheduler [FEBS_Scheduler] in 1 seconds
2022-04-27 23:40:25 INFO  main org.apache.coyote.http11.Http11NioProtocol Starting ProtocolHandler ["http-nio-8088"]
2022-04-27 23:40:25 INFO  main org.springframework.boot.web.embedded.tomcat.TomcatWebServer Tomcat started on port(s): 8088 (http) with context path ''
2022-04-27 23:40:25 INFO  main com.hero.sms.SmsApplication Started SmsApplication in 19.095 seconds (JVM running for 21.568)
2022-04-27 23:40:25 INFO  main com.hero.sms.common.DatabaseCache 开始缓存字典
2022-04-27 23:40:25 INFO  main p6spy 2022-04-27 23:40:25 | 耗时 8 ms | SQL 语句：
SELECT ID, CODE, CREATE_TIME, ORDER_LEVEL, PARENT_CODE, IS_DELETE, NAME, DESCRIPTION, REMARK, SORT_CODE FROM code WHERE (IS_DELETE = '0');
2022-04-27 23:40:25 INFO  main com.hero.sms.common.DatabaseCache 缓存代理信息
2022-04-27 23:40:25 INFO  main p6spy 2022-04-27 23:40:25 | 耗时 5 ms | SQL 语句：
SELECT Id, Google_Key, Cash_Amount, Description, Remark, Agent_Password, Last_Login_IP, Level_Code, Available_Amount, Login_IP, EMail, Need_Bind_Google_Key, Create_Date, QQ, Up_Agent_Id, Agent_Account, Amount, Quota_Amount, Agent_Name, Login_Faild_Count, Data_MD5, Last_Login_Time, Phone_Number, Day_Limit, Send_Sms_Total, Create_User, State_Code, Pay_Password FROM t_agent;
2022-04-27 23:40:25 INFO  main com.hero.sms.common.DatabaseCache 缓存商户信息
2022-04-27 23:40:25 INFO  main p6spy 2022-04-27 23:40:25 | 耗时 5 ms | SQL 语句：
SELECT Id, Agent_Id, Sms_Approve_type, Cash_Amount, Description, Remark, interface_type, Available_Amount, Contact, Md5_Key, Sms_Sign, EMail, Create_Date, Settlement_type, Contact_Mobile, Amount, Address, Organization_Name, charges_type, Business_User_Id, Data_MD5, Bind_IP, Approve_State_Code, Organization_Code, Web_Url, Send_Sms_Total, notify_url, Create_User, Status FROM t_organization;
2022-04-27 23:40:25 INFO  main com.hero.sms.common.DatabaseCache 缓存短信通道信息
2022-04-27 23:40:25 INFO  main p6spy 2022-04-27 23:40:25 | 耗时 4 ms | SQL 语句：
SELECT id, support_area, code, weight, description, create_user_name, remark, protocol_type, impl_full_class, day_limit, create_time, area_regex, name, state, is_del, area_operator_regex, operator_regex FROM t_sms_channel;
2022-04-27 23:40:25 INFO  main com.hero.sms.common.DatabaseCache 缓存支付通道信息
2022-04-27 23:40:25 INFO  main p6spy 2022-04-27 23:40:25 | 耗时 5 ms | SQL 语句：
SELECT id, key1, key2, min_amount, cost, key5, key3, key4, weight, remark, encrypt_key, impl_full_class, netway_code, create_time, merch_no, request_url, state_code, sign_key, callBack_url, channel_name, pay_code, max_amount FROM t_pay_channel;
2022-04-27 23:40:25 INFO  main com.hero.sms.common.DatabaseCache 缓存IP黑名单信息
2022-04-27 23:40:25 INFO  main p6spy 2022-04-27 23:40:25 | 耗时 6 ms | SQL 语句：
SELECT Id, Black_Ip, IsAvailability, LImit_Project, Description, Create_User, Remark, Create_Date FROM t_black_ip_config WHERE (IsAvailability = '1');
2022-04-27 23:40:25 INFO  main com.hero.sms.common.DatabaseCache 缓存手机号码黑名单信息
2022-04-27 23:40:25 INFO  main p6spy 2022-04-27 23:40:25 | 耗时 6 ms | SQL 语句：
SELECT area, number FROM t_mobile_black;
2022-04-27 23:40:25 INFO  main com.hero.sms.common.DatabaseCache 缓存网关类型信息
2022-04-27 23:40:25 INFO  main com.hero.sms.common.DatabaseCache Begin-缓存地区列表
2022-04-27 23:40:25 INFO  main p6spy 2022-04-27 23:40:25 | 耗时 4 ms | SQL 语句：
SELECT id, extend, create_time, area_name, area_coding, out_area, in_area, order_num FROM t_area_code ORDER BY order_num ASC;
2022-04-27 23:40:25 INFO  main com.hero.sms.common.DatabaseCache End-地区列表缓存完成
2022-04-27 23:40:25 INFO  main com.hero.sms.common.DatabaseCache 字典缓存完成
2022-04-27 23:40:25 INFO  main io.lettuce.core.EpollProvider Starting without optional epoll library
2022-04-27 23:40:25 INFO  main io.lettuce.core.KqueueProvider Starting without optional kqueue library
2022-04-27 23:40:25 INFO  Quartz Scheduler [FEBS_Scheduler] org.springframework.scheduling.quartz.SchedulerFactoryBean Starting Quartz Scheduler now, after delay of 1 seconds
2022-04-27 23:40:26 INFO  Quartz Scheduler [FEBS_Scheduler] org.springframework.scheduling.quartz.LocalDataSourceJobStore ClusterManager: detected 1 failed or restarted instances.
2022-04-27 23:40:26 INFO  Quartz Scheduler [FEBS_Scheduler] org.springframework.scheduling.quartz.LocalDataSourceJobStore ClusterManager: Scanning for instance "LAPTOP-L07PL5KH1648314894149"'s failed in-progress jobs.
2022-04-27 23:40:26 INFO  Quartz Scheduler [FEBS_Scheduler] org.quartz.core.QuartzScheduler Scheduler FEBS_Scheduler_$_LAPTOP-L07PL5KH1651074021617 started.
2022-04-27 23:40:33 INFO  main com.hero.sms.common.runner.FebsStartedUpRunner  __    ___   _      ___   _     ____ _____  ____ 
2022-04-27 23:40:33 INFO  main com.hero.sms.common.runner.FebsStartedUpRunner / /`  / / \ | |\/| | |_) | |   | |_   | |  | |_  
2022-04-27 23:40:33 INFO  main com.hero.sms.common.runner.FebsStartedUpRunner \_\_, \_\_/ |_|  | |_|   |_|__ |_|__  |_|  |_|__ 
2022-04-27 23:40:33 INFO  main com.hero.sms.common.runner.FebsStartedUpRunner                                                       
2022-04-27 23:40:33 INFO  main com.hero.sms.common.runner.FebsStartedUpRunner 短信平台启动完毕，地址：http://192.168.189.1:8088/login
2022-04-27 23:41:39 INFO  http-nio-8088-exec-1 org.apache.catalina.core.ContainerBase.[Tomcat].[localhost].[/] Initializing Spring DispatcherServlet 'dispatcherServlet'
2022-04-27 23:41:39 INFO  http-nio-8088-exec-1 org.springframework.web.servlet.DispatcherServlet Initializing Servlet 'dispatcherServlet'
2022-04-27 23:41:39 INFO  http-nio-8088-exec-1 org.springframework.web.servlet.DispatcherServlet Completed initialization in 14 ms
2022-04-27 23:41:40 INFO  http-nio-8088-exec-1 org.apache.shiro.session.mgt.AbstractValidatingSessionManager Enabling session validation scheduler...
2022-04-27 23:41:51 INFO  http-nio-8088-exec-3 com.hero.sms.common.aspect.LimitAspect IP:192.168.189.1 第 1 次访问key为 [limit_login192.168.189.1]，描述为 [登录接口] 的接口
2022-04-27 23:41:52 INFO  http-nio-8088-exec-3 p6spy 2022-04-27 23:41:52 | 耗时 21 ms | SQL 语句：
SELECT u.user_id userId, u.username, u.email, u.mobile, u.password, u.status, u.create_time createTime, u.ssex sex, u.dept_id deptId, u.last_login_time lastLoginTime, u.modify_time modifyTime, u.description, u.google_key, u.avatar, u.theme, u.is_tab isTab, d.dept_name deptName, u.LOGIN_FAILD_COUNT, GROUP_CONCAT(r.role_id) roleId, GROUP_CONCAT(r.ROLE_NAME) roleName FROM t_user u LEFT JOIN t_dept d ON (u.dept_id = d.dept_id) LEFT JOIN t_user_role ur ON (u.user_id = ur.user_id) LEFT JOIN t_role r ON r.role_id = ur.role_id WHERE u.username = 'admin' GROUP BY u.username, u.user_id, u.email, u.mobile, u.password, u.status, u.create_time, u.ssex, u.dept_id, u.last_login_time, u.modify_time, u.description, u.google_key, u.avatar, u.theme, u.is_tab;
2022-04-27 23:41:52 INFO  http-nio-8088-exec-3 p6spy 2022-04-27 23:41:52 | 耗时 0 ms | SQL 语句：
SELECT u.user_id userId, u.username, u.email, u.mobile, u.password, u.status, u.create_time createTime, u.ssex sex, u.dept_id deptId, u.last_login_time lastLoginTime, u.modify_time modifyTime, u.description, u.google_key, u.avatar, u.theme, u.is_tab isTab, d.dept_name deptName, u.LOGIN_FAILD_COUNT, GROUP_CONCAT(r.role_id) roleId, GROUP_CONCAT(r.ROLE_NAME) roleName FROM t_user u LEFT JOIN t_dept d ON (u.dept_id = d.dept_id) LEFT JOIN t_user_role ur ON (u.user_id = ur.user_id) LEFT JOIN t_role r ON r.role_id = ur.role_id WHERE u.username = 'admin' GROUP BY u.username, u.user_id, u.email, u.mobile, u.password, u.status, u.create_time, u.ssex, u.dept_id, u.last_login_time, u.modify_time, u.description, u.google_key, u.avatar, u.theme, u.is_tab;
2022-04-27 23:41:52 INFO  http-nio-8088-exec-3 p6spy 2022-04-27 23:41:52 | 耗时 2 ms | SQL 语句：
UPDATE t_user SET GOOGLE_KEY = 'EJ5QP4YTYV47JOQG', DESCRIPTION = '', PASSWORD = '8d8391e727c59f18b08fcfe6a045150d', MODIFY_TIME = '2020-08-25T21:48:51.000+0800', THEME = 'white', EMAIL = 'admin@qq.com', SSEX = '2', MOBILE = '18888888888', DEPT_ID = 1, AVATAR = 'gaOngJwsRYRaVAuXXcmB.png', LOGIN_FAILD_COUNT = 0, LAST_LOGIN_TIME = '2022-03-26T15:43:43.000+0800', CREATE_TIME = '2020-03-04T17:26:18.000+0800', IS_TAB = '1', STATUS = '1', USERNAME = 'admin' WHERE USER_ID = 8;
2022-04-27 23:41:52 INFO  http-nio-8088-exec-3 p6spy 2022-04-27 23:41:52 | 耗时 5 ms | SQL 语句：
INSERT INTO t_login_log (`SYSTEM`, LOGIN_TIME, BROWSER, IP, LOCATION, USERNAME) VALUES ('Windows 10', '2022-04-27T23:41:52.098+0800', 'Chrome 10', '192.168.189.1', '内网IP|0|0|内网IP|内网IP', 'admin');
2022-04-27 23:41:52 INFO  http-nio-8088-exec-2 p6spy 2022-04-27 23:41:52 | 耗时 1 ms | SQL 语句：
SELECT r.* FROM t_role r LEFT JOIN t_user_role ur ON (r.role_id = ur.role_id) LEFT JOIN t_user u ON (u.user_id = ur.user_id) WHERE u.username = 'admin';
2022-04-27 23:41:52 INFO  http-nio-8088-exec-2 p6spy 2022-04-27 23:41:52 | 耗时 12 ms | SQL 语句：
SELECT m.perms FROM t_role r LEFT JOIN t_user_role ur ON (r.role_id = ur.role_id) LEFT JOIN t_user u ON (u.user_id = ur.user_id) LEFT JOIN t_role_menu rm ON (rm.role_id = r.role_id) LEFT JOIN t_menu m ON (m.menu_id = rm.menu_id) WHERE u.username = 'admin' AND m.perms IS NOT NULL AND m.perms <> '';
2022-04-27 23:41:52 INFO  http-nio-8088-exec-2 p6spy 2022-04-27 23:41:52 | 耗时 0 ms | SQL 语句：
SELECT u.user_id userId, u.username, u.email, u.mobile, u.password, u.status, u.create_time createTime, u.ssex sex, u.dept_id deptId, u.last_login_time lastLoginTime, u.modify_time modifyTime, u.description, u.google_key, u.avatar, u.theme, u.is_tab isTab, d.dept_name deptName, u.LOGIN_FAILD_COUNT, GROUP_CONCAT(r.role_id) roleId, GROUP_CONCAT(r.ROLE_NAME) roleName FROM t_user u LEFT JOIN t_dept d ON (u.dept_id = d.dept_id) LEFT JOIN t_user_role ur ON (u.user_id = ur.user_id) LEFT JOIN t_role r ON r.role_id = ur.role_id WHERE u.username = 'admin' GROUP BY u.username, u.user_id, u.email, u.mobile, u.password, u.status, u.create_time, u.ssex, u.dept_id, u.last_login_time, u.modify_time, u.description, u.google_key, u.avatar, u.theme, u.is_tab;
2022-04-27 23:41:53 INFO  http-nio-8088-exec-1 p6spy 2022-04-27 23:41:53 | 耗时 0 ms | SQL 语句：
SELECT r.* FROM t_role r LEFT JOIN t_user_role ur ON (r.role_id = ur.role_id) LEFT JOIN t_user u ON (u.user_id = ur.user_id) WHERE u.username = 'admin';
2022-04-27 23:41:53 INFO  http-nio-8088-exec-1 p6spy 2022-04-27 23:41:53 | 耗时 1 ms | SQL 语句：
SELECT m.perms FROM t_role r LEFT JOIN t_user_role ur ON (r.role_id = ur.role_id) LEFT JOIN t_user u ON (u.user_id = ur.user_id) LEFT JOIN t_role_menu rm ON (rm.role_id = r.role_id) LEFT JOIN t_menu m ON (m.menu_id = rm.menu_id) WHERE u.username = 'admin' AND m.perms IS NOT NULL AND m.perms <> '';
2022-04-27 23:41:53 INFO  http-nio-8088-exec-4 p6spy 2022-04-27 23:41:53 | 耗时 5 ms | SQL 语句：
SELECT m.* FROM t_menu m WHERE m.type <> 1 AND m.MENU_ID IN (SELECT DISTINCT rm.menu_id FROM t_role_menu rm LEFT JOIN t_role r ON (rm.role_id = r.role_id) LEFT JOIN t_user_role ur ON (ur.role_id = r.role_id) LEFT JOIN t_user u ON (u.user_id = ur.user_id) WHERE u.username = 'admin') ORDER BY m.order_num;
2022-04-27 23:41:54 INFO  http-nio-8088-exec-9 p6spy 2022-04-27 23:41:54 | 耗时 10 ms | SQL 语句：
SELECT id, message_type, message_contact, org_code, picture_url, create_User, remark, merch_read_status, admin_read_status, create_Date FROM t_message WHERE (admin_read_status = '2');
2022-04-27 23:41:54 INFO  http-nio-8088-exec-7 p6spy 2022-04-27 23:41:54 | 耗时 2 ms | SQL 语句：
UPDATE t_user SET LAST_LOGIN_TIME = '2022-04-27T23:41:54.302+0800' WHERE (USERNAME = 'admin');
2022-04-27 23:41:54 INFO  http-nio-8088-exec-7 p6spy 2022-04-27 23:41:54 | 耗时 1 ms | SQL 语句：
SELECT count(1) FROM t_login_log;
2022-04-27 23:41:54 INFO  http-nio-8088-exec-7 p6spy 2022-04-27 23:41:54 | 耗时 1 ms | SQL 语句：
SELECT count(1) FROM t_login_log WHERE datediff(login_time, now()) = 0;
2022-04-27 23:41:54 INFO  http-nio-8088-exec-7 p6spy 2022-04-27 23:41:54 | 耗时 1 ms | SQL 语句：
SELECT count(DISTINCT (ip)) FROM t_login_log WHERE datediff(login_time, now()) = 0;
2022-04-27 23:41:54 INFO  http-nio-8088-exec-7 p6spy 2022-04-27 23:41:54 | 耗时 1 ms | SQL 语句：
SELECT date_format(l.login_time, '%m-%d') days, count(1) count FROM (SELECT * FROM t_login_log WHERE date_sub(curdate(), INTERVAL 10 day) <= date(login_time)) AS l WHERE 1 = 1 GROUP BY days;
2022-04-27 23:41:54 INFO  http-nio-8088-exec-7 p6spy 2022-04-27 23:41:54 | 耗时 2 ms | SQL 语句：
SELECT date_format(l.login_time, '%m-%d') days, count(1) count FROM (SELECT * FROM t_login_log WHERE date_sub(curdate(), INTERVAL 10 day) <= date(login_time)) AS l WHERE 1 = 1 AND l.username = 'admin' GROUP BY days;
2022-04-27 23:41:54 INFO  http-nio-8088-exec-10 p6spy 2022-04-27 23:41:54 | 耗时 30 ms | SQL 语句：
SELECT count(1) AS `value`, t.org_code AS orgCode FROM t_send_record t WHERE t.create_time > DATE_FORMAT(NOW(), '%Y-%m-%d 00:00:00') GROUP BY t.org_code ORDER BY `value` DESC LIMIT 10;
2022-04-27 23:41:54 INFO  http-nio-8088-exec-4 p6spy 2022-04-27 23:41:54 | 耗时 97 ms | SQL 语句：
SELECT count(1) AS `value`, t.sms_number_province AS province FROM t_send_record t WHERE t.create_time > DATE_FORMAT(NOW(), '%Y-%m-%d 00:00:00') GROUP BY t.sms_number_province ORDER BY `value` DESC;
2022-04-27 23:41:54 INFO  http-nio-8088-exec-9 p6spy 2022-04-27 23:41:54 | 耗时 102 ms | SQL 语句：
SELECT count(1) AS `value`, t.sms_number_operator AS operator FROM t_send_record t WHERE t.create_time > DATE_FORMAT(NOW(), '%Y-%m-%d 00:00:00') GROUP BY t.sms_number_operator ORDER BY `value` DESC;
2022-04-27 23:42:03 INFO  http-nio-8088-exec-6 p6spy 2022-04-27 23:42:03 | 耗时 1 ms | SQL 语句：
SELECT id, support_area, code, weight, description, create_user_name, remark, protocol_type, impl_full_class, day_limit, create_time, area_regex, name, state, is_del, area_operator_regex, operator_regex FROM t_sms_channel WHERE (is_del = 0);
2022-04-27 23:42:03 INFO  http-nio-8088-exec-1 p6spy 2022-04-27 23:42:03 | 耗时 12 ms | SQL 语句：
SELECT COUNT(1) FROM t_send_record WHERE (create_time >= '2022-04-27T00:00:00.000+0800' AND create_time <= '2022-04-27T23:59:59.000+0800');
2022-04-27 23:42:08 INFO  http-nio-8088-exec-7 p6spy 2022-04-27 23:42:08 | 耗时 8 ms | SQL 语句：
SELECT COUNT(1) FROM t_send_record WHERE (create_time >= '2019-03-27T00:00:00.000+0800' AND create_time <= '2022-04-27T23:59:59.000+0800');
2022-04-27 23:42:08 INFO  http-nio-8088-exec-7 p6spy 2022-04-27 23:42:08 | 耗时 32 ms | SQL 语句：
SELECT id, agent_id, sms_number_province, send_code, sms_number, sms_number_area, sms_number_operator, receipt_time, org_code, res_msgid, channel_cost_amount, agent_income_amount, sms_content, sms_type, state, channel_id, up_agent_id, consume_amount, state_desc, sms_count, income_amount, source_number, submit_time, create_time, sms_words, sub_type, up_agent_income_amount FROM t_send_record WHERE (create_time >= '2019-03-27T00:00:00.000+0800' AND create_time <= '2022-04-27T23:59:59.000+0800') ORDER BY create_time DESC LIMIT 0,10;
2022-04-27 23:42:17 INFO  http-nio-8088-exec-3 p6spy 2022-04-27 23:42:17 | 耗时 1 ms | SQL 语句：
SELECT id, agent_id, sms_number_province, send_code, sms_number, sms_number_area, sms_number_operator, receipt_time, org_code, res_msgid, channel_cost_amount, agent_income_amount, sms_content, sms_type, state, channel_id, up_agent_id, consume_amount, state_desc, sms_count, income_amount, source_number, submit_time, create_time, sms_words, sub_type, up_agent_income_amount FROM t_send_record WHERE (state = 2 AND id IN ('139776', '140032', '139777', '140033', '139778', '140034', '139779', '140035', '139780', '140036') AND res_msgid IS NULL);
2022-04-27 23:42:17 INFO  http-nio-8088-exec-3 p6spy 2022-04-27 23:42:17 | 耗时 0 ms | SQL 语句：
SELECT id, agent_id, sms_number_province, send_code, sms_number, sms_number_area, sms_number_operator, receipt_time, org_code, res_msgid, channel_cost_amount, agent_income_amount, sms_content, sms_type, state, channel_id, up_agent_id, consume_amount, state_desc, sms_count, income_amount, source_number, submit_time, create_time, sms_words, sub_type, up_agent_income_amount FROM t_send_record WHERE (state = 8 AND id IN ('139776', '140032', '139777', '140033', '139778', '140034', '139779', '140035', '139780', '140036') AND res_msgid IS NULL);
2022-04-27 23:42:17 INFO  Febs-Async-Thread1 p6spy 2022-04-27 23:42:17 | 耗时 8 ms | SQL 语句：
INSERT INTO t_log (METHOD, CREATE_TIME, IP, LOCATION, TIME, PARAMS, OPERATION, USERNAME) VALUES ('com.hero.sms.controller.message.SendRecordController.reSend()', '2022-04-27T23:42:17.584+0800', '192.168.189.1', '内网IP|0|0|内网IP|内网IP', 30, ' sendRecordIds: "139776,140032,139777,140033,139778,140034,139779,140035,139780,140036"', '批量重发SendRecord', 'admin');
2022-04-27 23:42:33 INFO  http-nio-8088-exec-10 p6spy 2022-04-27 23:42:33 | 耗时 28 ms | SQL 语句：
SELECT COUNT(1) FROM t_send_record WHERE (create_time >= '2019-03-27T00:00:00.000+0800' AND create_time <= '2022-04-27T23:59:59.000+0800' AND state = 2);
2022-04-27 23:42:33 INFO  http-nio-8088-exec-10 p6spy 2022-04-27 23:42:33 | 耗时 7 ms | SQL 语句：
SELECT id, agent_id, sms_number_province, send_code, sms_number, sms_number_area, sms_number_operator, receipt_time, org_code, res_msgid, channel_cost_amount, agent_income_amount, sms_content, sms_type, state, channel_id, up_agent_id, consume_amount, state_desc, sms_count, income_amount, source_number, submit_time, create_time, sms_words, sub_type, up_agent_income_amount FROM t_send_record WHERE (create_time >= '2019-03-27T00:00:00.000+0800' AND create_time <= '2022-04-27T23:59:59.000+0800' AND state = 2) ORDER BY create_time DESC LIMIT 0,10;
2022-04-27 23:42:39 INFO  http-nio-8088-exec-4 p6spy 2022-04-27 23:42:39 | 耗时 0 ms | SQL 语句：
SELECT id, agent_id, sms_number_province, send_code, sms_number, sms_number_area, sms_number_operator, receipt_time, org_code, res_msgid, channel_cost_amount, agent_income_amount, sms_content, sms_type, state, channel_id, up_agent_id, consume_amount, state_desc, sms_count, income_amount, source_number, submit_time, create_time, sms_words, sub_type, up_agent_income_amount FROM t_send_record WHERE (state = 2 AND id IN ('129048', '129059', '129324', '129385', '127252', '127814', '127328', '128417', '127925', '127728') AND res_msgid IS NULL);
2022-04-27 23:42:39 INFO  http-nio-8088-exec-4 p6spy 2022-04-27 23:42:39 | 耗时 0 ms | SQL 语句：
SELECT id, agent_id, sms_number_province, send_code, sms_number, sms_number_area, sms_number_operator, receipt_time, org_code, res_msgid, channel_cost_amount, agent_income_amount, sms_content, sms_type, state, channel_id, up_agent_id, consume_amount, state_desc, sms_count, income_amount, source_number, submit_time, create_time, sms_words, sub_type, up_agent_income_amount FROM t_send_record WHERE (state = 8 AND id IN ('129048', '129059', '129324', '129385', '127252', '127814', '127328', '128417', '127925', '127728') AND res_msgid IS NULL);
2022-04-27 23:42:39 INFO  http-nio-8088-exec-4 p6spy 2022-04-27 23:42:39 | 耗时 4 ms | SQL 语句：
SELECT id, support_area, code, weight, description, create_user_name, remark, protocol_type, impl_full_class, day_limit, create_time, area_regex, name, state, is_del, area_operator_regex, operator_regex FROM t_sms_channel WHERE (is_del = 0);
2022-04-27 23:42:40 INFO  Febs-Async-Thread2 p6spy 2022-04-27 23:42:40 | 耗时 3 ms | SQL 语句：
INSERT INTO t_log (METHOD, CREATE_TIME, IP, LOCATION, TIME, PARAMS, OPERATION, USERNAME) VALUES ('com.hero.sms.controller.message.SendRecordController.reSend()', '2022-04-27T23:42:40.819+0800', '192.168.189.1', '内网IP|0|0|内网IP|内网IP', 842, ' sendRecordIds: "129048,129059,129324,129385,127252,127814,127328,128417,127925,127728"', '批量重发SendRecord', 'admin');
2022-04-27 23:42:53 INFO  http-nio-8088-exec-2 p6spy 2022-04-27 23:42:53 | 耗时 38 ms | SQL 语句：
SELECT COUNT(1) FROM t_send_record WHERE (create_time >= '2019-03-27T00:00:00.000+0800' AND create_time <= '2022-04-27T23:59:59.000+0800' AND state = 8);
2022-04-27 23:42:53 INFO  http-nio-8088-exec-2 p6spy 2022-04-27 23:42:53 | 耗时 13 ms | SQL 语句：
SELECT id, agent_id, sms_number_province, send_code, sms_number, sms_number_area, sms_number_operator, receipt_time, org_code, res_msgid, channel_cost_amount, agent_income_amount, sms_content, sms_type, state, channel_id, up_agent_id, consume_amount, state_desc, sms_count, income_amount, source_number, submit_time, create_time, sms_words, sub_type, up_agent_income_amount FROM t_send_record WHERE (create_time >= '2019-03-27T00:00:00.000+0800' AND create_time <= '2022-04-27T23:59:59.000+0800' AND state = 8) ORDER BY create_time DESC LIMIT 0,10;
2022-04-27 23:42:58 INFO  http-nio-8088-exec-1 p6spy 2022-04-27 23:42:58 | 耗时 1 ms | SQL 语句：
SELECT id, agent_id, sms_number_province, send_code, sms_number, sms_number_area, sms_number_operator, receipt_time, org_code, res_msgid, channel_cost_amount, agent_income_amount, sms_content, sms_type, state, channel_id, up_agent_id, consume_amount, state_desc, sms_count, income_amount, source_number, submit_time, create_time, sms_words, sub_type, up_agent_income_amount FROM t_send_record WHERE (state = 2 AND id IN ('121997', '121984') AND res_msgid IS NULL);
2022-04-27 23:42:58 INFO  http-nio-8088-exec-1 p6spy 2022-04-27 23:42:58 | 耗时 0 ms | SQL 语句：
SELECT id, agent_id, sms_number_province, send_code, sms_number, sms_number_area, sms_number_operator, receipt_time, org_code, res_msgid, channel_cost_amount, agent_income_amount, sms_content, sms_type, state, channel_id, up_agent_id, consume_amount, state_desc, sms_count, income_amount, source_number, submit_time, create_time, sms_words, sub_type, up_agent_income_amount FROM t_send_record WHERE (state = 8 AND id IN ('121997', '121984') AND res_msgid IS NULL);
2022-04-27 23:42:58 INFO  http-nio-8088-exec-1 p6spy 2022-04-27 23:42:58 | 耗时 5 ms | SQL 语句：
UPDATE t_send_record_checkinfo SET state = 0 WHERE (Id IN (121984, 121997) AND state = 1);
2022-04-27 23:42:58 INFO  http-nio-8088-exec-1 p6spy 2022-04-27 23:42:58 | 耗时 1 ms | SQL 语句：
SELECT id, support_area, code, weight, description, create_user_name, remark, protocol_type, impl_full_class, day_limit, create_time, area_regex, name, state, is_del, area_operator_regex, operator_regex FROM t_sms_channel WHERE (is_del = 0);
2022-04-27 23:42:58 INFO  Febs-Async-Thread3 p6spy 2022-04-27 23:42:58 | 耗时 3 ms | SQL 语句：
INSERT INTO t_log (METHOD, CREATE_TIME, IP, LOCATION, TIME, PARAMS, OPERATION, USERNAME) VALUES ('com.hero.sms.controller.message.SendRecordController.reSend()', '2022-04-27T23:42:58.894+0800', '192.168.189.1', '内网IP|0|0|内网IP|内网IP', 46, ' sendRecordIds: "121997,121984"', '批量重发SendRecord', 'admin');
2022-04-27 23:43:12 INFO  http-nio-8088-exec-10 p6spy 2022-04-27 23:43:12 | 耗时 30 ms | SQL 语句：
SELECT COUNT(1) FROM t_send_record WHERE (create_time >= '2019-03-27T00:00:00.000+0800' AND create_time <= '2022-04-27T23:59:59.000+0800' AND state = 8);
2022-04-27 23:43:12 INFO  http-nio-8088-exec-10 p6spy 2022-04-27 23:43:12 | 耗时 7 ms | SQL 语句：
SELECT id, agent_id, sms_number_province, send_code, sms_number, sms_number_area, sms_number_operator, receipt_time, org_code, res_msgid, channel_cost_amount, agent_income_amount, sms_content, sms_type, state, channel_id, up_agent_id, consume_amount, state_desc, sms_count, income_amount, source_number, submit_time, create_time, sms_words, sub_type, up_agent_income_amount FROM t_send_record WHERE (create_time >= '2019-03-27T00:00:00.000+0800' AND create_time <= '2022-04-27T23:59:59.000+0800' AND state = 8) ORDER BY create_time DESC LIMIT 0,10;
2022-04-27 23:43:21 INFO  http-nio-8088-exec-4 p6spy 2022-04-27 23:43:21 | 耗时 10 ms | SQL 语句：
SELECT COUNT(1) FROM t_send_record WHERE (create_time >= '2019-03-27T00:00:00.000+0800' AND create_time <= '2022-04-27T23:59:59.000+0800' AND state = 2);
2022-04-27 23:43:21 INFO  http-nio-8088-exec-4 p6spy 2022-04-27 23:43:21 | 耗时 8 ms | SQL 语句：
SELECT id, agent_id, sms_number_province, send_code, sms_number, sms_number_area, sms_number_operator, receipt_time, org_code, res_msgid, channel_cost_amount, agent_income_amount, sms_content, sms_type, state, channel_id, up_agent_id, consume_amount, state_desc, sms_count, income_amount, source_number, submit_time, create_time, sms_words, sub_type, up_agent_income_amount FROM t_send_record WHERE (create_time >= '2019-03-27T00:00:00.000+0800' AND create_time <= '2022-04-27T23:59:59.000+0800' AND state = 2) ORDER BY create_time DESC LIMIT 0,10;
2022-04-27 23:43:27 INFO  http-nio-8088-exec-9 p6spy 2022-04-27 23:43:27 | 耗时 3 ms | SQL 语句：
SELECT id, agent_id, sms_number_province, send_code, sms_number, sms_number_area, sms_number_operator, receipt_time, org_code, res_msgid, channel_cost_amount, agent_income_amount, sms_content, sms_type, state, channel_id, up_agent_id, consume_amount, state_desc, sms_count, income_amount, source_number, submit_time, create_time, sms_words, sub_type, up_agent_income_amount FROM t_send_record WHERE (state IN (2, 8) AND id IN ('129048', '129059', '129324', '129385', '127252', '127814', '127328', '128417', '127925', '127728') AND res_msgid IS NULL);
2022-04-27 23:43:27 INFO  http-nio-8088-exec-9 p6spy 2022-04-27 23:43:27 | 耗时 7 ms | SQL 语句：
UPDATE t_send_record_checkinfo SET state = 0 WHERE (Id IN (127252, 127328, 127728, 127814, 127925, 128417, 129048, 129059, 129324, 129385) AND state = 1);
2022-04-27 23:43:27 INFO  http-nio-8088-exec-9 p6spy 2022-04-27 23:43:27 | 耗时 6 ms | SQL 语句：
SELECT id, support_area, code, weight, description, create_user_name, remark, protocol_type, impl_full_class, day_limit, create_time, area_regex, name, state, is_del, area_operator_regex, operator_regex FROM t_sms_channel WHERE (is_del = 0);
2022-04-27 23:43:27 INFO  Febs-Async-Thread4 p6spy 2022-04-27 23:43:27 | 耗时 3 ms | SQL 语句：
INSERT INTO t_log (METHOD, CREATE_TIME, IP, LOCATION, TIME, PARAMS, OPERATION, USERNAME) VALUES ('com.hero.sms.controller.message.SendRecordController.forceReSend()', '2022-04-27T23:43:27.920+0800', '192.168.189.1', '内网IP|0|0|内网IP|内网IP', 83, ' sendRecordIds: "129048,129059,129324,129385,127252,127814,127328,128417,127925,127728"', '批量强制重发SendRecord', 'admin');
2022-04-27 23:43:39 INFO  http-nio-8088-exec-2 p6spy 2022-04-27 23:43:39 | 耗时 0 ms | SQL 语句：
SELECT id, agent_id, sms_number_province, send_code, sms_number, sms_number_area, sms_number_operator, receipt_time, org_code, res_msgid, channel_cost_amount, agent_income_amount, sms_content, sms_type, state, channel_id, up_agent_id, consume_amount, state_desc, sms_count, income_amount, source_number, submit_time, create_time, sms_words, sub_type, up_agent_income_amount FROM t_send_record WHERE (state IN (2, 8) AND id IN ('129048', '129059', '129324', '129385', '127252', '127814', '127328', '128417', '127925', '127728'));
2022-04-27 23:43:39 INFO  http-nio-8088-exec-2 p6spy 2022-04-27 23:43:39 | 耗时 0 ms | SQL 语句：
UPDATE t_send_record_checkinfo SET state = '0427234339' WHERE (Id IN (127252, 127328, 127728, 127814, 127925, 128417, 129048, 129059, 129324, 129385) AND state = 1);
2022-04-27 23:43:39 INFO  Febs-Async-Thread5 p6spy 2022-04-27 23:43:39 | 耗时 4 ms | SQL 语句：
INSERT INTO t_log (METHOD, CREATE_TIME, IP, LOCATION, TIME, PARAMS, OPERATION, USERNAME) VALUES ('com.hero.sms.controller.message.SendRecordController.forceUnLock()', '2022-04-27T23:43:39.814+0800', '192.168.189.1', '内网IP|0|0|内网IP|内网IP', 17, ' sendRecordIds: "129048,129059,129324,129385,127252,127814,127328,128417,127925,127728"', '批量强制解锁SendRecord', 'admin');
2022-04-27 23:43:52 INFO  http-nio-8088-exec-5 p6spy 2022-04-27 23:43:52 | 耗时 28 ms | SQL 语句：
SELECT COUNT(1) FROM t_send_record WHERE (create_time >= '2019-03-27T00:00:00.000+0800' AND create_time <= '2022-04-27T23:59:59.000+0800' AND state = 2);
2022-04-27 23:43:52 INFO  http-nio-8088-exec-5 p6spy 2022-04-27 23:43:52 | 耗时 7 ms | SQL 语句：
SELECT id, agent_id, sms_number_province, send_code, sms_number, sms_number_area, sms_number_operator, receipt_time, org_code, res_msgid, channel_cost_amount, agent_income_amount, sms_content, sms_type, state, channel_id, up_agent_id, consume_amount, state_desc, sms_count, income_amount, source_number, submit_time, create_time, sms_words, sub_type, up_agent_income_amount FROM t_send_record WHERE (create_time >= '2019-03-27T00:00:00.000+0800' AND create_time <= '2022-04-27T23:59:59.000+0800' AND state = 2) ORDER BY create_time DESC LIMIT 0,50;
2022-04-27 23:43:58 INFO  http-nio-8088-exec-6 p6spy 2022-04-27 23:43:58 | 耗时 5 ms | SQL 语句：
SELECT id, agent_id, sms_number_province, send_code, sms_number, sms_number_area, sms_number_operator, receipt_time, org_code, res_msgid, channel_cost_amount, agent_income_amount, sms_content, sms_type, state, channel_id, up_agent_id, consume_amount, state_desc, sms_count, income_amount, source_number, submit_time, create_time, sms_words, sub_type, up_agent_income_amount FROM t_send_record WHERE (state IN (2, 8) AND id IN ('129048', '129059', '129324', '129385', '127252', '127814', '127328', '128417', '127925', '127728', '126995', '126535', '126173', '124423', '123962', '123971', '125568', '125118', '124910', '123597', '122124', '121986', '121985'));
2022-04-27 23:43:58 INFO  http-nio-8088-exec-6 p6spy 2022-04-27 23:43:58 | 耗时 1 ms | SQL 语句：
UPDATE t_send_record_checkinfo SET state = '0427234358' WHERE (Id IN (121985, 121986, 122124, 123597, 123962, 123971, 124423, 124910, 125118, 125568, 126173, 126535, 126995, 127252, 127328, 127728, 127814, 127925, 128417, 129048, 129059, 129324, 129385) AND state = 1);
2022-04-27 23:43:58 INFO  Febs-Async-Thread1 p6spy 2022-04-27 23:43:58 | 耗时 3 ms | SQL 语句：
INSERT INTO t_log (METHOD, CREATE_TIME, IP, LOCATION, TIME, PARAMS, OPERATION, USERNAME) VALUES ('com.hero.sms.controller.message.SendRecordController.forceUnLock()', '2022-04-27T23:43:58.682+0800', '192.168.189.1', '内网IP|0|0|内网IP|内网IP', 18, ' sendRecordIds: "129048,129059,129324,129385,127252,127814,127328,128417,127925,127728,126995,126535,126173,124423,123962,123971,125568,125118,124910,123597,122124,121986,121985"', '批量强制解锁SendRecord', 'admin');
2022-04-27 23:44:13 INFO  http-nio-8088-exec-1 p6spy 2022-04-27 23:44:13 | 耗时 1 ms | SQL 语句：
SELECT COUNT(1) FROM code;
2022-04-27 23:44:13 INFO  http-nio-8088-exec-1 p6spy 2022-04-27 23:44:13 | 耗时 0 ms | SQL 语句：
SELECT ID, CODE, CREATE_TIME, ORDER_LEVEL, PARENT_CODE, IS_DELETE, NAME, DESCRIPTION, REMARK, SORT_CODE FROM code ORDER BY CREATE_TIME DESC LIMIT 0,10;
2022-04-27 23:44:23 INFO  http-nio-8088-exec-4 p6spy 2022-04-27 23:44:23 | 耗时 15 ms | SQL 语句：
SELECT ID, DESCREPTION, CODE, CREATE_TIME, PARENT_CODE, NAME, REMARK FROM code_sort;
2022-04-27 23:44:35 INFO  http-nio-8088-exec-9 p6spy 2022-04-27 23:44:35 | 耗时 7 ms | SQL 语句：
SELECT COUNT(1) FROM code WHERE (SORT_CODE = 'System' AND CODE = 'showRunTimeLogMainSwitch' AND IS_DELETE = '0');
2022-04-27 23:44:35 INFO  http-nio-8088-exec-9 p6spy 2022-04-27 23:44:35 | 耗时 9 ms | SQL 语句：
INSERT INTO code (CODE, CREATE_TIME, PARENT_CODE, IS_DELETE, NAME, DESCRIPTION, REMARK, SORT_CODE) VALUES ('showRunTimeLogMainSwitch', '2022-04-27T23:44:35.644+0800', '', '0', 'OFF', '', 'SMPP提交总耗时日志输出开关', 'System');
2022-04-27 23:44:35 INFO  Febs-Async-Thread2 p6spy 2022-04-27 23:44:35 | 耗时 2 ms | SQL 语句：
INSERT INTO t_log (METHOD, CREATE_TIME, IP, LOCATION, TIME, PARAMS, OPERATION, USERNAME) VALUES ('com.hero.sms.system.controller.CodeController.addCode()', '2022-04-27T23:44:35.665+0800', '192.168.189.1', '内网IP|0|0|内网IP|内网IP', 39, ' code: Code(id=997, sortCode=System, code=showRunTimeLogMainSwitch, name=OFF, parentCode=, orderLevel=null, isDelete=0, description=, remark=SMPP提交总耗时日志输出开关, createTime=Wed Apr 27 23:44:35 CST 2022)', '新增Code', 'admin');
2022-04-27 23:44:35 INFO  http-nio-8088-exec-2 p6spy 2022-04-27 23:44:35 | 耗时 0 ms | SQL 语句：
SELECT COUNT(1) FROM code;
2022-04-27 23:44:35 INFO  http-nio-8088-exec-2 p6spy 2022-04-27 23:44:35 | 耗时 0 ms | SQL 语句：
SELECT ID, CODE, CREATE_TIME, ORDER_LEVEL, PARENT_CODE, IS_DELETE, NAME, DESCRIPTION, REMARK, SORT_CODE FROM code ORDER BY CREATE_TIME DESC LIMIT 0,10;
2022-04-27 23:44:45 INFO  http-nio-8088-exec-6 p6spy 2022-04-27 23:44:45 | 耗时 6 ms | SQL 语句：
SELECT ID, DESCREPTION, CODE, CREATE_TIME, PARENT_CODE, NAME, REMARK FROM code_sort;
2022-04-27 23:44:54 INFO  http-nio-8088-exec-8 p6spy 2022-04-27 23:44:54 | 耗时 1 ms | SQL 语句：
SELECT COUNT(1) FROM code WHERE (SORT_CODE = 'System' AND CODE = 'isForceReSendSwitch' AND IS_DELETE = '0');
2022-04-27 23:44:54 INFO  http-nio-8088-exec-8 p6spy 2022-04-27 23:44:54 | 耗时 3 ms | SQL 语句：
INSERT INTO code (CODE, CREATE_TIME, PARENT_CODE, IS_DELETE, NAME, DESCRIPTION, REMARK, SORT_CODE) VALUES ('isForceReSendSwitch', '2022-04-27T23:44:54.668+0800', '', '0', 'OFF', '', '任务重发是否强制解锁', 'System');
2022-04-27 23:44:54 INFO  Febs-Async-Thread3 p6spy 2022-04-27 23:44:54 | 耗时 2 ms | SQL 语句：
INSERT INTO t_log (METHOD, CREATE_TIME, IP, LOCATION, TIME, PARAMS, OPERATION, USERNAME) VALUES ('com.hero.sms.system.controller.CodeController.addCode()', '2022-04-27T23:44:54.679+0800', '192.168.189.1', '内网IP|0|0|内网IP|内网IP', 16, ' code: Code(id=998, sortCode=System, code=isForceReSendSwitch, name=OFF, parentCode=, orderLevel=null, isDelete=0, description=, remark=任务重发是否强制解锁, createTime=Wed Apr 27 23:44:54 CST 2022)', '新增Code', 'admin');
2022-04-27 23:44:54 INFO  http-nio-8088-exec-1 p6spy 2022-04-27 23:44:54 | 耗时 0 ms | SQL 语句：
SELECT COUNT(1) FROM code;
2022-04-27 23:44:54 INFO  http-nio-8088-exec-1 p6spy 2022-04-27 23:44:54 | 耗时 2 ms | SQL 语句：
SELECT ID, CODE, CREATE_TIME, ORDER_LEVEL, PARENT_CODE, IS_DELETE, NAME, DESCRIPTION, REMARK, SORT_CODE FROM code ORDER BY CREATE_TIME DESC LIMIT 0,10;
2022-04-27 23:45:02 INFO  http-nio-8088-exec-3 p6spy 2022-04-27 23:45:02 | 耗时 0 ms | SQL 语句：
SELECT COUNT(1) FROM code;
2022-04-27 23:45:02 INFO  http-nio-8088-exec-3 p6spy 2022-04-27 23:45:02 | 耗时 3 ms | SQL 语句：
SELECT ID, CODE, CREATE_TIME, ORDER_LEVEL, PARENT_CODE, IS_DELETE, NAME, DESCRIPTION, REMARK, SORT_CODE FROM code ORDER BY CREATE_TIME DESC LIMIT 0,100;
2022-04-27 23:45:28 INFO  http-nio-8088-exec-7 p6spy 2022-04-27 23:45:28 | 耗时 0 ms | SQL 语句：
SELECT ID, CODE, CREATE_TIME, ORDER_LEVEL, PARENT_CODE, IS_DELETE, NAME, DESCRIPTION, REMARK, SORT_CODE FROM code WHERE ID = '965';
2022-04-27 23:45:28 INFO  http-nio-8088-exec-10 p6spy 2022-04-27 23:45:28 | 耗时 0 ms | SQL 语句：
SELECT ID, DESCREPTION, CODE, CREATE_TIME, PARENT_CODE, NAME, REMARK FROM code_sort;
2022-04-27 23:45:32 INFO  http-nio-8088-exec-4 p6spy 2022-04-27 23:45:32 | 耗时 5 ms | SQL 语句：
SELECT ID, CODE, CREATE_TIME, ORDER_LEVEL, PARENT_CODE, IS_DELETE, NAME, DESCRIPTION, REMARK, SORT_CODE FROM code WHERE ID = 965;
2022-04-27 23:45:32 INFO  http-nio-8088-exec-4 p6spy 2022-04-27 23:45:32 | 耗时 1 ms | SQL 语句：
UPDATE code SET CODE = 'sendRecordStartTimeInt', PARENT_CODE = '', NAME = '-120000', DESCRIPTION = 'SendRecordTask定时任务：自动重新提交超时或提交失败的发送记录', REMARK = '单位：分；用于计算查询开始时间前N分钟（负数为前，正数为后）', SORT_CODE = 'System' WHERE ID = 965;
2022-04-27 23:45:32 INFO  Febs-Async-Thread4 p6spy 2022-04-27 23:45:32 | 耗时 2 ms | SQL 语句：
INSERT INTO t_log (METHOD, CREATE_TIME, IP, LOCATION, TIME, PARAMS, OPERATION, USERNAME) VALUES ('com.hero.sms.system.controller.CodeController.updateCode()', '2022-04-27T23:45:32.344+0800', '192.168.189.1', '内网IP|0|0|内网IP|内网IP', 20, ' code: Code(id=965, sortCode=System, code=sendRecordStartTimeInt, name=-120000, parentCode=, orderLevel=null, isDelete=null, description=SendRecordTask定时任务：自动重新提交超时或提交失败的发送记录, remark=单位：分；用于计算查询开始时间前N分钟（负数为前，正数为后）, createTime=null)', '修改Code', 'admin');
2022-04-27 23:45:32 INFO  http-nio-8088-exec-9 p6spy 2022-04-27 23:45:32 | 耗时 0 ms | SQL 语句：
SELECT COUNT(1) FROM code;
2022-04-27 23:45:32 INFO  http-nio-8088-exec-9 p6spy 2022-04-27 23:45:32 | 耗时 0 ms | SQL 语句：
SELECT ID, CODE, CREATE_TIME, ORDER_LEVEL, PARENT_CODE, IS_DELETE, NAME, DESCRIPTION, REMARK, SORT_CODE FROM code ORDER BY CREATE_TIME DESC LIMIT 0,100;
2022-04-27 23:45:36 INFO  http-nio-8088-exec-2 com.hero.sms.common.DatabaseCache 开始缓存字典
2022-04-27 23:45:36 INFO  http-nio-8088-exec-2 p6spy 2022-04-27 23:45:36 | 耗时 0 ms | SQL 语句：
SELECT ID, CODE, CREATE_TIME, ORDER_LEVEL, PARENT_CODE, IS_DELETE, NAME, DESCRIPTION, REMARK, SORT_CODE FROM code WHERE (IS_DELETE = '0');
2022-04-27 23:45:36 INFO  http-nio-8088-exec-2 com.hero.sms.common.DatabaseCache 缓存代理信息
2022-04-27 23:45:36 INFO  http-nio-8088-exec-2 p6spy 2022-04-27 23:45:36 | 耗时 1 ms | SQL 语句：
SELECT Id, Google_Key, Cash_Amount, Description, Remark, Agent_Password, Last_Login_IP, Level_Code, Available_Amount, Login_IP, EMail, Need_Bind_Google_Key, Create_Date, QQ, Up_Agent_Id, Agent_Account, Amount, Quota_Amount, Agent_Name, Login_Faild_Count, Data_MD5, Last_Login_Time, Phone_Number, Day_Limit, Send_Sms_Total, Create_User, State_Code, Pay_Password FROM t_agent;
2022-04-27 23:45:36 INFO  http-nio-8088-exec-2 com.hero.sms.common.DatabaseCache 缓存商户信息
2022-04-27 23:45:36 INFO  http-nio-8088-exec-2 p6spy 2022-04-27 23:45:36 | 耗时 1 ms | SQL 语句：
SELECT Id, Agent_Id, Sms_Approve_type, Cash_Amount, Description, Remark, interface_type, Available_Amount, Contact, Md5_Key, Sms_Sign, EMail, Create_Date, Settlement_type, Contact_Mobile, Amount, Address, Organization_Name, charges_type, Business_User_Id, Data_MD5, Bind_IP, Approve_State_Code, Organization_Code, Web_Url, Send_Sms_Total, notify_url, Create_User, Status FROM t_organization;
2022-04-27 23:45:36 INFO  http-nio-8088-exec-2 com.hero.sms.common.DatabaseCache 缓存短信通道信息
2022-04-27 23:45:36 INFO  http-nio-8088-exec-2 p6spy 2022-04-27 23:45:36 | 耗时 1 ms | SQL 语句：
SELECT id, support_area, code, weight, description, create_user_name, remark, protocol_type, impl_full_class, day_limit, create_time, area_regex, name, state, is_del, area_operator_regex, operator_regex FROM t_sms_channel;
2022-04-27 23:45:36 INFO  http-nio-8088-exec-2 com.hero.sms.common.DatabaseCache 缓存支付通道信息
2022-04-27 23:45:36 INFO  http-nio-8088-exec-2 p6spy 2022-04-27 23:45:36 | 耗时 1 ms | SQL 语句：
SELECT id, key1, key2, min_amount, cost, key5, key3, key4, weight, remark, encrypt_key, impl_full_class, netway_code, create_time, merch_no, request_url, state_code, sign_key, callBack_url, channel_name, pay_code, max_amount FROM t_pay_channel;
2022-04-27 23:45:36 INFO  http-nio-8088-exec-2 com.hero.sms.common.DatabaseCache 缓存IP黑名单信息
2022-04-27 23:45:36 INFO  http-nio-8088-exec-2 p6spy 2022-04-27 23:45:36 | 耗时 1 ms | SQL 语句：
SELECT Id, Black_Ip, IsAvailability, LImit_Project, Description, Create_User, Remark, Create_Date FROM t_black_ip_config WHERE (IsAvailability = '1');
2022-04-27 23:45:36 INFO  http-nio-8088-exec-2 com.hero.sms.common.DatabaseCache 缓存手机号码黑名单信息
2022-04-27 23:45:36 INFO  http-nio-8088-exec-2 p6spy 2022-04-27 23:45:36 | 耗时 1 ms | SQL 语句：
SELECT area, number FROM t_mobile_black;
2022-04-27 23:45:36 INFO  http-nio-8088-exec-2 com.hero.sms.common.DatabaseCache 缓存网关类型信息
2022-04-27 23:45:36 INFO  http-nio-8088-exec-2 com.hero.sms.common.DatabaseCache Begin-缓存地区列表
2022-04-27 23:45:36 INFO  http-nio-8088-exec-2 p6spy 2022-04-27 23:45:36 | 耗时 1 ms | SQL 语句：
SELECT id, extend, create_time, area_name, area_coding, out_area, in_area, order_num FROM t_area_code ORDER BY order_num ASC;
2022-04-27 23:45:36 INFO  http-nio-8088-exec-2 com.hero.sms.common.DatabaseCache End-地区列表缓存完成
2022-04-27 23:45:36 INFO  http-nio-8088-exec-2 com.hero.sms.common.DatabaseCache 字典缓存完成
2022-04-27 23:45:36 INFO  Febs-Async-Thread5 p6spy 2022-04-27 23:45:36 | 耗时 3 ms | SQL 语句：
INSERT INTO t_log (METHOD, CREATE_TIME, IP, LOCATION, TIME, PARAMS, OPERATION, USERNAME) VALUES ('com.hero.sms.system.controller.CodeController.loadReapplication()', '2022-04-27T23:45:36.131+0800', '192.168.189.1', '内网IP|0|0|内网IP|内网IP', 64, '', '刷新admin缓存', 'admin');
2022-04-27 23:45:36 INFO  http-nio-8088-exec-5 p6spy 2022-04-27 23:45:36 | 耗时 0 ms | SQL 语句：
SELECT COUNT(1) FROM code;
2022-04-27 23:45:36 INFO  http-nio-8088-exec-5 p6spy 2022-04-27 23:45:36 | 耗时 1 ms | SQL 语句：
SELECT ID, CODE, CREATE_TIME, ORDER_LEVEL, PARENT_CODE, IS_DELETE, NAME, DESCRIPTION, REMARK, SORT_CODE FROM code ORDER BY CREATE_TIME DESC LIMIT 0,100;
2022-04-27 23:45:41 INFO  http-nio-8088-exec-8 p6spy 2022-04-27 23:45:41 | 耗时 2 ms | SQL 语句：
SELECT COUNT(1) FROM t_job;
2022-04-27 23:45:41 INFO  http-nio-8088-exec-8 p6spy 2022-04-27 23:45:41 | 耗时 0 ms | SQL 语句：
SELECT JOB_ID, cron_expression, create_time, method_name, remark, bean_name, params, status FROM t_job ORDER BY create_time DESC LIMIT 0,10;
2022-04-27 23:45:54 INFO  http-nio-8088-exec-1 p6spy 2022-04-27 23:45:54 | 耗时 0 ms | SQL 语句：
SELECT JOB_ID, cron_expression, create_time, method_name, remark, bean_name, params, status FROM t_job WHERE JOB_ID = 4;
2022-04-27 23:45:54 INFO  Febs-Async-Thread1 p6spy 2022-04-27 23:45:54 | 耗时 3 ms | SQL 语句：
INSERT INTO t_log (METHOD, CREATE_TIME, IP, LOCATION, TIME, PARAMS, OPERATION, USERNAME) VALUES ('com.hero.sms.job.controller.JobController.runJob()', '2022-04-27T23:45:54.415+0800', '192.168.189.1', '内网IP|0|0|内网IP|内网IP', 28, ' jobIds: "4"', '执行定时任务', 'admin');
2022-04-27 23:45:54 INFO  http-nio-8088-exec-3 p6spy 2022-04-27 23:45:54 | 耗时 0 ms | SQL 语句：
SELECT COUNT(1) FROM t_job;
2022-04-27 23:45:54 INFO  http-nio-8088-exec-3 p6spy 2022-04-27 23:45:54 | 耗时 1 ms | SQL 语句：
SELECT JOB_ID, cron_expression, create_time, method_name, remark, bean_name, params, status FROM t_job ORDER BY create_time DESC LIMIT 0,10;
2022-04-27 23:45:54 INFO  FEBS_Scheduler_Worker-1 com.hero.sms.job.util.ScheduleJob 任务准备执行，任务ID：4
2022-04-27 23:45:54 INFO  pool-3-thread-1 p6spy 2022-04-27 23:45:54 | 耗时 78 ms | SQL 语句：
SELECT id, agent_id, sms_number_province, send_code, sms_number, sms_number_area, sms_number_operator, receipt_time, org_code, res_msgid, channel_cost_amount, agent_income_amount, sms_content, sms_type, state, channel_id, up_agent_id, consume_amount, state_desc, sms_count, income_amount, source_number, submit_time, create_time, sms_words, sub_type, up_agent_income_amount FROM t_send_record WHERE (create_time >= '2022-02-03T15:45:54.626+0800' AND create_time <= '2022-04-27T23:35:54.626+0800' AND channel_id IS NOT NULL AND consume_amount IS NOT NULL AND consume_amount <> 0 AND state IN (2) AND res_msgid IS NULL) ORDER BY create_time ASC;
2022-04-27 23:45:54 INFO  pool-3-thread-1 p6spy 2022-04-27 23:45:54 | 耗时 0 ms | SQL 语句：
SELECT id, support_area, code, weight, description, create_user_name, remark, protocol_type, impl_full_class, day_limit, create_time, area_regex, name, state, is_del, area_operator_regex, operator_regex FROM t_sms_channel WHERE (is_del = 0);
2022-04-27 23:45:54 INFO  pool-3-thread-1 com.hero.sms.job.task.SendRecordTask SendRecordTask成功重发21条记录
2022-04-27 23:45:54 INFO  FEBS_Scheduler_Worker-1 com.hero.sms.job.util.ScheduleJob 任务执行完毕，任务ID：4 总共耗时：195 毫秒
2022-04-27 23:45:54 INFO  FEBS_Scheduler_Worker-1 p6spy 2022-04-27 23:45:54 | 耗时 6 ms | SQL 语句：
INSERT INTO t_job_log (method_name, params, job_id, times, create_time, bean_name, status) VALUES ('run', '', 4, 195, '2022-04-27T23:45:54.622+0800', 'sendRecordTask', '0');
2022-04-27 23:46:38 INFO  http-nio-8088-exec-7 p6spy 2022-04-27 23:46:38 | 耗时 2 ms | SQL 语句：
SELECT JOB_ID, cron_expression, create_time, method_name, remark, bean_name, params, status FROM t_job WHERE JOB_ID = 4;
2022-04-27 23:46:38 INFO  Febs-Async-Thread2 p6spy 2022-04-27 23:46:38 | 耗时 3 ms | SQL 语句：
INSERT INTO t_log (METHOD, CREATE_TIME, IP, LOCATION, TIME, PARAMS, OPERATION, USERNAME) VALUES ('com.hero.sms.job.controller.JobController.runJob()', '2022-04-27T23:46:38.557+0800', '192.168.189.1', '内网IP|0|0|内网IP|内网IP', 16, ' jobIds: "4"', '执行定时任务', 'admin');
2022-04-27 23:46:38 INFO  FEBS_Scheduler_Worker-2 com.hero.sms.job.util.ScheduleJob 任务准备执行，任务ID：4
2022-04-27 23:46:38 INFO  http-nio-8088-exec-10 p6spy 2022-04-27 23:46:38 | 耗时 0 ms | SQL 语句：
SELECT COUNT(1) FROM t_job;
2022-04-27 23:46:38 INFO  http-nio-8088-exec-10 p6spy 2022-04-27 23:46:38 | 耗时 0 ms | SQL 语句：
SELECT JOB_ID, cron_expression, create_time, method_name, remark, bean_name, params, status FROM t_job ORDER BY create_time DESC LIMIT 0,10;
2022-04-27 23:46:58 INFO  pool-4-thread-1 p6spy 2022-04-27 23:46:58 | 耗时 84 ms | SQL 语句：
SELECT id, agent_id, sms_number_province, send_code, sms_number, sms_number_area, sms_number_operator, receipt_time, org_code, res_msgid, channel_cost_amount, agent_income_amount, sms_content, sms_type, state, channel_id, up_agent_id, consume_amount, state_desc, sms_count, income_amount, source_number, submit_time, create_time, sms_words, sub_type, up_agent_income_amount FROM t_send_record WHERE (create_time >= '2022-02-03T15:46:45.885+0800' AND create_time <= '2022-04-27T23:36:48.922+0800' AND channel_id IS NOT NULL AND consume_amount IS NOT NULL AND consume_amount <> 0 AND state IN (2) AND res_msgid IS NULL) ORDER BY create_time ASC;
2022-04-27 23:47:01 INFO  pool-4-thread-1 p6spy 2022-04-27 23:47:01 | 耗时 19 ms | SQL 语句：
SELECT id, support_area, code, weight, description, create_user_name, remark, protocol_type, impl_full_class, day_limit, create_time, area_regex, name, state, is_del, area_operator_regex, operator_regex FROM t_sms_channel WHERE (is_del = 0);
2022-04-27 23:47:52 INFO  http-nio-8088-exec-9 p6spy 2022-04-27 23:47:52 | 耗时 1 ms | SQL 语句：
SELECT ID, CODE, CREATE_TIME, ORDER_LEVEL, PARENT_CODE, IS_DELETE, NAME, DESCRIPTION, REMARK, SORT_CODE FROM code WHERE ID = '969';
2022-04-27 23:47:53 INFO  http-nio-8088-exec-2 p6spy 2022-04-27 23:47:53 | 耗时 1 ms | SQL 语句：
SELECT ID, DESCREPTION, CODE, CREATE_TIME, PARENT_CODE, NAME, REMARK FROM code_sort;
2022-04-27 23:47:55 INFO  http-nio-8088-exec-5 p6spy 2022-04-27 23:47:55 | 耗时 0 ms | SQL 语句：
SELECT ID, CODE, CREATE_TIME, ORDER_LEVEL, PARENT_CODE, IS_DELETE, NAME, DESCRIPTION, REMARK, SORT_CODE FROM code WHERE ID = 969;
2022-04-27 23:47:55 INFO  http-nio-8088-exec-5 p6spy 2022-04-27 23:47:55 | 耗时 2 ms | SQL 语句：
UPDATE code SET CODE = 'sendRecordStatesFlag', PARENT_CODE = '', NAME = '1', DESCRIPTION = 'SendRecordTask查询状态是否加入[提交失败]', REMARK = '查询状态是否加入[提交失败]', SORT_CODE = 'System' WHERE ID = 969;
2022-04-27 23:47:55 INFO  Febs-Async-Thread3 p6spy 2022-04-27 23:47:55 | 耗时 3 ms | SQL 语句：
INSERT INTO t_log (METHOD, CREATE_TIME, IP, LOCATION, TIME, PARAMS, OPERATION, USERNAME) VALUES ('com.hero.sms.system.controller.CodeController.updateCode()', '2022-04-27T23:47:55.912+0800', '192.168.189.1', '内网IP|0|0|内网IP|内网IP', 12, ' code: Code(id=969, sortCode=System, code=sendRecordStatesFlag, name=1, parentCode=, orderLevel=null, isDelete=null, description=SendRecordTask查询状态是否加入[提交失败], remark=查询状态是否加入[提交失败], createTime=null)', '修改Code', 'admin');
2022-04-27 23:47:55 INFO  http-nio-8088-exec-6 p6spy 2022-04-27 23:47:55 | 耗时 0 ms | SQL 语句：
SELECT COUNT(1) FROM code;
2022-04-27 23:47:56 INFO  http-nio-8088-exec-6 p6spy 2022-04-27 23:47:56 | 耗时 1 ms | SQL 语句：
SELECT ID, CODE, CREATE_TIME, ORDER_LEVEL, PARENT_CODE, IS_DELETE, NAME, DESCRIPTION, REMARK, SORT_CODE FROM code ORDER BY CREATE_TIME DESC LIMIT 0,100;
2022-04-27 23:48:15 INFO  pool-4-thread-1 com.hero.sms.job.task.SendRecordTask SendRecordTask成功重发21条记录
2022-04-27 23:48:15 INFO  FEBS_Scheduler_Worker-2 com.hero.sms.job.util.ScheduleJob 任务执行完毕，任务ID：4 总共耗时：96432 毫秒
2022-04-27 23:48:15 INFO  FEBS_Scheduler_Worker-2 p6spy 2022-04-27 23:48:15 | 耗时 11 ms | SQL 语句：
INSERT INTO t_job_log (method_name, params, job_id, times, create_time, bean_name, status) VALUES ('run', '', 4, 96432, '2022-04-27T23:46:38.573+0800', 'sendRecordTask', '0');
2022-04-27 23:48:35 INFO  http-nio-8088-exec-8 com.hero.sms.common.DatabaseCache 开始缓存字典
2022-04-27 23:48:35 INFO  http-nio-8088-exec-8 p6spy 2022-04-27 23:48:35 | 耗时 1 ms | SQL 语句：
SELECT ID, CODE, CREATE_TIME, ORDER_LEVEL, PARENT_CODE, IS_DELETE, NAME, DESCRIPTION, REMARK, SORT_CODE FROM code WHERE (IS_DELETE = '0');
2022-04-27 23:48:35 INFO  http-nio-8088-exec-8 com.hero.sms.common.DatabaseCache 缓存代理信息
2022-04-27 23:48:35 INFO  http-nio-8088-exec-8 p6spy 2022-04-27 23:48:35 | 耗时 1 ms | SQL 语句：
SELECT Id, Google_Key, Cash_Amount, Description, Remark, Agent_Password, Last_Login_IP, Level_Code, Available_Amount, Login_IP, EMail, Need_Bind_Google_Key, Create_Date, QQ, Up_Agent_Id, Agent_Account, Amount, Quota_Amount, Agent_Name, Login_Faild_Count, Data_MD5, Last_Login_Time, Phone_Number, Day_Limit, Send_Sms_Total, Create_User, State_Code, Pay_Password FROM t_agent;
2022-04-27 23:48:35 INFO  http-nio-8088-exec-8 com.hero.sms.common.DatabaseCache 缓存商户信息
2022-04-27 23:48:35 INFO  http-nio-8088-exec-8 p6spy 2022-04-27 23:48:35 | 耗时 1 ms | SQL 语句：
SELECT Id, Agent_Id, Sms_Approve_type, Cash_Amount, Description, Remark, interface_type, Available_Amount, Contact, Md5_Key, Sms_Sign, EMail, Create_Date, Settlement_type, Contact_Mobile, Amount, Address, Organization_Name, charges_type, Business_User_Id, Data_MD5, Bind_IP, Approve_State_Code, Organization_Code, Web_Url, Send_Sms_Total, notify_url, Create_User, Status FROM t_organization;
2022-04-27 23:48:35 INFO  http-nio-8088-exec-8 com.hero.sms.common.DatabaseCache 缓存短信通道信息
2022-04-27 23:48:35 INFO  http-nio-8088-exec-8 p6spy 2022-04-27 23:48:35 | 耗时 1 ms | SQL 语句：
SELECT id, support_area, code, weight, description, create_user_name, remark, protocol_type, impl_full_class, day_limit, create_time, area_regex, name, state, is_del, area_operator_regex, operator_regex FROM t_sms_channel;
2022-04-27 23:48:35 INFO  http-nio-8088-exec-8 com.hero.sms.common.DatabaseCache 缓存支付通道信息
2022-04-27 23:48:35 INFO  http-nio-8088-exec-8 p6spy 2022-04-27 23:48:35 | 耗时 1 ms | SQL 语句：
SELECT id, key1, key2, min_amount, cost, key5, key3, key4, weight, remark, encrypt_key, impl_full_class, netway_code, create_time, merch_no, request_url, state_code, sign_key, callBack_url, channel_name, pay_code, max_amount FROM t_pay_channel;
2022-04-27 23:48:35 INFO  http-nio-8088-exec-8 com.hero.sms.common.DatabaseCache 缓存IP黑名单信息
2022-04-27 23:48:35 INFO  http-nio-8088-exec-8 p6spy 2022-04-27 23:48:35 | 耗时 1 ms | SQL 语句：
SELECT Id, Black_Ip, IsAvailability, LImit_Project, Description, Create_User, Remark, Create_Date FROM t_black_ip_config WHERE (IsAvailability = '1');
2022-04-27 23:48:35 INFO  http-nio-8088-exec-8 com.hero.sms.common.DatabaseCache 缓存手机号码黑名单信息
2022-04-27 23:48:35 INFO  http-nio-8088-exec-8 p6spy 2022-04-27 23:48:35 | 耗时 1 ms | SQL 语句：
SELECT area, number FROM t_mobile_black;
2022-04-27 23:48:35 INFO  http-nio-8088-exec-8 com.hero.sms.common.DatabaseCache 缓存网关类型信息
2022-04-27 23:48:35 INFO  http-nio-8088-exec-8 com.hero.sms.common.DatabaseCache Begin-缓存地区列表
2022-04-27 23:48:35 INFO  http-nio-8088-exec-8 p6spy 2022-04-27 23:48:35 | 耗时 1 ms | SQL 语句：
SELECT id, extend, create_time, area_name, area_coding, out_area, in_area, order_num FROM t_area_code ORDER BY order_num ASC;
2022-04-27 23:48:35 INFO  http-nio-8088-exec-8 com.hero.sms.common.DatabaseCache End-地区列表缓存完成
2022-04-27 23:48:35 INFO  http-nio-8088-exec-8 com.hero.sms.common.DatabaseCache 字典缓存完成
2022-04-27 23:48:35 INFO  Febs-Async-Thread4 p6spy 2022-04-27 23:48:35 | 耗时 3 ms | SQL 语句：
INSERT INTO t_log (METHOD, CREATE_TIME, IP, LOCATION, TIME, PARAMS, OPERATION, USERNAME) VALUES ('com.hero.sms.system.controller.CodeController.loadReapplication()', '2022-04-27T23:48:35.332+0800', '192.168.189.1', '内网IP|0|0|内网IP|内网IP', 52, '', '刷新admin缓存', 'admin');
2022-04-27 23:48:35 INFO  http-nio-8088-exec-1 p6spy 2022-04-27 23:48:35 | 耗时 1 ms | SQL 语句：
SELECT COUNT(1) FROM code;
2022-04-27 23:48:35 INFO  http-nio-8088-exec-1 p6spy 2022-04-27 23:48:35 | 耗时 1 ms | SQL 语句：
SELECT ID, CODE, CREATE_TIME, ORDER_LEVEL, PARENT_CODE, IS_DELETE, NAME, DESCRIPTION, REMARK, SORT_CODE FROM code ORDER BY CREATE_TIME DESC LIMIT 0,100;
2022-04-27 23:48:49 INFO  http-nio-8088-exec-3 p6spy 2022-04-27 23:48:49 | 耗时 1 ms | SQL 语句：
SELECT JOB_ID, cron_expression, create_time, method_name, remark, bean_name, params, status FROM t_job WHERE JOB_ID = 4;
2022-04-27 23:48:49 INFO  Febs-Async-Thread5 p6spy 2022-04-27 23:48:49 | 耗时 3 ms | SQL 语句：
INSERT INTO t_log (METHOD, CREATE_TIME, IP, LOCATION, TIME, PARAMS, OPERATION, USERNAME) VALUES ('com.hero.sms.job.controller.JobController.runJob()', '2022-04-27T23:48:49.180+0800', '192.168.189.1', '内网IP|0|0|内网IP|内网IP', 19, ' jobIds: "4"', '执行定时任务', 'admin');
2022-04-27 23:48:49 INFO  FEBS_Scheduler_Worker-3 com.hero.sms.job.util.ScheduleJob 任务准备执行，任务ID：4
2022-04-27 23:48:49 INFO  http-nio-8088-exec-7 p6spy 2022-04-27 23:48:49 | 耗时 0 ms | SQL 语句：
SELECT COUNT(1) FROM t_job;
2022-04-27 23:48:49 INFO  http-nio-8088-exec-7 p6spy 2022-04-27 23:48:49 | 耗时 0 ms | SQL 语句：
SELECT JOB_ID, cron_expression, create_time, method_name, remark, bean_name, params, status FROM t_job ORDER BY create_time DESC LIMIT 0,10;
2022-04-27 23:49:01 INFO  pool-5-thread-1 p6spy 2022-04-27 23:49:01 | 耗时 70 ms | SQL 语句：
SELECT id, agent_id, sms_number_province, send_code, sms_number, sms_number_area, sms_number_operator, receipt_time, org_code, res_msgid, channel_cost_amount, agent_income_amount, sms_content, sms_type, state, channel_id, up_agent_id, consume_amount, state_desc, sms_count, income_amount, source_number, submit_time, create_time, sms_words, sub_type, up_agent_income_amount FROM t_send_record WHERE (create_time >= '2022-02-03T15:48:51.591+0800' AND create_time <= '2022-04-27T23:38:51.592+0800' AND channel_id IS NOT NULL AND consume_amount IS NOT NULL AND consume_amount <> 0 AND state IN (8) AND res_msgid IS NULL) ORDER BY create_time ASC;
2022-04-27 23:49:38 INFO  http-nio-8088-exec-10 p6spy 2022-04-27 23:49:38 | 耗时 10 ms | SQL 语句：
SELECT ID, CODE, CREATE_TIME, ORDER_LEVEL, PARENT_CODE, IS_DELETE, NAME, DESCRIPTION, REMARK, SORT_CODE FROM code WHERE ID = '965';
2022-04-27 23:49:39 INFO  http-nio-8088-exec-4 p6spy 2022-04-27 23:49:39 | 耗时 8 ms | SQL 语句：
SELECT ID, DESCREPTION, CODE, CREATE_TIME, PARENT_CODE, NAME, REMARK FROM code_sort;
2022-04-27 23:49:54 INFO  http-nio-8088-exec-9 p6spy 2022-04-27 23:49:54 | 耗时 0 ms | SQL 语句：
SELECT ID, CODE, CREATE_TIME, ORDER_LEVEL, PARENT_CODE, IS_DELETE, NAME, DESCRIPTION, REMARK, SORT_CODE FROM code WHERE ID = 965;
2022-04-27 23:49:54 INFO  http-nio-8088-exec-9 p6spy 2022-04-27 23:49:54 | 耗时 0 ms | SQL 语句：
UPDATE code SET CODE = 'sendRecordStartTimeInt', PARENT_CODE = '', NAME = '-6000000', DESCRIPTION = 'SendRecordTask定时任务：自动重新提交超时或提交失败的发送记录', REMARK = '单位：分；用于计算查询开始时间前N分钟（负数为前，正数为后）', SORT_CODE = 'System' WHERE ID = 965;
2022-04-27 23:49:54 INFO  Febs-Async-Thread1 p6spy 2022-04-27 23:49:54 | 耗时 3 ms | SQL 语句：
INSERT INTO t_log (METHOD, CREATE_TIME, IP, LOCATION, TIME, PARAMS, OPERATION, USERNAME) VALUES ('com.hero.sms.system.controller.CodeController.updateCode()', '2022-04-27T23:49:54.091+0800', '192.168.189.1', '内网IP|0|0|内网IP|内网IP', 7, ' code: Code(id=965, sortCode=System, code=sendRecordStartTimeInt, name=-6000000, parentCode=, orderLevel=null, isDelete=null, description=SendRecordTask定时任务：自动重新提交超时或提交失败的发送记录, remark=单位：分；用于计算查询开始时间前N分钟（负数为前，正数为后）, createTime=null)', '修改Code', 'admin');
2022-04-27 23:49:54 INFO  http-nio-8088-exec-2 p6spy 2022-04-27 23:49:54 | 耗时 0 ms | SQL 语句：
SELECT COUNT(1) FROM code;
2022-04-27 23:49:54 INFO  http-nio-8088-exec-2 p6spy 2022-04-27 23:49:54 | 耗时 0 ms | SQL 语句：
SELECT ID, CODE, CREATE_TIME, ORDER_LEVEL, PARENT_CODE, IS_DELETE, NAME, DESCRIPTION, REMARK, SORT_CODE FROM code ORDER BY CREATE_TIME DESC LIMIT 0,100;
2022-04-27 23:49:56 INFO  http-nio-8088-exec-5 com.hero.sms.common.DatabaseCache 开始缓存字典
2022-04-27 23:49:56 INFO  http-nio-8088-exec-5 p6spy 2022-04-27 23:49:56 | 耗时 0 ms | SQL 语句：
SELECT ID, CODE, CREATE_TIME, ORDER_LEVEL, PARENT_CODE, IS_DELETE, NAME, DESCRIPTION, REMARK, SORT_CODE FROM code WHERE (IS_DELETE = '0');
2022-04-27 23:49:56 INFO  http-nio-8088-exec-5 com.hero.sms.common.DatabaseCache 缓存代理信息
2022-04-27 23:49:56 INFO  http-nio-8088-exec-5 p6spy 2022-04-27 23:49:56 | 耗时 1 ms | SQL 语句：
SELECT Id, Google_Key, Cash_Amount, Description, Remark, Agent_Password, Last_Login_IP, Level_Code, Available_Amount, Login_IP, EMail, Need_Bind_Google_Key, Create_Date, QQ, Up_Agent_Id, Agent_Account, Amount, Quota_Amount, Agent_Name, Login_Faild_Count, Data_MD5, Last_Login_Time, Phone_Number, Day_Limit, Send_Sms_Total, Create_User, State_Code, Pay_Password FROM t_agent;
2022-04-27 23:49:56 INFO  http-nio-8088-exec-5 com.hero.sms.common.DatabaseCache 缓存商户信息
2022-04-27 23:49:56 INFO  http-nio-8088-exec-5 p6spy 2022-04-27 23:49:56 | 耗时 1 ms | SQL 语句：
SELECT Id, Agent_Id, Sms_Approve_type, Cash_Amount, Description, Remark, interface_type, Available_Amount, Contact, Md5_Key, Sms_Sign, EMail, Create_Date, Settlement_type, Contact_Mobile, Amount, Address, Organization_Name, charges_type, Business_User_Id, Data_MD5, Bind_IP, Approve_State_Code, Organization_Code, Web_Url, Send_Sms_Total, notify_url, Create_User, Status FROM t_organization;
2022-04-27 23:49:56 INFO  http-nio-8088-exec-5 com.hero.sms.common.DatabaseCache 缓存短信通道信息
2022-04-27 23:49:56 INFO  http-nio-8088-exec-5 p6spy 2022-04-27 23:49:56 | 耗时 1 ms | SQL 语句：
SELECT id, support_area, code, weight, description, create_user_name, remark, protocol_type, impl_full_class, day_limit, create_time, area_regex, name, state, is_del, area_operator_regex, operator_regex FROM t_sms_channel;
2022-04-27 23:49:56 INFO  http-nio-8088-exec-5 com.hero.sms.common.DatabaseCache 缓存支付通道信息
2022-04-27 23:49:56 INFO  http-nio-8088-exec-5 p6spy 2022-04-27 23:49:56 | 耗时 1 ms | SQL 语句：
SELECT id, key1, key2, min_amount, cost, key5, key3, key4, weight, remark, encrypt_key, impl_full_class, netway_code, create_time, merch_no, request_url, state_code, sign_key, callBack_url, channel_name, pay_code, max_amount FROM t_pay_channel;
2022-04-27 23:49:56 INFO  http-nio-8088-exec-5 com.hero.sms.common.DatabaseCache 缓存IP黑名单信息
2022-04-27 23:49:56 INFO  http-nio-8088-exec-5 p6spy 2022-04-27 23:49:56 | 耗时 1 ms | SQL 语句：
SELECT Id, Black_Ip, IsAvailability, LImit_Project, Description, Create_User, Remark, Create_Date FROM t_black_ip_config WHERE (IsAvailability = '1');
2022-04-27 23:49:56 INFO  http-nio-8088-exec-5 com.hero.sms.common.DatabaseCache 缓存手机号码黑名单信息
2022-04-27 23:49:56 INFO  http-nio-8088-exec-5 p6spy 2022-04-27 23:49:56 | 耗时 1 ms | SQL 语句：
SELECT area, number FROM t_mobile_black;
2022-04-27 23:49:56 INFO  http-nio-8088-exec-5 com.hero.sms.common.DatabaseCache 缓存网关类型信息
2022-04-27 23:49:56 INFO  http-nio-8088-exec-5 com.hero.sms.common.DatabaseCache Begin-缓存地区列表
2022-04-27 23:49:56 INFO  http-nio-8088-exec-5 p6spy 2022-04-27 23:49:56 | 耗时 1 ms | SQL 语句：
SELECT id, extend, create_time, area_name, area_coding, out_area, in_area, order_num FROM t_area_code ORDER BY order_num ASC;
2022-04-27 23:49:56 INFO  http-nio-8088-exec-5 com.hero.sms.common.DatabaseCache End-地区列表缓存完成
2022-04-27 23:49:56 INFO  http-nio-8088-exec-5 com.hero.sms.common.DatabaseCache 字典缓存完成
2022-04-27 23:49:56 INFO  Febs-Async-Thread2 p6spy 2022-04-27 23:49:56 | 耗时 3 ms | SQL 语句：
INSERT INTO t_log (METHOD, CREATE_TIME, IP, LOCATION, TIME, PARAMS, OPERATION, USERNAME) VALUES ('com.hero.sms.system.controller.CodeController.loadReapplication()', '2022-04-27T23:49:56.871+0800', '192.168.189.1', '内网IP|0|0|内网IP|内网IP', 53, '', '刷新admin缓存', 'admin');
2022-04-27 23:49:56 INFO  http-nio-8088-exec-6 p6spy 2022-04-27 23:49:56 | 耗时 0 ms | SQL 语句：
SELECT COUNT(1) FROM code;
2022-04-27 23:49:56 INFO  http-nio-8088-exec-6 p6spy 2022-04-27 23:49:56 | 耗时 1 ms | SQL 语句：
SELECT ID, CODE, CREATE_TIME, ORDER_LEVEL, PARENT_CODE, IS_DELETE, NAME, DESCRIPTION, REMARK, SORT_CODE FROM code ORDER BY CREATE_TIME DESC LIMIT 0,100;
2022-04-27 23:49:59 INFO  pool-5-thread-1 com.hero.sms.job.task.SendRecordTask SendRecordTask无超时或提交失败的发送记录NO3
2022-04-27 23:49:59 INFO  FEBS_Scheduler_Worker-3 com.hero.sms.job.util.ScheduleJob 任务执行完毕，任务ID：4 总共耗时：69952 毫秒
2022-04-27 23:49:59 INFO  FEBS_Scheduler_Worker-3 p6spy 2022-04-27 23:49:59 | 耗时 4 ms | SQL 语句：
INSERT INTO t_job_log (method_name, params, job_id, times, create_time, bean_name, status) VALUES ('run', '', 4, 69952, '2022-04-27T23:48:49.201+0800', 'sendRecordTask', '0');
2022-04-27 23:50:05 INFO  http-nio-8088-exec-8 p6spy 2022-04-27 23:50:05 | 耗时 2 ms | SQL 语句：
SELECT JOB_ID, cron_expression, create_time, method_name, remark, bean_name, params, status FROM t_job WHERE JOB_ID = 4;
2022-04-27 23:50:05 INFO  Febs-Async-Thread3 p6spy 2022-04-27 23:50:05 | 耗时 3 ms | SQL 语句：
INSERT INTO t_log (METHOD, CREATE_TIME, IP, LOCATION, TIME, PARAMS, OPERATION, USERNAME) VALUES ('com.hero.sms.job.controller.JobController.runJob()', '2022-04-27T23:50:05.341+0800', '192.168.189.1', '内网IP|0|0|内网IP|内网IP', 13, ' jobIds: "4"', '执行定时任务', 'admin');
2022-04-27 23:50:05 INFO  FEBS_Scheduler_Worker-4 com.hero.sms.job.util.ScheduleJob 任务准备执行，任务ID：4
2022-04-27 23:50:05 INFO  http-nio-8088-exec-1 p6spy 2022-04-27 23:50:05 | 耗时 0 ms | SQL 语句：
SELECT COUNT(1) FROM t_job;
2022-04-27 23:50:05 INFO  http-nio-8088-exec-1 p6spy 2022-04-27 23:50:05 | 耗时 0 ms | SQL 语句：
SELECT JOB_ID, cron_expression, create_time, method_name, remark, bean_name, params, status FROM t_job ORDER BY create_time DESC LIMIT 0,10;
2022-04-27 23:50:12 INFO  pool-6-thread-1 p6spy 2022-04-27 23:50:11 | 耗时 87 ms | SQL 语句：
SELECT id, agent_id, sms_number_province, send_code, sms_number, sms_number_area, sms_number_operator, receipt_time, org_code, res_msgid, channel_cost_amount, agent_income_amount, sms_content, sms_type, state, channel_id, up_agent_id, consume_amount, state_desc, sms_count, income_amount, source_number, submit_time, create_time, sms_words, sub_type, up_agent_income_amount FROM t_send_record WHERE (create_time >= '2010-11-30T07:50:09.026+0800' AND create_time <= '2022-04-27T23:40:09.027+0800' AND channel_id IS NOT NULL AND consume_amount IS NOT NULL AND consume_amount <> 0 AND state IN (8) AND res_msgid IS NULL) ORDER BY create_time ASC;
2022-04-27 23:50:14 INFO  pool-6-thread-1 p6spy 2022-04-27 23:50:14 | 耗时 33 ms | SQL 语句：
SELECT id, support_area, code, weight, description, create_user_name, remark, protocol_type, impl_full_class, day_limit, create_time, area_regex, name, state, is_del, area_operator_regex, operator_regex FROM t_sms_channel WHERE (is_del = 0);
2022-04-27 23:50:43 INFO  pool-6-thread-1 p6spy 2022-04-27 23:50:43 | 耗时 3 ms | SQL 语句：
UPDATE t_send_record_checkinfo SET state = '0' WHERE (Id IN (121984, 121997) AND state = 1);
2022-04-27 23:50:43 INFO  pool-6-thread-1 com.hero.sms.job.task.SendRecordTask SendRecordTask成功重发2条记录
2022-04-27 23:50:43 INFO  FEBS_Scheduler_Worker-4 com.hero.sms.job.util.ScheduleJob 任务执行完毕，任务ID：4 总共耗时：38233 毫秒
2022-04-27 23:50:43 INFO  FEBS_Scheduler_Worker-4 p6spy 2022-04-27 23:50:43 | 耗时 1 ms | SQL 语句：
INSERT INTO t_job_log (method_name, params, job_id, times, create_time, bean_name, status) VALUES ('run', '', 4, 38233, '2022-04-27T23:50:05.354+0800', 'sendRecordTask', '0');
2022-04-27 23:50:55 INFO  http-nio-8088-exec-3 p6spy 2022-04-27 23:50:55 | 耗时 1 ms | SQL 语句：
SELECT ID, CODE, CREATE_TIME, ORDER_LEVEL, PARENT_CODE, IS_DELETE, NAME, DESCRIPTION, REMARK, SORT_CODE FROM code WHERE ID = '998';
2022-04-27 23:50:55 INFO  http-nio-8088-exec-7 p6spy 2022-04-27 23:50:55 | 耗时 1 ms | SQL 语句：
SELECT ID, DESCREPTION, CODE, CREATE_TIME, PARENT_CODE, NAME, REMARK FROM code_sort;
2022-04-27 23:50:59 INFO  http-nio-8088-exec-10 p6spy 2022-04-27 23:50:59 | 耗时 0 ms | SQL 语句：
SELECT ID, CODE, CREATE_TIME, ORDER_LEVEL, PARENT_CODE, IS_DELETE, NAME, DESCRIPTION, REMARK, SORT_CODE FROM code WHERE ID = 998;
2022-04-27 23:50:59 INFO  http-nio-8088-exec-10 p6spy 2022-04-27 23:50:59 | 耗时 3 ms | SQL 语句：
UPDATE code SET CODE = 'isForceReSendSwitch', PARENT_CODE = '', NAME = 'ON', DESCRIPTION = '', REMARK = '任务重发是否强制解锁', SORT_CODE = 'System' WHERE ID = 998;
2022-04-27 23:50:59 INFO  Febs-Async-Thread4 p6spy 2022-04-27 23:50:59 | 耗时 2 ms | SQL 语句：
INSERT INTO t_log (METHOD, CREATE_TIME, IP, LOCATION, TIME, PARAMS, OPERATION, USERNAME) VALUES ('com.hero.sms.system.controller.CodeController.updateCode()', '2022-04-27T23:50:59.260+0800', '192.168.189.1', '内网IP|0|0|内网IP|内网IP', 11, ' code: Code(id=998, sortCode=System, code=isForceReSendSwitch, name=ON, parentCode=, orderLevel=null, isDelete=null, description=, remark=任务重发是否强制解锁, createTime=null)', '修改Code', 'admin');
2022-04-27 23:50:59 INFO  http-nio-8088-exec-4 p6spy 2022-04-27 23:50:59 | 耗时 1 ms | SQL 语句：
SELECT COUNT(1) FROM code;
2022-04-27 23:50:59 INFO  http-nio-8088-exec-4 p6spy 2022-04-27 23:50:59 | 耗时 1 ms | SQL 语句：
SELECT ID, CODE, CREATE_TIME, ORDER_LEVEL, PARENT_CODE, IS_DELETE, NAME, DESCRIPTION, REMARK, SORT_CODE FROM code ORDER BY CREATE_TIME DESC LIMIT 0,100;
2022-04-27 23:51:02 INFO  http-nio-8088-exec-9 com.hero.sms.common.DatabaseCache 开始缓存字典
2022-04-27 23:51:02 INFO  http-nio-8088-exec-9 p6spy 2022-04-27 23:51:02 | 耗时 0 ms | SQL 语句：
SELECT ID, CODE, CREATE_TIME, ORDER_LEVEL, PARENT_CODE, IS_DELETE, NAME, DESCRIPTION, REMARK, SORT_CODE FROM code WHERE (IS_DELETE = '0');
2022-04-27 23:51:02 INFO  http-nio-8088-exec-9 com.hero.sms.common.DatabaseCache 缓存代理信息
2022-04-27 23:51:02 INFO  http-nio-8088-exec-9 p6spy 2022-04-27 23:51:02 | 耗时 7 ms | SQL 语句：
SELECT Id, Google_Key, Cash_Amount, Description, Remark, Agent_Password, Last_Login_IP, Level_Code, Available_Amount, Login_IP, EMail, Need_Bind_Google_Key, Create_Date, QQ, Up_Agent_Id, Agent_Account, Amount, Quota_Amount, Agent_Name, Login_Faild_Count, Data_MD5, Last_Login_Time, Phone_Number, Day_Limit, Send_Sms_Total, Create_User, State_Code, Pay_Password FROM t_agent;
2022-04-27 23:51:02 INFO  http-nio-8088-exec-9 com.hero.sms.common.DatabaseCache 缓存商户信息
2022-04-27 23:51:02 INFO  http-nio-8088-exec-9 p6spy 2022-04-27 23:51:02 | 耗时 5 ms | SQL 语句：
SELECT Id, Agent_Id, Sms_Approve_type, Cash_Amount, Description, Remark, interface_type, Available_Amount, Contact, Md5_Key, Sms_Sign, EMail, Create_Date, Settlement_type, Contact_Mobile, Amount, Address, Organization_Name, charges_type, Business_User_Id, Data_MD5, Bind_IP, Approve_State_Code, Organization_Code, Web_Url, Send_Sms_Total, notify_url, Create_User, Status FROM t_organization;
2022-04-27 23:51:02 INFO  http-nio-8088-exec-9 com.hero.sms.common.DatabaseCache 缓存短信通道信息
2022-04-27 23:51:02 INFO  http-nio-8088-exec-9 p6spy 2022-04-27 23:51:02 | 耗时 0 ms | SQL 语句：
SELECT id, support_area, code, weight, description, create_user_name, remark, protocol_type, impl_full_class, day_limit, create_time, area_regex, name, state, is_del, area_operator_regex, operator_regex FROM t_sms_channel;
2022-04-27 23:51:02 INFO  http-nio-8088-exec-9 com.hero.sms.common.DatabaseCache 缓存支付通道信息
2022-04-27 23:51:02 INFO  http-nio-8088-exec-9 p6spy 2022-04-27 23:51:02 | 耗时 6 ms | SQL 语句：
SELECT id, key1, key2, min_amount, cost, key5, key3, key4, weight, remark, encrypt_key, impl_full_class, netway_code, create_time, merch_no, request_url, state_code, sign_key, callBack_url, channel_name, pay_code, max_amount FROM t_pay_channel;
2022-04-27 23:51:02 INFO  http-nio-8088-exec-9 com.hero.sms.common.DatabaseCache 缓存IP黑名单信息
2022-04-27 23:51:02 INFO  http-nio-8088-exec-9 p6spy 2022-04-27 23:51:02 | 耗时 5 ms | SQL 语句：
SELECT Id, Black_Ip, IsAvailability, LImit_Project, Description, Create_User, Remark, Create_Date FROM t_black_ip_config WHERE (IsAvailability = '1');
2022-04-27 23:51:02 INFO  http-nio-8088-exec-9 com.hero.sms.common.DatabaseCache 缓存手机号码黑名单信息
2022-04-27 23:51:02 INFO  http-nio-8088-exec-9 p6spy 2022-04-27 23:51:02 | 耗时 5 ms | SQL 语句：
SELECT area, number FROM t_mobile_black;
2022-04-27 23:51:02 INFO  http-nio-8088-exec-9 com.hero.sms.common.DatabaseCache 缓存网关类型信息
2022-04-27 23:51:02 INFO  http-nio-8088-exec-9 com.hero.sms.common.DatabaseCache Begin-缓存地区列表
2022-04-27 23:51:02 INFO  http-nio-8088-exec-9 p6spy 2022-04-27 23:51:02 | 耗时 7 ms | SQL 语句：
SELECT id, extend, create_time, area_name, area_coding, out_area, in_area, order_num FROM t_area_code ORDER BY order_num ASC;
2022-04-27 23:51:02 INFO  http-nio-8088-exec-9 com.hero.sms.common.DatabaseCache End-地区列表缓存完成
2022-04-27 23:51:02 INFO  http-nio-8088-exec-9 com.hero.sms.common.DatabaseCache 字典缓存完成
2022-04-27 23:51:02 INFO  Febs-Async-Thread5 p6spy 2022-04-27 23:51:02 | 耗时 2 ms | SQL 语句：
INSERT INTO t_log (METHOD, CREATE_TIME, IP, LOCATION, TIME, PARAMS, OPERATION, USERNAME) VALUES ('com.hero.sms.system.controller.CodeController.loadReapplication()', '2022-04-27T23:51:02.768+0800', '192.168.189.1', '内网IP|0|0|内网IP|内网IP', 65, '', '刷新admin缓存', 'admin');
2022-04-27 23:51:02 INFO  http-nio-8088-exec-2 p6spy 2022-04-27 23:51:02 | 耗时 0 ms | SQL 语句：
SELECT COUNT(1) FROM code;
2022-04-27 23:51:02 INFO  http-nio-8088-exec-2 p6spy 2022-04-27 23:51:02 | 耗时 0 ms | SQL 语句：
SELECT ID, CODE, CREATE_TIME, ORDER_LEVEL, PARENT_CODE, IS_DELETE, NAME, DESCRIPTION, REMARK, SORT_CODE FROM code ORDER BY CREATE_TIME DESC LIMIT 0,100;
2022-04-27 23:51:09 INFO  http-nio-8088-exec-5 p6spy 2022-04-27 23:51:09 | 耗时 1 ms | SQL 语句：
SELECT JOB_ID, cron_expression, create_time, method_name, remark, bean_name, params, status FROM t_job WHERE JOB_ID = 4;
2022-04-27 23:51:09 INFO  Febs-Async-Thread1 p6spy 2022-04-27 23:51:09 | 耗时 4 ms | SQL 语句：
INSERT INTO t_log (METHOD, CREATE_TIME, IP, LOCATION, TIME, PARAMS, OPERATION, USERNAME) VALUES ('com.hero.sms.job.controller.JobController.runJob()', '2022-04-27T23:51:09.147+0800', '192.168.189.1', '内网IP|0|0|内网IP|内网IP', 16, ' jobIds: "4"', '执行定时任务', 'admin');
2022-04-27 23:51:09 INFO  FEBS_Scheduler_Worker-5 com.hero.sms.job.util.ScheduleJob 任务准备执行，任务ID：4
2022-04-27 23:51:09 INFO  http-nio-8088-exec-6 p6spy 2022-04-27 23:51:09 | 耗时 0 ms | SQL 语句：
SELECT COUNT(1) FROM t_job;
2022-04-27 23:51:09 INFO  http-nio-8088-exec-6 p6spy 2022-04-27 23:51:09 | 耗时 1 ms | SQL 语句：
SELECT JOB_ID, cron_expression, create_time, method_name, remark, bean_name, params, status FROM t_job ORDER BY create_time DESC LIMIT 0,10;
2022-04-27 23:51:12 INFO  pool-7-thread-1 p6spy 2022-04-27 23:51:12 | 耗时 43 ms | SQL 语句：
SELECT id, agent_id, sms_number_province, send_code, sms_number, sms_number_area, sms_number_operator, receipt_time, org_code, res_msgid, channel_cost_amount, agent_income_amount, sms_content, sms_type, state, channel_id, up_agent_id, consume_amount, state_desc, sms_count, income_amount, source_number, submit_time, create_time, sms_words, sub_type, up_agent_income_amount FROM t_send_record WHERE (create_time >= '2010-11-30T07:51:11.285+0800' AND create_time <= '2022-04-27T23:41:11.285+0800' AND channel_id IS NOT NULL AND consume_amount IS NOT NULL AND consume_amount <> 0 AND state IN (8) AND res_msgid IS NULL) ORDER BY create_time ASC;
2022-04-27 23:51:12 INFO  pool-7-thread-1 p6spy 2022-04-27 23:51:12 | 耗时 0 ms | SQL 语句：
SELECT id, support_area, code, weight, description, create_user_name, remark, protocol_type, impl_full_class, day_limit, create_time, area_regex, name, state, is_del, area_operator_regex, operator_regex FROM t_sms_channel WHERE (is_del = 0);
2022-04-27 23:51:20 INFO  pool-7-thread-1 p6spy 2022-04-27 23:51:20 | 耗时 1 ms | SQL 语句：
UPDATE t_send_record_checkinfo SET state = '0427235118' WHERE (Id IN (121984, 121997) AND state = 1);
2022-04-27 23:51:20 INFO  pool-7-thread-1 com.hero.sms.job.task.SendRecordTask SendRecordTask成功重发2条记录
2022-04-27 23:51:20 INFO  FEBS_Scheduler_Worker-5 com.hero.sms.job.util.ScheduleJob 任务执行完毕，任务ID：4 总共耗时：11128 毫秒
2022-04-27 23:51:20 INFO  FEBS_Scheduler_Worker-5 p6spy 2022-04-27 23:51:20 | 耗时 1 ms | SQL 语句：
INSERT INTO t_job_log (method_name, params, job_id, times, create_time, bean_name, status) VALUES ('run', '', 4, 11128, '2022-04-27T23:51:09.166+0800', 'sendRecordTask', '0');
2022-04-27 23:51:25 INFO  RMI TCP Connection(2)-127.0.0.1 org.springframework.boot.admin.SpringApplicationAdminMXBeanRegistrar$SpringApplicationAdmin Application shutdown requested.
2022-04-27 23:51:25 INFO  RMI TCP Connection(2)-127.0.0.1 org.quartz.core.QuartzScheduler Scheduler FEBS_Scheduler_$_LAPTOP-L07PL5KH1651074021617 paused.
2022-04-27 23:51:25 INFO  RMI TCP Connection(2)-127.0.0.1 org.springframework.scheduling.concurrent.ThreadPoolTaskExecutor Shutting down ExecutorService 'febsAsyncThreadPool'
2022-04-27 23:51:25 INFO  RMI TCP Connection(2)-127.0.0.1 org.springframework.scheduling.quartz.SchedulerFactoryBean Shutting down Quartz Scheduler
2022-04-27 23:51:25 INFO  RMI TCP Connection(2)-127.0.0.1 org.quartz.core.QuartzScheduler Scheduler FEBS_Scheduler_$_LAPTOP-L07PL5KH1651074021617 shutting down.
2022-04-27 23:51:25 INFO  RMI TCP Connection(2)-127.0.0.1 org.quartz.core.QuartzScheduler Scheduler FEBS_Scheduler_$_LAPTOP-L07PL5KH1651074021617 paused.
2022-04-27 23:51:25 INFO  RMI TCP Connection(2)-127.0.0.1 org.quartz.core.QuartzScheduler Scheduler FEBS_Scheduler_$_LAPTOP-L07PL5KH1651074021617 shutdown complete.
2022-04-27 23:51:26 INFO  RMI TCP Connection(2)-127.0.0.1 com.baomidou.dynamic.datasource.DynamicRoutingDataSource dynamic-datasource start closing ....
2022-04-27 23:51:26 INFO  RMI TCP Connection(2)-127.0.0.1 com.zaxxer.hikari.HikariDataSource quartz - Shutdown initiated...
2022-04-27 23:51:26 INFO  RMI TCP Connection(2)-127.0.0.1 com.zaxxer.hikari.HikariDataSource quartz - Shutdown completed.
2022-04-27 23:51:26 INFO  RMI TCP Connection(2)-127.0.0.1 com.zaxxer.hikari.HikariDataSource base - Shutdown initiated...
2022-04-27 23:51:26 INFO  RMI TCP Connection(2)-127.0.0.1 com.zaxxer.hikari.HikariDataSource base - Shutdown completed.
2022-04-27 23:51:26 INFO  RMI TCP Connection(2)-127.0.0.1 com.baomidou.dynamic.datasource.DynamicRoutingDataSource dynamic-datasource all closed success,bye
