2021-11-12 11:37:04 INFO  main com.hero.sms.SmsApplication Starting SmsApplication on LAPTOP-L07PL5KH with PID 56116 (C:\work\workspaceSmsBf\sms\sms-admin\target\classes started by payBoo in C:\work\workspaceSmsBf\sms\sms-admin)
2021-11-12 11:37:04 INFO  main com.hero.sms.SmsApplication The following profiles are active: test
2021-11-12 11:37:07 INFO  main org.springframework.data.repository.config.RepositoryConfigurationDelegate Multiple Spring Data modules found, entering strict repository configuration mode!
2021-11-12 11:37:07 INFO  main org.springframework.data.repository.config.RepositoryConfigurationDelegate Bootstrapping Spring Data repositories in DEFAULT mode.
2021-11-12 11:37:08 INFO  main org.springframework.data.repository.config.RepositoryConfigurationDelegate Finished Spring Data repository scanning in 835ms. Found 0 repository interfaces.
2021-11-12 11:37:09 INFO  main org.springframework.context.support.PostProcessorRegistrationDelegate$BeanPostProcessorChecker Bean 'spring.datasource.dynamic-com.baomidou.dynamic.datasource.spring.boot.autoconfigure.DynamicDataSourceProperties' of type [com.baomidou.dynamic.datasource.spring.boot.autoconfigure.DynamicDataSourceProperties] is not eligible for getting processed by all BeanPostProcessors (for example: not eligible for auto-proxying)
2021-11-12 11:37:09 INFO  main org.springframework.context.support.PostProcessorRegistrationDelegate$BeanPostProcessorChecker Bean 'com.baomidou.dynamic.datasource.spring.boot.autoconfigure.DynamicDataSourceAutoConfiguration' of type [com.baomidou.dynamic.datasource.spring.boot.autoconfigure.DynamicDataSourceAutoConfiguration$$EnhancerBySpringCGLIB$$ce9f9622] is not eligible for getting processed by all BeanPostProcessors (for example: not eligible for auto-proxying)
2021-11-12 11:37:09 INFO  main org.springframework.context.support.PostProcessorRegistrationDelegate$BeanPostProcessorChecker Bean 'dsProcessor' of type [com.baomidou.dynamic.datasource.processor.DsHeaderProcessor] is not eligible for getting processed by all BeanPostProcessors (for example: not eligible for auto-proxying)
2021-11-12 11:37:09 INFO  main org.springframework.context.support.PostProcessorRegistrationDelegate$BeanPostProcessorChecker Bean 'dynamicDatasourceAnnotationAdvisor' of type [com.baomidou.dynamic.datasource.aop.DynamicDataSourceAnnotationAdvisor] is not eligible for getting processed by all BeanPostProcessors (for example: not eligible for auto-proxying)
2021-11-12 11:37:09 INFO  main org.springframework.context.support.PostProcessorRegistrationDelegate$BeanPostProcessorChecker Bean 'org.springframework.transaction.annotation.ProxyTransactionManagementConfiguration' of type [org.springframework.transaction.annotation.ProxyTransactionManagementConfiguration] is not eligible for getting processed by all BeanPostProcessors (for example: not eligible for auto-proxying)
2021-11-12 11:37:09 INFO  main org.springframework.context.support.PostProcessorRegistrationDelegate$BeanPostProcessorChecker Bean 'febsProperties' of type [com.hero.sms.common.properties.FebsProperties$$EnhancerBySpringCGLIB$$89615e6d] is not eligible for getting processed by all BeanPostProcessors (for example: not eligible for auto-proxying)
2021-11-12 11:37:09 INFO  main org.springframework.context.support.PostProcessorRegistrationDelegate$BeanPostProcessorChecker Bean 'shiroConfig' of type [com.hero.sms.common.authentication.ShiroConfig$$EnhancerBySpringCGLIB$$482b415a] is not eligible for getting processed by all BeanPostProcessors (for example: not eligible for auto-proxying)
2021-11-12 11:37:10 INFO  main org.springframework.context.support.PostProcessorRegistrationDelegate$BeanPostProcessorChecker Bean 'mybatis-plus-com.baomidou.mybatisplus.autoconfigure.MybatisPlusProperties' of type [com.baomidou.mybatisplus.autoconfigure.MybatisPlusProperties] is not eligible for getting processed by all BeanPostProcessors (for example: not eligible for auto-proxying)
2021-11-12 11:37:10 INFO  main org.springframework.context.support.PostProcessorRegistrationDelegate$BeanPostProcessorChecker Bean 'mybatisPlusConfigure' of type [com.hero.sms.common.configure.MybatisPlusConfigure$$EnhancerBySpringCGLIB$$5ab4b5de] is not eligible for getting processed by all BeanPostProcessors (for example: not eligible for auto-proxying)
2021-11-12 11:37:10 INFO  main org.springframework.context.support.PostProcessorRegistrationDelegate$BeanPostProcessorChecker Bean 'paginationInterceptor' of type [com.baomidou.mybatisplus.extension.plugins.PaginationInterceptor] is not eligible for getting processed by all BeanPostProcessors (for example: not eligible for auto-proxying)
2021-11-12 11:37:10 INFO  main org.springframework.context.support.PostProcessorRegistrationDelegate$BeanPostProcessorChecker Bean 'com.baomidou.mybatisplus.autoconfigure.MybatisPlusAutoConfiguration' of type [com.baomidou.mybatisplus.autoconfigure.MybatisPlusAutoConfiguration$$EnhancerBySpringCGLIB$$a2d991eb] is not eligible for getting processed by all BeanPostProcessors (for example: not eligible for auto-proxying)
2021-11-12 11:37:10 INFO  main org.springframework.context.support.PostProcessorRegistrationDelegate$BeanPostProcessorChecker Bean 'dynamicDataSourceCreator' of type [com.baomidou.dynamic.datasource.DynamicDataSourceCreator] is not eligible for getting processed by all BeanPostProcessors (for example: not eligible for auto-proxying)
2021-11-12 11:37:10 INFO  main org.springframework.context.support.PostProcessorRegistrationDelegate$BeanPostProcessorChecker Bean 'dynamicDataSourceProvider' of type [com.baomidou.dynamic.datasource.provider.YmlDynamicDataSourceProvider] is not eligible for getting processed by all BeanPostProcessors (for example: not eligible for auto-proxying)
2021-11-12 11:37:10 INFO  main com.baomidou.dynamic.datasource.DynamicRoutingDataSource dynamic-datasource detect P6SPY plugin and enabled it
2021-11-12 11:37:10 INFO  main com.zaxxer.hikari.HikariDataSource base - Starting...
2021-11-12 11:37:10 INFO  main com.zaxxer.hikari.HikariDataSource base - Start completed.
2021-11-12 11:37:10 INFO  main com.zaxxer.hikari.HikariDataSource quartz - Starting...
2021-11-12 11:37:10 INFO  main com.zaxxer.hikari.HikariDataSource quartz - Start completed.
2021-11-12 11:37:10 INFO  main com.baomidou.dynamic.datasource.DynamicRoutingDataSource dynamic-datasource - load a datasource named [quartz] success
2021-11-12 11:37:10 INFO  main com.baomidou.dynamic.datasource.DynamicRoutingDataSource dynamic-datasource - load a datasource named [base] success
2021-11-12 11:37:10 INFO  main com.baomidou.dynamic.datasource.DynamicRoutingDataSource dynamic-datasource initial loaded [2] datasource,primary datasource named [base]
2021-11-12 11:37:10 INFO  main org.springframework.context.support.PostProcessorRegistrationDelegate$BeanPostProcessorChecker Bean 'dataSource' of type [com.baomidou.dynamic.datasource.DynamicRoutingDataSource] is not eligible for getting processed by all BeanPostProcessors (for example: not eligible for auto-proxying)
2021-11-12 11:37:10 INFO  main org.springframework.context.support.PostProcessorRegistrationDelegate$BeanPostProcessorChecker Bean 'spring.datasource-org.springframework.boot.autoconfigure.jdbc.DataSourceProperties' of type [org.springframework.boot.autoconfigure.jdbc.DataSourceProperties] is not eligible for getting processed by all BeanPostProcessors (for example: not eligible for auto-proxying)
2021-11-12 11:37:10 INFO  main org.springframework.context.support.PostProcessorRegistrationDelegate$BeanPostProcessorChecker Bean 'org.springframework.boot.autoconfigure.jdbc.DataSourceInitializerInvoker' of type [org.springframework.boot.autoconfigure.jdbc.DataSourceInitializerInvoker] is not eligible for getting processed by all BeanPostProcessors (for example: not eligible for auto-proxying)
2021-11-12 11:37:13 INFO  main org.springframework.context.support.PostProcessorRegistrationDelegate$BeanPostProcessorChecker Bean 'sqlSessionFactory' of type [org.apache.ibatis.session.defaults.DefaultSqlSessionFactory] is not eligible for getting processed by all BeanPostProcessors (for example: not eligible for auto-proxying)
2021-11-12 11:37:13 INFO  main org.springframework.context.support.PostProcessorRegistrationDelegate$BeanPostProcessorChecker Bean 'sqlSessionTemplate' of type [org.mybatis.spring.SqlSessionTemplate] is not eligible for getting processed by all BeanPostProcessors (for example: not eligible for auto-proxying)
2021-11-12 11:37:13 INFO  main org.springframework.context.support.PostProcessorRegistrationDelegate$BeanPostProcessorChecker Bean 'userMapper' of type [org.mybatis.spring.mapper.MapperFactoryBean] is not eligible for getting processed by all BeanPostProcessors (for example: not eligible for auto-proxying)
2021-11-12 11:37:13 INFO  main org.springframework.context.support.PostProcessorRegistrationDelegate$BeanPostProcessorChecker Bean 'userMapper' of type [com.sun.proxy.$Proxy120] is not eligible for getting processed by all BeanPostProcessors (for example: not eligible for auto-proxying)
2021-11-12 11:37:13 INFO  main org.springframework.context.support.PostProcessorRegistrationDelegate$BeanPostProcessorChecker Bean 'userRoleMapper' of type [org.mybatis.spring.mapper.MapperFactoryBean] is not eligible for getting processed by all BeanPostProcessors (for example: not eligible for auto-proxying)
2021-11-12 11:37:13 INFO  main org.springframework.context.support.PostProcessorRegistrationDelegate$BeanPostProcessorChecker Bean 'userRoleMapper' of type [com.sun.proxy.$Proxy121] is not eligible for getting processed by all BeanPostProcessors (for example: not eligible for auto-proxying)
2021-11-12 11:37:13 INFO  main org.springframework.context.support.PostProcessorRegistrationDelegate$BeanPostProcessorChecker Bean 'userRoleServiceImpl' of type [com.hero.sms.system.service.impl.UserRoleServiceImpl] is not eligible for getting processed by all BeanPostProcessors (for example: not eligible for auto-proxying)
2021-11-12 11:37:13 INFO  main org.springframework.context.support.PostProcessorRegistrationDelegate$BeanPostProcessorChecker Bean 'userServiceImpl' of type [com.hero.sms.system.service.impl.UserServiceImpl] is not eligible for getting processed by all BeanPostProcessors (for example: not eligible for auto-proxying)
2021-11-12 11:37:13 INFO  main org.springframework.context.support.PostProcessorRegistrationDelegate$BeanPostProcessorChecker Bean 'roleMapper' of type [org.mybatis.spring.mapper.MapperFactoryBean] is not eligible for getting processed by all BeanPostProcessors (for example: not eligible for auto-proxying)
2021-11-12 11:37:13 INFO  main org.springframework.context.support.PostProcessorRegistrationDelegate$BeanPostProcessorChecker Bean 'roleMapper' of type [com.sun.proxy.$Proxy124] is not eligible for getting processed by all BeanPostProcessors (for example: not eligible for auto-proxying)
2021-11-12 11:37:13 INFO  main org.springframework.context.support.PostProcessorRegistrationDelegate$BeanPostProcessorChecker Bean 'roleMenuMapper' of type [org.mybatis.spring.mapper.MapperFactoryBean] is not eligible for getting processed by all BeanPostProcessors (for example: not eligible for auto-proxying)
2021-11-12 11:37:13 INFO  main org.springframework.context.support.PostProcessorRegistrationDelegate$BeanPostProcessorChecker Bean 'roleMenuMapper' of type [com.sun.proxy.$Proxy125] is not eligible for getting processed by all BeanPostProcessors (for example: not eligible for auto-proxying)
2021-11-12 11:37:13 INFO  main org.springframework.context.support.PostProcessorRegistrationDelegate$BeanPostProcessorChecker Bean 'roleMenuServiceImpl' of type [com.hero.sms.system.service.impl.RoleMenuServiceImpl] is not eligible for getting processed by all BeanPostProcessors (for example: not eligible for auto-proxying)
2021-11-12 11:37:13 INFO  main org.springframework.context.support.PostProcessorRegistrationDelegate$BeanPostProcessorChecker Bean 'roleServiceImpl' of type [com.hero.sms.system.service.impl.RoleServiceImpl] is not eligible for getting processed by all BeanPostProcessors (for example: not eligible for auto-proxying)
2021-11-12 11:37:13 INFO  main org.springframework.context.support.PostProcessorRegistrationDelegate$BeanPostProcessorChecker Bean 'menuMapper' of type [org.mybatis.spring.mapper.MapperFactoryBean] is not eligible for getting processed by all BeanPostProcessors (for example: not eligible for auto-proxying)
2021-11-12 11:37:13 INFO  main org.springframework.context.support.PostProcessorRegistrationDelegate$BeanPostProcessorChecker Bean 'menuMapper' of type [com.sun.proxy.$Proxy128] is not eligible for getting processed by all BeanPostProcessors (for example: not eligible for auto-proxying)
2021-11-12 11:37:13 INFO  main org.springframework.context.support.PostProcessorRegistrationDelegate$BeanPostProcessorChecker Bean 'menuServiceImpl' of type [com.hero.sms.system.service.impl.MenuServiceImpl] is not eligible for getting processed by all BeanPostProcessors (for example: not eligible for auto-proxying)
2021-11-12 11:37:13 INFO  main org.springframework.context.support.PostProcessorRegistrationDelegate$BeanPostProcessorChecker Bean 'shiroRealm' of type [com.hero.sms.common.authentication.ShiroRealm] is not eligible for getting processed by all BeanPostProcessors (for example: not eligible for auto-proxying)
2021-11-12 11:37:16 INFO  main org.springframework.context.support.PostProcessorRegistrationDelegate$BeanPostProcessorChecker Bean 'redisSessionDAO' of type [org.crazycake.shiro.RedisSessionDAO] is not eligible for getting processed by all BeanPostProcessors (for example: not eligible for auto-proxying)
2021-11-12 11:37:16 INFO  main org.springframework.context.support.PostProcessorRegistrationDelegate$BeanPostProcessorChecker Bean 'sessionManager' of type [org.apache.shiro.web.session.mgt.DefaultWebSessionManager] is not eligible for getting processed by all BeanPostProcessors (for example: not eligible for auto-proxying)
2021-11-12 11:37:16 INFO  main org.springframework.context.support.PostProcessorRegistrationDelegate$BeanPostProcessorChecker Bean 'securityManager' of type [org.apache.shiro.web.mgt.DefaultWebSecurityManager] is not eligible for getting processed by all BeanPostProcessors (for example: not eligible for auto-proxying)
2021-11-12 11:37:16 INFO  main org.springframework.context.support.PostProcessorRegistrationDelegate$BeanPostProcessorChecker Bean 'authorizationAttributeSourceAdvisor' of type [org.apache.shiro.spring.security.interceptor.AuthorizationAttributeSourceAdvisor] is not eligible for getting processed by all BeanPostProcessors (for example: not eligible for auto-proxying)
2021-11-12 11:37:16 INFO  main org.springframework.boot.web.embedded.tomcat.TomcatWebServer Tomcat initialized with port(s): 8088 (http)
2021-11-12 11:37:16 INFO  main org.apache.coyote.http11.Http11NioProtocol Initializing ProtocolHandler ["http-nio-8088"]
2021-11-12 11:37:16 INFO  main org.apache.catalina.core.StandardService Starting service [Tomcat]
2021-11-12 11:37:16 INFO  main org.apache.catalina.core.StandardEngine Starting Servlet engine: [Apache Tomcat/9.0.27]
2021-11-12 11:37:16 INFO  main org.apache.catalina.core.ContainerBase.[Tomcat].[localhost].[/] Initializing Spring embedded WebApplicationContext
2021-11-12 11:37:16 INFO  main org.springframework.web.context.ContextLoader Root WebApplicationContext: initialization completed in 12659 ms
2021-11-12 11:37:18 INFO  main com.hero.sms.common.xss.XssFilter ------------ xss filter init ------------
2021-11-12 11:37:22 INFO  main org.quartz.impl.StdSchedulerFactory Using default implementation for ThreadExecutor
2021-11-12 11:37:22 INFO  main org.quartz.core.SchedulerSignalerImpl Initialized Scheduler Signaller of type: class org.quartz.core.SchedulerSignalerImpl
2021-11-12 11:37:22 INFO  main org.quartz.core.QuartzScheduler Quartz Scheduler v.2.3.2 created.
2021-11-12 11:37:22 INFO  main org.springframework.scheduling.quartz.LocalDataSourceJobStore Using db table-based data access locking (synchronization).
2021-11-12 11:37:22 INFO  main org.springframework.scheduling.quartz.LocalDataSourceJobStore JobStoreCMT initialized.
2021-11-12 11:37:22 INFO  main org.quartz.core.QuartzScheduler Scheduler meta-data: Quartz Scheduler (v2.3.2) 'FEBS_Scheduler' with instanceId 'LAPTOP-L07PL5KH1636688242031'
  Scheduler class: 'org.quartz.core.QuartzScheduler' - running locally.
  NOT STARTED.
  Currently in standby mode.
  Number of jobs executed: 0
  Using thread pool 'org.quartz.simpl.SimpleThreadPool' - with 20 threads.
  Using job-store 'org.springframework.scheduling.quartz.LocalDataSourceJobStore' - which supports persistence. and is clustered.

2021-11-12 11:37:22 INFO  main org.quartz.impl.StdSchedulerFactory Quartz scheduler 'FEBS_Scheduler' initialized from an externally provided properties instance.
2021-11-12 11:37:22 INFO  main org.quartz.impl.StdSchedulerFactory Quartz scheduler version: 2.3.2
2021-11-12 11:37:22 INFO  main org.quartz.core.QuartzScheduler JobFactory set to: org.springframework.scheduling.quartz.AdaptableJobFactory@7c013560
2021-11-12 11:37:22 INFO  main p6spy 2021-11-12 11:37:22 | 耗时 7 ms | SQL 语句：
SELECT job_id jobId, bean_name beanName, method_name methodName, params, cron_expression cronExpression, status, remark, create_time createTime FROM t_job ORDER BY job_id;
2021-11-12 11:37:24 INFO  main org.springframework.boot.actuate.endpoint.web.EndpointLinksResolver Exposing 2 endpoint(s) beneath base path '/actuator'
2021-11-12 11:37:24 INFO  main springfox.documentation.spring.web.PropertySourcedRequestMappingHandlerMapping Mapped URL path [/v2/api-docs] onto method [springfox.documentation.swagger2.web.Swagger2Controller#getDocumentation(String, HttpServletRequest)]
2021-11-12 11:37:24 INFO  main org.springframework.scheduling.concurrent.ThreadPoolTaskExecutor Initializing ExecutorService
2021-11-12 11:37:24 INFO  main org.springframework.scheduling.concurrent.ThreadPoolTaskExecutor Initializing ExecutorService 'febsAsyncThreadPool'
2021-11-12 11:37:25 INFO  main org.springframework.boot.autoconfigure.web.servlet.WelcomePageHandlerMapping Adding welcome page template: index
2021-11-12 11:37:26 INFO  main springfox.documentation.spring.web.plugins.DocumentationPluginsBootstrapper Context refreshed
2021-11-12 11:37:27 INFO  main springfox.documentation.spring.web.plugins.DocumentationPluginsBootstrapper Found 1 custom documentation plugin(s)
2021-11-12 11:37:27 INFO  main springfox.documentation.spring.web.plugins.DocumentationPluginsBootstrapper Skipping initializing disabled plugin bean swagger v2.0
2021-11-12 11:37:27 INFO  main org.springframework.scheduling.quartz.SchedulerFactoryBean Will start Quartz Scheduler [FEBS_Scheduler] in 1 seconds
2021-11-12 11:37:27 INFO  main org.apache.coyote.http11.Http11NioProtocol Starting ProtocolHandler ["http-nio-8088"]
2021-11-12 11:37:27 INFO  main org.springframework.boot.web.embedded.tomcat.TomcatWebServer Tomcat started on port(s): 8088 (http) with context path ''
2021-11-12 11:37:27 INFO  main com.hero.sms.SmsApplication Started SmsApplication in 24.126 seconds (JVM running for 27.972)
2021-11-12 11:37:27 INFO  main com.hero.sms.common.DatabaseCache 开始缓存字典
2021-11-12 11:37:27 INFO  main p6spy 2021-11-12 11:37:27 | 耗时 4 ms | SQL 语句：
SELECT ID, CODE, CREATE_TIME, ORDER_LEVEL, PARENT_CODE, IS_DELETE, NAME, DESCRIPTION, REMARK, SORT_CODE FROM code WHERE (IS_DELETE = '0');
2021-11-12 11:37:27 INFO  main com.hero.sms.common.DatabaseCache 缓存代理信息
2021-11-12 11:37:27 INFO  main p6spy 2021-11-12 11:37:27 | 耗时 2 ms | SQL 语句：
SELECT Id, Google_Key, Cash_Amount, Description, Remark, Agent_Password, Last_Login_IP, Level_Code, Available_Amount, Login_IP, EMail, Need_Bind_Google_Key, Create_Date, QQ, Up_Agent_Id, Agent_Account, Amount, Quota_Amount, Agent_Name, Login_Faild_Count, Data_MD5, Last_Login_Time, Phone_Number, Day_Limit, Send_Sms_Total, Create_User, State_Code, Pay_Password FROM t_agent;
2021-11-12 11:37:27 INFO  main com.hero.sms.common.DatabaseCache 缓存商户信息
2021-11-12 11:37:27 INFO  main p6spy 2021-11-12 11:37:27 | 耗时 1 ms | SQL 语句：
SELECT Id, Agent_Id, Sms_Approve_type, Cash_Amount, Description, Remark, interface_type, Available_Amount, Contact, Md5_Key, Sms_Sign, EMail, Create_Date, Settlement_type, Contact_Mobile, Amount, Address, Organization_Name, charges_type, Business_User_Id, Data_MD5, Bind_IP, Approve_State_Code, Organization_Code, Web_Url, Send_Sms_Total, notify_url, Create_User, Status FROM t_organization;
2021-11-12 11:37:27 INFO  main com.hero.sms.common.DatabaseCache 缓存短信通道信息
2021-11-12 11:37:27 INFO  main p6spy 2021-11-12 11:37:27 | 耗时 1 ms | SQL 语句：
SELECT id, support_area, code, weight, description, create_user_name, remark, protocol_type, impl_full_class, day_limit, create_time, area_regex, name, state, is_del, area_operator_regex, operator_regex FROM t_sms_channel;
2021-11-12 11:37:27 INFO  main com.hero.sms.common.DatabaseCache 缓存支付通道信息
2021-11-12 11:37:27 INFO  main p6spy 2021-11-12 11:37:27 | 耗时 1 ms | SQL 语句：
SELECT id, key1, key2, min_amount, cost, key5, key3, key4, weight, remark, encrypt_key, impl_full_class, netway_code, create_time, merch_no, request_url, state_code, sign_key, callBack_url, channel_name, pay_code, max_amount FROM t_pay_channel;
2021-11-12 11:37:27 INFO  main com.hero.sms.common.DatabaseCache 缓存IP黑名单信息
2021-11-12 11:37:27 INFO  main p6spy 2021-11-12 11:37:27 | 耗时 1 ms | SQL 语句：
SELECT Id, Black_Ip, IsAvailability, LImit_Project, Description, Create_User, Remark, Create_Date FROM t_black_ip_config WHERE (IsAvailability = '1');
2021-11-12 11:37:27 INFO  main com.hero.sms.common.DatabaseCache 缓存手机号段区域信息
2021-11-12 11:37:28 INFO  Quartz Scheduler [FEBS_Scheduler] org.springframework.scheduling.quartz.SchedulerFactoryBean Starting Quartz Scheduler now, after delay of 1 seconds
2021-11-12 11:37:28 INFO  Quartz Scheduler [FEBS_Scheduler] org.springframework.scheduling.quartz.LocalDataSourceJobStore ClusterManager: detected 1 failed or restarted instances.
2021-11-12 11:37:28 INFO  Quartz Scheduler [FEBS_Scheduler] org.springframework.scheduling.quartz.LocalDataSourceJobStore ClusterManager: Scanning for instance "LAPTOP-L07PL5KH1636529736877"'s failed in-progress jobs.
2021-11-12 11:37:28 INFO  Quartz Scheduler [FEBS_Scheduler] org.quartz.core.QuartzScheduler Scheduler FEBS_Scheduler_$_LAPTOP-L07PL5KH1636688242031 started.
2021-11-12 11:37:29 INFO  main p6spy 2021-11-12 11:37:29 | 耗时 1678 ms | SQL 语句：
SELECT Id, MobileNumber, MobileArea, Province_Code, PostCode, AreaCode, Create_Date, MobileType FROM mobile_area;
2021-11-12 11:37:30 INFO  http-nio-8088-exec-1 org.apache.catalina.core.ContainerBase.[Tomcat].[localhost].[/] Initializing Spring DispatcherServlet 'dispatcherServlet'
2021-11-12 11:37:30 INFO  http-nio-8088-exec-1 org.springframework.web.servlet.DispatcherServlet Initializing Servlet 'dispatcherServlet'
2021-11-12 11:37:30 INFO  http-nio-8088-exec-1 org.springframework.web.servlet.DispatcherServlet Completed initialization in 41 ms
2021-11-12 11:37:30 INFO  http-nio-8088-exec-1 org.apache.shiro.session.mgt.AbstractValidatingSessionManager Enabling session validation scheduler...
2021-11-12 11:37:38 INFO  main com.hero.sms.common.DatabaseCache 缓存手机号码黑名单信息
2021-11-12 11:37:38 INFO  main p6spy 2021-11-12 11:37:38 | 耗时 1 ms | SQL 语句：
SELECT area, number FROM t_mobile_black;
2021-11-12 11:37:38 INFO  main com.hero.sms.common.DatabaseCache 缓存网关类型信息
2021-11-12 11:37:38 INFO  main com.hero.sms.common.DatabaseCache 字典缓存完成
2021-11-12 11:37:38 INFO  main io.lettuce.core.EpollProvider Starting without optional epoll library
2021-11-12 11:37:38 INFO  main io.lettuce.core.KqueueProvider Starting without optional kqueue library
2021-11-12 11:37:57 INFO  http-nio-8088-exec-2 com.hero.sms.common.aspect.LimitAspect IP:169.254.130.216 第 1 次访问key为 [limit_login169.254.130.216]，描述为 [登录接口] 的接口
2021-11-12 11:37:58 INFO  http-nio-8088-exec-2 p6spy 2021-11-12 11:37:58 | 耗时 11 ms | SQL 语句：
SELECT u.user_id userId, u.username, u.email, u.mobile, u.password, u.status, u.create_time createTime, u.ssex sex, u.dept_id deptId, u.last_login_time lastLoginTime, u.modify_time modifyTime, u.description, u.google_key, u.avatar, u.theme, u.is_tab isTab, d.dept_name deptName, u.LOGIN_FAILD_COUNT, GROUP_CONCAT(r.role_id) roleId, GROUP_CONCAT(r.ROLE_NAME) roleName FROM t_user u LEFT JOIN t_dept d ON (u.dept_id = d.dept_id) LEFT JOIN t_user_role ur ON (u.user_id = ur.user_id) LEFT JOIN t_role r ON r.role_id = ur.role_id WHERE u.username = 'admin' GROUP BY u.username, u.user_id, u.email, u.mobile, u.password, u.status, u.create_time, u.ssex, u.dept_id, u.last_login_time, u.modify_time, u.description, u.google_key, u.avatar, u.theme, u.is_tab;
2021-11-12 11:37:58 INFO  http-nio-8088-exec-2 p6spy 2021-11-12 11:37:58 | 耗时 1 ms | SQL 语句：
SELECT u.user_id userId, u.username, u.email, u.mobile, u.password, u.status, u.create_time createTime, u.ssex sex, u.dept_id deptId, u.last_login_time lastLoginTime, u.modify_time modifyTime, u.description, u.google_key, u.avatar, u.theme, u.is_tab isTab, d.dept_name deptName, u.LOGIN_FAILD_COUNT, GROUP_CONCAT(r.role_id) roleId, GROUP_CONCAT(r.ROLE_NAME) roleName FROM t_user u LEFT JOIN t_dept d ON (u.dept_id = d.dept_id) LEFT JOIN t_user_role ur ON (u.user_id = ur.user_id) LEFT JOIN t_role r ON r.role_id = ur.role_id WHERE u.username = 'admin' GROUP BY u.username, u.user_id, u.email, u.mobile, u.password, u.status, u.create_time, u.ssex, u.dept_id, u.last_login_time, u.modify_time, u.description, u.google_key, u.avatar, u.theme, u.is_tab;
2021-11-12 11:37:58 INFO  http-nio-8088-exec-2 p6spy 2021-11-12 11:37:58 | 耗时 3 ms | SQL 语句：
UPDATE t_user SET GOOGLE_KEY = 'EJ5QP4YTYV47JOQG', DESCRIPTION = '', PASSWORD = '8d8391e727c59f18b08fcfe6a045150d', MODIFY_TIME = '2020-08-25T21:48:51.000+0800', THEME = 'white', EMAIL = 'admin@qq.com', SSEX = '2', MOBILE = '18888888888', DEPT_ID = 1, AVATAR = 'gaOngJwsRYRaVAuXXcmB.png', LOGIN_FAILD_COUNT = 0, LAST_LOGIN_TIME = '2021-11-10T19:36:21.000+0800', CREATE_TIME = '2020-03-04T17:26:18.000+0800', IS_TAB = '1', STATUS = '1', USERNAME = 'admin' WHERE USER_ID = 8;
2021-11-12 11:37:58 INFO  http-nio-8088-exec-2 p6spy 2021-11-12 11:37:58 | 耗时 12 ms | SQL 语句：
INSERT INTO t_login_log (`SYSTEM`, LOGIN_TIME, BROWSER, IP, LOCATION, USERNAME) VALUES ('Windows 10', '2021-11-12T11:37:58.220+0800', 'Chrome 93', '169.254.130.216', '内网IP|0|0|内网IP|内网IP', 'admin');
2021-11-12 11:37:58 INFO  http-nio-8088-exec-3 p6spy 2021-11-12 11:37:58 | 耗时 0 ms | SQL 语句：
SELECT r.* FROM t_role r LEFT JOIN t_user_role ur ON (r.role_id = ur.role_id) LEFT JOIN t_user u ON (u.user_id = ur.user_id) WHERE u.username = 'admin';
2021-11-12 11:37:58 INFO  http-nio-8088-exec-3 p6spy 2021-11-12 11:37:58 | 耗时 7 ms | SQL 语句：
SELECT m.perms FROM t_role r LEFT JOIN t_user_role ur ON (r.role_id = ur.role_id) LEFT JOIN t_user u ON (u.user_id = ur.user_id) LEFT JOIN t_role_menu rm ON (rm.role_id = r.role_id) LEFT JOIN t_menu m ON (m.menu_id = rm.menu_id) WHERE u.username = 'admin' AND m.perms IS NOT NULL AND m.perms <> '';
2021-11-12 11:37:58 INFO  http-nio-8088-exec-3 p6spy 2021-11-12 11:37:58 | 耗时 2 ms | SQL 语句：
SELECT u.user_id userId, u.username, u.email, u.mobile, u.password, u.status, u.create_time createTime, u.ssex sex, u.dept_id deptId, u.last_login_time lastLoginTime, u.modify_time modifyTime, u.description, u.google_key, u.avatar, u.theme, u.is_tab isTab, d.dept_name deptName, u.LOGIN_FAILD_COUNT, GROUP_CONCAT(r.role_id) roleId, GROUP_CONCAT(r.ROLE_NAME) roleName FROM t_user u LEFT JOIN t_dept d ON (u.dept_id = d.dept_id) LEFT JOIN t_user_role ur ON (u.user_id = ur.user_id) LEFT JOIN t_role r ON r.role_id = ur.role_id WHERE u.username = 'admin' GROUP BY u.username, u.user_id, u.email, u.mobile, u.password, u.status, u.create_time, u.ssex, u.dept_id, u.last_login_time, u.modify_time, u.description, u.google_key, u.avatar, u.theme, u.is_tab;
2021-11-12 11:38:00 INFO  http-nio-8088-exec-4 p6spy 2021-11-12 11:38:00 | 耗时 1 ms | SQL 语句：
SELECT r.* FROM t_role r LEFT JOIN t_user_role ur ON (r.role_id = ur.role_id) LEFT JOIN t_user u ON (u.user_id = ur.user_id) WHERE u.username = 'admin';
2021-11-12 11:38:00 INFO  http-nio-8088-exec-4 p6spy 2021-11-12 11:38:00 | 耗时 4 ms | SQL 语句：
SELECT m.perms FROM t_role r LEFT JOIN t_user_role ur ON (r.role_id = ur.role_id) LEFT JOIN t_user u ON (u.user_id = ur.user_id) LEFT JOIN t_role_menu rm ON (rm.role_id = r.role_id) LEFT JOIN t_menu m ON (m.menu_id = rm.menu_id) WHERE u.username = 'admin' AND m.perms IS NOT NULL AND m.perms <> '';
2021-11-12 11:38:00 INFO  http-nio-8088-exec-1 p6spy 2021-11-12 11:38:00 | 耗时 15 ms | SQL 语句：
SELECT m.* FROM t_menu m WHERE m.type <> 1 AND m.MENU_ID IN (SELECT DISTINCT rm.menu_id FROM t_role_menu rm LEFT JOIN t_role r ON (rm.role_id = r.role_id) LEFT JOIN t_user_role ur ON (ur.role_id = r.role_id) LEFT JOIN t_user u ON (u.user_id = ur.user_id) WHERE u.username = 'admin') ORDER BY m.order_num;
2021-11-12 11:38:01 INFO  http-nio-8088-exec-3 p6spy 2021-11-12 11:38:01 | 耗时 29 ms | SQL 语句：
SELECT id, message_type, message_contact, org_code, picture_url, create_User, remark, merch_read_status, admin_read_status, create_Date FROM t_message WHERE (admin_read_status = '2');
2021-11-12 11:38:01 INFO  http-nio-8088-exec-6 p6spy 2021-11-12 11:38:01 | 耗时 1 ms | SQL 语句：
UPDATE t_user SET LAST_LOGIN_TIME = '2021-11-12T11:38:01.374+0800' WHERE (USERNAME = 'admin');
2021-11-12 11:38:01 INFO  http-nio-8088-exec-6 p6spy 2021-11-12 11:38:01 | 耗时 2 ms | SQL 语句：
SELECT count(1) FROM t_login_log;
2021-11-12 11:38:01 INFO  http-nio-8088-exec-6 p6spy 2021-11-12 11:38:01 | 耗时 1 ms | SQL 语句：
SELECT count(1) FROM t_login_log WHERE datediff(login_time, now()) = 0;
2021-11-12 11:38:01 INFO  http-nio-8088-exec-6 p6spy 2021-11-12 11:38:01 | 耗时 1 ms | SQL 语句：
SELECT count(DISTINCT (ip)) FROM t_login_log WHERE datediff(login_time, now()) = 0;
2021-11-12 11:38:01 INFO  http-nio-8088-exec-6 p6spy 2021-11-12 11:38:01 | 耗时 1 ms | SQL 语句：
SELECT date_format(l.login_time, '%m-%d') days, count(1) count FROM (SELECT * FROM t_login_log WHERE date_sub(curdate(), INTERVAL 10 day) <= date(login_time)) AS l WHERE 1 = 1 GROUP BY days;
2021-11-12 11:38:01 INFO  http-nio-8088-exec-6 p6spy 2021-11-12 11:38:01 | 耗时 1 ms | SQL 语句：
SELECT date_format(l.login_time, '%m-%d') days, count(1) count FROM (SELECT * FROM t_login_log WHERE date_sub(curdate(), INTERVAL 10 day) <= date(login_time)) AS l WHERE 1 = 1 AND l.username = 'admin' GROUP BY days;
2021-11-12 11:38:01 INFO  http-nio-8088-exec-3 p6spy 2021-11-12 11:38:01 | 耗时 1 ms | SQL 语句：
SELECT count(1) AS `value`, t.org_code AS orgCode FROM t_send_record t WHERE t.create_time > DATE_FORMAT(NOW(), '%Y-%m-%d 00:00:00') GROUP BY t.org_code ORDER BY `value` DESC LIMIT 10;
2021-11-12 11:38:01 INFO  http-nio-8088-exec-8 p6spy 2021-11-12 11:38:01 | 耗时 1 ms | SQL 语句：
SELECT count(1) AS `value`, t.sms_number_operator AS operator FROM t_send_record t WHERE t.create_time > DATE_FORMAT(NOW(), '%Y-%m-%d 00:00:00') GROUP BY t.sms_number_operator ORDER BY `value` DESC;
2021-11-12 11:38:01 INFO  http-nio-8088-exec-1 p6spy 2021-11-12 11:38:01 | 耗时 0 ms | SQL 语句：
SELECT count(1) AS `value`, t.sms_number_province AS province FROM t_send_record t WHERE t.create_time > DATE_FORMAT(NOW(), '%Y-%m-%d 00:00:00') GROUP BY t.sms_number_province ORDER BY `value` DESC;
2021-11-12 11:38:01 INFO  main com.hero.sms.common.runner.FebsStartedUpRunner  __    ___   _      ___   _     ____ _____  ____ 
2021-11-12 11:38:01 INFO  main com.hero.sms.common.runner.FebsStartedUpRunner / /`  / / \ | |\/| | |_) | |   | |_   | |  | |_  
2021-11-12 11:38:01 INFO  main com.hero.sms.common.runner.FebsStartedUpRunner \_\_, \_\_/ |_|  | |_|   |_|__ |_|__  |_|  |_|__ 
2021-11-12 11:38:01 INFO  main com.hero.sms.common.runner.FebsStartedUpRunner                                                       
2021-11-12 11:38:01 INFO  main com.hero.sms.common.runner.FebsStartedUpRunner 短信平台启动完毕，地址：http://169.254.130.216:8088/login
2021-11-12 11:38:04 INFO  http-nio-8088-exec-5 p6spy 2021-11-12 11:38:04 | 耗时 6 ms | SQL 语句：
SELECT COUNT(1) FROM t_organization org LEFT JOIN (SELECT temp.orgCode, GROUP_CONCAT(temp.`name` SEPARATOR ',') AS groupNames, GROUP_CONCAT(temp.groupId SEPARATOR ',') AS groupIds FROM (SELECT gro.group_id groupId, gro.org_code orgCode, c.`NAME` AS `name` FROM t_organization_group gro LEFT JOIN `code` c ON c.SORT_CODE = 'OrgGroup' AND c.`CODE` = gro.group_id) temp GROUP BY temp.orgCode) orgGroup ON orgGroup.orgCode = org.Organization_Code;
2021-11-12 11:38:04 INFO  http-nio-8088-exec-5 p6spy 2021-11-12 11:38:04 | 耗时 6 ms | SQL 语句：
SELECT * FROM t_organization org LEFT JOIN (SELECT temp.orgCode, GROUP_CONCAT(temp.`name` SEPARATOR ',') AS groupNames, GROUP_CONCAT(temp.groupId SEPARATOR ',') AS groupIds FROM (SELECT gro.group_id groupId, gro.org_code orgCode, c.`NAME` AS `name` FROM t_organization_group gro LEFT JOIN `code` c ON c.SORT_CODE = 'OrgGroup' AND c.`CODE` = gro.group_id) temp GROUP BY temp.orgCode) orgGroup ON orgGroup.orgCode = org.Organization_Code ORDER BY org.id DESC LIMIT 0,10;
2021-11-12 11:38:04 INFO  Febs-Async-Thread1 p6spy 2021-11-12 11:38:04 | 耗时 10 ms | SQL 语句：
INSERT INTO t_log (METHOD, CREATE_TIME, IP, LOCATION, TIME, PARAMS, OPERATION, USERNAME) VALUES ('com.hero.sms.controller.organization.OrganizationController.organizationList()', '2021-11-12T11:38:04.470+0800', '169.254.130.216', '内网IP|0|0|内网IP|内网IP', 116, ' request: "QueryRequest(pageSize=10, pageNum=1, field=null, order=null)" organization: "OrganizationQuery(groupId=null)"', '商户列表', 'admin');
2021-11-12 11:38:10 INFO  http-nio-8088-exec-1 p6spy 2021-11-12 11:38:10 | 耗时 1 ms | SQL 语句：
SELECT MENU_ID, ICON, ORDER_NUM, MENU_NAME, TYPE, URL, PARENT_ID, MODIFY_TIME, CREATE_TIME, PERMS FROM t_menu ORDER BY ORDER_NUM ASC;
2021-11-12 11:39:02 INFO  http-nio-8088-exec-2 p6spy 2021-11-12 11:39:02 | 耗时 1 ms | SQL 语句：
INSERT INTO t_menu (MENU_NAME, TYPE, PARENT_ID, CREATE_TIME, PERMS) VALUES ('统计商户', '1', 193, '2021-11-12T11:39:02.259+0800', 'organization:statistic');
2021-11-12 11:39:02 INFO  Febs-Async-Thread2 p6spy 2021-11-12 11:39:02 | 耗时 2 ms | SQL 语句：
INSERT INTO t_log (METHOD, CREATE_TIME, IP, LOCATION, TIME, PARAMS, OPERATION, USERNAME) VALUES ('com.hero.sms.system.controller.MenuController.addMenu()', '2021-11-12T11:39:02.271+0800', '169.254.130.216', '内网IP|0|0|内网IP|内网IP', 10, ' menu: "Menu(menuId=389, parentId=193, menuName=统计商户, url=null, perms=organization:statistic, icon=null, type=1, orderNum=null, createTime=Fri Nov 12 11:39:02 CST 2021, modifyTime=null)"', '新增菜单/按钮', 'admin');
2021-11-12 11:39:02 INFO  http-nio-8088-exec-5 p6spy 2021-11-12 11:39:02 | 耗时 2 ms | SQL 语句：
SELECT MENU_ID, ICON, ORDER_NUM, MENU_NAME, TYPE, URL, PARENT_ID, MODIFY_TIME, CREATE_TIME, PERMS FROM t_menu ORDER BY ORDER_NUM ASC;
2021-11-12 11:39:05 INFO  http-nio-8088-exec-1 p6spy 2021-11-12 11:39:05 | 耗时 3 ms | SQL 语句：
SELECT MENU_ID, ICON, ORDER_NUM, MENU_NAME, TYPE, URL, PARENT_ID, MODIFY_TIME, CREATE_TIME, PERMS FROM t_menu ORDER BY ORDER_NUM ASC;
2021-11-12 11:39:05 INFO  http-nio-8088-exec-8 p6spy 2021-11-12 11:39:05 | 耗时 4 ms | SQL 语句：
SELECT COUNT(1) FROM ( SELECT r.role_id roleId, r.role_name roleName, r.remark, r.create_time createTime, r.modify_time modifyTime, GROUP_CONCAT(rm.menu_id) menuIds FROM t_role r LEFT JOIN t_role_menu rm ON (r.role_id = rm.role_id) WHERE 1 = 1 GROUP BY r.role_id ) TOTAL;
2021-11-12 11:39:05 INFO  http-nio-8088-exec-8 p6spy 2021-11-12 11:39:05 | 耗时 4 ms | SQL 语句：
SELECT r.role_id roleId, r.role_name roleName, r.remark, r.create_time createTime, r.modify_time modifyTime, GROUP_CONCAT(rm.menu_id) menuIds FROM t_role r LEFT JOIN t_role_menu rm ON (r.role_id = rm.role_id) WHERE 1 = 1 GROUP BY r.role_id ORDER BY createTime DESC LIMIT 0,10;
2021-11-12 11:39:20 INFO  http-nio-8088-exec-9 p6spy 2021-11-12 11:39:20 | 耗时 1 ms | SQL 语句：
UPDATE t_role SET MODIFY_TIME = '2021-11-12T11:39:20.508+0800', ROLE_NAME = '系统管理员', REMARK = '系统管理员，拥有所有操作权限 ^_^' WHERE ROLE_ID = 1;
2021-11-12 11:39:20 INFO  http-nio-8088-exec-9 p6spy 2021-11-12 11:39:20 | 耗时 1 ms | SQL 语句：
DELETE FROM t_role_menu WHERE (ROLE_ID IN ('1'));
2021-11-12 11:39:20 INFO  Febs-Async-Thread3 p6spy 2021-11-12 11:39:20 | 耗时 4 ms | SQL 语句：
INSERT INTO t_log (METHOD, CREATE_TIME, IP, LOCATION, TIME, PARAMS, OPERATION, USERNAME) VALUES ('com.hero.sms.system.controller.RoleController.updateRole()', '2021-11-12T11:39:20.651+0800', '169.254.130.216', '内网IP|0|0|内网IP|内网IP', 138, ' role: "Role(roleId=1, roleName=系统管理员, remark=系统管理员，拥有所有操作权限 ^_^, createTime=null, modifyTime=Fri Nov 12 11:39:20 CST 2021, menuIds=1,3,11,12,13,286,160,161,4,14,15,16,162,5,17,18,19,163,6,20,21,22,164,176,177,178,179,180,181,288,289,182,183,184,365,366,367,368,371,374,186,195,257,287,320,380,381,187,188,189,190,191,205,219,197,198,199,295,306,372,192,193,258,263,303,316,318,329,338,340,341,359,389,200,201,202,203,211,206,305,360,361,362,207,208,209,210,220,221,222,231,194,262,227,228,229,296,373,375,376,377,378,379,259,260,347,382,383,261,346,384,385,387,388,300,301,302,314,325,345,213,246,279,315,354,247,280,285,298,304,317,363,364,248,281,254,256,255,242,243,244,245,274,275,276,277,290,291,292,355,356,357,348,349,350,351,212,214,297,339,352,353,386,223,224,225,226,215,216,217,218,249,250,251,252,253,307,308,309,310,311,312,313,337,344,264,278,265,266,293,330,326,331,327,335,328,336,299,332,319,333,321,334,267,268,271,282,269,272,283,270,273,284,322,323,324,2,8,23,10,24,170,136,171,172,127,128,129,131,175,101,102,103,104,105,106,107,108,173,109,110,174,137,138,165,139,166,115,132,133,135,134,126,159,116,117,119,121,122,123,118,125,167,168,169)"', '修改角色', 'admin');
2021-11-12 11:39:20 INFO  http-nio-8088-exec-4 p6spy 2021-11-12 11:39:20 | 耗时 1 ms | SQL 语句：
SELECT r.* FROM t_role r LEFT JOIN t_user_role ur ON (r.role_id = ur.role_id) LEFT JOIN t_user u ON (u.user_id = ur.user_id) WHERE u.username = 'admin';
2021-11-12 11:39:20 INFO  http-nio-8088-exec-4 p6spy 2021-11-12 11:39:20 | 耗时 1 ms | SQL 语句：
SELECT m.perms FROM t_role r LEFT JOIN t_user_role ur ON (r.role_id = ur.role_id) LEFT JOIN t_user u ON (u.user_id = ur.user_id) LEFT JOIN t_role_menu rm ON (rm.role_id = r.role_id) LEFT JOIN t_menu m ON (m.menu_id = rm.menu_id) WHERE u.username = 'admin' AND m.perms IS NOT NULL AND m.perms <> '';
2021-11-12 11:39:20 INFO  http-nio-8088-exec-4 p6spy 2021-11-12 11:39:20 | 耗时 5 ms | SQL 语句：
SELECT COUNT(1) FROM ( SELECT r.role_id roleId, r.role_name roleName, r.remark, r.create_time createTime, r.modify_time modifyTime, GROUP_CONCAT(rm.menu_id) menuIds FROM t_role r LEFT JOIN t_role_menu rm ON (r.role_id = rm.role_id) WHERE 1 = 1 GROUP BY r.role_id ) TOTAL;
2021-11-12 11:39:20 INFO  http-nio-8088-exec-4 p6spy 2021-11-12 11:39:20 | 耗时 4 ms | SQL 语句：
SELECT r.role_id roleId, r.role_name roleName, r.remark, r.create_time createTime, r.modify_time modifyTime, GROUP_CONCAT(rm.menu_id) menuIds FROM t_role r LEFT JOIN t_role_menu rm ON (r.role_id = rm.role_id) WHERE 1 = 1 GROUP BY r.role_id ORDER BY createTime DESC LIMIT 0,10;
2021-11-12 11:39:45 INFO  http-nio-8088-exec-6 com.hero.sms.common.aspect.LimitAspect IP:169.254.130.216 第 1 次访问key为 [limit_login169.254.130.216]，描述为 [登录接口] 的接口
2021-11-12 11:39:45 INFO  http-nio-8088-exec-6 p6spy 2021-11-12 11:39:45 | 耗时 1 ms | SQL 语句：
SELECT u.user_id userId, u.username, u.email, u.mobile, u.password, u.status, u.create_time createTime, u.ssex sex, u.dept_id deptId, u.last_login_time lastLoginTime, u.modify_time modifyTime, u.description, u.google_key, u.avatar, u.theme, u.is_tab isTab, d.dept_name deptName, u.LOGIN_FAILD_COUNT, GROUP_CONCAT(r.role_id) roleId, GROUP_CONCAT(r.ROLE_NAME) roleName FROM t_user u LEFT JOIN t_dept d ON (u.dept_id = d.dept_id) LEFT JOIN t_user_role ur ON (u.user_id = ur.user_id) LEFT JOIN t_role r ON r.role_id = ur.role_id WHERE u.username = 'admin' GROUP BY u.username, u.user_id, u.email, u.mobile, u.password, u.status, u.create_time, u.ssex, u.dept_id, u.last_login_time, u.modify_time, u.description, u.google_key, u.avatar, u.theme, u.is_tab;
2021-11-12 11:39:45 INFO  http-nio-8088-exec-6 p6spy 2021-11-12 11:39:45 | 耗时 1 ms | SQL 语句：
SELECT u.user_id userId, u.username, u.email, u.mobile, u.password, u.status, u.create_time createTime, u.ssex sex, u.dept_id deptId, u.last_login_time lastLoginTime, u.modify_time modifyTime, u.description, u.google_key, u.avatar, u.theme, u.is_tab isTab, d.dept_name deptName, u.LOGIN_FAILD_COUNT, GROUP_CONCAT(r.role_id) roleId, GROUP_CONCAT(r.ROLE_NAME) roleName FROM t_user u LEFT JOIN t_dept d ON (u.dept_id = d.dept_id) LEFT JOIN t_user_role ur ON (u.user_id = ur.user_id) LEFT JOIN t_role r ON r.role_id = ur.role_id WHERE u.username = 'admin' GROUP BY u.username, u.user_id, u.email, u.mobile, u.password, u.status, u.create_time, u.ssex, u.dept_id, u.last_login_time, u.modify_time, u.description, u.google_key, u.avatar, u.theme, u.is_tab;
2021-11-12 11:39:45 INFO  http-nio-8088-exec-6 p6spy 2021-11-12 11:39:45 | 耗时 3 ms | SQL 语句：
UPDATE t_user SET GOOGLE_KEY = 'EJ5QP4YTYV47JOQG', DESCRIPTION = '', PASSWORD = '8d8391e727c59f18b08fcfe6a045150d', MODIFY_TIME = '2020-08-25T21:48:51.000+0800', THEME = 'white', EMAIL = 'admin@qq.com', SSEX = '2', MOBILE = '18888888888', DEPT_ID = 1, AVATAR = 'gaOngJwsRYRaVAuXXcmB.png', LOGIN_FAILD_COUNT = 0, LAST_LOGIN_TIME = '2021-11-12T11:38:01.000+0800', CREATE_TIME = '2020-03-04T17:26:18.000+0800', IS_TAB = '1', STATUS = '1', USERNAME = 'admin' WHERE USER_ID = 8;
2021-11-12 11:39:45 INFO  http-nio-8088-exec-6 p6spy 2021-11-12 11:39:45 | 耗时 1 ms | SQL 语句：
INSERT INTO t_login_log (`SYSTEM`, LOGIN_TIME, BROWSER, IP, LOCATION, USERNAME) VALUES ('Windows 10', '2021-11-12T11:39:45.292+0800', 'Chrome 93', '169.254.130.216', '内网IP|0|0|内网IP|内网IP', 'admin');
2021-11-12 11:39:45 INFO  http-nio-8088-exec-1 p6spy 2021-11-12 11:39:45 | 耗时 0 ms | SQL 语句：
SELECT r.* FROM t_role r LEFT JOIN t_user_role ur ON (r.role_id = ur.role_id) LEFT JOIN t_user u ON (u.user_id = ur.user_id) WHERE u.username = 'admin';
2021-11-12 11:39:45 INFO  http-nio-8088-exec-1 p6spy 2021-11-12 11:39:45 | 耗时 4 ms | SQL 语句：
SELECT m.perms FROM t_role r LEFT JOIN t_user_role ur ON (r.role_id = ur.role_id) LEFT JOIN t_user u ON (u.user_id = ur.user_id) LEFT JOIN t_role_menu rm ON (rm.role_id = r.role_id) LEFT JOIN t_menu m ON (m.menu_id = rm.menu_id) WHERE u.username = 'admin' AND m.perms IS NOT NULL AND m.perms <> '';
2021-11-12 11:39:45 INFO  http-nio-8088-exec-1 p6spy 2021-11-12 11:39:45 | 耗时 1 ms | SQL 语句：
SELECT u.user_id userId, u.username, u.email, u.mobile, u.password, u.status, u.create_time createTime, u.ssex sex, u.dept_id deptId, u.last_login_time lastLoginTime, u.modify_time modifyTime, u.description, u.google_key, u.avatar, u.theme, u.is_tab isTab, d.dept_name deptName, u.LOGIN_FAILD_COUNT, GROUP_CONCAT(r.role_id) roleId, GROUP_CONCAT(r.ROLE_NAME) roleName FROM t_user u LEFT JOIN t_dept d ON (u.dept_id = d.dept_id) LEFT JOIN t_user_role ur ON (u.user_id = ur.user_id) LEFT JOIN t_role r ON r.role_id = ur.role_id WHERE u.username = 'admin' GROUP BY u.username, u.user_id, u.email, u.mobile, u.password, u.status, u.create_time, u.ssex, u.dept_id, u.last_login_time, u.modify_time, u.description, u.google_key, u.avatar, u.theme, u.is_tab;
2021-11-12 11:39:46 INFO  http-nio-8088-exec-7 p6spy 2021-11-12 11:39:46 | 耗时 0 ms | SQL 语句：
SELECT r.* FROM t_role r LEFT JOIN t_user_role ur ON (r.role_id = ur.role_id) LEFT JOIN t_user u ON (u.user_id = ur.user_id) WHERE u.username = 'admin';
2021-11-12 11:39:46 INFO  http-nio-8088-exec-7 p6spy 2021-11-12 11:39:46 | 耗时 2 ms | SQL 语句：
SELECT m.perms FROM t_role r LEFT JOIN t_user_role ur ON (r.role_id = ur.role_id) LEFT JOIN t_user u ON (u.user_id = ur.user_id) LEFT JOIN t_role_menu rm ON (rm.role_id = r.role_id) LEFT JOIN t_menu m ON (m.menu_id = rm.menu_id) WHERE u.username = 'admin' AND m.perms IS NOT NULL AND m.perms <> '';
2021-11-12 11:39:46 INFO  http-nio-8088-exec-10 p6spy 2021-11-12 11:39:46 | 耗时 0 ms | SQL 语句：
SELECT id, message_type, message_contact, org_code, picture_url, create_User, remark, merch_read_status, admin_read_status, create_Date FROM t_message WHERE (admin_read_status = '2');
2021-11-12 11:39:46 INFO  http-nio-8088-exec-2 p6spy 2021-11-12 11:39:46 | 耗时 4 ms | SQL 语句：
SELECT m.* FROM t_menu m WHERE m.type <> 1 AND m.MENU_ID IN (SELECT DISTINCT rm.menu_id FROM t_role_menu rm LEFT JOIN t_role r ON (rm.role_id = r.role_id) LEFT JOIN t_user_role ur ON (ur.role_id = r.role_id) LEFT JOIN t_user u ON (u.user_id = ur.user_id) WHERE u.username = 'admin') ORDER BY m.order_num;
2021-11-12 11:39:46 INFO  http-nio-8088-exec-5 p6spy 2021-11-12 11:39:46 | 耗时 1 ms | SQL 语句：
UPDATE t_user SET LAST_LOGIN_TIME = '2021-11-12T11:39:46.777+0800' WHERE (USERNAME = 'admin');
2021-11-12 11:39:46 INFO  http-nio-8088-exec-5 p6spy 2021-11-12 11:39:46 | 耗时 2 ms | SQL 语句：
SELECT count(1) FROM t_login_log;
2021-11-12 11:39:46 INFO  http-nio-8088-exec-5 p6spy 2021-11-12 11:39:46 | 耗时 0 ms | SQL 语句：
SELECT count(1) FROM t_login_log WHERE datediff(login_time, now()) = 0;
2021-11-12 11:39:46 INFO  http-nio-8088-exec-5 p6spy 2021-11-12 11:39:46 | 耗时 0 ms | SQL 语句：
SELECT count(DISTINCT (ip)) FROM t_login_log WHERE datediff(login_time, now()) = 0;
2021-11-12 11:39:46 INFO  http-nio-8088-exec-5 p6spy 2021-11-12 11:39:46 | 耗时 3 ms | SQL 语句：
SELECT date_format(l.login_time, '%m-%d') days, count(1) count FROM (SELECT * FROM t_login_log WHERE date_sub(curdate(), INTERVAL 10 day) <= date(login_time)) AS l WHERE 1 = 1 GROUP BY days;
2021-11-12 11:39:46 INFO  http-nio-8088-exec-5 p6spy 2021-11-12 11:39:46 | 耗时 0 ms | SQL 语句：
SELECT date_format(l.login_time, '%m-%d') days, count(1) count FROM (SELECT * FROM t_login_log WHERE date_sub(curdate(), INTERVAL 10 day) <= date(login_time)) AS l WHERE 1 = 1 AND l.username = 'admin' GROUP BY days;
2021-11-12 11:39:46 INFO  http-nio-8088-exec-2 p6spy 2021-11-12 11:39:46 | 耗时 2 ms | SQL 语句：
SELECT count(1) AS `value`, t.org_code AS orgCode FROM t_send_record t WHERE t.create_time > DATE_FORMAT(NOW(), '%Y-%m-%d 00:00:00') GROUP BY t.org_code ORDER BY `value` DESC LIMIT 10;
2021-11-12 11:39:46 INFO  http-nio-8088-exec-3 p6spy 2021-11-12 11:39:46 | 耗时 0 ms | SQL 语句：
SELECT count(1) AS `value`, t.sms_number_operator AS operator FROM t_send_record t WHERE t.create_time > DATE_FORMAT(NOW(), '%Y-%m-%d 00:00:00') GROUP BY t.sms_number_operator ORDER BY `value` DESC;
2021-11-12 11:39:46 INFO  http-nio-8088-exec-6 p6spy 2021-11-12 11:39:46 | 耗时 2 ms | SQL 语句：
SELECT count(1) AS `value`, t.sms_number_province AS province FROM t_send_record t WHERE t.create_time > DATE_FORMAT(NOW(), '%Y-%m-%d 00:00:00') GROUP BY t.sms_number_province ORDER BY `value` DESC;
2021-11-12 11:39:49 INFO  http-nio-8088-exec-5 p6spy 2021-11-12 11:39:49 | 耗时 2 ms | SQL 语句：
SELECT COUNT(1) FROM t_organization org LEFT JOIN (SELECT temp.orgCode, GROUP_CONCAT(temp.`name` SEPARATOR ',') AS groupNames, GROUP_CONCAT(temp.groupId SEPARATOR ',') AS groupIds FROM (SELECT gro.group_id groupId, gro.org_code orgCode, c.`NAME` AS `name` FROM t_organization_group gro LEFT JOIN `code` c ON c.SORT_CODE = 'OrgGroup' AND c.`CODE` = gro.group_id) temp GROUP BY temp.orgCode) orgGroup ON orgGroup.orgCode = org.Organization_Code;
2021-11-12 11:39:49 INFO  http-nio-8088-exec-5 p6spy 2021-11-12 11:39:49 | 耗时 3 ms | SQL 语句：
SELECT * FROM t_organization org LEFT JOIN (SELECT temp.orgCode, GROUP_CONCAT(temp.`name` SEPARATOR ',') AS groupNames, GROUP_CONCAT(temp.groupId SEPARATOR ',') AS groupIds FROM (SELECT gro.group_id groupId, gro.org_code orgCode, c.`NAME` AS `name` FROM t_organization_group gro LEFT JOIN `code` c ON c.SORT_CODE = 'OrgGroup' AND c.`CODE` = gro.group_id) temp GROUP BY temp.orgCode) orgGroup ON orgGroup.orgCode = org.Organization_Code ORDER BY org.id DESC LIMIT 0,10;
2021-11-12 11:39:49 INFO  Febs-Async-Thread4 p6spy 2021-11-12 11:39:49 | 耗时 2 ms | SQL 语句：
INSERT INTO t_log (METHOD, CREATE_TIME, IP, LOCATION, TIME, PARAMS, OPERATION, USERNAME) VALUES ('com.hero.sms.controller.organization.OrganizationController.organizationList()', '2021-11-12T11:39:49.198+0800', '169.254.130.216', '内网IP|0|0|内网IP|内网IP', 19, ' request: "QueryRequest(pageSize=10, pageNum=1, field=null, order=null)" organization: "OrganizationQuery(groupId=null)"', '商户列表', 'admin');
2021-11-12 11:40:38 INFO  http-nio-8088-exec-1 p6spy 2021-11-12 11:40:38 | 耗时 3 ms | SQL 语句：
SELECT COUNT(1) FROM t_organization org LEFT JOIN (SELECT temp.orgCode, GROUP_CONCAT(temp.`name` SEPARATOR ',') AS groupNames, GROUP_CONCAT(temp.groupId SEPARATOR ',') AS groupIds FROM (SELECT gro.group_id groupId, gro.org_code orgCode, c.`NAME` AS `name` FROM t_organization_group gro LEFT JOIN `code` c ON c.SORT_CODE = 'OrgGroup' AND c.`CODE` = gro.group_id) temp GROUP BY temp.orgCode) orgGroup ON orgGroup.orgCode = org.Organization_Code;
2021-11-12 11:40:38 INFO  http-nio-8088-exec-1 p6spy 2021-11-12 11:40:38 | 耗时 2 ms | SQL 语句：
SELECT * FROM t_organization org LEFT JOIN (SELECT temp.orgCode, GROUP_CONCAT(temp.`name` SEPARATOR ',') AS groupNames, GROUP_CONCAT(temp.groupId SEPARATOR ',') AS groupIds FROM (SELECT gro.group_id groupId, gro.org_code orgCode, c.`NAME` AS `name` FROM t_organization_group gro LEFT JOIN `code` c ON c.SORT_CODE = 'OrgGroup' AND c.`CODE` = gro.group_id) temp GROUP BY temp.orgCode) orgGroup ON orgGroup.orgCode = org.Organization_Code ORDER BY org.id DESC LIMIT 0,10;
2021-11-12 11:40:38 INFO  Febs-Async-Thread5 p6spy 2021-11-12 11:40:38 | 耗时 2 ms | SQL 语句：
INSERT INTO t_log (METHOD, CREATE_TIME, IP, LOCATION, TIME, PARAMS, OPERATION, USERNAME) VALUES ('com.hero.sms.controller.organization.OrganizationController.organizationList()', '2021-11-12T11:40:38.238+0800', '169.254.130.216', '内网IP|0|0|内网IP|内网IP', 35, ' request: "QueryRequest(pageSize=10, pageNum=1, field=null, order=null)" organization: "OrganizationQuery(groupId=null)"', '商户列表', 'admin');
2021-11-12 11:42:23 INFO  http-nio-8088-exec-6 p6spy 2021-11-12 11:42:23 | 耗时 5 ms | SQL 语句：
SELECT COUNT(1) FROM t_organization org LEFT JOIN (SELECT temp.orgCode, GROUP_CONCAT(temp.`name` SEPARATOR ',') AS groupNames, GROUP_CONCAT(temp.groupId SEPARATOR ',') AS groupIds FROM (SELECT gro.group_id groupId, gro.org_code orgCode, c.`NAME` AS `name` FROM t_organization_group gro LEFT JOIN `code` c ON c.SORT_CODE = 'OrgGroup' AND c.`CODE` = gro.group_id) temp GROUP BY temp.orgCode) orgGroup ON orgGroup.orgCode = org.Organization_Code;
2021-11-12 11:42:23 INFO  http-nio-8088-exec-6 p6spy 2021-11-12 11:42:23 | 耗时 4 ms | SQL 语句：
SELECT * FROM t_organization org LEFT JOIN (SELECT temp.orgCode, GROUP_CONCAT(temp.`name` SEPARATOR ',') AS groupNames, GROUP_CONCAT(temp.groupId SEPARATOR ',') AS groupIds FROM (SELECT gro.group_id groupId, gro.org_code orgCode, c.`NAME` AS `name` FROM t_organization_group gro LEFT JOIN `code` c ON c.SORT_CODE = 'OrgGroup' AND c.`CODE` = gro.group_id) temp GROUP BY temp.orgCode) orgGroup ON orgGroup.orgCode = org.Organization_Code ORDER BY org.id DESC LIMIT 0,10;
2021-11-12 11:42:23 INFO  Febs-Async-Thread1 p6spy 2021-11-12 11:42:23 | 耗时 3 ms | SQL 语句：
INSERT INTO t_log (METHOD, CREATE_TIME, IP, LOCATION, TIME, PARAMS, OPERATION, USERNAME) VALUES ('com.hero.sms.controller.organization.OrganizationController.organizationList()', '2021-11-12T11:42:23.173+0800', '169.254.130.216', '内网IP|0|0|内网IP|内网IP', 37, ' request: "QueryRequest(pageSize=10, pageNum=1, field=null, order=null)" organization: "OrganizationQuery(groupId=null)"', '商户列表', 'admin');
2021-11-12 11:47:52 INFO  http-nio-8088-exec-9 p6spy 2021-11-12 11:47:52 | 耗时 1 ms | SQL 语句：
SELECT r.* FROM t_role r LEFT JOIN t_user_role ur ON (r.role_id = ur.role_id) LEFT JOIN t_user u ON (u.user_id = ur.user_id) WHERE u.username = 'admin';
2021-11-12 11:47:52 INFO  http-nio-8088-exec-9 p6spy 2021-11-12 11:47:52 | 耗时 3 ms | SQL 语句：
SELECT m.perms FROM t_role r LEFT JOIN t_user_role ur ON (r.role_id = ur.role_id) LEFT JOIN t_user u ON (u.user_id = ur.user_id) LEFT JOIN t_role_menu rm ON (rm.role_id = r.role_id) LEFT JOIN t_menu m ON (m.menu_id = rm.menu_id) WHERE u.username = 'admin' AND m.perms IS NOT NULL AND m.perms <> '';
2021-11-12 11:47:52 INFO  http-nio-8088-exec-9 p6spy 2021-11-12 11:47:52 | 耗时 1 ms | SQL 语句：
SELECT u.user_id userId, u.username, u.email, u.mobile, u.password, u.status, u.create_time createTime, u.ssex sex, u.dept_id deptId, u.last_login_time lastLoginTime, u.modify_time modifyTime, u.description, u.google_key, u.avatar, u.theme, u.is_tab isTab, d.dept_name deptName, u.LOGIN_FAILD_COUNT, GROUP_CONCAT(r.role_id) roleId, GROUP_CONCAT(r.ROLE_NAME) roleName FROM t_user u LEFT JOIN t_dept d ON (u.dept_id = d.dept_id) LEFT JOIN t_user_role ur ON (u.user_id = ur.user_id) LEFT JOIN t_role r ON r.role_id = ur.role_id WHERE u.username = 'admin' GROUP BY u.username, u.user_id, u.email, u.mobile, u.password, u.status, u.create_time, u.ssex, u.dept_id, u.last_login_time, u.modify_time, u.description, u.google_key, u.avatar, u.theme, u.is_tab;
2021-11-12 11:47:53 INFO  http-nio-8088-exec-7 p6spy 2021-11-12 11:47:53 | 耗时 1 ms | SQL 语句：
SELECT id, message_type, message_contact, org_code, picture_url, create_User, remark, merch_read_status, admin_read_status, create_Date FROM t_message WHERE (admin_read_status = '2');
2021-11-12 11:47:53 INFO  http-nio-8088-exec-5 p6spy 2021-11-12 11:47:53 | 耗时 13 ms | SQL 语句：
SELECT m.* FROM t_menu m WHERE m.type <> 1 AND m.MENU_ID IN (SELECT DISTINCT rm.menu_id FROM t_role_menu rm LEFT JOIN t_role r ON (rm.role_id = r.role_id) LEFT JOIN t_user_role ur ON (ur.role_id = r.role_id) LEFT JOIN t_user u ON (u.user_id = ur.user_id) WHERE u.username = 'admin') ORDER BY m.order_num;
2021-11-12 11:47:53 INFO  http-nio-8088-exec-10 p6spy 2021-11-12 11:47:53 | 耗时 4 ms | SQL 语句：
SELECT COUNT(1) FROM t_organization org LEFT JOIN (SELECT temp.orgCode, GROUP_CONCAT(temp.`name` SEPARATOR ',') AS groupNames, GROUP_CONCAT(temp.groupId SEPARATOR ',') AS groupIds FROM (SELECT gro.group_id groupId, gro.org_code orgCode, c.`NAME` AS `name` FROM t_organization_group gro LEFT JOIN `code` c ON c.SORT_CODE = 'OrgGroup' AND c.`CODE` = gro.group_id) temp GROUP BY temp.orgCode) orgGroup ON orgGroup.orgCode = org.Organization_Code;
2021-11-12 11:47:53 INFO  http-nio-8088-exec-10 p6spy 2021-11-12 11:47:53 | 耗时 3 ms | SQL 语句：
SELECT * FROM t_organization org LEFT JOIN (SELECT temp.orgCode, GROUP_CONCAT(temp.`name` SEPARATOR ',') AS groupNames, GROUP_CONCAT(temp.groupId SEPARATOR ',') AS groupIds FROM (SELECT gro.group_id groupId, gro.org_code orgCode, c.`NAME` AS `name` FROM t_organization_group gro LEFT JOIN `code` c ON c.SORT_CODE = 'OrgGroup' AND c.`CODE` = gro.group_id) temp GROUP BY temp.orgCode) orgGroup ON orgGroup.orgCode = org.Organization_Code ORDER BY org.id DESC LIMIT 0,10;
2021-11-12 11:47:53 INFO  Febs-Async-Thread2 p6spy 2021-11-12 11:47:53 | 耗时 3 ms | SQL 语句：
INSERT INTO t_log (METHOD, CREATE_TIME, IP, LOCATION, TIME, PARAMS, OPERATION, USERNAME) VALUES ('com.hero.sms.controller.organization.OrganizationController.organizationList()', '2021-11-12T11:47:53.635+0800', '169.254.130.216', '内网IP|0|0|内网IP|内网IP', 30, ' request: "QueryRequest(pageSize=10, pageNum=1, field=null, order=null)" organization: "OrganizationQuery(groupId=null)"', '商户列表', 'admin');
2021-11-12 11:47:54 INFO  http-nio-8088-exec-7 p6spy 2021-11-12 11:47:54 | 耗时 1 ms | SQL 语句：
SELECT COUNT(1) AS total, COUNT(IF(Status = 1, 1, NULL)) AS normalCount, COUNT(IF(Status = 0, 1, NULL)) AS lockCount, COUNT(IF(Status = 2, 1, NULL)) AS invalidCount, COUNT(IF(Approve_State_Code = 1, 1, NULL)) AS unverifiedCount, COUNT(IF(Approve_State_Code = 2, 1, NULL)) AS successCount, COUNT(IF(Approve_State_Code = 3, 1, NULL)) AS failCount, COALESCE(SUM(Amount), 0) AS totalRechargeAmount, COALESCE(SUM(Available_Amount), 0) AS totalAvailableAmount, COALESCE(SUM(Cash_Amount), 0) AS totalCashAmount FROM t_organization;
2021-11-12 11:47:54 INFO  Febs-Async-Thread3 p6spy 2021-11-12 11:47:54 | 耗时 3 ms | SQL 语句：
INSERT INTO t_log (METHOD, CREATE_TIME, IP, LOCATION, TIME, PARAMS, OPERATION, USERNAME) VALUES ('com.hero.sms.controller.organization.OrganizationController.statistic()', '2021-11-12T11:47:54.666+0800', '169.254.130.216', '内网IP|0|0|内网IP|内网IP', 17, ' organization: "OrganizationQuery(groupId=)"', '统计商户数据', 'admin');
2021-11-12 11:48:33 INFO  http-nio-8088-exec-3 p6spy 2021-11-12 11:48:33 | 耗时 4 ms | SQL 语句：
SELECT COUNT(1) FROM t_organization org LEFT JOIN (SELECT temp.orgCode, GROUP_CONCAT(temp.`name` SEPARATOR ',') AS groupNames, GROUP_CONCAT(temp.groupId SEPARATOR ',') AS groupIds FROM (SELECT gro.group_id groupId, gro.org_code orgCode, c.`NAME` AS `name` FROM t_organization_group gro LEFT JOIN `code` c ON c.SORT_CODE = 'OrgGroup' AND c.`CODE` = gro.group_id) temp GROUP BY temp.orgCode) orgGroup ON orgGroup.orgCode = org.Organization_Code;
2021-11-12 11:48:33 INFO  http-nio-8088-exec-3 p6spy 2021-11-12 11:48:33 | 耗时 4 ms | SQL 语句：
SELECT * FROM t_organization org LEFT JOIN (SELECT temp.orgCode, GROUP_CONCAT(temp.`name` SEPARATOR ',') AS groupNames, GROUP_CONCAT(temp.groupId SEPARATOR ',') AS groupIds FROM (SELECT gro.group_id groupId, gro.org_code orgCode, c.`NAME` AS `name` FROM t_organization_group gro LEFT JOIN `code` c ON c.SORT_CODE = 'OrgGroup' AND c.`CODE` = gro.group_id) temp GROUP BY temp.orgCode) orgGroup ON orgGroup.orgCode = org.Organization_Code ORDER BY org.id DESC LIMIT 0,10;
2021-11-12 11:48:33 INFO  Febs-Async-Thread4 p6spy 2021-11-12 11:48:33 | 耗时 4 ms | SQL 语句：
INSERT INTO t_log (METHOD, CREATE_TIME, IP, LOCATION, TIME, PARAMS, OPERATION, USERNAME) VALUES ('com.hero.sms.controller.organization.OrganizationController.organizationList()', '2021-11-12T11:48:33.282+0800', '169.254.130.216', '内网IP|0|0|内网IP|内网IP', 31, ' request: "QueryRequest(pageSize=10, pageNum=1, field=createTime, order=)" organization: "OrganizationQuery(groupId=)"', '商户列表', 'admin');
2021-11-12 11:48:43 INFO  http-nio-8088-exec-9 p6spy 2021-11-12 11:48:43 | 耗时 5 ms | SQL 语句：
SELECT COUNT(1) FROM t_organization org LEFT JOIN (SELECT temp.orgCode, GROUP_CONCAT(temp.`name` SEPARATOR ',') AS groupNames, GROUP_CONCAT(temp.groupId SEPARATOR ',') AS groupIds FROM (SELECT gro.group_id groupId, gro.org_code orgCode, c.`NAME` AS `name` FROM t_organization_group gro LEFT JOIN `code` c ON c.SORT_CODE = 'OrgGroup' AND c.`CODE` = gro.group_id) temp GROUP BY temp.orgCode) orgGroup ON orgGroup.orgCode = org.Organization_Code;
2021-11-12 11:48:43 INFO  http-nio-8088-exec-9 p6spy 2021-11-12 11:48:43 | 耗时 5 ms | SQL 语句：
SELECT * FROM t_organization org LEFT JOIN (SELECT temp.orgCode, GROUP_CONCAT(temp.`name` SEPARATOR ',') AS groupNames, GROUP_CONCAT(temp.groupId SEPARATOR ',') AS groupIds FROM (SELECT gro.group_id groupId, gro.org_code orgCode, c.`NAME` AS `name` FROM t_organization_group gro LEFT JOIN `code` c ON c.SORT_CODE = 'OrgGroup' AND c.`CODE` = gro.group_id) temp GROUP BY temp.orgCode) orgGroup ON orgGroup.orgCode = org.Organization_Code ORDER BY org.id DESC LIMIT 0,30;
2021-11-12 11:48:43 INFO  Febs-Async-Thread5 p6spy 2021-11-12 11:48:43 | 耗时 2 ms | SQL 语句：
INSERT INTO t_log (METHOD, CREATE_TIME, IP, LOCATION, TIME, PARAMS, OPERATION, USERNAME) VALUES ('com.hero.sms.controller.organization.OrganizationController.organizationList()', '2021-11-12T11:48:43.154+0800', '169.254.130.216', '内网IP|0|0|内网IP|内网IP', 34, ' request: "QueryRequest(pageSize=30, pageNum=1, field=createTime, order=)" organization: "OrganizationQuery(groupId=)"', '商户列表', 'admin');
2021-11-12 11:49:09 INFO  http-nio-8088-exec-5 p6spy 2021-11-12 11:49:09 | 耗时 2 ms | SQL 语句：
SELECT COUNT(1) FROM t_organization org LEFT JOIN (SELECT temp.orgCode, GROUP_CONCAT(temp.`name` SEPARATOR ',') AS groupNames, GROUP_CONCAT(temp.groupId SEPARATOR ',') AS groupIds FROM (SELECT gro.group_id groupId, gro.org_code orgCode, c.`NAME` AS `name` FROM t_organization_group gro LEFT JOIN `code` c ON c.SORT_CODE = 'OrgGroup' AND c.`CODE` = gro.group_id) temp GROUP BY temp.orgCode) orgGroup ON orgGroup.orgCode = org.Organization_Code;
2021-11-12 11:49:09 INFO  http-nio-8088-exec-5 p6spy 2021-11-12 11:49:09 | 耗时 2 ms | SQL 语句：
SELECT * FROM t_organization org LEFT JOIN (SELECT temp.orgCode, GROUP_CONCAT(temp.`name` SEPARATOR ',') AS groupNames, GROUP_CONCAT(temp.groupId SEPARATOR ',') AS groupIds FROM (SELECT gro.group_id groupId, gro.org_code orgCode, c.`NAME` AS `name` FROM t_organization_group gro LEFT JOIN `code` c ON c.SORT_CODE = 'OrgGroup' AND c.`CODE` = gro.group_id) temp GROUP BY temp.orgCode) orgGroup ON orgGroup.orgCode = org.Organization_Code ORDER BY org.id DESC LIMIT 0,10;
2021-11-12 11:49:09 INFO  Febs-Async-Thread1 p6spy 2021-11-12 11:49:09 | 耗时 3 ms | SQL 语句：
INSERT INTO t_log (METHOD, CREATE_TIME, IP, LOCATION, TIME, PARAMS, OPERATION, USERNAME) VALUES ('com.hero.sms.controller.organization.OrganizationController.organizationList()', '2021-11-12T11:49:09.346+0800', '169.254.130.216', '内网IP|0|0|内网IP|内网IP', 20, ' request: "QueryRequest(pageSize=10, pageNum=1, field=null, order=null)" organization: "OrganizationQuery(groupId=null)"', '商户列表', 'admin');
2021-11-12 11:49:10 INFO  http-nio-8088-exec-3 p6spy 2021-11-12 11:49:10 | 耗时 5 ms | SQL 语句：
SELECT COUNT(1) FROM t_organization org LEFT JOIN (SELECT temp.orgCode, GROUP_CONCAT(temp.`name` SEPARATOR ',') AS groupNames, GROUP_CONCAT(temp.groupId SEPARATOR ',') AS groupIds FROM (SELECT gro.group_id groupId, gro.org_code orgCode, c.`NAME` AS `name` FROM t_organization_group gro LEFT JOIN `code` c ON c.SORT_CODE = 'OrgGroup' AND c.`CODE` = gro.group_id) temp GROUP BY temp.orgCode) orgGroup ON orgGroup.orgCode = org.Organization_Code;
2021-11-12 11:49:10 INFO  http-nio-8088-exec-3 p6spy 2021-11-12 11:49:10 | 耗时 5 ms | SQL 语句：
SELECT * FROM t_organization org LEFT JOIN (SELECT temp.orgCode, GROUP_CONCAT(temp.`name` SEPARATOR ',') AS groupNames, GROUP_CONCAT(temp.groupId SEPARATOR ',') AS groupIds FROM (SELECT gro.group_id groupId, gro.org_code orgCode, c.`NAME` AS `name` FROM t_organization_group gro LEFT JOIN `code` c ON c.SORT_CODE = 'OrgGroup' AND c.`CODE` = gro.group_id) temp GROUP BY temp.orgCode) orgGroup ON orgGroup.orgCode = org.Organization_Code ORDER BY org.id DESC LIMIT 10,10;
2021-11-12 11:49:10 INFO  Febs-Async-Thread2 p6spy 2021-11-12 11:49:10 | 耗时 4 ms | SQL 语句：
INSERT INTO t_log (METHOD, CREATE_TIME, IP, LOCATION, TIME, PARAMS, OPERATION, USERNAME) VALUES ('com.hero.sms.controller.organization.OrganizationController.organizationList()', '2021-11-12T11:49:10.791+0800', '169.254.130.216', '内网IP|0|0|内网IP|内网IP', 35, ' request: "QueryRequest(pageSize=10, pageNum=2, field=null, order=null)" organization: "OrganizationQuery(groupId=null)"', '商户列表', 'admin');
2021-11-12 11:49:13 INFO  http-nio-8088-exec-9 p6spy 2021-11-12 11:49:13 | 耗时 0 ms | SQL 语句：
SELECT COUNT(1) AS total, COUNT(IF(Status = 1, 1, NULL)) AS normalCount, COUNT(IF(Status = 0, 1, NULL)) AS lockCount, COUNT(IF(Status = 2, 1, NULL)) AS invalidCount, COUNT(IF(Approve_State_Code = 1, 1, NULL)) AS unverifiedCount, COUNT(IF(Approve_State_Code = 2, 1, NULL)) AS successCount, COUNT(IF(Approve_State_Code = 3, 1, NULL)) AS failCount, COALESCE(SUM(Amount), 0) AS totalRechargeAmount, COALESCE(SUM(Available_Amount), 0) AS totalAvailableAmount, COALESCE(SUM(Cash_Amount), 0) AS totalCashAmount FROM t_organization;
2021-11-12 11:49:13 INFO  Febs-Async-Thread3 p6spy 2021-11-12 11:49:13 | 耗时 2 ms | SQL 语句：
INSERT INTO t_log (METHOD, CREATE_TIME, IP, LOCATION, TIME, PARAMS, OPERATION, USERNAME) VALUES ('com.hero.sms.controller.organization.OrganizationController.statistic()', '2021-11-12T11:49:13.811+0800', '169.254.130.216', '内网IP|0|0|内网IP|内网IP', 14, ' organization: "OrganizationQuery(groupId=)"', '统计商户数据', 'admin');
2021-11-12 11:49:37 INFO  http-nio-8088-exec-6 p6spy 2021-11-12 11:49:37 | 耗时 0 ms | SQL 语句：
SELECT COUNT(1) AS total, COUNT(IF(Status = 1, 1, NULL)) AS normalCount, COUNT(IF(Status = 0, 1, NULL)) AS lockCount, COUNT(IF(Status = 2, 1, NULL)) AS invalidCount, COUNT(IF(Approve_State_Code = 1, 1, NULL)) AS unverifiedCount, COUNT(IF(Approve_State_Code = 2, 1, NULL)) AS successCount, COUNT(IF(Approve_State_Code = 3, 1, NULL)) AS failCount, COALESCE(SUM(Amount), 0) AS totalRechargeAmount, COALESCE(SUM(Available_Amount), 0) AS totalAvailableAmount, COALESCE(SUM(Cash_Amount), 0) AS totalCashAmount FROM t_organization WHERE (Status = '0');
2021-11-12 11:49:37 INFO  Febs-Async-Thread4 p6spy 2021-11-12 11:49:37 | 耗时 5 ms | SQL 语句：
INSERT INTO t_log (METHOD, CREATE_TIME, IP, LOCATION, TIME, PARAMS, OPERATION, USERNAME) VALUES ('com.hero.sms.controller.organization.OrganizationController.statistic()', '2021-11-12T11:49:37.086+0800', '169.254.130.216', '内网IP|0|0|内网IP|内网IP', 14, ' organization: "OrganizationQuery(groupId=)"', '统计商户数据', 'admin');
2021-11-12 11:49:42 INFO  http-nio-8088-exec-2 p6spy 2021-11-12 11:49:42 | 耗时 0 ms | SQL 语句：
SELECT COUNT(1) AS total, COUNT(IF(Status = 1, 1, NULL)) AS normalCount, COUNT(IF(Status = 0, 1, NULL)) AS lockCount, COUNT(IF(Status = 2, 1, NULL)) AS invalidCount, COUNT(IF(Approve_State_Code = 1, 1, NULL)) AS unverifiedCount, COUNT(IF(Approve_State_Code = 2, 1, NULL)) AS successCount, COUNT(IF(Approve_State_Code = 3, 1, NULL)) AS failCount, COALESCE(SUM(Amount), 0) AS totalRechargeAmount, COALESCE(SUM(Available_Amount), 0) AS totalAvailableAmount, COALESCE(SUM(Cash_Amount), 0) AS totalCashAmount FROM t_organization WHERE (Approve_State_Code = '3');
2021-11-12 11:49:42 INFO  Febs-Async-Thread5 p6spy 2021-11-12 11:49:42 | 耗时 12 ms | SQL 语句：
INSERT INTO t_log (METHOD, CREATE_TIME, IP, LOCATION, TIME, PARAMS, OPERATION, USERNAME) VALUES ('com.hero.sms.controller.organization.OrganizationController.statistic()', '2021-11-12T11:49:42.843+0800', '169.254.130.216', '内网IP|0|0|内网IP|内网IP', 18, ' organization: "OrganizationQuery(groupId=)"', '统计商户数据', 'admin');
2021-11-12 11:49:44 INFO  http-nio-8088-exec-1 p6spy 2021-11-12 11:49:44 | 耗时 0 ms | SQL 语句：
SELECT COUNT(1) AS total, COUNT(IF(Status = 1, 1, NULL)) AS normalCount, COUNT(IF(Status = 0, 1, NULL)) AS lockCount, COUNT(IF(Status = 2, 1, NULL)) AS invalidCount, COUNT(IF(Approve_State_Code = 1, 1, NULL)) AS unverifiedCount, COUNT(IF(Approve_State_Code = 2, 1, NULL)) AS successCount, COUNT(IF(Approve_State_Code = 3, 1, NULL)) AS failCount, COALESCE(SUM(Amount), 0) AS totalRechargeAmount, COALESCE(SUM(Available_Amount), 0) AS totalAvailableAmount, COALESCE(SUM(Cash_Amount), 0) AS totalCashAmount FROM t_organization WHERE (Approve_State_Code = '2');
2021-11-12 11:49:44 INFO  Febs-Async-Thread1 p6spy 2021-11-12 11:49:44 | 耗时 2 ms | SQL 语句：
INSERT INTO t_log (METHOD, CREATE_TIME, IP, LOCATION, TIME, PARAMS, OPERATION, USERNAME) VALUES ('com.hero.sms.controller.organization.OrganizationController.statistic()', '2021-11-12T11:49:44.963+0800', '169.254.130.216', '内网IP|0|0|内网IP|内网IP', 10, ' organization: "OrganizationQuery(groupId=)"', '统计商户数据', 'admin');
2021-11-12 11:49:47 INFO  http-nio-8088-exec-8 p6spy 2021-11-12 11:49:47 | 耗时 0 ms | SQL 语句：
SELECT COUNT(1) AS total, COUNT(IF(Status = 1, 1, NULL)) AS normalCount, COUNT(IF(Status = 0, 1, NULL)) AS lockCount, COUNT(IF(Status = 2, 1, NULL)) AS invalidCount, COUNT(IF(Approve_State_Code = 1, 1, NULL)) AS unverifiedCount, COUNT(IF(Approve_State_Code = 2, 1, NULL)) AS successCount, COUNT(IF(Approve_State_Code = 3, 1, NULL)) AS failCount, COALESCE(SUM(Amount), 0) AS totalRechargeAmount, COALESCE(SUM(Available_Amount), 0) AS totalAvailableAmount, COALESCE(SUM(Cash_Amount), 0) AS totalCashAmount FROM t_organization WHERE (Approve_State_Code = '1');
2021-11-12 11:49:47 INFO  Febs-Async-Thread2 p6spy 2021-11-12 11:49:47 | 耗时 2 ms | SQL 语句：
INSERT INTO t_log (METHOD, CREATE_TIME, IP, LOCATION, TIME, PARAMS, OPERATION, USERNAME) VALUES ('com.hero.sms.controller.organization.OrganizationController.statistic()', '2021-11-12T11:49:47.081+0800', '169.254.130.216', '内网IP|0|0|内网IP|内网IP', 10, ' organization: "OrganizationQuery(groupId=)"', '统计商户数据', 'admin');
2021-11-12 11:49:49 INFO  http-nio-8088-exec-4 p6spy 2021-11-12 11:49:49 | 耗时 1 ms | SQL 语句：
SELECT COUNT(1) AS total, COUNT(IF(Status = 1, 1, NULL)) AS normalCount, COUNT(IF(Status = 0, 1, NULL)) AS lockCount, COUNT(IF(Status = 2, 1, NULL)) AS invalidCount, COUNT(IF(Approve_State_Code = 1, 1, NULL)) AS unverifiedCount, COUNT(IF(Approve_State_Code = 2, 1, NULL)) AS successCount, COUNT(IF(Approve_State_Code = 3, 1, NULL)) AS failCount, COALESCE(SUM(Amount), 0) AS totalRechargeAmount, COALESCE(SUM(Available_Amount), 0) AS totalAvailableAmount, COALESCE(SUM(Cash_Amount), 0) AS totalCashAmount FROM t_organization;
2021-11-12 11:49:49 INFO  Febs-Async-Thread3 p6spy 2021-11-12 11:49:49 | 耗时 2 ms | SQL 语句：
INSERT INTO t_log (METHOD, CREATE_TIME, IP, LOCATION, TIME, PARAMS, OPERATION, USERNAME) VALUES ('com.hero.sms.controller.organization.OrganizationController.statistic()', '2021-11-12T11:49:49.914+0800', '169.254.130.216', '内网IP|0|0|内网IP|内网IP', 15, ' organization: "OrganizationQuery(groupId=)"', '统计商户数据', 'admin');
2021-11-12 11:49:54 INFO  http-nio-8088-exec-10 p6spy 2021-11-12 11:49:54 | 耗时 4 ms | SQL 语句：
SELECT COUNT(1) FROM t_organization org LEFT JOIN (SELECT temp.orgCode, GROUP_CONCAT(temp.`name` SEPARATOR ',') AS groupNames, GROUP_CONCAT(temp.groupId SEPARATOR ',') AS groupIds FROM (SELECT gro.group_id groupId, gro.org_code orgCode, c.`NAME` AS `name` FROM t_organization_group gro LEFT JOIN `code` c ON c.SORT_CODE = 'OrgGroup' AND c.`CODE` = gro.group_id) temp GROUP BY temp.orgCode) orgGroup ON orgGroup.orgCode = org.Organization_Code;
2021-11-12 11:49:54 INFO  http-nio-8088-exec-10 p6spy 2021-11-12 11:49:54 | 耗时 4 ms | SQL 语句：
SELECT * FROM t_organization org LEFT JOIN (SELECT temp.orgCode, GROUP_CONCAT(temp.`name` SEPARATOR ',') AS groupNames, GROUP_CONCAT(temp.groupId SEPARATOR ',') AS groupIds FROM (SELECT gro.group_id groupId, gro.org_code orgCode, c.`NAME` AS `name` FROM t_organization_group gro LEFT JOIN `code` c ON c.SORT_CODE = 'OrgGroup' AND c.`CODE` = gro.group_id) temp GROUP BY temp.orgCode) orgGroup ON orgGroup.orgCode = org.Organization_Code ORDER BY org.id DESC LIMIT 0,10;
2021-11-12 11:49:54 INFO  Febs-Async-Thread4 p6spy 2021-11-12 11:49:54 | 耗时 5 ms | SQL 语句：
INSERT INTO t_log (METHOD, CREATE_TIME, IP, LOCATION, TIME, PARAMS, OPERATION, USERNAME) VALUES ('com.hero.sms.controller.organization.OrganizationController.organizationList()', '2021-11-12T11:49:54.515+0800', '169.254.130.216', '内网IP|0|0|内网IP|内网IP', 34, ' request: "QueryRequest(pageSize=10, pageNum=1, field=null, order=null)" organization: "OrganizationQuery(groupId=null)"', '商户列表', 'admin');
2021-11-12 11:49:59 INFO  http-nio-8088-exec-7 p6spy 2021-11-12 11:49:59 | 耗时 1 ms | SQL 语句：
SELECT COUNT(1) AS total, COUNT(IF(Status = 1, 1, NULL)) AS normalCount, COUNT(IF(Status = 0, 1, NULL)) AS lockCount, COUNT(IF(Status = 2, 1, NULL)) AS invalidCount, COUNT(IF(Approve_State_Code = 1, 1, NULL)) AS unverifiedCount, COUNT(IF(Approve_State_Code = 2, 1, NULL)) AS successCount, COUNT(IF(Approve_State_Code = 3, 1, NULL)) AS failCount, COALESCE(SUM(Amount), 0) AS totalRechargeAmount, COALESCE(SUM(Available_Amount), 0) AS totalAvailableAmount, COALESCE(SUM(Cash_Amount), 0) AS totalCashAmount FROM t_organization WHERE (Organization_Code IN (SELECT org_code FROM t_organization_group WHERE group_id = 1));
2021-11-12 11:49:59 INFO  Febs-Async-Thread5 p6spy 2021-11-12 11:49:59 | 耗时 6 ms | SQL 语句：
INSERT INTO t_log (METHOD, CREATE_TIME, IP, LOCATION, TIME, PARAMS, OPERATION, USERNAME) VALUES ('com.hero.sms.controller.organization.OrganizationController.statistic()', '2021-11-12T11:49:59.035+0800', '169.254.130.216', '内网IP|0|0|内网IP|内网IP', 11, ' organization: "OrganizationQuery(groupId=1)"', '统计商户数据', 'admin');
2021-11-12 11:50:05 INFO  http-nio-8088-exec-5 p6spy 2021-11-12 11:50:05 | 耗时 1 ms | SQL 语句：
SELECT COUNT(1) AS total, COUNT(IF(Status = 1, 1, NULL)) AS normalCount, COUNT(IF(Status = 0, 1, NULL)) AS lockCount, COUNT(IF(Status = 2, 1, NULL)) AS invalidCount, COUNT(IF(Approve_State_Code = 1, 1, NULL)) AS unverifiedCount, COUNT(IF(Approve_State_Code = 2, 1, NULL)) AS successCount, COUNT(IF(Approve_State_Code = 3, 1, NULL)) AS failCount, COALESCE(SUM(Amount), 0) AS totalRechargeAmount, COALESCE(SUM(Available_Amount), 0) AS totalAvailableAmount, COALESCE(SUM(Cash_Amount), 0) AS totalCashAmount FROM t_organization WHERE (Organization_Code IN (SELECT org_code FROM t_organization_group WHERE group_id = 2));
2021-11-12 11:50:05 INFO  Febs-Async-Thread1 p6spy 2021-11-12 11:50:05 | 耗时 2 ms | SQL 语句：
INSERT INTO t_log (METHOD, CREATE_TIME, IP, LOCATION, TIME, PARAMS, OPERATION, USERNAME) VALUES ('com.hero.sms.controller.organization.OrganizationController.statistic()', '2021-11-12T11:50:05.043+0800', '169.254.130.216', '内网IP|0|0|内网IP|内网IP', 10, ' organization: "OrganizationQuery(groupId=2)"', '统计商户数据', 'admin');
2021-11-12 11:50:09 INFO  http-nio-8088-exec-3 p6spy 2021-11-12 11:50:09 | 耗时 1 ms | SQL 语句：
SELECT COUNT(1) AS total, COUNT(IF(Status = 1, 1, NULL)) AS normalCount, COUNT(IF(Status = 0, 1, NULL)) AS lockCount, COUNT(IF(Status = 2, 1, NULL)) AS invalidCount, COUNT(IF(Approve_State_Code = 1, 1, NULL)) AS unverifiedCount, COUNT(IF(Approve_State_Code = 2, 1, NULL)) AS successCount, COUNT(IF(Approve_State_Code = 3, 1, NULL)) AS failCount, COALESCE(SUM(Amount), 0) AS totalRechargeAmount, COALESCE(SUM(Available_Amount), 0) AS totalAvailableAmount, COALESCE(SUM(Cash_Amount), 0) AS totalCashAmount FROM t_organization WHERE (Business_User_Id = 1);
2021-11-12 11:50:09 INFO  Febs-Async-Thread2 p6spy 2021-11-12 11:50:09 | 耗时 3 ms | SQL 语句：
INSERT INTO t_log (METHOD, CREATE_TIME, IP, LOCATION, TIME, PARAMS, OPERATION, USERNAME) VALUES ('com.hero.sms.controller.organization.OrganizationController.statistic()', '2021-11-12T11:50:09.799+0800', '169.254.130.216', '内网IP|0|0|内网IP|内网IP', 16, ' organization: "OrganizationQuery(groupId=)"', '统计商户数据', 'admin');
2021-11-12 11:50:14 INFO  http-nio-8088-exec-9 p6spy 2021-11-12 11:50:14 | 耗时 5 ms | SQL 语句：
SELECT COUNT(1) FROM t_organization org LEFT JOIN (SELECT temp.orgCode, GROUP_CONCAT(temp.`name` SEPARATOR ',') AS groupNames, GROUP_CONCAT(temp.groupId SEPARATOR ',') AS groupIds FROM (SELECT gro.group_id groupId, gro.org_code orgCode, c.`NAME` AS `name` FROM t_organization_group gro LEFT JOIN `code` c ON c.SORT_CODE = 'OrgGroup' AND c.`CODE` = gro.group_id) temp GROUP BY temp.orgCode) orgGroup ON orgGroup.orgCode = org.Organization_Code;
2021-11-12 11:50:14 INFO  http-nio-8088-exec-9 p6spy 2021-11-12 11:50:14 | 耗时 2 ms | SQL 语句：
SELECT * FROM t_organization org LEFT JOIN (SELECT temp.orgCode, GROUP_CONCAT(temp.`name` SEPARATOR ',') AS groupNames, GROUP_CONCAT(temp.groupId SEPARATOR ',') AS groupIds FROM (SELECT gro.group_id groupId, gro.org_code orgCode, c.`NAME` AS `name` FROM t_organization_group gro LEFT JOIN `code` c ON c.SORT_CODE = 'OrgGroup' AND c.`CODE` = gro.group_id) temp GROUP BY temp.orgCode) orgGroup ON orgGroup.orgCode = org.Organization_Code ORDER BY org.id DESC LIMIT 10,10;
2021-11-12 11:50:14 INFO  Febs-Async-Thread3 p6spy 2021-11-12 11:50:14 | 耗时 11 ms | SQL 语句：
INSERT INTO t_log (METHOD, CREATE_TIME, IP, LOCATION, TIME, PARAMS, OPERATION, USERNAME) VALUES ('com.hero.sms.controller.organization.OrganizationController.organizationList()', '2021-11-12T11:50:14.484+0800', '169.254.130.216', '内网IP|0|0|内网IP|内网IP', 29, ' request: "QueryRequest(pageSize=10, pageNum=2, field=null, order=null)" organization: "OrganizationQuery(groupId=null)"', '商户列表', 'admin');
2021-11-12 11:50:16 INFO  http-nio-8088-exec-6 p6spy 2021-11-12 11:50:16 | 耗时 2 ms | SQL 语句：
SELECT COUNT(1) FROM t_organization org LEFT JOIN (SELECT temp.orgCode, GROUP_CONCAT(temp.`name` SEPARATOR ',') AS groupNames, GROUP_CONCAT(temp.groupId SEPARATOR ',') AS groupIds FROM (SELECT gro.group_id groupId, gro.org_code orgCode, c.`NAME` AS `name` FROM t_organization_group gro LEFT JOIN `code` c ON c.SORT_CODE = 'OrgGroup' AND c.`CODE` = gro.group_id) temp GROUP BY temp.orgCode) orgGroup ON orgGroup.orgCode = org.Organization_Code;
2021-11-12 11:50:16 INFO  http-nio-8088-exec-6 p6spy 2021-11-12 11:50:16 | 耗时 3 ms | SQL 语句：
SELECT * FROM t_organization org LEFT JOIN (SELECT temp.orgCode, GROUP_CONCAT(temp.`name` SEPARATOR ',') AS groupNames, GROUP_CONCAT(temp.groupId SEPARATOR ',') AS groupIds FROM (SELECT gro.group_id groupId, gro.org_code orgCode, c.`NAME` AS `name` FROM t_organization_group gro LEFT JOIN `code` c ON c.SORT_CODE = 'OrgGroup' AND c.`CODE` = gro.group_id) temp GROUP BY temp.orgCode) orgGroup ON orgGroup.orgCode = org.Organization_Code ORDER BY org.id DESC LIMIT 0,10;
2021-11-12 11:50:16 INFO  Febs-Async-Thread4 p6spy 2021-11-12 11:50:16 | 耗时 4 ms | SQL 语句：
INSERT INTO t_log (METHOD, CREATE_TIME, IP, LOCATION, TIME, PARAMS, OPERATION, USERNAME) VALUES ('com.hero.sms.controller.organization.OrganizationController.organizationList()', '2021-11-12T11:50:16.076+0800', '169.254.130.216', '内网IP|0|0|内网IP|内网IP', 28, ' request: "QueryRequest(pageSize=10, pageNum=1, field=null, order=null)" organization: "OrganizationQuery(groupId=null)"', '商户列表', 'admin');
2021-11-12 11:50:17 INFO  http-nio-8088-exec-2 p6spy 2021-11-12 11:50:17 | 耗时 1 ms | SQL 语句：
SELECT COUNT(1) AS total, COUNT(IF(Status = 1, 1, NULL)) AS normalCount, COUNT(IF(Status = 0, 1, NULL)) AS lockCount, COUNT(IF(Status = 2, 1, NULL)) AS invalidCount, COUNT(IF(Approve_State_Code = 1, 1, NULL)) AS unverifiedCount, COUNT(IF(Approve_State_Code = 2, 1, NULL)) AS successCount, COUNT(IF(Approve_State_Code = 3, 1, NULL)) AS failCount, COALESCE(SUM(Amount), 0) AS totalRechargeAmount, COALESCE(SUM(Available_Amount), 0) AS totalAvailableAmount, COALESCE(SUM(Cash_Amount), 0) AS totalCashAmount FROM t_organization WHERE (Business_User_Id = 2);
2021-11-12 11:50:17 INFO  Febs-Async-Thread5 p6spy 2021-11-12 11:50:17 | 耗时 3 ms | SQL 语句：
INSERT INTO t_log (METHOD, CREATE_TIME, IP, LOCATION, TIME, PARAMS, OPERATION, USERNAME) VALUES ('com.hero.sms.controller.organization.OrganizationController.statistic()', '2021-11-12T11:50:17.475+0800', '169.254.130.216', '内网IP|0|0|内网IP|内网IP', 12, ' organization: "OrganizationQuery(groupId=)"', '统计商户数据', 'admin');
2021-11-12 11:50:21 INFO  http-nio-8088-exec-8 p6spy 2021-11-12 11:50:21 | 耗时 4 ms | SQL 语句：
SELECT COUNT(1) FROM t_organization org LEFT JOIN (SELECT temp.orgCode, GROUP_CONCAT(temp.`name` SEPARATOR ',') AS groupNames, GROUP_CONCAT(temp.groupId SEPARATOR ',') AS groupIds FROM (SELECT gro.group_id groupId, gro.org_code orgCode, c.`NAME` AS `name` FROM t_organization_group gro LEFT JOIN `code` c ON c.SORT_CODE = 'OrgGroup' AND c.`CODE` = gro.group_id) temp GROUP BY temp.orgCode) orgGroup ON orgGroup.orgCode = org.Organization_Code;
2021-11-12 11:50:21 INFO  http-nio-8088-exec-8 p6spy 2021-11-12 11:50:21 | 耗时 1 ms | SQL 语句：
SELECT * FROM t_organization org LEFT JOIN (SELECT temp.orgCode, GROUP_CONCAT(temp.`name` SEPARATOR ',') AS groupNames, GROUP_CONCAT(temp.groupId SEPARATOR ',') AS groupIds FROM (SELECT gro.group_id groupId, gro.org_code orgCode, c.`NAME` AS `name` FROM t_organization_group gro LEFT JOIN `code` c ON c.SORT_CODE = 'OrgGroup' AND c.`CODE` = gro.group_id) temp GROUP BY temp.orgCode) orgGroup ON orgGroup.orgCode = org.Organization_Code ORDER BY org.id DESC LIMIT 0,10;
2021-11-12 11:50:21 INFO  Febs-Async-Thread1 p6spy 2021-11-12 11:50:21 | 耗时 2 ms | SQL 语句：
INSERT INTO t_log (METHOD, CREATE_TIME, IP, LOCATION, TIME, PARAMS, OPERATION, USERNAME) VALUES ('com.hero.sms.controller.organization.OrganizationController.organizationList()', '2021-11-12T11:50:21.407+0800', '169.254.130.216', '内网IP|0|0|内网IP|内网IP', 17, ' request: "QueryRequest(pageSize=10, pageNum=1, field=createTime, order=)" organization: "OrganizationQuery(groupId=)"', '商户列表', 'admin');
2021-11-12 12:37:30 INFO  SessionValidationThread-1 org.apache.shiro.session.mgt.AbstractValidatingSessionManager Validating all active sessions...
2021-11-12 12:37:30 INFO  SessionValidationThread-1 org.apache.shiro.session.mgt.AbstractValidatingSessionManager Finished session validation.  No sessions were stopped.
2021-11-12 12:48:53 INFO  http-nio-8088-exec-10 p6spy 2021-11-12 12:48:53 | 耗时 3 ms | SQL 语句：
SELECT r.* FROM t_role r LEFT JOIN t_user_role ur ON (r.role_id = ur.role_id) LEFT JOIN t_user u ON (u.user_id = ur.user_id) WHERE u.username = 'admin';
2021-11-12 12:48:53 INFO  http-nio-8088-exec-10 p6spy 2021-11-12 12:48:53 | 耗时 2 ms | SQL 语句：
SELECT m.perms FROM t_role r LEFT JOIN t_user_role ur ON (r.role_id = ur.role_id) LEFT JOIN t_user u ON (u.user_id = ur.user_id) LEFT JOIN t_role_menu rm ON (rm.role_id = r.role_id) LEFT JOIN t_menu m ON (m.menu_id = rm.menu_id) WHERE u.username = 'admin' AND m.perms IS NOT NULL AND m.perms <> '';
2021-11-12 12:48:53 INFO  http-nio-8088-exec-10 p6spy 2021-11-12 12:48:53 | 耗时 1 ms | SQL 语句：
SELECT id, message_type, message_contact, org_code, picture_url, create_User, remark, merch_read_status, admin_read_status, create_Date FROM t_message WHERE (admin_read_status = '2');
2021-11-12 13:37:30 INFO  SessionValidationThread-1 org.apache.shiro.session.mgt.AbstractValidatingSessionManager Validating all active sessions...
2021-11-12 13:37:30 INFO  SessionValidationThread-1 org.apache.shiro.session.mgt.AbstractValidatingSessionManager Finished session validation.  No sessions were stopped.
2021-11-12 14:37:30 INFO  SessionValidationThread-1 org.apache.shiro.session.mgt.AbstractValidatingSessionManager Validating all active sessions...
2021-11-12 14:37:30 INFO  SessionValidationThread-1 org.apache.shiro.session.mgt.AbstractValidatingSessionManager Finished session validation.  No sessions were stopped.
2021-11-12 15:37:30 INFO  SessionValidationThread-1 org.apache.shiro.session.mgt.AbstractValidatingSessionManager Validating all active sessions...
2021-11-12 15:37:30 INFO  SessionValidationThread-1 org.apache.shiro.session.mgt.AbstractValidatingSessionManager Finished session validation.  No sessions were stopped.
2021-11-12 16:37:30 INFO  SessionValidationThread-1 org.apache.shiro.session.mgt.AbstractValidatingSessionManager Validating all active sessions...
2021-11-12 16:37:30 INFO  SessionValidationThread-1 org.apache.shiro.session.mgt.AbstractValidatingSessionManager Finished session validation.  No sessions were stopped.
2021-11-12 17:37:30 INFO  SessionValidationThread-1 org.apache.shiro.session.mgt.AbstractValidatingSessionManager Validating all active sessions...
2021-11-12 17:37:30 INFO  SessionValidationThread-1 org.apache.shiro.session.mgt.AbstractValidatingSessionManager Finished session validation.  No sessions were stopped.
2021-11-12 18:05:32 INFO  RMI TCP Connection(2)-127.0.0.1 org.springframework.boot.admin.SpringApplicationAdminMXBeanRegistrar$SpringApplicationAdmin Application shutdown requested.
2021-11-12 18:05:32 INFO  RMI TCP Connection(2)-127.0.0.1 org.quartz.core.QuartzScheduler Scheduler FEBS_Scheduler_$_LAPTOP-L07PL5KH1636688242031 paused.
2021-11-12 18:05:32 INFO  RMI TCP Connection(2)-127.0.0.1 org.springframework.scheduling.concurrent.ThreadPoolTaskExecutor Shutting down ExecutorService 'febsAsyncThreadPool'
2021-11-12 18:05:32 INFO  RMI TCP Connection(2)-127.0.0.1 org.springframework.scheduling.quartz.SchedulerFactoryBean Shutting down Quartz Scheduler
2021-11-12 18:05:32 INFO  RMI TCP Connection(2)-127.0.0.1 org.quartz.core.QuartzScheduler Scheduler FEBS_Scheduler_$_LAPTOP-L07PL5KH1636688242031 shutting down.
2021-11-12 18:05:32 INFO  RMI TCP Connection(2)-127.0.0.1 org.quartz.core.QuartzScheduler Scheduler FEBS_Scheduler_$_LAPTOP-L07PL5KH1636688242031 paused.
2021-11-12 18:05:32 INFO  RMI TCP Connection(2)-127.0.0.1 org.quartz.core.QuartzScheduler Scheduler FEBS_Scheduler_$_LAPTOP-L07PL5KH1636688242031 shutdown complete.
2021-11-12 18:05:32 INFO  RMI TCP Connection(2)-127.0.0.1 com.baomidou.dynamic.datasource.DynamicRoutingDataSource dynamic-datasource start closing ....
2021-11-12 18:05:32 INFO  RMI TCP Connection(2)-127.0.0.1 com.zaxxer.hikari.HikariDataSource quartz - Shutdown initiated...
2021-11-12 18:05:32 INFO  RMI TCP Connection(2)-127.0.0.1 com.zaxxer.hikari.HikariDataSource quartz - Shutdown completed.
2021-11-12 18:05:32 INFO  RMI TCP Connection(2)-127.0.0.1 com.zaxxer.hikari.HikariDataSource base - Shutdown initiated...
2021-11-12 18:05:32 INFO  RMI TCP Connection(2)-127.0.0.1 com.zaxxer.hikari.HikariDataSource base - Shutdown completed.
2021-11-12 18:05:32 INFO  RMI TCP Connection(2)-127.0.0.1 com.baomidou.dynamic.datasource.DynamicRoutingDataSource dynamic-datasource all closed success,bye
