2022-03-21 23:31:27 ERROR Febs-Async-Thread1 org.springframework.aop.interceptor.SimpleAsyncUncaughtExceptionHandler Unexpected exception occurred invoking async method: public void com.hero.sms.service.impl.message.SendRecordServiceImpl.exportSendCordFromAdmin(java.lang.Long,com.hero.sms.entity.message.SendRecordQuery)
java.lang.NullPointerException: null
	at com.hero.sms.service.impl.common.ExportRecordServiceImpl.exportSendRecord(ExportRecordServiceImpl.java:157)
	at com.hero.sms.service.impl.common.ExportRecordServiceImpl$$FastClassBySpringCGLIB$$63a5df06.invoke(<generated>)
	at org.springframework.cglib.proxy.MethodProxy.invoke(MethodProxy.java:218)
	at org.springframework.aop.framework.CglibAopProxy$CglibMethodInvocation.invokeJoinpoint(CglibAopProxy.java:769)
	at org.springframework.aop.framework.ReflectiveMethodInvocation.proceed(ReflectiveMethodInvocation.java:163)
	at org.springframework.aop.framework.CglibAopProxy$CglibMethodInvocation.proceed(CglibAopProxy.java:747)
	at org.springframework.transaction.interceptor.TransactionAspectSupport.invokeWithinTransaction(TransactionAspectSupport.java:366)
	at org.springframework.transaction.interceptor.TransactionInterceptor.invoke(TransactionInterceptor.java:99)
	at org.springframework.aop.framework.ReflectiveMethodInvocation.proceed(ReflectiveMethodInvocation.java:186)
	at org.springframework.aop.framework.CglibAopProxy$CglibMethodInvocation.proceed(CglibAopProxy.java:747)
	at org.springframework.aop.framework.CglibAopProxy$DynamicAdvisedInterceptor.intercept(CglibAopProxy.java:689)
	at com.hero.sms.service.impl.common.ExportRecordServiceImpl$$EnhancerBySpringCGLIB$$c1d9e943.exportSendRecord(<generated>)
	at com.hero.sms.service.impl.message.SendRecordServiceImpl.exportFromAdmin(SendRecordServiceImpl.java:1109)
	at com.hero.sms.service.impl.message.SendRecordServiceImpl.exportSendCordFromAdmin(SendRecordServiceImpl.java:943)
	at com.hero.sms.service.impl.message.SendRecordServiceImpl$$FastClassBySpringCGLIB$$4496ebc.invoke(<generated>)
	at org.springframework.cglib.proxy.MethodProxy.invoke(MethodProxy.java:218)
	at org.springframework.aop.framework.CglibAopProxy$CglibMethodInvocation.invokeJoinpoint(CglibAopProxy.java:769)
	at org.springframework.aop.framework.ReflectiveMethodInvocation.proceed(ReflectiveMethodInvocation.java:163)
	at org.springframework.aop.framework.CglibAopProxy$CglibMethodInvocation.proceed(CglibAopProxy.java:747)
	at org.springframework.transaction.interceptor.TransactionAspectSupport.invokeWithinTransaction(TransactionAspectSupport.java:366)
	at org.springframework.transaction.interceptor.TransactionInterceptor.invoke(TransactionInterceptor.java:99)
	at org.springframework.aop.framework.ReflectiveMethodInvocation.proceed(ReflectiveMethodInvocation.java:186)
	at org.springframework.aop.framework.CglibAopProxy$CglibMethodInvocation.proceed(CglibAopProxy.java:747)
	at org.springframework.aop.interceptor.AsyncExecutionInterceptor.lambda$invoke$0(AsyncExecutionInterceptor.java:115)
	at java.util.concurrent.FutureTask.run(FutureTask.java:266)
	at java.util.concurrent.ThreadPoolExecutor.runWorker(ThreadPoolExecutor.java:1149)
	at java.util.concurrent.ThreadPoolExecutor$Worker.run(ThreadPoolExecutor.java:624)
	at java.lang.Thread.run(Thread.java:748)
