2021-10-28 21:37:03 ERROR FEBS_Scheduler_Worker-1 com.hero.sms.job.util.ScheduleJob 任务执行失败，任务ID：6
org.springframework.beans.factory.NoSuchBeanDefinitionException: No bean named 'QueryChannelSendReco' available
	at org.springframework.beans.factory.support.DefaultListableBeanFactory.getBeanDefinition(DefaultListableBeanFactory.java:805)
	at org.springframework.beans.factory.support.AbstractBeanFactory.getMergedLocalBeanDefinition(AbstractBeanFactory.java:1278)
	at org.springframework.beans.factory.support.AbstractBeanFactory.doGetBean(AbstractBeanFactory.java:297)
	at org.springframework.beans.factory.support.AbstractBeanFactory.getBean(AbstractBeanFactory.java:202)
	at org.springframework.context.support.AbstractApplicationContext.getBean(AbstractApplicationContext.java:1108)
	at com.hero.sms.common.utils.SpringContextUtil.getBean(SpringContextUtil.java:24)
	at com.hero.sms.job.util.ScheduleRunnable.<init>(ScheduleRunnable.java:23)
	at com.hero.sms.job.util.ScheduleJob.executeInternal(ScheduleJob.java:46)
	at org.springframework.scheduling.quartz.QuartzJobBean.execute(QuartzJobBean.java:75)
	at org.quartz.core.JobRunShell.run(JobRunShell.java:202)
	at org.quartz.simpl.SimpleThreadPool$WorkerThread.run(SimpleThreadPool.java:573)
2021-10-28 21:39:48 ERROR FEBS_Scheduler_Worker-2 com.hero.sms.job.util.ScheduleJob 任务执行失败，任务ID：6
org.springframework.beans.factory.NoSuchBeanDefinitionException: No bean named 'getChannelRecordTask' available
	at org.springframework.beans.factory.support.DefaultListableBeanFactory.getBeanDefinition(DefaultListableBeanFactory.java:805)
	at org.springframework.beans.factory.support.AbstractBeanFactory.getMergedLocalBeanDefinition(AbstractBeanFactory.java:1278)
	at org.springframework.beans.factory.support.AbstractBeanFactory.doGetBean(AbstractBeanFactory.java:297)
	at org.springframework.beans.factory.support.AbstractBeanFactory.getBean(AbstractBeanFactory.java:202)
	at org.springframework.context.support.AbstractApplicationContext.getBean(AbstractApplicationContext.java:1108)
	at com.hero.sms.common.utils.SpringContextUtil.getBean(SpringContextUtil.java:24)
	at com.hero.sms.job.util.ScheduleRunnable.<init>(ScheduleRunnable.java:23)
	at com.hero.sms.job.util.ScheduleJob.executeInternal(ScheduleJob.java:46)
	at org.springframework.scheduling.quartz.QuartzJobBean.execute(QuartzJobBean.java:75)
	at org.quartz.core.JobRunShell.run(JobRunShell.java:202)
	at org.quartz.simpl.SimpleThreadPool$WorkerThread.run(SimpleThreadPool.java:573)
2021-10-28 21:45:11 ERROR pool-5-thread-1 com.hero.sms.job.util.ScheduleRunnable 执行定时任务失败
java.lang.reflect.InvocationTargetException: null
	at sun.reflect.NativeMethodAccessorImpl.invoke0(Native Method)
	at sun.reflect.NativeMethodAccessorImpl.invoke(NativeMethodAccessorImpl.java:62)
	at sun.reflect.DelegatingMethodAccessorImpl.invoke(DelegatingMethodAccessorImpl.java:43)
	at java.lang.reflect.Method.invoke(Method.java:498)
	at com.hero.sms.job.util.ScheduleRunnable.run(ScheduleRunnable.java:40)
	at java.util.concurrent.Executors$RunnableAdapter.call(Executors.java:511)
	at java.util.concurrent.FutureTask.run(FutureTask.java:266)
	at java.util.concurrent.ThreadPoolExecutor.runWorker(ThreadPoolExecutor.java:1149)
	at java.util.concurrent.ThreadPoolExecutor$Worker.run(ThreadPoolExecutor.java:624)
	at java.lang.Thread.run(Thread.java:748)
Caused by: java.lang.IllegalArgumentException: URI is not absolute
	at java.net.URI.toURL(URI.java:1088)
	at org.springframework.http.client.SimpleClientHttpRequestFactory.createRequest(SimpleClientHttpRequestFactory.java:145)
	at org.springframework.http.client.support.HttpAccessor.createRequest(HttpAccessor.java:124)
	at org.springframework.web.client.RestTemplate.doExecute(RestTemplate.java:738)
	at org.springframework.web.client.RestTemplate.execute(RestTemplate.java:677)
	at org.springframework.web.client.RestTemplate.exchange(RestTemplate.java:586)
	at com.hero.sms.common.utils.HttpUtil.sendPostRequest(HttpUtil.java:52)
	at com.hero.sms.service.impl.channel.push.QiXinTong.query(QiXinTong.java:274)
	at com.hero.sms.job.task.GetChannelRecordTask.sendNotifyForChannel(GetChannelRecordTask.java:93)
	at com.hero.sms.job.task.GetChannelRecordTask.run(GetChannelRecordTask.java:62)
	... 10 common frames omitted
2021-10-28 21:48:12 ERROR pool-6-thread-1 com.hero.sms.job.task.GetChannelRecordTask 模拟通知请求失败
org.springframework.web.client.ResourceAccessException: I/O error on POST request for "http://169.254.130.216:8080/return/qxt/FSGJHTTP/receipt": Connection refused: connect; nested exception is java.net.ConnectException: Connection refused: connect
	at org.springframework.web.client.RestTemplate.doExecute(RestTemplate.java:751)
	at org.springframework.web.client.RestTemplate.execute(RestTemplate.java:677)
	at org.springframework.web.client.RestTemplate.exchange(RestTemplate.java:586)
	at com.hero.sms.common.utils.HttpUtil.sendPostRequest(HttpUtil.java:52)
	at com.hero.sms.job.task.GetChannelRecordTask.sendNotify(GetChannelRecordTask.java:167)
	at com.hero.sms.job.task.GetChannelRecordTask.sendNotifyForChannel(GetChannelRecordTask.java:112)
	at com.hero.sms.job.task.GetChannelRecordTask.run(GetChannelRecordTask.java:62)
	at sun.reflect.NativeMethodAccessorImpl.invoke0(Native Method)
	at sun.reflect.NativeMethodAccessorImpl.invoke(NativeMethodAccessorImpl.java:62)
	at sun.reflect.DelegatingMethodAccessorImpl.invoke(DelegatingMethodAccessorImpl.java:43)
	at java.lang.reflect.Method.invoke(Method.java:498)
	at com.hero.sms.job.util.ScheduleRunnable.run(ScheduleRunnable.java:40)
	at java.util.concurrent.Executors$RunnableAdapter.call(Executors.java:511)
	at java.util.concurrent.FutureTask.run(FutureTask.java:266)
	at java.util.concurrent.ThreadPoolExecutor.runWorker(ThreadPoolExecutor.java:1149)
	at java.util.concurrent.ThreadPoolExecutor$Worker.run(ThreadPoolExecutor.java:624)
	at java.lang.Thread.run(Thread.java:748)
Caused by: java.net.ConnectException: Connection refused: connect
	at java.net.DualStackPlainSocketImpl.waitForConnect(Native Method)
	at java.net.DualStackPlainSocketImpl.socketConnect(DualStackPlainSocketImpl.java:85)
	at java.net.AbstractPlainSocketImpl.doConnect(AbstractPlainSocketImpl.java:350)
	at java.net.AbstractPlainSocketImpl.connectToAddress(AbstractPlainSocketImpl.java:206)
	at java.net.AbstractPlainSocketImpl.connect(AbstractPlainSocketImpl.java:188)
	at java.net.PlainSocketImpl.connect(PlainSocketImpl.java:172)
	at java.net.SocksSocketImpl.connect(SocksSocketImpl.java:392)
	at java.net.Socket.connect(Socket.java:589)
	at sun.net.NetworkClient.doConnect(NetworkClient.java:175)
	at sun.net.www.http.HttpClient.openServer(HttpClient.java:463)
	at sun.net.www.http.HttpClient.openServer(HttpClient.java:558)
	at sun.net.www.http.HttpClient.<init>(HttpClient.java:242)
	at sun.net.www.http.HttpClient.New(HttpClient.java:339)
	at sun.net.www.http.HttpClient.New(HttpClient.java:357)
	at sun.net.www.protocol.http.HttpURLConnection.getNewHttpClient(HttpURLConnection.java:1220)
	at sun.net.www.protocol.http.HttpURLConnection.plainConnect0(HttpURLConnection.java:1156)
	at sun.net.www.protocol.http.HttpURLConnection.plainConnect(HttpURLConnection.java:1050)
	at sun.net.www.protocol.http.HttpURLConnection.connect(HttpURLConnection.java:984)
	at org.springframework.http.client.SimpleBufferingClientHttpRequest.executeInternal(SimpleBufferingClientHttpRequest.java:76)
	at org.springframework.http.client.AbstractBufferingClientHttpRequest.executeInternal(AbstractBufferingClientHttpRequest.java:48)
	at org.springframework.http.client.AbstractClientHttpRequest.execute(AbstractClientHttpRequest.java:53)
	at org.springframework.web.client.RestTemplate.doExecute(RestTemplate.java:742)
	... 16 common frames omitted
2021-10-28 22:25:21 ERROR pool-3-thread-1 com.hero.sms.common.utils.HttpUtil null
java.lang.NullPointerException: null
	at java.lang.String.getBytes(String.java:917)
	at com.hero.sms.common.utils.HttpUtil.resultPost(HttpUtil.java:222)
	at com.hero.sms.common.utils.HttpUtil.request(HttpUtil.java:190)
	at com.hero.sms.service.impl.channel.push.QiXinTong.query(QiXinTong.java:273)
	at com.hero.sms.job.task.GetChannelRecordTask.sendNotifyForChannel(GetChannelRecordTask.java:93)
	at com.hero.sms.job.task.GetChannelRecordTask.run(GetChannelRecordTask.java:62)
	at sun.reflect.NativeMethodAccessorImpl.invoke0(Native Method)
	at sun.reflect.NativeMethodAccessorImpl.invoke(NativeMethodAccessorImpl.java:62)
	at sun.reflect.DelegatingMethodAccessorImpl.invoke(DelegatingMethodAccessorImpl.java:43)
	at java.lang.reflect.Method.invoke(Method.java:498)
	at com.hero.sms.job.util.ScheduleRunnable.run(ScheduleRunnable.java:40)
	at java.util.concurrent.Executors$RunnableAdapter.call(Executors.java:511)
	at java.util.concurrent.FutureTask.run(FutureTask.java:266)
	at java.util.concurrent.ThreadPoolExecutor.runWorker(ThreadPoolExecutor.java:1149)
	at java.util.concurrent.ThreadPoolExecutor$Worker.run(ThreadPoolExecutor.java:624)
	at java.lang.Thread.run(Thread.java:748)
2021-10-28 22:25:22 ERROR pool-3-thread-1 com.hero.sms.service.impl.channel.push.QiXinTong QXT查询请求返回参数非协议XML格式
2021-10-28 22:26:50 ERROR pool-4-thread-1 com.hero.sms.common.utils.HttpUtil null
java.lang.NullPointerException: null
	at java.lang.String.getBytes(String.java:917)
	at com.hero.sms.common.utils.HttpUtil.resultPost(HttpUtil.java:222)
	at com.hero.sms.common.utils.HttpUtil.request(HttpUtil.java:190)
	at com.hero.sms.service.impl.channel.push.QiXinTong.query(QiXinTong.java:273)
	at com.hero.sms.job.task.GetChannelRecordTask.sendNotifyForChannel(GetChannelRecordTask.java:93)
	at com.hero.sms.job.task.GetChannelRecordTask.run(GetChannelRecordTask.java:62)
	at sun.reflect.NativeMethodAccessorImpl.invoke0(Native Method)
	at sun.reflect.NativeMethodAccessorImpl.invoke(NativeMethodAccessorImpl.java:62)
	at sun.reflect.DelegatingMethodAccessorImpl.invoke(DelegatingMethodAccessorImpl.java:43)
	at java.lang.reflect.Method.invoke(Method.java:498)
	at com.hero.sms.job.util.ScheduleRunnable.run(ScheduleRunnable.java:40)
	at java.util.concurrent.Executors$RunnableAdapter.call(Executors.java:511)
	at java.util.concurrent.FutureTask.run(FutureTask.java:266)
	at java.util.concurrent.ThreadPoolExecutor.runWorker(ThreadPoolExecutor.java:1149)
	at java.util.concurrent.ThreadPoolExecutor$Worker.run(ThreadPoolExecutor.java:624)
	at java.lang.Thread.run(Thread.java:748)
2021-10-28 22:26:50 ERROR pool-4-thread-1 com.hero.sms.service.impl.channel.push.QiXinTong QXT查询请求返回参数非协议XML格式
2021-10-28 22:35:18 ERROR pool-5-thread-1 com.hero.sms.job.task.GetChannelRecordTask 模拟通知请求失败
org.springframework.web.client.ResourceAccessException: I/O error on POST request for "http://169.254.130.216:8080/return/qxt/FSGJHTTP/receipt": Connection refused: connect; nested exception is java.net.ConnectException: Connection refused: connect
	at org.springframework.web.client.RestTemplate.doExecute(RestTemplate.java:751)
	at org.springframework.web.client.RestTemplate.execute(RestTemplate.java:677)
	at org.springframework.web.client.RestTemplate.exchange(RestTemplate.java:586)
	at com.hero.sms.common.utils.HttpUtil.sendPostRequest(HttpUtil.java:64)
	at com.hero.sms.job.task.GetChannelRecordTask.sendNotify(GetChannelRecordTask.java:167)
	at com.hero.sms.job.task.GetChannelRecordTask.sendNotifyForChannel(GetChannelRecordTask.java:112)
	at com.hero.sms.job.task.GetChannelRecordTask.run(GetChannelRecordTask.java:62)
	at sun.reflect.NativeMethodAccessorImpl.invoke0(Native Method)
	at sun.reflect.NativeMethodAccessorImpl.invoke(NativeMethodAccessorImpl.java:62)
	at sun.reflect.DelegatingMethodAccessorImpl.invoke(DelegatingMethodAccessorImpl.java:43)
	at java.lang.reflect.Method.invoke(Method.java:498)
	at com.hero.sms.job.util.ScheduleRunnable.run(ScheduleRunnable.java:40)
	at java.util.concurrent.Executors$RunnableAdapter.call(Executors.java:511)
	at java.util.concurrent.FutureTask.run(FutureTask.java:266)
	at java.util.concurrent.ThreadPoolExecutor.runWorker(ThreadPoolExecutor.java:1149)
	at java.util.concurrent.ThreadPoolExecutor$Worker.run(ThreadPoolExecutor.java:624)
	at java.lang.Thread.run(Thread.java:748)
Caused by: java.net.ConnectException: Connection refused: connect
	at java.net.DualStackPlainSocketImpl.waitForConnect(Native Method)
	at java.net.DualStackPlainSocketImpl.socketConnect(DualStackPlainSocketImpl.java:85)
	at java.net.AbstractPlainSocketImpl.doConnect(AbstractPlainSocketImpl.java:350)
	at java.net.AbstractPlainSocketImpl.connectToAddress(AbstractPlainSocketImpl.java:206)
	at java.net.AbstractPlainSocketImpl.connect(AbstractPlainSocketImpl.java:188)
	at java.net.PlainSocketImpl.connect(PlainSocketImpl.java:172)
	at java.net.SocksSocketImpl.connect(SocksSocketImpl.java:392)
	at java.net.Socket.connect(Socket.java:589)
	at sun.net.NetworkClient.doConnect(NetworkClient.java:175)
	at sun.net.www.http.HttpClient.openServer(HttpClient.java:463)
	at sun.net.www.http.HttpClient.openServer(HttpClient.java:558)
	at sun.net.www.http.HttpClient.<init>(HttpClient.java:242)
	at sun.net.www.http.HttpClient.New(HttpClient.java:339)
	at sun.net.www.http.HttpClient.New(HttpClient.java:357)
	at sun.net.www.protocol.http.HttpURLConnection.getNewHttpClient(HttpURLConnection.java:1220)
	at sun.net.www.protocol.http.HttpURLConnection.plainConnect0(HttpURLConnection.java:1156)
	at sun.net.www.protocol.http.HttpURLConnection.plainConnect(HttpURLConnection.java:1050)
	at sun.net.www.protocol.http.HttpURLConnection.connect(HttpURLConnection.java:984)
	at org.springframework.http.client.SimpleBufferingClientHttpRequest.executeInternal(SimpleBufferingClientHttpRequest.java:76)
	at org.springframework.http.client.AbstractBufferingClientHttpRequest.executeInternal(AbstractBufferingClientHttpRequest.java:48)
	at org.springframework.http.client.AbstractClientHttpRequest.execute(AbstractClientHttpRequest.java:53)
	at org.springframework.web.client.RestTemplate.doExecute(RestTemplate.java:742)
	... 16 common frames omitted
