2022-05-08 22:33:50 ERROR PullMsgThread-SendRecordSMSGATEC1117 com.hero.sms.service.impl.message.SendRecordServiceImpl SMPP发送记录【140141】该批次【BN20220508223206VVLTC】该号码【18959918987】已提交过发送
2022-05-08 22:41:12 ERROR workGroup1 error.11 Channel closed . Msg (enquire_link: 0x00000010 0x00000015 0x00000000 0x264ED77C) (body: ) (opts: ) may not send Success. 
2022-05-08 22:51:44 ERROR PullMsgThread-SendRecordSMSGATEC1113 com.hero.sms.service.impl.message.SendRecordServiceImpl SMPP发送记录【140139】该批次【BN20220508223206VVLTC】该号码【15590478565】已提交过发送
2022-05-08 22:51:44 ERROR PullMsgThread-SendRecordSMSGATEC1113 com.hero.sms.service.impl.message.SendRecordServiceImpl SMPP发送记录【140140】该批次【BN20220508223206VVLTC】该号码【15081024107】已提交过发送
2022-05-08 22:52:26 ERROR PullMsgThread-SendRecordSMSGATEC118 com.hero.sms.service.impl.channel.push.BaseSmsPushService 批次号【BN20220508223206VVLTC】手机号码【15081024107】RESEND
2022-05-08 23:07:41 ERROR PullMsgThread-SendRecordSMSGATEC118 com.hero.sms.service.mq.MQService SMS GATE PULL MSG ERR
org.apache.rocketmq.remoting.exception.RemotingTimeoutException: wait response on the channel <192.168.189.128:10911> timeout, 30000(ms)
	at org.apache.rocketmq.remoting.netty.NettyRemotingAbstract.invokeSyncImpl(NettyRemotingAbstract.java:386)
	at org.apache.rocketmq.remoting.netty.NettyRemotingClient.invokeSync(NettyRemotingClient.java:369)
	at org.apache.rocketmq.client.impl.MQClientAPIImpl.pullMessageSync(MQClientAPIImpl.java:617)
	at org.apache.rocketmq.client.impl.MQClientAPIImpl.pullMessage(MQClientAPIImpl.java:571)
	at org.apache.rocketmq.client.impl.consumer.PullAPIWrapper.pullKernelImpl(PullAPIWrapper.java:195)
	at org.apache.rocketmq.client.impl.consumer.PullAPIWrapper.pullKernelImpl(PullAPIWrapper.java:221)
	at org.apache.rocketmq.client.impl.consumer.DefaultMQPullConsumerImpl.pullSyncImpl(DefaultMQPullConsumerImpl.java:196)
	at org.apache.rocketmq.client.impl.consumer.DefaultMQPullConsumerImpl.pullBlockIfNotFound(DefaultMQPullConsumerImpl.java:447)
	at org.apache.rocketmq.client.consumer.DefaultMQPullConsumer.pullBlockIfNotFound(DefaultMQPullConsumer.java:276)
	at com.hero.sms.service.mq.MQService$SendRecordGatePullTaskCallback.doPullTask(MQService.java:403)
	at org.apache.rocketmq.client.consumer.MQPullConsumerScheduleService$PullTaskImpl.run(MQPullConsumerScheduleService.java:172)
	at java.util.concurrent.Executors$RunnableAdapter.call(Executors.java:511)
	at java.util.concurrent.FutureTask.run(FutureTask.java:266)
	at java.util.concurrent.ScheduledThreadPoolExecutor$ScheduledFutureTask.access$201(ScheduledThreadPoolExecutor.java:180)
	at java.util.concurrent.ScheduledThreadPoolExecutor$ScheduledFutureTask.run(ScheduledThreadPoolExecutor.java:293)
	at java.util.concurrent.ThreadPoolExecutor.runWorker(ThreadPoolExecutor.java:1149)
	at java.util.concurrent.ThreadPoolExecutor$Worker.run(ThreadPoolExecutor.java:624)
	at java.lang.Thread.run(Thread.java:748)
2022-05-08 23:07:41 ERROR PullMsgThread-SendRecordSMSGATEC1116 com.hero.sms.service.mq.MQService SMS GATE PULL MSG ERR
org.apache.rocketmq.remoting.exception.RemotingTimeoutException: wait response on the channel <192.168.189.128:10911> timeout, 30000(ms)
	at org.apache.rocketmq.remoting.netty.NettyRemotingAbstract.invokeSyncImpl(NettyRemotingAbstract.java:386)
	at org.apache.rocketmq.remoting.netty.NettyRemotingClient.invokeSync(NettyRemotingClient.java:369)
	at org.apache.rocketmq.client.impl.MQClientAPIImpl.pullMessageSync(MQClientAPIImpl.java:617)
	at org.apache.rocketmq.client.impl.MQClientAPIImpl.pullMessage(MQClientAPIImpl.java:571)
	at org.apache.rocketmq.client.impl.consumer.PullAPIWrapper.pullKernelImpl(PullAPIWrapper.java:195)
	at org.apache.rocketmq.client.impl.consumer.PullAPIWrapper.pullKernelImpl(PullAPIWrapper.java:221)
	at org.apache.rocketmq.client.impl.consumer.DefaultMQPullConsumerImpl.pullSyncImpl(DefaultMQPullConsumerImpl.java:196)
	at org.apache.rocketmq.client.impl.consumer.DefaultMQPullConsumerImpl.pullBlockIfNotFound(DefaultMQPullConsumerImpl.java:447)
	at org.apache.rocketmq.client.consumer.DefaultMQPullConsumer.pullBlockIfNotFound(DefaultMQPullConsumer.java:276)
	at com.hero.sms.service.mq.MQService$SendRecordGatePullTaskCallback.doPullTask(MQService.java:403)
	at org.apache.rocketmq.client.consumer.MQPullConsumerScheduleService$PullTaskImpl.run(MQPullConsumerScheduleService.java:172)
	at java.util.concurrent.Executors$RunnableAdapter.call(Executors.java:511)
	at java.util.concurrent.FutureTask.run(FutureTask.java:266)
	at java.util.concurrent.ScheduledThreadPoolExecutor$ScheduledFutureTask.access$201(ScheduledThreadPoolExecutor.java:180)
	at java.util.concurrent.ScheduledThreadPoolExecutor$ScheduledFutureTask.run(ScheduledThreadPoolExecutor.java:293)
	at java.util.concurrent.ThreadPoolExecutor.runWorker(ThreadPoolExecutor.java:1149)
	at java.util.concurrent.ThreadPoolExecutor$Worker.run(ThreadPoolExecutor.java:624)
	at java.lang.Thread.run(Thread.java:748)
2022-05-08 23:07:41 ERROR PullMsgThread-SendRecordSMSGATEC113 com.hero.sms.service.mq.MQService SMS GATE PULL MSG ERR
org.apache.rocketmq.remoting.exception.RemotingTimeoutException: wait response on the channel <192.168.189.128:10911> timeout, 30000(ms)
	at org.apache.rocketmq.remoting.netty.NettyRemotingAbstract.invokeSyncImpl(NettyRemotingAbstract.java:386)
	at org.apache.rocketmq.remoting.netty.NettyRemotingClient.invokeSync(NettyRemotingClient.java:369)
	at org.apache.rocketmq.client.impl.MQClientAPIImpl.pullMessageSync(MQClientAPIImpl.java:617)
	at org.apache.rocketmq.client.impl.MQClientAPIImpl.pullMessage(MQClientAPIImpl.java:571)
	at org.apache.rocketmq.client.impl.consumer.PullAPIWrapper.pullKernelImpl(PullAPIWrapper.java:195)
	at org.apache.rocketmq.client.impl.consumer.PullAPIWrapper.pullKernelImpl(PullAPIWrapper.java:221)
	at org.apache.rocketmq.client.impl.consumer.DefaultMQPullConsumerImpl.pullSyncImpl(DefaultMQPullConsumerImpl.java:196)
	at org.apache.rocketmq.client.impl.consumer.DefaultMQPullConsumerImpl.pullBlockIfNotFound(DefaultMQPullConsumerImpl.java:447)
	at org.apache.rocketmq.client.consumer.DefaultMQPullConsumer.pullBlockIfNotFound(DefaultMQPullConsumer.java:276)
	at com.hero.sms.service.mq.MQService$SendRecordGatePullTaskCallback.doPullTask(MQService.java:403)
	at org.apache.rocketmq.client.consumer.MQPullConsumerScheduleService$PullTaskImpl.run(MQPullConsumerScheduleService.java:172)
	at java.util.concurrent.Executors$RunnableAdapter.call(Executors.java:511)
	at java.util.concurrent.FutureTask.run(FutureTask.java:266)
	at java.util.concurrent.ScheduledThreadPoolExecutor$ScheduledFutureTask.access$201(ScheduledThreadPoolExecutor.java:180)
	at java.util.concurrent.ScheduledThreadPoolExecutor$ScheduledFutureTask.run(ScheduledThreadPoolExecutor.java:293)
	at java.util.concurrent.ThreadPoolExecutor.runWorker(ThreadPoolExecutor.java:1149)
	at java.util.concurrent.ThreadPoolExecutor$Worker.run(ThreadPoolExecutor.java:624)
	at java.lang.Thread.run(Thread.java:748)
2022-05-08 23:07:41 ERROR PullMsgThread-SendRecordSMSGATEC115 com.hero.sms.service.mq.MQService SMS GATE PULL MSG ERR
org.apache.rocketmq.remoting.exception.RemotingTimeoutException: wait response on the channel <192.168.189.128:10911> timeout, 30000(ms)
	at org.apache.rocketmq.remoting.netty.NettyRemotingAbstract.invokeSyncImpl(NettyRemotingAbstract.java:386)
	at org.apache.rocketmq.remoting.netty.NettyRemotingClient.invokeSync(NettyRemotingClient.java:369)
	at org.apache.rocketmq.client.impl.MQClientAPIImpl.pullMessageSync(MQClientAPIImpl.java:617)
	at org.apache.rocketmq.client.impl.MQClientAPIImpl.pullMessage(MQClientAPIImpl.java:571)
	at org.apache.rocketmq.client.impl.consumer.PullAPIWrapper.pullKernelImpl(PullAPIWrapper.java:195)
	at org.apache.rocketmq.client.impl.consumer.PullAPIWrapper.pullKernelImpl(PullAPIWrapper.java:221)
	at org.apache.rocketmq.client.impl.consumer.DefaultMQPullConsumerImpl.pullSyncImpl(DefaultMQPullConsumerImpl.java:196)
	at org.apache.rocketmq.client.impl.consumer.DefaultMQPullConsumerImpl.pullBlockIfNotFound(DefaultMQPullConsumerImpl.java:447)
	at org.apache.rocketmq.client.consumer.DefaultMQPullConsumer.pullBlockIfNotFound(DefaultMQPullConsumer.java:276)
	at com.hero.sms.service.mq.MQService$SendRecordGatePullTaskCallback.doPullTask(MQService.java:403)
	at org.apache.rocketmq.client.consumer.MQPullConsumerScheduleService$PullTaskImpl.run(MQPullConsumerScheduleService.java:172)
	at java.util.concurrent.Executors$RunnableAdapter.call(Executors.java:511)
	at java.util.concurrent.FutureTask.run(FutureTask.java:266)
	at java.util.concurrent.ScheduledThreadPoolExecutor$ScheduledFutureTask.access$201(ScheduledThreadPoolExecutor.java:180)
	at java.util.concurrent.ScheduledThreadPoolExecutor$ScheduledFutureTask.run(ScheduledThreadPoolExecutor.java:293)
	at java.util.concurrent.ThreadPoolExecutor.runWorker(ThreadPoolExecutor.java:1149)
	at java.util.concurrent.ThreadPoolExecutor$Worker.run(ThreadPoolExecutor.java:624)
	at java.lang.Thread.run(Thread.java:748)
2022-05-08 23:07:41 ERROR PullMsgThread-SendRecordSMSGATEC116 com.hero.sms.service.mq.MQService SMS GATE PULL MSG ERR
org.apache.rocketmq.remoting.exception.RemotingTimeoutException: wait response on the channel <192.168.189.128:10911> timeout, 30000(ms)
	at org.apache.rocketmq.remoting.netty.NettyRemotingAbstract.invokeSyncImpl(NettyRemotingAbstract.java:386)
	at org.apache.rocketmq.remoting.netty.NettyRemotingClient.invokeSync(NettyRemotingClient.java:369)
	at org.apache.rocketmq.client.impl.MQClientAPIImpl.pullMessageSync(MQClientAPIImpl.java:617)
	at org.apache.rocketmq.client.impl.MQClientAPIImpl.pullMessage(MQClientAPIImpl.java:571)
	at org.apache.rocketmq.client.impl.consumer.PullAPIWrapper.pullKernelImpl(PullAPIWrapper.java:195)
	at org.apache.rocketmq.client.impl.consumer.PullAPIWrapper.pullKernelImpl(PullAPIWrapper.java:221)
	at org.apache.rocketmq.client.impl.consumer.DefaultMQPullConsumerImpl.pullSyncImpl(DefaultMQPullConsumerImpl.java:196)
	at org.apache.rocketmq.client.impl.consumer.DefaultMQPullConsumerImpl.pullBlockIfNotFound(DefaultMQPullConsumerImpl.java:447)
	at org.apache.rocketmq.client.consumer.DefaultMQPullConsumer.pullBlockIfNotFound(DefaultMQPullConsumer.java:276)
	at com.hero.sms.service.mq.MQService$SendRecordGatePullTaskCallback.doPullTask(MQService.java:403)
	at org.apache.rocketmq.client.consumer.MQPullConsumerScheduleService$PullTaskImpl.run(MQPullConsumerScheduleService.java:172)
	at java.util.concurrent.Executors$RunnableAdapter.call(Executors.java:511)
	at java.util.concurrent.FutureTask.run(FutureTask.java:266)
	at java.util.concurrent.ScheduledThreadPoolExecutor$ScheduledFutureTask.access$201(ScheduledThreadPoolExecutor.java:180)
	at java.util.concurrent.ScheduledThreadPoolExecutor$ScheduledFutureTask.run(ScheduledThreadPoolExecutor.java:293)
	at java.util.concurrent.ThreadPoolExecutor.runWorker(ThreadPoolExecutor.java:1149)
	at java.util.concurrent.ThreadPoolExecutor$Worker.run(ThreadPoolExecutor.java:624)
	at java.lang.Thread.run(Thread.java:748)
2022-05-08 23:07:41 ERROR PullMsgThread-SendRecordSMSGATEC1111 com.hero.sms.service.mq.MQService SMS GATE PULL MSG ERR
org.apache.rocketmq.remoting.exception.RemotingTimeoutException: wait response on the channel <192.168.189.128:10911> timeout, 30000(ms)
	at org.apache.rocketmq.remoting.netty.NettyRemotingAbstract.invokeSyncImpl(NettyRemotingAbstract.java:386)
	at org.apache.rocketmq.remoting.netty.NettyRemotingClient.invokeSync(NettyRemotingClient.java:369)
	at org.apache.rocketmq.client.impl.MQClientAPIImpl.pullMessageSync(MQClientAPIImpl.java:617)
	at org.apache.rocketmq.client.impl.MQClientAPIImpl.pullMessage(MQClientAPIImpl.java:571)
	at org.apache.rocketmq.client.impl.consumer.PullAPIWrapper.pullKernelImpl(PullAPIWrapper.java:195)
	at org.apache.rocketmq.client.impl.consumer.PullAPIWrapper.pullKernelImpl(PullAPIWrapper.java:221)
	at org.apache.rocketmq.client.impl.consumer.DefaultMQPullConsumerImpl.pullSyncImpl(DefaultMQPullConsumerImpl.java:196)
	at org.apache.rocketmq.client.impl.consumer.DefaultMQPullConsumerImpl.pullBlockIfNotFound(DefaultMQPullConsumerImpl.java:447)
	at org.apache.rocketmq.client.consumer.DefaultMQPullConsumer.pullBlockIfNotFound(DefaultMQPullConsumer.java:276)
	at com.hero.sms.service.mq.MQService$SendRecordGatePullTaskCallback.doPullTask(MQService.java:403)
	at org.apache.rocketmq.client.consumer.MQPullConsumerScheduleService$PullTaskImpl.run(MQPullConsumerScheduleService.java:172)
	at java.util.concurrent.Executors$RunnableAdapter.call(Executors.java:511)
	at java.util.concurrent.FutureTask.run(FutureTask.java:266)
	at java.util.concurrent.ScheduledThreadPoolExecutor$ScheduledFutureTask.access$201(ScheduledThreadPoolExecutor.java:180)
	at java.util.concurrent.ScheduledThreadPoolExecutor$ScheduledFutureTask.run(ScheduledThreadPoolExecutor.java:293)
	at java.util.concurrent.ThreadPoolExecutor.runWorker(ThreadPoolExecutor.java:1149)
	at java.util.concurrent.ThreadPoolExecutor$Worker.run(ThreadPoolExecutor.java:624)
	at java.lang.Thread.run(Thread.java:748)
2022-05-08 23:07:41 ERROR PullMsgThread-SendRecordSMSGATEC1110 com.hero.sms.service.mq.MQService SMS GATE PULL MSG ERR
org.apache.rocketmq.remoting.exception.RemotingTimeoutException: wait response on the channel <192.168.189.128:10911> timeout, 30000(ms)
	at org.apache.rocketmq.remoting.netty.NettyRemotingAbstract.invokeSyncImpl(NettyRemotingAbstract.java:386)
	at org.apache.rocketmq.remoting.netty.NettyRemotingClient.invokeSync(NettyRemotingClient.java:369)
	at org.apache.rocketmq.client.impl.MQClientAPIImpl.pullMessageSync(MQClientAPIImpl.java:617)
	at org.apache.rocketmq.client.impl.MQClientAPIImpl.pullMessage(MQClientAPIImpl.java:571)
	at org.apache.rocketmq.client.impl.consumer.PullAPIWrapper.pullKernelImpl(PullAPIWrapper.java:195)
	at org.apache.rocketmq.client.impl.consumer.PullAPIWrapper.pullKernelImpl(PullAPIWrapper.java:221)
	at org.apache.rocketmq.client.impl.consumer.DefaultMQPullConsumerImpl.pullSyncImpl(DefaultMQPullConsumerImpl.java:196)
	at org.apache.rocketmq.client.impl.consumer.DefaultMQPullConsumerImpl.pullBlockIfNotFound(DefaultMQPullConsumerImpl.java:447)
	at org.apache.rocketmq.client.consumer.DefaultMQPullConsumer.pullBlockIfNotFound(DefaultMQPullConsumer.java:276)
	at com.hero.sms.service.mq.MQService$SendRecordGatePullTaskCallback.doPullTask(MQService.java:403)
	at org.apache.rocketmq.client.consumer.MQPullConsumerScheduleService$PullTaskImpl.run(MQPullConsumerScheduleService.java:172)
	at java.util.concurrent.Executors$RunnableAdapter.call(Executors.java:511)
	at java.util.concurrent.FutureTask.run(FutureTask.java:266)
	at java.util.concurrent.ScheduledThreadPoolExecutor$ScheduledFutureTask.access$201(ScheduledThreadPoolExecutor.java:180)
	at java.util.concurrent.ScheduledThreadPoolExecutor$ScheduledFutureTask.run(ScheduledThreadPoolExecutor.java:293)
	at java.util.concurrent.ThreadPoolExecutor.runWorker(ThreadPoolExecutor.java:1149)
	at java.util.concurrent.ThreadPoolExecutor$Worker.run(ThreadPoolExecutor.java:624)
	at java.lang.Thread.run(Thread.java:748)
