2022-05-02 22:22:17 ERROR ConsumeMessageThread_10 com.hero.sms.service.impl.message.SendRecordServiceImpl HTTP发送记录【121997】该批次【BN20211028215616GZVTC】该号码【15590478565】已提交过发送
2022-05-02 22:22:17 ERROR ConsumeMessageThread_3 com.hero.sms.service.impl.message.SendRecordServiceImpl HTTP发送记录【121997】该批次【BN20211028215616GZVTC】该号码【15590478565】已提交过发送
2022-05-02 22:22:17 ERROR ConsumeMessageThread_6 com.hero.sms.service.impl.message.SendRecordServiceImpl HTTP发送记录【121997】该批次【BN20211028215616GZVTC】该号码【15590478565】已提交过发送
2022-05-02 22:22:17 ERROR ConsumeMessageThread_1 com.hero.sms.service.impl.message.SendRecordServiceImpl HTTP发送记录【121997】该批次【BN20211028215616GZVTC】该号码【15590478565】已提交过发送
2022-05-02 22:22:17 ERROR ConsumeMessageThread_8 com.hero.sms.service.impl.message.SendRecordServiceImpl HTTP发送记录【121997】该批次【BN20211028215616GZVTC】该号码【15590478565】已提交过发送
2022-05-02 22:22:17 ERROR ConsumeMessageThread_5 com.hero.sms.service.impl.message.SendRecordServiceImpl HTTP发送记录【121997】该批次【BN20211028215616GZVTC】该号码【15590478565】已提交过发送
2022-05-02 22:22:17 ERROR ConsumeMessageThread_7 com.hero.sms.service.impl.message.SendRecordServiceImpl HTTP发送记录【121997】该批次【BN20211028215616GZVTC】该号码【15590478565】已提交过发送
2022-05-02 22:22:17 ERROR ConsumeMessageThread_6 com.hero.sms.service.impl.message.SendRecordServiceImpl HTTP发送记录【121997】该批次【BN20211028215616GZVTC】该号码【15590478565】已提交过发送
2022-05-02 22:22:17 ERROR ConsumeMessageThread_3 com.hero.sms.service.impl.message.SendRecordServiceImpl HTTP发送记录【121997】该批次【BN20211028215616GZVTC】该号码【15590478565】已提交过发送
2022-05-02 22:22:17 ERROR ConsumeMessageThread_1 com.hero.sms.service.impl.message.SendRecordServiceImpl HTTP发送记录【121997】该批次【BN20211028215616GZVTC】该号码【15590478565】已提交过发送
2022-05-02 22:22:17 ERROR ConsumeMessageThread_10 com.hero.sms.service.impl.message.SendRecordServiceImpl HTTP发送记录【121997】该批次【BN20211028215616GZVTC】该号码【15590478565】已提交过发送
2022-05-02 22:22:17 ERROR ConsumeMessageThread_5 com.hero.sms.service.impl.message.SendRecordServiceImpl HTTP发送记录【121997】该批次【BN20211028215616GZVTC】该号码【15590478565】已提交过发送
2022-05-02 22:22:17 ERROR ConsumeMessageThread_3 com.hero.sms.service.impl.message.SendRecordServiceImpl HTTP发送记录【121997】该批次【BN20211028215616GZVTC】该号码【15590478565】已提交过发送
2022-05-02 22:22:17 ERROR ConsumeMessageThread_6 com.hero.sms.service.impl.message.SendRecordServiceImpl HTTP发送记录【121997】该批次【BN20211028215616GZVTC】该号码【15590478565】已提交过发送
2022-05-02 22:22:17 ERROR ConsumeMessageThread_10 com.hero.sms.service.impl.message.SendRecordServiceImpl HTTP发送记录【121997】该批次【BN20211028215616GZVTC】该号码【15590478565】已提交过发送
2022-05-02 22:22:17 ERROR ConsumeMessageThread_8 com.hero.sms.service.impl.message.SendRecordServiceImpl HTTP发送记录【121997】该批次【BN20211028215616GZVTC】该号码【15590478565】已提交过发送
2022-05-02 22:22:17 ERROR ConsumeMessageThread_1 com.hero.sms.service.impl.message.SendRecordServiceImpl HTTP发送记录【121997】该批次【BN20211028215616GZVTC】该号码【15590478565】已提交过发送
2022-05-02 22:22:17 ERROR ConsumeMessageThread_3 com.hero.sms.service.impl.message.SendRecordServiceImpl HTTP发送记录【121997】该批次【BN20211028215616GZVTC】该号码【15590478565】已提交过发送
2022-05-02 22:22:17 ERROR ConsumeMessageThread_7 com.hero.sms.service.impl.message.SendRecordServiceImpl HTTP发送记录【121997】该批次【BN20211028215616GZVTC】该号码【15590478565】已提交过发送
2022-05-02 22:22:17 ERROR ConsumeMessageThread_5 com.hero.sms.service.impl.message.SendRecordServiceImpl HTTP发送记录【121997】该批次【BN20211028215616GZVTC】该号码【15590478565】已提交过发送
2022-05-02 22:22:17 ERROR ConsumeMessageThread_10 com.hero.sms.service.impl.message.SendRecordServiceImpl HTTP发送记录【121997】该批次【BN20211028215616GZVTC】该号码【15590478565】已提交过发送
2022-05-02 22:22:17 ERROR ConsumeMessageThread_6 com.hero.sms.service.impl.message.SendRecordServiceImpl HTTP发送记录【121997】该批次【BN20211028215616GZVTC】该号码【15590478565】已提交过发送
2022-05-02 22:22:17 ERROR ConsumeMessageThread_8 com.hero.sms.service.impl.message.SendRecordServiceImpl HTTP发送记录【121997】该批次【BN20211028215616GZVTC】该号码【15590478565】已提交过发送
2022-05-02 22:22:17 ERROR ConsumeMessageThread_9 com.hero.sms.service.impl.message.SendRecordServiceImpl HTTP发送记录【121997】该批次【BN20211028215616GZVTC】该号码【15590478565】已提交过发送
2022-05-02 22:22:17 ERROR ConsumeMessageThread_4 com.hero.sms.service.impl.message.SendRecordServiceImpl HTTP发送记录【121997】该批次【BN20211028215616GZVTC】该号码【15590478565】已提交过发送
2022-05-02 22:22:17 ERROR ConsumeMessageThread_2 com.hero.sms.service.impl.message.SendRecordServiceImpl HTTP发送记录【121997】该批次【BN20211028215616GZVTC】该号码【15590478565】已提交过发送
2022-05-02 22:22:34 ERROR PullMsgThread-SendRecordSMSGATEC114 com.hero.sms.service.impl.message.SendRecordServiceImpl SMPP发送记录【127328】该批次【BN20220325164226TNJDO】该号码【13117518709】已提交过发送
2022-05-02 22:22:34 ERROR PullMsgThread-SendRecordSMSGATEC113 com.hero.sms.service.impl.message.SendRecordServiceImpl SMPP发送记录【127728】该批次【BN20220325164226TNJDO】该号码【15528199919】已提交过发送
2022-05-02 22:22:34 ERROR PullMsgThread-SendRecordSMSGATEC112 com.hero.sms.service.impl.message.SendRecordServiceImpl SMPP发送记录【127814】该批次【BN20220325164226TNJDO】该号码【18622937392】已提交过发送
2022-05-02 22:22:34 ERROR PullMsgThread-SendRecordSMSGATEC111 com.hero.sms.service.impl.message.SendRecordServiceImpl SMPP发送记录【127252】该批次【BN20220325164226TNJDO】该号码【13233365007】已提交过发送
2022-05-02 22:22:34 ERROR PullMsgThread-SendRecordSMSGATEC113 com.hero.sms.service.impl.message.SendRecordServiceImpl SMPP发送记录【129048】该批次【BN20220325164355AXFX2】该号码【15507881170】已提交过发送
2022-05-02 22:22:34 ERROR PullMsgThread-SendRecordSMSGATEC114 com.hero.sms.service.impl.message.SendRecordServiceImpl SMPP发送记录【128417】该批次【BN20220325164226TNJDO】该号码【13158954329】已提交过发送
2022-05-02 22:22:34 ERROR PullMsgThread-SendRecordSMSGATEC111 com.hero.sms.service.impl.message.SendRecordServiceImpl SMPP发送记录【127925】该批次【BN20220325164226TNJDO】该号码【15515118166】已提交过发送
2022-05-02 22:22:34 ERROR PullMsgThread-SendRecordSMSGATEC112 com.hero.sms.service.impl.message.SendRecordServiceImpl SMPP发送记录【129059】该批次【BN20220325164355AXFX2】该号码【13150850444】已提交过发送
2022-05-02 22:22:34 ERROR PullMsgThread-SendRecordSMSGATEC113 com.hero.sms.service.impl.message.SendRecordServiceImpl SMPP发送记录【127252】该批次【BN20220325164226TNJDO】该号码【13233365007】已提交过发送
2022-05-02 22:22:34 ERROR PullMsgThread-SendRecordSMSGATEC114 com.hero.sms.service.impl.message.SendRecordServiceImpl SMPP发送记录【129385】该批次【BN20220325164355AXFX2】该号码【13056178413】已提交过发送
2022-05-02 22:22:34 ERROR PullMsgThread-SendRecordSMSGATEC111 com.hero.sms.service.impl.message.SendRecordServiceImpl SMPP发送记录【129324】该批次【BN20220325164355AXFX2】该号码【13037511572】已提交过发送
2022-05-02 22:22:34 ERROR PullMsgThread-SendRecordSMSGATEC112 com.hero.sms.service.impl.message.SendRecordServiceImpl SMPP发送记录【127328】该批次【BN20220325164226TNJDO】该号码【13117518709】已提交过发送
2022-05-02 22:22:34 ERROR PullMsgThread-SendRecordSMSGATEC113 com.hero.sms.service.impl.message.SendRecordServiceImpl SMPP发送记录【127925】该批次【BN20220325164226TNJDO】该号码【15515118166】已提交过发送
2022-05-02 22:22:34 ERROR PullMsgThread-SendRecordSMSGATEC114 com.hero.sms.service.impl.message.SendRecordServiceImpl SMPP发送记录【127814】该批次【BN20220325164226TNJDO】该号码【18622937392】已提交过发送
2022-05-02 22:22:34 ERROR PullMsgThread-SendRecordSMSGATEC111 com.hero.sms.service.impl.message.SendRecordServiceImpl SMPP发送记录【127728】该批次【BN20220325164226TNJDO】该号码【15528199919】已提交过发送
2022-05-02 22:22:34 ERROR PullMsgThread-SendRecordSMSGATEC112 com.hero.sms.service.impl.message.SendRecordServiceImpl SMPP发送记录【128417】该批次【BN20220325164226TNJDO】该号码【13158954329】已提交过发送
2022-05-02 22:22:34 ERROR PullMsgThread-SendRecordSMSGATEC113 com.hero.sms.service.impl.message.SendRecordServiceImpl SMPP发送记录【129324】该批次【BN20220325164355AXFX2】该号码【13037511572】已提交过发送
2022-05-02 22:22:34 ERROR PullMsgThread-SendRecordSMSGATEC114 com.hero.sms.service.impl.message.SendRecordServiceImpl SMPP发送记录【129059】该批次【BN20220325164355AXFX2】该号码【13150850444】已提交过发送
2022-05-02 22:22:34 ERROR PullMsgThread-SendRecordSMSGATEC111 com.hero.sms.service.impl.message.SendRecordServiceImpl SMPP发送记录【129048】该批次【BN20220325164355AXFX2】该号码【15507881170】已提交过发送
2022-05-02 22:22:34 ERROR PullMsgThread-SendRecordSMSGATEC112 com.hero.sms.service.impl.message.SendRecordServiceImpl SMPP发送记录【129385】该批次【BN20220325164355AXFX2】该号码【13056178413】已提交过发送
2022-05-02 22:22:34 ERROR PullMsgThread-SendRecordSMSGATEC113 com.hero.sms.service.impl.message.SendRecordServiceImpl SMPP发送记录【124423】该批次【BN20220325164208LYKHD】该号码【18568777820】已提交过发送
2022-05-02 22:22:34 ERROR PullMsgThread-SendRecordSMSGATEC114 com.hero.sms.service.impl.message.SendRecordServiceImpl SMPP发送记录【123597】该批次【BN20220325164208LYKHD】该号码【18625652219】已提交过发送
2022-05-02 22:22:34 ERROR PullMsgThread-SendRecordSMSGATEC111 com.hero.sms.service.impl.message.SendRecordServiceImpl SMPP发送记录【122124】该批次【BN202203251629226FIYT】该号码【13275867915】已提交过发送
2022-05-02 22:22:34 ERROR PullMsgThread-SendRecordSMSGATEC112 com.hero.sms.service.impl.message.SendRecordServiceImpl SMPP发送记录【123962】该批次【BN20220325164208LYKHD】该号码【13083872840】已提交过发送
2022-05-02 22:22:34 ERROR PullMsgThread-SendRecordSMSGATEC113 com.hero.sms.service.impl.message.SendRecordServiceImpl SMPP发送记录【125118】该批次【BN20220325164208LYKHD】该号码【18670501199】已提交过发送
2022-05-02 22:22:34 ERROR PullMsgThread-SendRecordSMSGATEC114 com.hero.sms.service.impl.message.SendRecordServiceImpl SMPP发送记录【125568】该批次【BN20220325164208LYKHD】该号码【13182610966】已提交过发送
2022-05-02 22:22:34 ERROR PullMsgThread-SendRecordSMSGATEC111 com.hero.sms.service.impl.message.SendRecordServiceImpl SMPP发送记录【123971】该批次【BN20220325164208LYKHD】该号码【15525924285】已提交过发送
2022-05-02 22:22:34 ERROR PullMsgThread-SendRecordSMSGATEC112 com.hero.sms.service.impl.message.SendRecordServiceImpl SMPP发送记录【124910】该批次【BN20220325164208LYKHD】该号码【18695871525】已提交过发送
2022-05-02 22:22:34 ERROR PullMsgThread-SendRecordSMSGATEC113 com.hero.sms.service.impl.message.SendRecordServiceImpl SMPP发送记录【126173】该批次【BN20220325164208LYKHD】该号码【15638614814】已提交过发送
2022-05-02 22:22:34 ERROR PullMsgThread-SendRecordSMSGATEC114 com.hero.sms.service.impl.message.SendRecordServiceImpl SMPP发送记录【126535】该批次【BN20220325164226TNJDO】该号码【18629671839】已提交过发送
2022-05-02 22:22:34 ERROR PullMsgThread-SendRecordSMSGATEC111 com.hero.sms.service.impl.message.SendRecordServiceImpl SMPP发送记录【126995】该批次【BN20220325164226TNJDO】该号码【17614891604】已提交过发送
2022-05-02 22:22:34 ERROR PullMsgThread-SendRecordSMSGATEC112 com.hero.sms.service.impl.message.SendRecordServiceImpl SMPP发送记录【127252】该批次【BN20220325164226TNJDO】该号码【13233365007】已提交过发送
2022-05-02 22:22:34 ERROR PullMsgThread-SendRecordSMSGATEC113 com.hero.sms.service.impl.message.SendRecordServiceImpl SMPP发送记录【128417】该批次【BN20220325164226TNJDO】该号码【13158954329】已提交过发送
2022-05-02 22:22:34 ERROR PullMsgThread-SendRecordSMSGATEC114 com.hero.sms.service.impl.message.SendRecordServiceImpl SMPP发送记录【127328】该批次【BN20220325164226TNJDO】该号码【13117518709】已提交过发送
2022-05-02 22:22:34 ERROR PullMsgThread-SendRecordSMSGATEC111 com.hero.sms.service.impl.message.SendRecordServiceImpl SMPP发送记录【127814】该批次【BN20220325164226TNJDO】该号码【18622937392】已提交过发送
2022-05-02 22:22:34 ERROR PullMsgThread-SendRecordSMSGATEC112 com.hero.sms.service.impl.message.SendRecordServiceImpl SMPP发送记录【127925】该批次【BN20220325164226TNJDO】该号码【15515118166】已提交过发送
2022-05-02 22:22:34 ERROR PullMsgThread-SendRecordSMSGATEC113 com.hero.sms.service.impl.message.SendRecordServiceImpl SMPP发送记录【129059】该批次【BN20220325164355AXFX2】该号码【13150850444】已提交过发送
2022-05-02 22:22:34 ERROR PullMsgThread-SendRecordSMSGATEC114 com.hero.sms.service.impl.message.SendRecordServiceImpl SMPP发送记录【129048】该批次【BN20220325164355AXFX2】该号码【15507881170】已提交过发送
2022-05-02 22:22:34 ERROR PullMsgThread-SendRecordSMSGATEC111 com.hero.sms.service.impl.message.SendRecordServiceImpl SMPP发送记录【127728】该批次【BN20220325164226TNJDO】该号码【15528199919】已提交过发送
2022-05-02 22:22:34 ERROR PullMsgThread-SendRecordSMSGATEC112 com.hero.sms.service.impl.message.SendRecordServiceImpl SMPP发送记录【129324】该批次【BN20220325164355AXFX2】该号码【13037511572】已提交过发送
2022-05-02 22:22:34 ERROR PullMsgThread-SendRecordSMSGATEC113 com.hero.sms.service.impl.message.SendRecordServiceImpl SMPP发送记录【123962】该批次【BN20220325164208LYKHD】该号码【13083872840】已提交过发送
2022-05-02 22:22:34 ERROR PullMsgThread-SendRecordSMSGATEC114 com.hero.sms.service.impl.message.SendRecordServiceImpl SMPP发送记录【124423】该批次【BN20220325164208LYKHD】该号码【18568777820】已提交过发送
2022-05-02 22:22:34 ERROR PullMsgThread-SendRecordSMSGATEC111 com.hero.sms.service.impl.message.SendRecordServiceImpl SMPP发送记录【129385】该批次【BN20220325164355AXFX2】该号码【13056178413】已提交过发送
2022-05-02 22:22:34 ERROR PullMsgThread-SendRecordSMSGATEC112 com.hero.sms.service.impl.message.SendRecordServiceImpl SMPP发送记录【122124】该批次【BN202203251629226FIYT】该号码【13275867915】已提交过发送
2022-05-02 22:22:34 ERROR PullMsgThread-SendRecordSMSGATEC113 com.hero.sms.service.impl.message.SendRecordServiceImpl SMPP发送记录【124910】该批次【BN20220325164208LYKHD】该号码【18695871525】已提交过发送
2022-05-02 22:22:34 ERROR PullMsgThread-SendRecordSMSGATEC114 com.hero.sms.service.impl.message.SendRecordServiceImpl SMPP发送记录【125118】该批次【BN20220325164208LYKHD】该号码【18670501199】已提交过发送
2022-05-02 22:22:34 ERROR PullMsgThread-SendRecordSMSGATEC111 com.hero.sms.service.impl.message.SendRecordServiceImpl SMPP发送记录【123597】该批次【BN20220325164208LYKHD】该号码【18625652219】已提交过发送
2022-05-02 22:22:34 ERROR PullMsgThread-SendRecordSMSGATEC112 com.hero.sms.service.impl.message.SendRecordServiceImpl SMPP发送记录【123971】该批次【BN20220325164208LYKHD】该号码【15525924285】已提交过发送
2022-05-02 22:22:34 ERROR PullMsgThread-SendRecordSMSGATEC113 com.hero.sms.service.impl.message.SendRecordServiceImpl SMPP发送记录【127252】该批次【BN20220325164226TNJDO】该号码【13233365007】已提交过发送
2022-05-02 22:22:34 ERROR PullMsgThread-SendRecordSMSGATEC114 com.hero.sms.service.impl.message.SendRecordServiceImpl SMPP发送记录【126173】该批次【BN20220325164208LYKHD】该号码【15638614814】已提交过发送
2022-05-02 22:22:34 ERROR PullMsgThread-SendRecordSMSGATEC111 com.hero.sms.service.impl.message.SendRecordServiceImpl SMPP发送记录【125568】该批次【BN20220325164208LYKHD】该号码【13182610966】已提交过发送
2022-05-02 22:22:34 ERROR PullMsgThread-SendRecordSMSGATEC112 com.hero.sms.service.impl.message.SendRecordServiceImpl SMPP发送记录【126995】该批次【BN20220325164226TNJDO】该号码【17614891604】已提交过发送
2022-05-02 22:22:34 ERROR PullMsgThread-SendRecordSMSGATEC113 com.hero.sms.service.impl.message.SendRecordServiceImpl SMPP发送记录【127925】该批次【BN20220325164226TNJDO】该号码【15515118166】已提交过发送
2022-05-02 22:22:34 ERROR PullMsgThread-SendRecordSMSGATEC114 com.hero.sms.service.impl.message.SendRecordServiceImpl SMPP发送记录【128417】该批次【BN20220325164226TNJDO】该号码【13158954329】已提交过发送
2022-05-02 22:22:34 ERROR PullMsgThread-SendRecordSMSGATEC111 com.hero.sms.service.impl.message.SendRecordServiceImpl SMPP发送记录【126535】该批次【BN20220325164226TNJDO】该号码【18629671839】已提交过发送
2022-05-02 22:22:34 ERROR PullMsgThread-SendRecordSMSGATEC112 com.hero.sms.service.impl.message.SendRecordServiceImpl SMPP发送记录【127814】该批次【BN20220325164226TNJDO】该号码【18622937392】已提交过发送
2022-05-02 22:22:34 ERROR PullMsgThread-SendRecordSMSGATEC113 com.hero.sms.service.impl.message.SendRecordServiceImpl SMPP发送记录【129324】该批次【BN20220325164355AXFX2】该号码【13037511572】已提交过发送
2022-05-02 22:22:34 ERROR PullMsgThread-SendRecordSMSGATEC114 com.hero.sms.service.impl.message.SendRecordServiceImpl SMPP发送记录【129059】该批次【BN20220325164355AXFX2】该号码【13150850444】已提交过发送
2022-05-02 22:22:34 ERROR PullMsgThread-SendRecordSMSGATEC111 com.hero.sms.service.impl.message.SendRecordServiceImpl SMPP发送记录【127328】该批次【BN20220325164226TNJDO】该号码【13117518709】已提交过发送
2022-05-02 22:22:34 ERROR PullMsgThread-SendRecordSMSGATEC112 com.hero.sms.service.impl.message.SendRecordServiceImpl SMPP发送记录【127728】该批次【BN20220325164226TNJDO】该号码【15528199919】已提交过发送
2022-05-02 22:22:34 ERROR PullMsgThread-SendRecordSMSGATEC111 com.hero.sms.service.impl.message.SendRecordServiceImpl SMPP发送记录【129048】该批次【BN20220325164355AXFX2】该号码【15507881170】已提交过发送
2022-05-02 22:22:34 ERROR PullMsgThread-SendRecordSMSGATEC112 com.hero.sms.service.impl.message.SendRecordServiceImpl SMPP发送记录【129385】该批次【BN20220325164355AXFX2】该号码【13056178413】已提交过发送
2022-05-02 22:26:36 ERROR PullMsgThread-SendRecordSMSGATEC1114 com.hero.sms.service.impl.message.SendRecordServiceImpl SMPP发送记录【140128】该批次【BN20220502222515SHKS5】该号码【15081024107】已提交过发送
2022-05-02 22:33:46 ERROR PullMsgThread-SendRecordSMSGATEC114 com.hero.sms.service.impl.message.SendRecordServiceImpl SMPP发送记录【140128】该批次【BN20220502222515SHKS5】该号码【15081024107】已提交过发送
2022-05-02 22:33:46 ERROR PullMsgThread-SendRecordSMSGATEC113 com.hero.sms.service.impl.message.SendRecordServiceImpl SMPP发送记录【140127】该批次【BN20220502222515SHKS5】该号码【15590478565】已提交过发送
2022-05-02 22:33:46 ERROR PullMsgThread-SendRecordSMSGATEC112 com.hero.sms.service.impl.message.SendRecordServiceImpl SMPP发送记录【140129】该批次【BN20220502222515SHKS5】该号码【18959918987】已提交过发送
2022-05-02 22:34:56 ERROR PullMsgThread-SendRecordSMSGATEC1117 com.hero.sms.service.impl.message.SendRecordServiceImpl SMPP发送记录【140127】该批次【BN20220502222515SHKS5】该号码【15590478565】已提交过发送
2022-05-02 22:35:02 ERROR PullMsgThread-SendRecordSMSGATEC1114 com.hero.sms.service.impl.message.SendRecordServiceImpl SMPP发送记录【140129】该批次【BN20220502222515SHKS5】该号码【18959918987】已提交过发送
2022-05-02 22:35:02 ERROR PullMsgThread-SendRecordSMSGATEC113 com.hero.sms.service.impl.message.SendRecordServiceImpl SMPP发送记录【140128】该批次【BN20220502222515SHKS5】该号码【15081024107】已提交过发送
2022-05-02 22:35:38 ERROR PullMsgThread-SendRecordSMSGATEC1112 com.hero.sms.service.impl.message.SendRecordServiceImpl SMPP发送记录【140127】该批次【BN20220502222515SHKS5】该号码【15590478565】已提交过发送
2022-05-02 22:35:39 ERROR PullMsgThread-SendRecordSMSGATEC1120 com.hero.sms.service.impl.message.SendRecordServiceImpl SMPP发送记录【140128】该批次【BN20220502222515SHKS5】该号码【15081024107】已提交过发送
2022-05-02 22:35:41 ERROR PullMsgThread-SendRecordSMSGATEC114 com.hero.sms.service.impl.message.SendRecordServiceImpl SMPP发送记录【140129】该批次【BN20220502222515SHKS5】该号码【18959918987】已提交过发送
2022-05-02 22:58:59 ERROR main org.springframework.boot.diagnostics.LoggingFailureAnalysisReporter 

***************************
APPLICATION FAILED TO START
***************************

Description:

Web server failed to start. Port 8080 was already in use.

Action:

Identify and stop the process that's listening on port 8080 or configure this application to listen on another port.

2022-05-02 23:18:42 ERROR PullMsgThread-SendRecordSMSGATEC1112 com.hero.sms.service.impl.message.SendRecordServiceImpl SMPP发送记录【140131】该批次【BN20220502231224XNXQQ】该号码【15081024107】已提交过发送
2022-05-02 23:18:42 ERROR PullMsgThread-SendRecordSMSGATEC116 com.hero.sms.service.impl.message.SendRecordServiceImpl SMPP发送记录【140130】该批次【BN20220502231224XNXQQ】该号码【15590478565】已提交过发送
2022-05-02 23:19:41 ERROR PullMsgThread-SendRecordSMSGATEC1120 com.hero.sms.service.impl.message.SendRecordServiceImpl SMPP发送记录【140130】该批次【BN20220502231224XNXQQ】该号码【15590478565】已提交过发送
2022-05-02 23:19:41 ERROR PullMsgThread-SendRecordSMSGATEC118 com.hero.sms.service.impl.message.SendRecordServiceImpl SMPP发送记录【140131】该批次【BN20220502231224XNXQQ】该号码【15081024107】已提交过发送
2022-05-02 23:19:54 ERROR PullMsgThread-SendRecordSMSGATEC116 com.hero.sms.service.impl.message.SendRecordServiceImpl SMPP发送记录【140131】该批次【BN20220502231224XNXQQ】该号码【15081024107】已提交过发送
2022-05-02 23:21:57 ERROR ConsumeMessageThread_1 com.hero.sms.common.utils.HttpUtil Connection refused: connect
java.net.ConnectException: Connection refused: connect
	at java.net.DualStackPlainSocketImpl.waitForConnect(Native Method)
	at java.net.DualStackPlainSocketImpl.socketConnect(DualStackPlainSocketImpl.java:85)
	at java.net.AbstractPlainSocketImpl.doConnect(AbstractPlainSocketImpl.java:350)
	at java.net.AbstractPlainSocketImpl.connectToAddress(AbstractPlainSocketImpl.java:206)
	at java.net.AbstractPlainSocketImpl.connect(AbstractPlainSocketImpl.java:188)
	at java.net.PlainSocketImpl.connect(PlainSocketImpl.java:172)
	at java.net.SocksSocketImpl.connect(SocksSocketImpl.java:392)
	at java.net.Socket.connect(Socket.java:589)
	at sun.net.NetworkClient.doConnect(NetworkClient.java:175)
	at sun.net.www.http.HttpClient.openServer(HttpClient.java:463)
	at sun.net.www.http.HttpClient.openServer(HttpClient.java:558)
	at sun.net.www.http.HttpClient.<init>(HttpClient.java:242)
	at sun.net.www.http.HttpClient.New(HttpClient.java:339)
	at sun.net.www.http.HttpClient.New(HttpClient.java:357)
	at sun.net.www.protocol.http.HttpURLConnection.getNewHttpClient(HttpURLConnection.java:1220)
	at sun.net.www.protocol.http.HttpURLConnection.plainConnect0(HttpURLConnection.java:1156)
	at sun.net.www.protocol.http.HttpURLConnection.plainConnect(HttpURLConnection.java:1050)
	at sun.net.www.protocol.http.HttpURLConnection.connect(HttpURLConnection.java:984)
	at sun.net.www.protocol.http.HttpURLConnection.getOutputStream0(HttpURLConnection.java:1334)
	at sun.net.www.protocol.http.HttpURLConnection.getOutputStream(HttpURLConnection.java:1309)
	at com.hero.sms.common.utils.HttpUtil.resultPost(HttpUtil.java:221)
	at com.hero.sms.common.utils.HttpUtil.request(HttpUtil.java:190)
	at com.hero.sms.service.impl.channel.push.QiXinTong.httpPush(QiXinTong.java:260)
	at com.hero.sms.service.impl.channel.push.BaseSmsPushService.push(BaseSmsPushService.java:84)
	at com.hero.sms.service.impl.message.SendRecordServiceImpl.pushHttpMsg(SendRecordServiceImpl.java:581)
	at com.hero.sms.service.impl.message.SendRecordServiceImpl$$FastClassBySpringCGLIB$$4496ebc.invoke(<generated>)
	at org.springframework.cglib.proxy.MethodProxy.invoke(MethodProxy.java:218)
	at org.springframework.aop.framework.CglibAopProxy$CglibMethodInvocation.invokeJoinpoint(CglibAopProxy.java:769)
	at org.springframework.aop.framework.ReflectiveMethodInvocation.proceed(ReflectiveMethodInvocation.java:163)
	at org.springframework.aop.framework.CglibAopProxy$CglibMethodInvocation.proceed(CglibAopProxy.java:747)
	at org.springframework.transaction.interceptor.TransactionAspectSupport.invokeWithinTransaction(TransactionAspectSupport.java:366)
	at org.springframework.transaction.interceptor.TransactionInterceptor.invoke(TransactionInterceptor.java:99)
	at org.springframework.aop.framework.ReflectiveMethodInvocation.proceed(ReflectiveMethodInvocation.java:186)
	at org.springframework.aop.framework.CglibAopProxy$CglibMethodInvocation.proceed(CglibAopProxy.java:747)
	at org.springframework.aop.framework.CglibAopProxy$DynamicAdvisedInterceptor.intercept(CglibAopProxy.java:689)
	at com.hero.sms.service.impl.message.SendRecordServiceImpl$$EnhancerBySpringCGLIB$$77f4e7cd.pushHttpMsg(<generated>)
	at sun.reflect.NativeMethodAccessorImpl.invoke0(Native Method)
	at sun.reflect.NativeMethodAccessorImpl.invoke(NativeMethodAccessorImpl.java:62)
	at sun.reflect.DelegatingMethodAccessorImpl.invoke(DelegatingMethodAccessorImpl.java:43)
	at java.lang.reflect.Method.invoke(Method.java:498)
	at org.springframework.aop.support.AopUtils.invokeJoinpointUsingReflection(AopUtils.java:344)
	at org.springframework.aop.framework.JdkDynamicAopProxy.invoke(JdkDynamicAopProxy.java:205)
	at com.sun.proxy.$Proxy110.pushHttpMsg(Unknown Source)
	at com.hero.sms.service.mq.MQService$2.consumeMessage(MQService.java:308)
	at org.apache.rocketmq.client.impl.consumer.ConsumeMessageConcurrentlyService$ConsumeRequest.run(ConsumeMessageConcurrentlyService.java:417)
	at java.util.concurrent.Executors$RunnableAdapter.call(Executors.java:511)
	at java.util.concurrent.FutureTask.run(FutureTask.java:266)
	at java.util.concurrent.ThreadPoolExecutor.runWorker(ThreadPoolExecutor.java:1149)
	at java.util.concurrent.ThreadPoolExecutor$Worker.run(ThreadPoolExecutor.java:624)
	at java.lang.Thread.run(Thread.java:748)
2022-05-02 23:21:57 ERROR ConsumeMessageThread_1 com.hero.sms.service.impl.channel.push.QiXinTong QXT请求返回参数非协议XML格式
2022-05-02 23:25:00 ERROR ConsumeMessageThread_2 com.hero.sms.common.utils.HttpUtil Connection refused: connect
java.net.ConnectException: Connection refused: connect
	at java.net.DualStackPlainSocketImpl.waitForConnect(Native Method)
	at java.net.DualStackPlainSocketImpl.socketConnect(DualStackPlainSocketImpl.java:85)
	at java.net.AbstractPlainSocketImpl.doConnect(AbstractPlainSocketImpl.java:350)
	at java.net.AbstractPlainSocketImpl.connectToAddress(AbstractPlainSocketImpl.java:206)
	at java.net.AbstractPlainSocketImpl.connect(AbstractPlainSocketImpl.java:188)
	at java.net.PlainSocketImpl.connect(PlainSocketImpl.java:172)
	at java.net.SocksSocketImpl.connect(SocksSocketImpl.java:392)
	at java.net.Socket.connect(Socket.java:589)
	at sun.net.NetworkClient.doConnect(NetworkClient.java:175)
	at sun.net.www.http.HttpClient.openServer(HttpClient.java:463)
	at sun.net.www.http.HttpClient.openServer(HttpClient.java:558)
	at sun.net.www.http.HttpClient.<init>(HttpClient.java:242)
	at sun.net.www.http.HttpClient.New(HttpClient.java:339)
	at sun.net.www.http.HttpClient.New(HttpClient.java:357)
	at sun.net.www.protocol.http.HttpURLConnection.getNewHttpClient(HttpURLConnection.java:1220)
	at sun.net.www.protocol.http.HttpURLConnection.plainConnect0(HttpURLConnection.java:1156)
	at sun.net.www.protocol.http.HttpURLConnection.plainConnect(HttpURLConnection.java:1050)
	at sun.net.www.protocol.http.HttpURLConnection.connect(HttpURLConnection.java:984)
	at sun.net.www.protocol.http.HttpURLConnection.getOutputStream0(HttpURLConnection.java:1334)
	at sun.net.www.protocol.http.HttpURLConnection.getOutputStream(HttpURLConnection.java:1309)
	at com.hero.sms.common.utils.HttpUtil.resultPost(HttpUtil.java:221)
	at com.hero.sms.common.utils.HttpUtil.request(HttpUtil.java:190)
	at com.hero.sms.service.impl.channel.push.QiXinTong.httpPush(QiXinTong.java:260)
	at com.hero.sms.service.impl.channel.push.BaseSmsPushService.push(BaseSmsPushService.java:84)
	at com.hero.sms.service.impl.message.SendRecordServiceImpl.pushHttpMsg(SendRecordServiceImpl.java:581)
	at com.hero.sms.service.impl.message.SendRecordServiceImpl$$FastClassBySpringCGLIB$$4496ebc.invoke(<generated>)
	at org.springframework.cglib.proxy.MethodProxy.invoke(MethodProxy.java:218)
	at org.springframework.aop.framework.CglibAopProxy$CglibMethodInvocation.invokeJoinpoint(CglibAopProxy.java:769)
	at org.springframework.aop.framework.ReflectiveMethodInvocation.proceed(ReflectiveMethodInvocation.java:163)
	at org.springframework.aop.framework.CglibAopProxy$CglibMethodInvocation.proceed(CglibAopProxy.java:747)
	at org.springframework.transaction.interceptor.TransactionAspectSupport.invokeWithinTransaction(TransactionAspectSupport.java:366)
	at org.springframework.transaction.interceptor.TransactionInterceptor.invoke(TransactionInterceptor.java:99)
	at org.springframework.aop.framework.ReflectiveMethodInvocation.proceed(ReflectiveMethodInvocation.java:186)
	at org.springframework.aop.framework.CglibAopProxy$CglibMethodInvocation.proceed(CglibAopProxy.java:747)
	at org.springframework.aop.framework.CglibAopProxy$DynamicAdvisedInterceptor.intercept(CglibAopProxy.java:689)
	at com.hero.sms.service.impl.message.SendRecordServiceImpl$$EnhancerBySpringCGLIB$$77f4e7cd.pushHttpMsg(<generated>)
	at sun.reflect.NativeMethodAccessorImpl.invoke0(Native Method)
	at sun.reflect.NativeMethodAccessorImpl.invoke(NativeMethodAccessorImpl.java:62)
	at sun.reflect.DelegatingMethodAccessorImpl.invoke(DelegatingMethodAccessorImpl.java:43)
	at java.lang.reflect.Method.invoke(Method.java:498)
	at org.springframework.aop.support.AopUtils.invokeJoinpointUsingReflection(AopUtils.java:344)
	at org.springframework.aop.framework.JdkDynamicAopProxy.invoke(JdkDynamicAopProxy.java:205)
	at com.sun.proxy.$Proxy110.pushHttpMsg(Unknown Source)
	at com.hero.sms.service.mq.MQService$2.consumeMessage(MQService.java:308)
	at org.apache.rocketmq.client.impl.consumer.ConsumeMessageConcurrentlyService$ConsumeRequest.run(ConsumeMessageConcurrentlyService.java:417)
	at java.util.concurrent.Executors$RunnableAdapter.call(Executors.java:511)
	at java.util.concurrent.FutureTask.run(FutureTask.java:266)
	at java.util.concurrent.ThreadPoolExecutor.runWorker(ThreadPoolExecutor.java:1149)
	at java.util.concurrent.ThreadPoolExecutor$Worker.run(ThreadPoolExecutor.java:624)
	at java.lang.Thread.run(Thread.java:748)
2022-05-02 23:25:00 ERROR ConsumeMessageThread_2 com.hero.sms.service.impl.channel.push.QiXinTong QXT请求返回参数非协议XML格式
2022-05-02 23:34:07 ERROR PullMsgThread-SendRecordSMSGATEC1111 com.hero.sms.service.mq.MQService SMS GATE PULL MSG ERR
org.apache.rocketmq.remoting.exception.RemotingTimeoutException: wait response on the channel <192.168.189.128:10911> timeout, 30000(ms)
	at org.apache.rocketmq.remoting.netty.NettyRemotingAbstract.invokeSyncImpl(NettyRemotingAbstract.java:386)
	at org.apache.rocketmq.remoting.netty.NettyRemotingClient.invokeSync(NettyRemotingClient.java:369)
	at org.apache.rocketmq.client.impl.MQClientAPIImpl.pullMessageSync(MQClientAPIImpl.java:617)
	at org.apache.rocketmq.client.impl.MQClientAPIImpl.pullMessage(MQClientAPIImpl.java:571)
	at org.apache.rocketmq.client.impl.consumer.PullAPIWrapper.pullKernelImpl(PullAPIWrapper.java:195)
	at org.apache.rocketmq.client.impl.consumer.PullAPIWrapper.pullKernelImpl(PullAPIWrapper.java:221)
	at org.apache.rocketmq.client.impl.consumer.DefaultMQPullConsumerImpl.pullSyncImpl(DefaultMQPullConsumerImpl.java:196)
	at org.apache.rocketmq.client.impl.consumer.DefaultMQPullConsumerImpl.pullBlockIfNotFound(DefaultMQPullConsumerImpl.java:447)
	at org.apache.rocketmq.client.consumer.DefaultMQPullConsumer.pullBlockIfNotFound(DefaultMQPullConsumer.java:276)
	at com.hero.sms.service.mq.MQService$SendRecordGatePullTaskCallback.doPullTask(MQService.java:403)
	at org.apache.rocketmq.client.consumer.MQPullConsumerScheduleService$PullTaskImpl.run(MQPullConsumerScheduleService.java:172)
	at java.util.concurrent.Executors$RunnableAdapter.call(Executors.java:511)
	at java.util.concurrent.FutureTask.run(FutureTask.java:266)
	at java.util.concurrent.ScheduledThreadPoolExecutor$ScheduledFutureTask.access$201(ScheduledThreadPoolExecutor.java:180)
	at java.util.concurrent.ScheduledThreadPoolExecutor$ScheduledFutureTask.run(ScheduledThreadPoolExecutor.java:293)
	at java.util.concurrent.ThreadPoolExecutor.runWorker(ThreadPoolExecutor.java:1149)
	at java.util.concurrent.ThreadPoolExecutor$Worker.run(ThreadPoolExecutor.java:624)
	at java.lang.Thread.run(Thread.java:748)
2022-05-02 23:34:07 ERROR PullMsgThread-SendRecordSMSGATEC1119 com.hero.sms.service.mq.MQService SMS GATE PULL MSG ERR
org.apache.rocketmq.remoting.exception.RemotingTimeoutException: wait response on the channel <192.168.189.128:10911> timeout, 30000(ms)
	at org.apache.rocketmq.remoting.netty.NettyRemotingAbstract.invokeSyncImpl(NettyRemotingAbstract.java:386)
	at org.apache.rocketmq.remoting.netty.NettyRemotingClient.invokeSync(NettyRemotingClient.java:369)
	at org.apache.rocketmq.client.impl.MQClientAPIImpl.pullMessageSync(MQClientAPIImpl.java:617)
	at org.apache.rocketmq.client.impl.MQClientAPIImpl.pullMessage(MQClientAPIImpl.java:571)
	at org.apache.rocketmq.client.impl.consumer.PullAPIWrapper.pullKernelImpl(PullAPIWrapper.java:195)
	at org.apache.rocketmq.client.impl.consumer.PullAPIWrapper.pullKernelImpl(PullAPIWrapper.java:221)
	at org.apache.rocketmq.client.impl.consumer.DefaultMQPullConsumerImpl.pullSyncImpl(DefaultMQPullConsumerImpl.java:196)
	at org.apache.rocketmq.client.impl.consumer.DefaultMQPullConsumerImpl.pullBlockIfNotFound(DefaultMQPullConsumerImpl.java:447)
	at org.apache.rocketmq.client.consumer.DefaultMQPullConsumer.pullBlockIfNotFound(DefaultMQPullConsumer.java:276)
	at com.hero.sms.service.mq.MQService$SendRecordGatePullTaskCallback.doPullTask(MQService.java:403)
	at org.apache.rocketmq.client.consumer.MQPullConsumerScheduleService$PullTaskImpl.run(MQPullConsumerScheduleService.java:172)
	at java.util.concurrent.Executors$RunnableAdapter.call(Executors.java:511)
	at java.util.concurrent.FutureTask.run(FutureTask.java:266)
	at java.util.concurrent.ScheduledThreadPoolExecutor$ScheduledFutureTask.access$201(ScheduledThreadPoolExecutor.java:180)
	at java.util.concurrent.ScheduledThreadPoolExecutor$ScheduledFutureTask.run(ScheduledThreadPoolExecutor.java:293)
	at java.util.concurrent.ThreadPoolExecutor.runWorker(ThreadPoolExecutor.java:1149)
	at java.util.concurrent.ThreadPoolExecutor$Worker.run(ThreadPoolExecutor.java:624)
	at java.lang.Thread.run(Thread.java:748)
2022-05-02 23:34:07 ERROR PullMsgThread-SendRecordSMSGATEC115 com.hero.sms.service.mq.MQService SMS GATE PULL MSG ERR
org.apache.rocketmq.remoting.exception.RemotingTimeoutException: wait response on the channel <192.168.189.128:10911> timeout, 30000(ms)
	at org.apache.rocketmq.remoting.netty.NettyRemotingAbstract.invokeSyncImpl(NettyRemotingAbstract.java:386)
	at org.apache.rocketmq.remoting.netty.NettyRemotingClient.invokeSync(NettyRemotingClient.java:369)
	at org.apache.rocketmq.client.impl.MQClientAPIImpl.pullMessageSync(MQClientAPIImpl.java:617)
	at org.apache.rocketmq.client.impl.MQClientAPIImpl.pullMessage(MQClientAPIImpl.java:571)
	at org.apache.rocketmq.client.impl.consumer.PullAPIWrapper.pullKernelImpl(PullAPIWrapper.java:195)
	at org.apache.rocketmq.client.impl.consumer.PullAPIWrapper.pullKernelImpl(PullAPIWrapper.java:221)
	at org.apache.rocketmq.client.impl.consumer.DefaultMQPullConsumerImpl.pullSyncImpl(DefaultMQPullConsumerImpl.java:196)
	at org.apache.rocketmq.client.impl.consumer.DefaultMQPullConsumerImpl.pullBlockIfNotFound(DefaultMQPullConsumerImpl.java:447)
	at org.apache.rocketmq.client.consumer.DefaultMQPullConsumer.pullBlockIfNotFound(DefaultMQPullConsumer.java:276)
	at com.hero.sms.service.mq.MQService$SendRecordGatePullTaskCallback.doPullTask(MQService.java:403)
	at org.apache.rocketmq.client.consumer.MQPullConsumerScheduleService$PullTaskImpl.run(MQPullConsumerScheduleService.java:172)
	at java.util.concurrent.Executors$RunnableAdapter.call(Executors.java:511)
	at java.util.concurrent.FutureTask.run(FutureTask.java:266)
	at java.util.concurrent.ScheduledThreadPoolExecutor$ScheduledFutureTask.access$201(ScheduledThreadPoolExecutor.java:180)
	at java.util.concurrent.ScheduledThreadPoolExecutor$ScheduledFutureTask.run(ScheduledThreadPoolExecutor.java:293)
	at java.util.concurrent.ThreadPoolExecutor.runWorker(ThreadPoolExecutor.java:1149)
	at java.util.concurrent.ThreadPoolExecutor$Worker.run(ThreadPoolExecutor.java:624)
	at java.lang.Thread.run(Thread.java:748)
2022-05-02 23:34:07 ERROR PullMsgThread-SendRecordSMSGATEC111 com.hero.sms.service.mq.MQService SMS GATE PULL MSG ERR
org.apache.rocketmq.remoting.exception.RemotingTimeoutException: wait response on the channel <192.168.189.128:10911> timeout, 30000(ms)
	at org.apache.rocketmq.remoting.netty.NettyRemotingAbstract.invokeSyncImpl(NettyRemotingAbstract.java:386)
	at org.apache.rocketmq.remoting.netty.NettyRemotingClient.invokeSync(NettyRemotingClient.java:369)
	at org.apache.rocketmq.client.impl.MQClientAPIImpl.pullMessageSync(MQClientAPIImpl.java:617)
	at org.apache.rocketmq.client.impl.MQClientAPIImpl.pullMessage(MQClientAPIImpl.java:571)
	at org.apache.rocketmq.client.impl.consumer.PullAPIWrapper.pullKernelImpl(PullAPIWrapper.java:195)
	at org.apache.rocketmq.client.impl.consumer.PullAPIWrapper.pullKernelImpl(PullAPIWrapper.java:221)
	at org.apache.rocketmq.client.impl.consumer.DefaultMQPullConsumerImpl.pullSyncImpl(DefaultMQPullConsumerImpl.java:196)
	at org.apache.rocketmq.client.impl.consumer.DefaultMQPullConsumerImpl.pullBlockIfNotFound(DefaultMQPullConsumerImpl.java:447)
	at org.apache.rocketmq.client.consumer.DefaultMQPullConsumer.pullBlockIfNotFound(DefaultMQPullConsumer.java:276)
	at com.hero.sms.service.mq.MQService$SendRecordGatePullTaskCallback.doPullTask(MQService.java:403)
	at org.apache.rocketmq.client.consumer.MQPullConsumerScheduleService$PullTaskImpl.run(MQPullConsumerScheduleService.java:172)
	at java.util.concurrent.Executors$RunnableAdapter.call(Executors.java:511)
	at java.util.concurrent.FutureTask.run(FutureTask.java:266)
	at java.util.concurrent.ScheduledThreadPoolExecutor$ScheduledFutureTask.access$201(ScheduledThreadPoolExecutor.java:180)
	at java.util.concurrent.ScheduledThreadPoolExecutor$ScheduledFutureTask.run(ScheduledThreadPoolExecutor.java:293)
	at java.util.concurrent.ThreadPoolExecutor.runWorker(ThreadPoolExecutor.java:1149)
	at java.util.concurrent.ThreadPoolExecutor$Worker.run(ThreadPoolExecutor.java:624)
	at java.lang.Thread.run(Thread.java:748)
2022-05-02 23:34:07 ERROR PullMsgThread-SendRecordSMSGATEC1113 com.hero.sms.service.mq.MQService SMS GATE PULL MSG ERR
org.apache.rocketmq.remoting.exception.RemotingTimeoutException: wait response on the channel <192.168.189.128:10911> timeout, 30000(ms)
	at org.apache.rocketmq.remoting.netty.NettyRemotingAbstract.invokeSyncImpl(NettyRemotingAbstract.java:386)
	at org.apache.rocketmq.remoting.netty.NettyRemotingClient.invokeSync(NettyRemotingClient.java:369)
	at org.apache.rocketmq.client.impl.MQClientAPIImpl.pullMessageSync(MQClientAPIImpl.java:617)
	at org.apache.rocketmq.client.impl.MQClientAPIImpl.pullMessage(MQClientAPIImpl.java:571)
	at org.apache.rocketmq.client.impl.consumer.PullAPIWrapper.pullKernelImpl(PullAPIWrapper.java:195)
	at org.apache.rocketmq.client.impl.consumer.PullAPIWrapper.pullKernelImpl(PullAPIWrapper.java:221)
	at org.apache.rocketmq.client.impl.consumer.DefaultMQPullConsumerImpl.pullSyncImpl(DefaultMQPullConsumerImpl.java:196)
	at org.apache.rocketmq.client.impl.consumer.DefaultMQPullConsumerImpl.pullBlockIfNotFound(DefaultMQPullConsumerImpl.java:447)
	at org.apache.rocketmq.client.consumer.DefaultMQPullConsumer.pullBlockIfNotFound(DefaultMQPullConsumer.java:276)
	at com.hero.sms.service.mq.MQService$SendRecordGatePullTaskCallback.doPullTask(MQService.java:403)
	at org.apache.rocketmq.client.consumer.MQPullConsumerScheduleService$PullTaskImpl.run(MQPullConsumerScheduleService.java:172)
	at java.util.concurrent.Executors$RunnableAdapter.call(Executors.java:511)
	at java.util.concurrent.FutureTask.run(FutureTask.java:266)
	at java.util.concurrent.ScheduledThreadPoolExecutor$ScheduledFutureTask.access$201(ScheduledThreadPoolExecutor.java:180)
	at java.util.concurrent.ScheduledThreadPoolExecutor$ScheduledFutureTask.run(ScheduledThreadPoolExecutor.java:293)
	at java.util.concurrent.ThreadPoolExecutor.runWorker(ThreadPoolExecutor.java:1149)
	at java.util.concurrent.ThreadPoolExecutor$Worker.run(ThreadPoolExecutor.java:624)
	at java.lang.Thread.run(Thread.java:748)
2022-05-02 23:34:07 ERROR PullMsgThread-SendRecordSMSGATEC1120 com.hero.sms.service.mq.MQService SMS GATE PULL MSG ERR
org.apache.rocketmq.remoting.exception.RemotingTimeoutException: wait response on the channel <192.168.189.128:10911> timeout, 30000(ms)
	at org.apache.rocketmq.remoting.netty.NettyRemotingAbstract.invokeSyncImpl(NettyRemotingAbstract.java:386)
	at org.apache.rocketmq.remoting.netty.NettyRemotingClient.invokeSync(NettyRemotingClient.java:369)
	at org.apache.rocketmq.client.impl.MQClientAPIImpl.pullMessageSync(MQClientAPIImpl.java:617)
	at org.apache.rocketmq.client.impl.MQClientAPIImpl.pullMessage(MQClientAPIImpl.java:571)
	at org.apache.rocketmq.client.impl.consumer.PullAPIWrapper.pullKernelImpl(PullAPIWrapper.java:195)
	at org.apache.rocketmq.client.impl.consumer.PullAPIWrapper.pullKernelImpl(PullAPIWrapper.java:221)
	at org.apache.rocketmq.client.impl.consumer.DefaultMQPullConsumerImpl.pullSyncImpl(DefaultMQPullConsumerImpl.java:196)
	at org.apache.rocketmq.client.impl.consumer.DefaultMQPullConsumerImpl.pullBlockIfNotFound(DefaultMQPullConsumerImpl.java:447)
	at org.apache.rocketmq.client.consumer.DefaultMQPullConsumer.pullBlockIfNotFound(DefaultMQPullConsumer.java:276)
	at com.hero.sms.service.mq.MQService$SendRecordGatePullTaskCallback.doPullTask(MQService.java:403)
	at org.apache.rocketmq.client.consumer.MQPullConsumerScheduleService$PullTaskImpl.run(MQPullConsumerScheduleService.java:172)
	at java.util.concurrent.Executors$RunnableAdapter.call(Executors.java:511)
	at java.util.concurrent.FutureTask.run(FutureTask.java:266)
	at java.util.concurrent.ScheduledThreadPoolExecutor$ScheduledFutureTask.access$201(ScheduledThreadPoolExecutor.java:180)
	at java.util.concurrent.ScheduledThreadPoolExecutor$ScheduledFutureTask.run(ScheduledThreadPoolExecutor.java:293)
	at java.util.concurrent.ThreadPoolExecutor.runWorker(ThreadPoolExecutor.java:1149)
	at java.util.concurrent.ThreadPoolExecutor$Worker.run(ThreadPoolExecutor.java:624)
	at java.lang.Thread.run(Thread.java:748)
2022-05-02 23:34:07 ERROR PullMsgThread-SendRecordSMSGATEC1117 com.hero.sms.service.mq.MQService SMS GATE PULL MSG ERR
org.apache.rocketmq.remoting.exception.RemotingTimeoutException: wait response on the channel <192.168.189.128:10911> timeout, 30000(ms)
	at org.apache.rocketmq.remoting.netty.NettyRemotingAbstract.invokeSyncImpl(NettyRemotingAbstract.java:386)
	at org.apache.rocketmq.remoting.netty.NettyRemotingClient.invokeSync(NettyRemotingClient.java:369)
	at org.apache.rocketmq.client.impl.MQClientAPIImpl.pullMessageSync(MQClientAPIImpl.java:617)
	at org.apache.rocketmq.client.impl.MQClientAPIImpl.pullMessage(MQClientAPIImpl.java:571)
	at org.apache.rocketmq.client.impl.consumer.PullAPIWrapper.pullKernelImpl(PullAPIWrapper.java:195)
	at org.apache.rocketmq.client.impl.consumer.PullAPIWrapper.pullKernelImpl(PullAPIWrapper.java:221)
	at org.apache.rocketmq.client.impl.consumer.DefaultMQPullConsumerImpl.pullSyncImpl(DefaultMQPullConsumerImpl.java:196)
	at org.apache.rocketmq.client.impl.consumer.DefaultMQPullConsumerImpl.pullBlockIfNotFound(DefaultMQPullConsumerImpl.java:447)
	at org.apache.rocketmq.client.consumer.DefaultMQPullConsumer.pullBlockIfNotFound(DefaultMQPullConsumer.java:276)
	at com.hero.sms.service.mq.MQService$SendRecordGatePullTaskCallback.doPullTask(MQService.java:403)
	at org.apache.rocketmq.client.consumer.MQPullConsumerScheduleService$PullTaskImpl.run(MQPullConsumerScheduleService.java:172)
	at java.util.concurrent.Executors$RunnableAdapter.call(Executors.java:511)
	at java.util.concurrent.FutureTask.run(FutureTask.java:266)
	at java.util.concurrent.ScheduledThreadPoolExecutor$ScheduledFutureTask.access$201(ScheduledThreadPoolExecutor.java:180)
	at java.util.concurrent.ScheduledThreadPoolExecutor$ScheduledFutureTask.run(ScheduledThreadPoolExecutor.java:293)
	at java.util.concurrent.ThreadPoolExecutor.runWorker(ThreadPoolExecutor.java:1149)
	at java.util.concurrent.ThreadPoolExecutor$Worker.run(ThreadPoolExecutor.java:624)
	at java.lang.Thread.run(Thread.java:748)
2022-05-02 23:34:07 ERROR PullMsgThread-SendRecordSMSGATEC1112 com.hero.sms.service.mq.MQService SMS GATE PULL MSG ERR
org.apache.rocketmq.remoting.exception.RemotingTimeoutException: wait response on the channel <192.168.189.128:10911> timeout, 30000(ms)
	at org.apache.rocketmq.remoting.netty.NettyRemotingAbstract.invokeSyncImpl(NettyRemotingAbstract.java:386)
	at org.apache.rocketmq.remoting.netty.NettyRemotingClient.invokeSync(NettyRemotingClient.java:369)
	at org.apache.rocketmq.client.impl.MQClientAPIImpl.pullMessageSync(MQClientAPIImpl.java:617)
	at org.apache.rocketmq.client.impl.MQClientAPIImpl.pullMessage(MQClientAPIImpl.java:571)
	at org.apache.rocketmq.client.impl.consumer.PullAPIWrapper.pullKernelImpl(PullAPIWrapper.java:195)
	at org.apache.rocketmq.client.impl.consumer.PullAPIWrapper.pullKernelImpl(PullAPIWrapper.java:221)
	at org.apache.rocketmq.client.impl.consumer.DefaultMQPullConsumerImpl.pullSyncImpl(DefaultMQPullConsumerImpl.java:196)
	at org.apache.rocketmq.client.impl.consumer.DefaultMQPullConsumerImpl.pullBlockIfNotFound(DefaultMQPullConsumerImpl.java:447)
	at org.apache.rocketmq.client.consumer.DefaultMQPullConsumer.pullBlockIfNotFound(DefaultMQPullConsumer.java:276)
	at com.hero.sms.service.mq.MQService$SendRecordGatePullTaskCallback.doPullTask(MQService.java:403)
	at org.apache.rocketmq.client.consumer.MQPullConsumerScheduleService$PullTaskImpl.run(MQPullConsumerScheduleService.java:172)
	at java.util.concurrent.Executors$RunnableAdapter.call(Executors.java:511)
	at java.util.concurrent.FutureTask.run(FutureTask.java:266)
	at java.util.concurrent.ScheduledThreadPoolExecutor$ScheduledFutureTask.access$201(ScheduledThreadPoolExecutor.java:180)
	at java.util.concurrent.ScheduledThreadPoolExecutor$ScheduledFutureTask.run(ScheduledThreadPoolExecutor.java:293)
	at java.util.concurrent.ThreadPoolExecutor.runWorker(ThreadPoolExecutor.java:1149)
	at java.util.concurrent.ThreadPoolExecutor$Worker.run(ThreadPoolExecutor.java:624)
	at java.lang.Thread.run(Thread.java:748)
