2021-11-16 19:37:57 ERROR ConsumeMessageThread_1 com.hero.sms.service.impl.message.SendBoxServiceImpl 发件箱【BN20211116193751DSCS6】执行分拣保存失败
java.util.IllegalFormatConversionException: f != java.lang.Integer
	at java.util.Formatter$FormatSpecifier.failConversion(Formatter.java:4302)
	at java.util.Formatter$FormatSpecifier.printFloat(Formatter.java:2806)
	at java.util.Formatter$FormatSpecifier.print(Formatter.java:2753)
	at java.util.Formatter.format(Formatter.java:2520)
	at java.util.Formatter.format(Formatter.java:2455)
	at java.lang.String.format(String.java:2940)
	at com.hero.sms.commands.sortingSMS.UpdateAgentAmountCommand.execute(UpdateAgentAmountCommand.java:61)
	at org.apache.commons.chain.impl.ChainBase.execute(ChainBase.java:190)
	at com.hero.sms.service.impl.message.SendBoxServiceImpl.sendBoxForSaveData(SendBoxServiceImpl.java:1073)
	at com.hero.sms.service.impl.message.SendBoxServiceImpl$$FastClassBySpringCGLIB$$b5080152.invoke(<generated>)
	at org.springframework.cglib.proxy.MethodProxy.invoke(MethodProxy.java:218)
	at org.springframework.aop.framework.CglibAopProxy$CglibMethodInvocation.invokeJoinpoint(CglibAopProxy.java:769)
	at org.springframework.aop.framework.ReflectiveMethodInvocation.proceed(ReflectiveMethodInvocation.java:163)
	at org.springframework.aop.framework.CglibAopProxy$CglibMethodInvocation.proceed(CglibAopProxy.java:747)
	at org.springframework.transaction.interceptor.TransactionAspectSupport.invokeWithinTransaction(TransactionAspectSupport.java:366)
	at org.springframework.transaction.interceptor.TransactionInterceptor.invoke(TransactionInterceptor.java:99)
	at org.springframework.aop.framework.ReflectiveMethodInvocation.proceed(ReflectiveMethodInvocation.java:186)
	at org.springframework.aop.framework.CglibAopProxy$CglibMethodInvocation.proceed(CglibAopProxy.java:747)
	at org.springframework.aop.framework.CglibAopProxy$DynamicAdvisedInterceptor.intercept(CglibAopProxy.java:689)
	at com.hero.sms.service.impl.message.SendBoxServiceImpl$$EnhancerBySpringCGLIB$$7a1f4ef6.sendBoxForSaveData(<generated>)
	at sun.reflect.NativeMethodAccessorImpl.invoke0(Native Method)
	at sun.reflect.NativeMethodAccessorImpl.invoke(NativeMethodAccessorImpl.java:62)
	at sun.reflect.DelegatingMethodAccessorImpl.invoke(DelegatingMethodAccessorImpl.java:43)
	at java.lang.reflect.Method.invoke(Method.java:498)
	at org.springframework.aop.support.AopUtils.invokeJoinpointUsingReflection(AopUtils.java:344)
	at org.springframework.aop.framework.JdkDynamicAopProxy.invoke(JdkDynamicAopProxy.java:205)
	at com.sun.proxy.$Proxy109.sendBoxForSaveData(Unknown Source)
	at com.hero.sms.service.impl.message.SendBoxServiceImpl.sortingSendBox(SendBoxServiceImpl.java:818)
	at com.hero.sms.service.impl.message.SendBoxServiceImpl$$FastClassBySpringCGLIB$$b5080152.invoke(<generated>)
	at org.springframework.cglib.proxy.MethodProxy.invoke(MethodProxy.java:218)
	at org.springframework.aop.framework.CglibAopProxy$CglibMethodInvocation.invokeJoinpoint(CglibAopProxy.java:769)
	at org.springframework.aop.framework.ReflectiveMethodInvocation.proceed(ReflectiveMethodInvocation.java:163)
	at org.springframework.aop.framework.CglibAopProxy$CglibMethodInvocation.proceed(CglibAopProxy.java:747)
	at org.springframework.transaction.interceptor.TransactionAspectSupport.invokeWithinTransaction(TransactionAspectSupport.java:366)
	at org.springframework.transaction.interceptor.TransactionInterceptor.invoke(TransactionInterceptor.java:99)
	at org.springframework.aop.framework.ReflectiveMethodInvocation.proceed(ReflectiveMethodInvocation.java:186)
	at org.springframework.aop.framework.CglibAopProxy$CglibMethodInvocation.proceed(CglibAopProxy.java:747)
	at org.springframework.aop.framework.CglibAopProxy$DynamicAdvisedInterceptor.intercept(CglibAopProxy.java:689)
	at com.hero.sms.service.impl.message.SendBoxServiceImpl$$EnhancerBySpringCGLIB$$7a1f4ef6.sortingSendBox(<generated>)
	at sun.reflect.NativeMethodAccessorImpl.invoke0(Native Method)
	at sun.reflect.NativeMethodAccessorImpl.invoke(NativeMethodAccessorImpl.java:62)
	at sun.reflect.DelegatingMethodAccessorImpl.invoke(DelegatingMethodAccessorImpl.java:43)
	at java.lang.reflect.Method.invoke(Method.java:498)
	at org.springframework.aop.support.AopUtils.invokeJoinpointUsingReflection(AopUtils.java:344)
	at org.springframework.aop.framework.JdkDynamicAopProxy.invoke(JdkDynamicAopProxy.java:205)
	at com.sun.proxy.$Proxy109.sortingSendBox(Unknown Source)
	at com.hero.sms.service.mq.MQService$1.consumeMessage(MQService.java:252)
	at org.apache.rocketmq.client.impl.consumer.ConsumeMessageConcurrentlyService$ConsumeRequest.run(ConsumeMessageConcurrentlyService.java:417)
	at java.util.concurrent.Executors$RunnableAdapter.call(Executors.java:511)
	at java.util.concurrent.FutureTask.run(FutureTask.java:266)
	at java.util.concurrent.ThreadPoolExecutor.runWorker(ThreadPoolExecutor.java:1149)
	at java.util.concurrent.ThreadPoolExecutor$Worker.run(ThreadPoolExecutor.java:624)
	at java.lang.Thread.run(Thread.java:748)
