2022-05-10 15:23:21 ERROR PullMsgThread-SendRecordSMSGATEC1115 com.hero.sms.service.impl.message.SendRecordServiceImpl 【1、提交发送查询sendRecord耗时】【BN20220510152319WKLGN】【15590478565】【11】:开始时间【20220510152321391】返回时间【20220510152321400】耗时【9毫秒】
2022-05-10 15:23:21 ERROR PullMsgThread-SendRecordSMSGATEC116 com.hero.sms.service.impl.message.SendRecordServiceImpl 【1、提交发送查询sendRecord耗时】【BN20220510152319WKLGN】【15081024107】【11】:开始时间【20220510152321393】返回时间【20220510152321401】耗时【8毫秒】
2022-05-10 15:23:21 ERROR PullMsgThread-SendRecordSMSGATEC1115 com.hero.sms.service.impl.message.SendRecordServiceImpl 【2、提交发送查询smsChannelExt耗时】【查询方式：cache】【BN20220510152319WKLGN】【15590478565】【11】:开始时间【20220510152321401】返回时间【20220510152321401】耗时【0毫秒】
2022-05-10 15:23:21 ERROR PullMsgThread-SendRecordSMSGATEC116 com.hero.sms.service.impl.message.SendRecordServiceImpl 【2、提交发送查询smsChannelExt耗时】【查询方式：cache】【BN20220510152319WKLGN】【15081024107】【11】:开始时间【20220510152321401】返回时间【20220510152321401】耗时【0毫秒】
2022-05-10 15:23:21 ERROR PullMsgThread-SendRecordSMSGATEC1112 com.hero.sms.service.impl.message.SendRecordServiceImpl 【1、提交发送查询sendRecord耗时】【BN20220510152319WKLGN】【18959918987】【11】:开始时间【20220510152321397】返回时间【20220510152321406】耗时【9毫秒】
2022-05-10 15:23:21 ERROR PullMsgThread-SendRecordSMSGATEC1112 com.hero.sms.service.impl.message.SendRecordServiceImpl 【2、提交发送查询smsChannelExt耗时】【查询方式：cache】【BN20220510152319WKLGN】【18959918987】【11】:开始时间【20220510152321407】返回时间【20220510152321407】耗时【0毫秒】
2022-05-10 15:23:21 ERROR PullMsgThread-SendRecordSMSGATEC1115 com.hero.sms.service.impl.message.SendRecordServiceImpl 【3、提交发送校验唯一发送耗时】【BN20220510152319WKLGN】【15590478565】【11】:开始时间【20220510152321402】返回时间【20220510152321412】耗时【10毫秒】
2022-05-10 15:23:21 ERROR PullMsgThread-SendRecordSMSGATEC1115 com.hero.sms.service.impl.message.SendRecordServiceImpl 【5、提交发送调用接口耗时】【异步提交】【BN20220510152319WKLGN】【15590478565】【11】:开始时间【20220510152321412】返回时间【20220510152321413】耗时【1毫秒】
2022-05-10 15:23:21 ERROR PullMsgThread-SendRecordSMSGATEC116 com.hero.sms.service.impl.message.SendRecordServiceImpl 【3、提交发送校验唯一发送耗时】【BN20220510152319WKLGN】【15081024107】【11】:开始时间【20220510152321402】返回时间【20220510152321413】耗时【11毫秒】
2022-05-10 15:23:21 ERROR PullMsgThread-SendRecordSMSGATEC116 com.hero.sms.service.impl.message.SendRecordServiceImpl 【5、提交发送调用接口耗时】【异步提交】【BN20220510152319WKLGN】【15081024107】【11】:开始时间【20220510152321414】返回时间【20220510152321415】耗时【1毫秒】
2022-05-10 15:23:21 ERROR PullMsgThread-SendRecordSMSGATEC1112 com.hero.sms.service.impl.message.SendRecordServiceImpl 【3、提交发送校验唯一发送耗时】【BN20220510152319WKLGN】【18959918987】【11】:开始时间【20220510152321407】返回时间【20220510152321417】耗时【10毫秒】
2022-05-10 15:23:21 ERROR PullMsgThread-SendRecordSMSGATEC1112 com.hero.sms.service.impl.message.SendRecordServiceImpl 【5、提交发送调用接口耗时】【异步提交】【BN20220510152319WKLGN】【18959918987】【11】:开始时间【20220510152321418】返回时间【20220510152321418】耗时【0毫秒】
2022-05-10 15:23:21 ERROR workGroup1 com.hero.sms.service.impl.channel.push.BaseSmsPushService 【6、发送smpp后修改状态耗时】【BN20220510152319WKLGN】【15590478565】【11】:开始时间【20220510152321415】返回时间【20220510152321445】耗时【30毫秒】
2022-05-10 15:23:21 ERROR workGroup3 com.hero.sms.service.impl.channel.push.BaseSmsPushService 【6、发送smpp后修改状态耗时】【BN20220510152319WKLGN】【15081024107】【11】:开始时间【20220510152321416】返回时间【20220510152321448】耗时【32毫秒】
2022-05-10 15:23:21 ERROR workGroup2 com.hero.sms.service.impl.channel.push.BaseSmsPushService 【6、发送smpp后修改状态耗时】【BN20220510152319WKLGN】【18959918987】【11】:开始时间【20220510152321419】返回时间【20220510152321449】耗时【30毫秒】
2022-05-10 23:19:15 ERROR PullMsgThread-SendRecordSMSGATEC1111 com.hero.sms.service.impl.message.SendRecordServiceImpl 【1、提交发送查询sendRecord耗时】【BN20220510231910YFNND】【15590478565】【11】:开始时间【20220510231915583】返回时间【20220510231915598】耗时【15毫秒】
2022-05-10 23:19:15 ERROR PullMsgThread-SendRecordSMSGATEC1111 com.hero.sms.service.impl.message.SendRecordServiceImpl 【2、提交发送查询smsChannelExt耗时】【查询方式：cache】【BN20220510231910YFNND】【15590478565】【11】:开始时间【20220510231915599】返回时间【20220510231915599】耗时【0毫秒】
2022-05-10 23:19:15 ERROR PullMsgThread-SendRecordSMSGATEC117 com.hero.sms.service.impl.message.SendRecordServiceImpl 【1、提交发送查询sendRecord耗时】【BN20220510231910YFNND】【15081024107】【11】:开始时间【20220510231915586】返回时间【20220510231915600】耗时【14毫秒】
2022-05-10 23:19:15 ERROR PullMsgThread-SendRecordSMSGATEC1113 com.hero.sms.service.impl.message.SendRecordServiceImpl 【1、提交发送查询sendRecord耗时】【BN20220510231910YFNND】【18959918987】【11】:开始时间【20220510231915595】返回时间【20220510231915600】耗时【5毫秒】
2022-05-10 23:19:15 ERROR PullMsgThread-SendRecordSMSGATEC1113 com.hero.sms.service.impl.message.SendRecordServiceImpl 【2、提交发送查询smsChannelExt耗时】【查询方式：cache】【BN20220510231910YFNND】【18959918987】【11】:开始时间【20220510231915603】返回时间【20220510231915603】耗时【0毫秒】
2022-05-10 23:19:15 ERROR PullMsgThread-SendRecordSMSGATEC117 com.hero.sms.service.impl.message.SendRecordServiceImpl 【2、提交发送查询smsChannelExt耗时】【查询方式：cache】【BN20220510231910YFNND】【15081024107】【11】:开始时间【20220510231915603】返回时间【20220510231915603】耗时【0毫秒】
2022-05-10 23:19:15 ERROR PullMsgThread-SendRecordSMSGATEC1111 com.hero.sms.service.impl.message.SendRecordServiceImpl 【3、提交发送校验唯一发送耗时】【BN20220510231910YFNND】【15590478565】【11】:开始时间【20220510231915600】返回时间【20220510231915632】耗时【32毫秒】
2022-05-10 23:19:15 ERROR PullMsgThread-SendRecordSMSGATEC1113 com.hero.sms.service.impl.message.SendRecordServiceImpl 【3、提交发送校验唯一发送耗时】【BN20220510231910YFNND】【18959918987】【11】:开始时间【20220510231915604】返回时间【20220510231915633】耗时【29毫秒】
2022-05-10 23:19:15 ERROR PullMsgThread-SendRecordSMSGATEC117 com.hero.sms.service.impl.message.SendRecordServiceImpl 【3、提交发送校验唯一发送耗时】【BN20220510231910YFNND】【15081024107】【11】:开始时间【20220510231915607】返回时间【20220510231915635】耗时【28毫秒】
2022-05-10 23:19:15 ERROR PullMsgThread-SendRecordSMSGATEC1111 com.hero.sms.service.impl.message.SendRecordServiceImpl 【5、提交发送调用接口耗时】【异步提交】【BN20220510231910YFNND】【15590478565】【11】:开始时间【20220510231915640】返回时间【20220510231915662】耗时【22毫秒】
2022-05-10 23:19:15 ERROR PullMsgThread-SendRecordSMSGATEC1113 com.hero.sms.service.impl.message.SendRecordServiceImpl 【5、提交发送调用接口耗时】【异步提交】【BN20220510231910YFNND】【18959918987】【11】:开始时间【20220510231915640】返回时间【20220510231915662】耗时【22毫秒】
2022-05-10 23:19:15 ERROR PullMsgThread-SendRecordSMSGATEC117 com.hero.sms.service.impl.message.SendRecordServiceImpl 【5、提交发送调用接口耗时】【异步提交】【BN20220510231910YFNND】【15081024107】【11】:开始时间【20220510231915640】返回时间【20220510231915662】耗时【22毫秒】
2022-05-10 23:19:15 ERROR workGroup1 com.hero.sms.service.impl.channel.push.BaseSmsPushService 【6、发送smpp后修改状态耗时】【BN20220510231910YFNND】【15590478565】【11】:开始时间【20220510231915682】返回时间【20220510231915707】耗时【25毫秒】
2022-05-10 23:19:15 ERROR workGroup3 com.hero.sms.service.impl.channel.push.BaseSmsPushService 【6、发送smpp后修改状态耗时】【BN20220510231910YFNND】【18959918987】【11】:开始时间【20220510231915682】返回时间【20220510231915708】耗时【26毫秒】
2022-05-10 23:19:15 ERROR workGroup2 com.hero.sms.service.impl.channel.push.BaseSmsPushService 【6、发送smpp后修改状态耗时】【BN20220510231910YFNND】【15081024107】【11】:开始时间【20220510231915682】返回时间【20220510231915708】耗时【26毫秒】
