2022-05-09 12:26:54 ERROR PullMsgThread-SendRecordSMSGATEC1119 com.hero.sms.service.mq.MQService SMS GATE PULL MSG ERR
org.apache.rocketmq.remoting.exception.RemotingTimeoutException: wait response on the channel <192.168.189.128:10911> timeout, 30000(ms)
	at org.apache.rocketmq.remoting.netty.NettyRemotingAbstract.invokeSyncImpl(NettyRemotingAbstract.java:386)
	at org.apache.rocketmq.remoting.netty.NettyRemotingClient.invokeSync(NettyRemotingClient.java:369)
	at org.apache.rocketmq.client.impl.MQClientAPIImpl.pullMessageSync(MQClientAPIImpl.java:617)
	at org.apache.rocketmq.client.impl.MQClientAPIImpl.pullMessage(MQClientAPIImpl.java:571)
	at org.apache.rocketmq.client.impl.consumer.PullAPIWrapper.pullKernelImpl(PullAPIWrapper.java:195)
	at org.apache.rocketmq.client.impl.consumer.PullAPIWrapper.pullKernelImpl(PullAPIWrapper.java:221)
	at org.apache.rocketmq.client.impl.consumer.DefaultMQPullConsumerImpl.pullSyncImpl(DefaultMQPullConsumerImpl.java:196)
	at org.apache.rocketmq.client.impl.consumer.DefaultMQPullConsumerImpl.pullBlockIfNotFound(DefaultMQPullConsumerImpl.java:447)
	at org.apache.rocketmq.client.consumer.DefaultMQPullConsumer.pullBlockIfNotFound(DefaultMQPullConsumer.java:276)
	at com.hero.sms.service.mq.MQService$SendRecordGatePullTaskCallback.doPullTask(MQService.java:403)
	at org.apache.rocketmq.client.consumer.MQPullConsumerScheduleService$PullTaskImpl.run(MQPullConsumerScheduleService.java:172)
	at java.util.concurrent.Executors$RunnableAdapter.call(Executors.java:511)
	at java.util.concurrent.FutureTask.run(FutureTask.java:266)
	at java.util.concurrent.ScheduledThreadPoolExecutor$ScheduledFutureTask.access$201(ScheduledThreadPoolExecutor.java:180)
	at java.util.concurrent.ScheduledThreadPoolExecutor$ScheduledFutureTask.run(ScheduledThreadPoolExecutor.java:293)
	at java.util.concurrent.ThreadPoolExecutor.runWorker(ThreadPoolExecutor.java:1149)
	at java.util.concurrent.ThreadPoolExecutor$Worker.run(ThreadPoolExecutor.java:624)
	at java.lang.Thread.run(Thread.java:748)
2022-05-09 12:26:54 ERROR PullMsgThread-SendRecordSMSGATEC1113 com.hero.sms.service.mq.MQService SMS GATE PULL MSG ERR
org.apache.rocketmq.remoting.exception.RemotingTimeoutException: wait response on the channel <192.168.189.128:10911> timeout, 30000(ms)
	at org.apache.rocketmq.remoting.netty.NettyRemotingAbstract.invokeSyncImpl(NettyRemotingAbstract.java:386)
	at org.apache.rocketmq.remoting.netty.NettyRemotingClient.invokeSync(NettyRemotingClient.java:369)
	at org.apache.rocketmq.client.impl.MQClientAPIImpl.pullMessageSync(MQClientAPIImpl.java:617)
	at org.apache.rocketmq.client.impl.MQClientAPIImpl.pullMessage(MQClientAPIImpl.java:571)
	at org.apache.rocketmq.client.impl.consumer.PullAPIWrapper.pullKernelImpl(PullAPIWrapper.java:195)
	at org.apache.rocketmq.client.impl.consumer.PullAPIWrapper.pullKernelImpl(PullAPIWrapper.java:221)
	at org.apache.rocketmq.client.impl.consumer.DefaultMQPullConsumerImpl.pullSyncImpl(DefaultMQPullConsumerImpl.java:196)
	at org.apache.rocketmq.client.impl.consumer.DefaultMQPullConsumerImpl.pullBlockIfNotFound(DefaultMQPullConsumerImpl.java:447)
	at org.apache.rocketmq.client.consumer.DefaultMQPullConsumer.pullBlockIfNotFound(DefaultMQPullConsumer.java:276)
	at com.hero.sms.service.mq.MQService$SendRecordGatePullTaskCallback.doPullTask(MQService.java:403)
	at org.apache.rocketmq.client.consumer.MQPullConsumerScheduleService$PullTaskImpl.run(MQPullConsumerScheduleService.java:172)
	at java.util.concurrent.Executors$RunnableAdapter.call(Executors.java:511)
	at java.util.concurrent.FutureTask.run(FutureTask.java:266)
	at java.util.concurrent.ScheduledThreadPoolExecutor$ScheduledFutureTask.access$201(ScheduledThreadPoolExecutor.java:180)
	at java.util.concurrent.ScheduledThreadPoolExecutor$ScheduledFutureTask.run(ScheduledThreadPoolExecutor.java:293)
	at java.util.concurrent.ThreadPoolExecutor.runWorker(ThreadPoolExecutor.java:1149)
	at java.util.concurrent.ThreadPoolExecutor$Worker.run(ThreadPoolExecutor.java:624)
	at java.lang.Thread.run(Thread.java:748)
2022-05-09 12:26:54 ERROR PullMsgThread-SendRecordSMSGATEC111 com.hero.sms.service.mq.MQService SMS GATE PULL MSG ERR
org.apache.rocketmq.remoting.exception.RemotingTimeoutException: wait response on the channel <192.168.189.128:10911> timeout, 30000(ms)
	at org.apache.rocketmq.remoting.netty.NettyRemotingAbstract.invokeSyncImpl(NettyRemotingAbstract.java:386)
	at org.apache.rocketmq.remoting.netty.NettyRemotingClient.invokeSync(NettyRemotingClient.java:369)
	at org.apache.rocketmq.client.impl.MQClientAPIImpl.pullMessageSync(MQClientAPIImpl.java:617)
	at org.apache.rocketmq.client.impl.MQClientAPIImpl.pullMessage(MQClientAPIImpl.java:571)
	at org.apache.rocketmq.client.impl.consumer.PullAPIWrapper.pullKernelImpl(PullAPIWrapper.java:195)
	at org.apache.rocketmq.client.impl.consumer.PullAPIWrapper.pullKernelImpl(PullAPIWrapper.java:221)
	at org.apache.rocketmq.client.impl.consumer.DefaultMQPullConsumerImpl.pullSyncImpl(DefaultMQPullConsumerImpl.java:196)
	at org.apache.rocketmq.client.impl.consumer.DefaultMQPullConsumerImpl.pullBlockIfNotFound(DefaultMQPullConsumerImpl.java:447)
	at org.apache.rocketmq.client.consumer.DefaultMQPullConsumer.pullBlockIfNotFound(DefaultMQPullConsumer.java:276)
	at com.hero.sms.service.mq.MQService$SendRecordGatePullTaskCallback.doPullTask(MQService.java:403)
	at org.apache.rocketmq.client.consumer.MQPullConsumerScheduleService$PullTaskImpl.run(MQPullConsumerScheduleService.java:172)
	at java.util.concurrent.Executors$RunnableAdapter.call(Executors.java:511)
	at java.util.concurrent.FutureTask.run(FutureTask.java:266)
	at java.util.concurrent.ScheduledThreadPoolExecutor$ScheduledFutureTask.access$201(ScheduledThreadPoolExecutor.java:180)
	at java.util.concurrent.ScheduledThreadPoolExecutor$ScheduledFutureTask.run(ScheduledThreadPoolExecutor.java:293)
	at java.util.concurrent.ThreadPoolExecutor.runWorker(ThreadPoolExecutor.java:1149)
	at java.util.concurrent.ThreadPoolExecutor$Worker.run(ThreadPoolExecutor.java:624)
	at java.lang.Thread.run(Thread.java:748)
2022-05-09 12:26:54 ERROR PullMsgThread-SendRecordSMSGATEC1117 com.hero.sms.service.mq.MQService SMS GATE PULL MSG ERR
org.apache.rocketmq.remoting.exception.RemotingTimeoutException: wait response on the channel <192.168.189.128:10911> timeout, 30000(ms)
	at org.apache.rocketmq.remoting.netty.NettyRemotingAbstract.invokeSyncImpl(NettyRemotingAbstract.java:386)
	at org.apache.rocketmq.remoting.netty.NettyRemotingClient.invokeSync(NettyRemotingClient.java:369)
	at org.apache.rocketmq.client.impl.MQClientAPIImpl.pullMessageSync(MQClientAPIImpl.java:617)
	at org.apache.rocketmq.client.impl.MQClientAPIImpl.pullMessage(MQClientAPIImpl.java:571)
	at org.apache.rocketmq.client.impl.consumer.PullAPIWrapper.pullKernelImpl(PullAPIWrapper.java:195)
	at org.apache.rocketmq.client.impl.consumer.PullAPIWrapper.pullKernelImpl(PullAPIWrapper.java:221)
	at org.apache.rocketmq.client.impl.consumer.DefaultMQPullConsumerImpl.pullSyncImpl(DefaultMQPullConsumerImpl.java:196)
	at org.apache.rocketmq.client.impl.consumer.DefaultMQPullConsumerImpl.pullBlockIfNotFound(DefaultMQPullConsumerImpl.java:447)
	at org.apache.rocketmq.client.consumer.DefaultMQPullConsumer.pullBlockIfNotFound(DefaultMQPullConsumer.java:276)
	at com.hero.sms.service.mq.MQService$SendRecordGatePullTaskCallback.doPullTask(MQService.java:403)
	at org.apache.rocketmq.client.consumer.MQPullConsumerScheduleService$PullTaskImpl.run(MQPullConsumerScheduleService.java:172)
	at java.util.concurrent.Executors$RunnableAdapter.call(Executors.java:511)
	at java.util.concurrent.FutureTask.run(FutureTask.java:266)
	at java.util.concurrent.ScheduledThreadPoolExecutor$ScheduledFutureTask.access$201(ScheduledThreadPoolExecutor.java:180)
	at java.util.concurrent.ScheduledThreadPoolExecutor$ScheduledFutureTask.run(ScheduledThreadPoolExecutor.java:293)
	at java.util.concurrent.ThreadPoolExecutor.runWorker(ThreadPoolExecutor.java:1149)
	at java.util.concurrent.ThreadPoolExecutor$Worker.run(ThreadPoolExecutor.java:624)
	at java.lang.Thread.run(Thread.java:748)
2022-05-09 12:26:54 ERROR PullMsgThread-SendRecordSMSGATEC1111 com.hero.sms.service.mq.MQService SMS GATE PULL MSG ERR
org.apache.rocketmq.remoting.exception.RemotingTimeoutException: wait response on the channel <192.168.189.128:10911> timeout, 30000(ms)
	at org.apache.rocketmq.remoting.netty.NettyRemotingAbstract.invokeSyncImpl(NettyRemotingAbstract.java:386)
	at org.apache.rocketmq.remoting.netty.NettyRemotingClient.invokeSync(NettyRemotingClient.java:369)
	at org.apache.rocketmq.client.impl.MQClientAPIImpl.pullMessageSync(MQClientAPIImpl.java:617)
	at org.apache.rocketmq.client.impl.MQClientAPIImpl.pullMessage(MQClientAPIImpl.java:571)
	at org.apache.rocketmq.client.impl.consumer.PullAPIWrapper.pullKernelImpl(PullAPIWrapper.java:195)
	at org.apache.rocketmq.client.impl.consumer.PullAPIWrapper.pullKernelImpl(PullAPIWrapper.java:221)
	at org.apache.rocketmq.client.impl.consumer.DefaultMQPullConsumerImpl.pullSyncImpl(DefaultMQPullConsumerImpl.java:196)
	at org.apache.rocketmq.client.impl.consumer.DefaultMQPullConsumerImpl.pullBlockIfNotFound(DefaultMQPullConsumerImpl.java:447)
	at org.apache.rocketmq.client.consumer.DefaultMQPullConsumer.pullBlockIfNotFound(DefaultMQPullConsumer.java:276)
	at com.hero.sms.service.mq.MQService$SendRecordGatePullTaskCallback.doPullTask(MQService.java:403)
	at org.apache.rocketmq.client.consumer.MQPullConsumerScheduleService$PullTaskImpl.run(MQPullConsumerScheduleService.java:172)
	at java.util.concurrent.Executors$RunnableAdapter.call(Executors.java:511)
	at java.util.concurrent.FutureTask.run(FutureTask.java:266)
	at java.util.concurrent.ScheduledThreadPoolExecutor$ScheduledFutureTask.access$201(ScheduledThreadPoolExecutor.java:180)
	at java.util.concurrent.ScheduledThreadPoolExecutor$ScheduledFutureTask.run(ScheduledThreadPoolExecutor.java:293)
	at java.util.concurrent.ThreadPoolExecutor.runWorker(ThreadPoolExecutor.java:1149)
	at java.util.concurrent.ThreadPoolExecutor$Worker.run(ThreadPoolExecutor.java:624)
	at java.lang.Thread.run(Thread.java:748)
2022-05-09 12:26:54 ERROR PullMsgThread-SendRecordSMSGATEC112 com.hero.sms.service.mq.MQService SMS GATE PULL MSG ERR
org.apache.rocketmq.remoting.exception.RemotingTimeoutException: wait response on the channel <192.168.189.128:10911> timeout, 30000(ms)
	at org.apache.rocketmq.remoting.netty.NettyRemotingAbstract.invokeSyncImpl(NettyRemotingAbstract.java:386)
	at org.apache.rocketmq.remoting.netty.NettyRemotingClient.invokeSync(NettyRemotingClient.java:369)
	at org.apache.rocketmq.client.impl.MQClientAPIImpl.pullMessageSync(MQClientAPIImpl.java:617)
	at org.apache.rocketmq.client.impl.MQClientAPIImpl.pullMessage(MQClientAPIImpl.java:571)
	at org.apache.rocketmq.client.impl.consumer.PullAPIWrapper.pullKernelImpl(PullAPIWrapper.java:195)
	at org.apache.rocketmq.client.impl.consumer.PullAPIWrapper.pullKernelImpl(PullAPIWrapper.java:221)
	at org.apache.rocketmq.client.impl.consumer.DefaultMQPullConsumerImpl.pullSyncImpl(DefaultMQPullConsumerImpl.java:196)
	at org.apache.rocketmq.client.impl.consumer.DefaultMQPullConsumerImpl.pullBlockIfNotFound(DefaultMQPullConsumerImpl.java:447)
	at org.apache.rocketmq.client.consumer.DefaultMQPullConsumer.pullBlockIfNotFound(DefaultMQPullConsumer.java:276)
	at com.hero.sms.service.mq.MQService$SendRecordGatePullTaskCallback.doPullTask(MQService.java:403)
	at org.apache.rocketmq.client.consumer.MQPullConsumerScheduleService$PullTaskImpl.run(MQPullConsumerScheduleService.java:172)
	at java.util.concurrent.Executors$RunnableAdapter.call(Executors.java:511)
	at java.util.concurrent.FutureTask.run(FutureTask.java:266)
	at java.util.concurrent.ScheduledThreadPoolExecutor$ScheduledFutureTask.access$201(ScheduledThreadPoolExecutor.java:180)
	at java.util.concurrent.ScheduledThreadPoolExecutor$ScheduledFutureTask.run(ScheduledThreadPoolExecutor.java:293)
	at java.util.concurrent.ThreadPoolExecutor.runWorker(ThreadPoolExecutor.java:1149)
	at java.util.concurrent.ThreadPoolExecutor$Worker.run(ThreadPoolExecutor.java:624)
	at java.lang.Thread.run(Thread.java:748)
2022-05-09 12:26:54 ERROR PullMsgThread-SendRecordSMSGATEC1114 com.hero.sms.service.mq.MQService SMS GATE PULL MSG ERR
org.apache.rocketmq.remoting.exception.RemotingTimeoutException: wait response on the channel <192.168.189.128:10911> timeout, 30000(ms)
	at org.apache.rocketmq.remoting.netty.NettyRemotingAbstract.invokeSyncImpl(NettyRemotingAbstract.java:386)
	at org.apache.rocketmq.remoting.netty.NettyRemotingClient.invokeSync(NettyRemotingClient.java:369)
	at org.apache.rocketmq.client.impl.MQClientAPIImpl.pullMessageSync(MQClientAPIImpl.java:617)
	at org.apache.rocketmq.client.impl.MQClientAPIImpl.pullMessage(MQClientAPIImpl.java:571)
	at org.apache.rocketmq.client.impl.consumer.PullAPIWrapper.pullKernelImpl(PullAPIWrapper.java:195)
	at org.apache.rocketmq.client.impl.consumer.PullAPIWrapper.pullKernelImpl(PullAPIWrapper.java:221)
	at org.apache.rocketmq.client.impl.consumer.DefaultMQPullConsumerImpl.pullSyncImpl(DefaultMQPullConsumerImpl.java:196)
	at org.apache.rocketmq.client.impl.consumer.DefaultMQPullConsumerImpl.pullBlockIfNotFound(DefaultMQPullConsumerImpl.java:447)
	at org.apache.rocketmq.client.consumer.DefaultMQPullConsumer.pullBlockIfNotFound(DefaultMQPullConsumer.java:276)
	at com.hero.sms.service.mq.MQService$SendRecordGatePullTaskCallback.doPullTask(MQService.java:403)
	at org.apache.rocketmq.client.consumer.MQPullConsumerScheduleService$PullTaskImpl.run(MQPullConsumerScheduleService.java:172)
	at java.util.concurrent.Executors$RunnableAdapter.call(Executors.java:511)
	at java.util.concurrent.FutureTask.run(FutureTask.java:266)
	at java.util.concurrent.ScheduledThreadPoolExecutor$ScheduledFutureTask.access$201(ScheduledThreadPoolExecutor.java:180)
	at java.util.concurrent.ScheduledThreadPoolExecutor$ScheduledFutureTask.run(ScheduledThreadPoolExecutor.java:293)
	at java.util.concurrent.ThreadPoolExecutor.runWorker(ThreadPoolExecutor.java:1149)
	at java.util.concurrent.ThreadPoolExecutor$Worker.run(ThreadPoolExecutor.java:624)
	at java.lang.Thread.run(Thread.java:748)
